This is pdfTeX, Version 3.141592653-2.6-1.40.27 (MiKTeX 25.4) (preloaded format=pdflatex 2025.10.4)  6 JAN 2026 14:23
entering extended mode
 restricted \write18 enabled.
 file:line:error style messages enabled.
 %&-line parsing enabled.
**"d:/Semester VII/Tugas Akhir/Naskah/FILE SKRIPSI/TA 2/TA2.tex"
(d:/Semester VII/Tugas Akhir/Naskah/FILE SKRIPSI/TA 2/TA2.tex
LaTeX2e <2025-06-01> patch level 1
L3 programming layer <2025-07-20>
(skripsistatugm.cls
Document Class: skripsistatugm 2013/06/07 v2.0 The Universitas Gadjah Mada Mathematics Thesis Class
(C:\Users\ASUS\AppData\Local\Programs\MiKTeX\tex/latex/base\report.cls
Document Class: report 2025/01/22 v1.4n Standard LaTeX document class
(C:\Users\ASUS\AppData\Local\Programs\MiKTeX\tex/latex/base\size12.clo
File: size12.clo 2025/01/22 v1.4n Standard LaTeX file (size option)
)
\c@part=\count275
\c@chapter=\count276
\c@section=\count277
\c@subsection=\count278
\c@subsubsection=\count279
\c@paragraph=\count280
\c@subparagraph=\count281
\c@figure=\count282
\c@table=\count283
\abovecaptionskip=\skip49
\belowcaptionskip=\skip50
\bibindent=\dimen148
) (C:\Users\ASUS\AppData\Local\Programs\MiKTeX\tex/generic/babel\babel.sty
Package: babel 2025/08/03 v25.12 The multilingual framework for LuaLaTeX, pdfLaTeX and XeLaTeX
\babel@savecnt=\count284
LaTeX Encoding Info:    Redeclaring text command \ij (encoding OT1) on input line 2045.
LaTeX Encoding Info:    Redeclaring text command \IJ (encoding OT1) on input line 2047.
LaTeX Encoding Info:    Redeclaring text command \ij (encoding T1) on input line 2049.
LaTeX Encoding Info:    Redeclaring text command \IJ (encoding T1) on input line 2050.
LaTeX Encoding Info:    Ignoring declaration for text command \ij (encoding ?) on input line 2051.
LaTeX Encoding Info:    Ignoring declaration for text command \IJ (encoding ?) on input line 2053.
LaTeX Encoding Info:    Ignoring declaration for text command \SS (encoding ?) on input line 2078.
\U@D=\dimen149
\l@unhyphenated=\language79
 (C:\Users\ASUS\AppData\Local\Programs\MiKTeX\tex/generic/babel\txtbabel.def)
\bbl@readstream=\read2
\bbl@dirlevel=\count285

*************************************
* Local config file bblopts.cfg used
*
(C:\Users\ASUS\AppData\Local\Programs\MiKTeX\tex/latex/arabi\bblopts.cfg
File: bblopts.cfg 2005/09/08 v0.1 add Arabic and Farsi to "declared" options of babel
) (C:\Users\ASUS\AppData\Local\Programs\MiKTeX\tex/latex/babel-english\english.ldf
Language: english 2017/06/06 v3.3r English support from the babel system
 (C:\Users\ASUS\AppData\Local\Programs\MiKTeX\tex/generic/babel/locale/en\babel-english.tex
Package babel Info: Importing font and identification data for english
(babel)             from babel-en.ini. Reported on input line 12.
)
Package babel Info: Hyphen rules for 'canadian' set to \l@english
(babel)             (\language0). Reported on input line 102.
Package babel Info: Hyphen rules for 'australian' set to \l@ukenglish
(babel)             (\language73). Reported on input line 105.
Package babel Info: Hyphen rules for 'newzealand' set to \l@ukenglish
(babel)             (\language73). Reported on input line 108.
) (C:\Users\ASUS\AppData\Local\Programs\MiKTeX\tex/latex/babel-indonesian\bahasa.ldf
Language: bahasa 2025/06/01 v1.0n Bahasa Indonesia support from the babel system
 (C:\Users\ASUS\AppData\Local\Programs\MiKTeX\tex/latex/babel-indonesian\indonesian.ldf
Language: indonesian 2025/06/01 v1.0n Bahasa Indonesia support from the babel system
))) (C:\Users\ASUS\AppData\Local\Programs\MiKTeX\tex/latex/psnfss\times.sty
Package: times 2020/03/25 PSNFSS-v9.3 (SPQR) 
) (C:\Users\ASUS\AppData\Local\Programs\MiKTeX\tex/latex/setspace\setspace.sty
Package: setspace 2022/12/04 v6.7b set line spacing
) (C:\Users\ASUS\AppData\Local\Programs\MiKTeX\tex/latex/tools\indentfirst.sty
Package: indentfirst 2023/07/02 v1.03 Indent first paragraph (DPC)
) (C:\Users\ASUS\AppData\Local\Programs\MiKTeX\tex/latex/tools\tabularx.sty
Package: tabularx 2023/12/11 v2.12a `tabularx' package (DPC)
 (C:\Users\ASUS\AppData\Local\Programs\MiKTeX\tex/latex/tools\array.sty
Package: array 2025/06/08 v2.6j Tabular extension package (FMi)
\col@sep=\dimen150
\ar@mcellbox=\box53
\extrarowheight=\dimen151
\NC@list=\toks17
\extratabsurround=\skip51
\backup@length=\skip52
\ar@cellbox=\box54
)
\TX@col@width=\dimen152
\TX@old@table=\dimen153
\TX@old@col=\dimen154
\TX@target=\dimen155
\TX@delta=\dimen156
\TX@cols=\count286
\TX@ftn=\toks18
) (C:\Users\ASUS\AppData\Local\Programs\MiKTeX\tex/latex/graphics\graphicx.sty
Package: graphicx 2024/12/31 v1.2e Enhanced LaTeX Graphics (DPC,SPQR)
 (C:\Users\ASUS\AppData\Local\Programs\MiKTeX\tex/latex/graphics\keyval.sty
Package: keyval 2022/05/29 v1.15 key=value parser (DPC)
\KV@toks@=\toks19
) (C:\Users\ASUS\AppData\Local\Programs\MiKTeX\tex/latex/graphics\graphics.sty
Package: graphics 2024/08/06 v1.4g Standard LaTeX Graphics (DPC,SPQR)
 (C:\Users\ASUS\AppData\Local\Programs\MiKTeX\tex/latex/graphics\trig.sty
Package: trig 2023/12/02 v1.11 sin cos tan (DPC)
) (C:\Users\ASUS\AppData\Local\Programs\MiKTeX\tex/latex/graphics-cfg\graphics.cfg
File: graphics.cfg 2016/06/04 v1.11 sample graphics configuration
)
Package graphics Info: Driver file: pdftex.def on input line 106.
 (C:\Users\ASUS\AppData\Local\Programs\MiKTeX\tex/latex/graphics-def\pdftex.def
File: pdftex.def 2024/04/13 v1.2c Graphics/color driver for pdftex
))
\Gin@req@height=\dimen157
\Gin@req@width=\dimen158
) (C:\Users\ASUS\AppData\Local\Programs\MiKTeX\tex/latex/base\latexsym.sty
Package: latexsym 1998/08/17 v2.2e Standard LaTeX package (lasy symbols)
\symlasy=\mathgroup4
LaTeX Font Info:    Overwriting symbol font `lasy' in version `bold'
(Font)                  U/lasy/m/n --> U/lasy/b/n on input line 52.
) (C:\Users\ASUS\AppData\Local\Programs\MiKTeX\tex/latex/amsfonts\amssymb.sty
Package: amssymb 2013/01/14 v3.01 AMS font symbols
 (C:\Users\ASUS\AppData\Local\Programs\MiKTeX\tex/latex/amsfonts\amsfonts.sty
Package: amsfonts 2013/01/14 v3.01 Basic AMSFonts support
\@emptytoks=\toks20
\symAMSa=\mathgroup5
\symAMSb=\mathgroup6
LaTeX Font Info:    Redeclaring math symbol \hbar on input line 98.
LaTeX Font Info:    Overwriting math alphabet `\mathfrak' in version `bold'
(Font)                  U/euf/m/n --> U/euf/b/n on input line 106.
)) (C:\Users\ASUS\AppData\Local\Programs\MiKTeX\tex/latex/amsmath\amstext.sty
Package: amstext 2024/11/17 v2.01 AMS text
 (C:\Users\ASUS\AppData\Local\Programs\MiKTeX\tex/latex/amsmath\amsgen.sty
File: amsgen.sty 1999/11/30 v2.0 generic functions
\@emptytoks=\toks21
\ex@=\dimen159
)) (C:\Users\ASUS\AppData\Local\Programs\MiKTeX\tex/latex/amsmath\amsmath.sty
Package: amsmath 2025/06/16 v2.17y AMS math features
\@mathmargin=\skip53

For additional information on amsmath, use the `?' option.
(C:\Users\ASUS\AppData\Local\Programs\MiKTeX\tex/latex/amsmath\amsbsy.sty
Package: amsbsy 1999/11/29 v1.2d Bold Symbols
\pmbraise@=\dimen160
) (C:\Users\ASUS\AppData\Local\Programs\MiKTeX\tex/latex/amsmath\amsopn.sty
Package: amsopn 2022/04/08 v2.04 operator names
)
\inf@bad=\count287
LaTeX Info: Redefining \frac on input line 233.
\uproot@=\count288
\leftroot@=\count289
LaTeX Info: Redefining \overline on input line 398.
LaTeX Info: Redefining \colon on input line 409.
\classnum@=\count290
\DOTSCASE@=\count291
LaTeX Info: Redefining \ldots on input line 495.
LaTeX Info: Redefining \dots on input line 498.
LaTeX Info: Redefining \cdots on input line 619.
\Mathstrutbox@=\box55
\strutbox@=\box56
LaTeX Info: Redefining \big on input line 721.
LaTeX Info: Redefining \Big on input line 722.
LaTeX Info: Redefining \bigg on input line 723.
LaTeX Info: Redefining \Bigg on input line 724.
\big@size=\dimen161
LaTeX Font Info:    Redeclaring font encoding OML on input line 742.
LaTeX Font Info:    Redeclaring font encoding OMS on input line 743.
\macc@depth=\count292
LaTeX Info: Redefining \bmod on input line 904.
LaTeX Info: Redefining \pmod on input line 909.
LaTeX Info: Redefining \smash on input line 939.
LaTeX Info: Redefining \relbar on input line 969.
LaTeX Info: Redefining \Relbar on input line 970.
\c@MaxMatrixCols=\count293
\dotsspace@=\muskip17
\c@parentequation=\count294
\dspbrk@lvl=\count295
\tag@help=\toks22
\row@=\count296
\column@=\count297
\maxfields@=\count298
\andhelp@=\toks23
\eqnshift@=\dimen162
\alignsep@=\dimen163
\tagshift@=\dimen164
\tagwidth@=\dimen165
\totwidth@=\dimen166
\lineht@=\dimen167
\@envbody=\toks24
\multlinegap=\skip54
\multlinetaggap=\skip55
\mathdisplay@stack=\toks25
LaTeX Info: Redefining \[ on input line 2949.
LaTeX Info: Redefining \] on input line 2950.
) (C:\Users\ASUS\AppData\Local\Programs\MiKTeX\tex/latex/amscls\amsthm.sty
Package: amsthm 2020/05/29 v2.20.6
\thm@style=\toks26
\thm@bodyfont=\toks27
\thm@headfont=\toks28
\thm@notefont=\toks29
\thm@headpunct=\toks30
\thm@preskip=\skip56
\thm@postskip=\skip57
\thm@headsep=\skip58
\dth@everypar=\toks31
) (C:\Users\ASUS\AppData\Local\Programs\MiKTeX\tex/latex/listings\listings.sty
\lst@mode=\count299
\lst@gtempboxa=\box57
\lst@token=\toks32
\lst@length=\count300
\lst@currlwidth=\dimen168
\lst@column=\count301
\lst@pos=\count302
\lst@lostspace=\dimen169
\lst@width=\dimen170
\lst@newlines=\count303
\lst@lineno=\count304
\lst@maxwidth=\dimen171
 (C:\Users\ASUS\AppData\Local\Programs\MiKTeX\tex/latex/listings\lstpatch.sty
File: lstpatch.sty 2024/09/23 1.10c (Carsten Heinz)
) (C:\Users\ASUS\AppData\Local\Programs\MiKTeX\tex/latex/listings\lstmisc.sty
File: lstmisc.sty 2024/09/23 1.10c (Carsten Heinz)
\c@lstnumber=\count305
\lst@skipnumbers=\count306
\lst@framebox=\box58
) (C:\Users\ASUS\AppData\Local\Programs\MiKTeX\tex/latex/listings\listings.cfg
File: listings.cfg 2024/09/23 1.10c listings configuration
))
Package: listings 2024/09/23 1.10c (Carsten Heinz)
 (C:\Users\ASUS\AppData\Local\Programs\MiKTeX\tex/latex/graphics\color.sty
Package: color 2025/01/14 v1.3e Standard LaTeX Color (DPC)
 (C:\Users\ASUS\AppData\Local\Programs\MiKTeX\tex/latex/graphics-cfg\color.cfg
File: color.cfg 2016/01/02 v1.6 sample color configuration
)
Package color Info: Driver file: pdftex.def on input line 149.
 (C:\Users\ASUS\AppData\Local\Programs\MiKTeX\tex/latex/graphics\mathcolor.ltx)) (C:\Users\ASUS\AppData\Local\Programs\MiKTeX\tex/latex/float\float.sty
Package: float 2001/11/08 v1.3d Float enhancements (AL)
\c@float@type=\count307
\float@exts=\toks33
\float@box=\box59
\@float@everytoks=\toks34
\@floatcapt=\box60
) (C:\Users\ASUS\AppData\Local\Programs\MiKTeX\tex/latex/tools\longtable.sty
Package: longtable 2024-12-18 v4.23 Multi-page Table package (DPC)
\LTleft=\skip59
\LTright=\skip60
\LTpre=\skip61
\LTpost=\skip62
\LTchunksize=\count308
\LTcapwidth=\dimen172
\LT@head=\box61
\LT@firsthead=\box62
\LT@foot=\box63
\LT@lastfoot=\box64
\LT@gbox=\box65
\LT@cols=\count309
\LT@rows=\count310
\c@LT@tables=\count311
\c@LT@chunks=\count312
\LT@p@ftn=\toks35
) (C:\Users\ASUS\AppData\Local\Programs\MiKTeX\tex/latex/tools\enumerate.sty
Package: enumerate 2023/07/04 v3.00 enumerate extensions (DPC)
\@enLab=\toks36
) (C:\Users\ASUS\AppData\Local\Programs\MiKTeX\tex/latex/multirow\multirow.sty
Package: multirow 2024/11/12 v2.9 Span multiple rows of a table
\multirow@colwidth=\skip63
\multirow@cntb=\count313
\multirow@dima=\skip64
\bigstrutjot=\dimen173
) (C:\Users\ASUS\AppData\Local\Programs\MiKTeX\tex/latex/caption\caption.sty
Package: caption 2023/08/05 v3.6o Customizing captions (AR)
 (C:\Users\ASUS\AppData\Local\Programs\MiKTeX\tex/latex/caption\caption3.sty
Package: caption3 2023/07/31 v2.4d caption3 kernel (AR)
\caption@tempdima=\dimen174
\captionmargin=\dimen175
\caption@leftmargin=\dimen176
\caption@rightmargin=\dimen177
\caption@width=\dimen178
\caption@indent=\dimen179
\caption@parindent=\dimen180
\caption@hangindent=\dimen181
Package caption Info: Standard document class detected.
)
\c@caption@flags=\count314
\c@continuedfloat=\count315
Package caption Info: float package is loaded.
Package caption Info: listings package is loaded.
Package caption Info: longtable package is loaded.
 (C:\Users\ASUS\AppData\Local\Programs\MiKTeX\tex/latex/caption\ltcaption.sty
Package: ltcaption 2021/01/08 v1.4c longtable captions (AR)
)) (C:\Users\ASUS\AppData\Local\Programs\MiKTeX\tex/latex/pdfpages\pdfpages.sty
Package: pdfpages 2025/07/23 v0.6g Insert pages of external PDF documents (AM)
 (C:\Users\ASUS\AppData\Local\Programs\MiKTeX\tex/latex/base\ifthen.sty
Package: ifthen 2024/03/16 v1.1e Standard LaTeX ifthen package (DPC)
) (C:\Users\ASUS\AppData\Local\Programs\MiKTeX\tex/latex/tools\calc.sty
Package: calc 2025/03/01 v4.3b Infix arithmetic (KKT,FJ)
\calc@Acount=\count316
\calc@Bcount=\count317
\calc@Adimen=\dimen182
\calc@Bdimen=\dimen183
\calc@Askip=\skip65
\calc@Bskip=\skip66
LaTeX Info: Redefining \setlength on input line 86.
LaTeX Info: Redefining \addtolength on input line 87.
\calc@Ccount=\count318
\calc@Cskip=\skip67
) (C:\Users\ASUS\AppData\Local\Programs\MiKTeX\tex/latex/eso-pic\eso-pic.sty
Package: eso-pic 2023/05/03 v3.0c eso-pic (RN)
\ESO@tempdima=\dimen184
\ESO@tempdimb=\dimen185
) (C:\Users\ASUS\AppData\Local\Programs\MiKTeX\tex/latex/etoolbox\etoolbox.sty
Package: etoolbox 2025/02/11 v2.5l e-TeX tools for LaTeX (JAW)
\etb@tempcnta=\count319
)
\AM@pagewidth=\dimen186
\AM@pageheight=\dimen187
\AM@fboxrule=\dimen188
 (C:\Users\ASUS\AppData\Local\Programs\MiKTeX\tex/latex/pdfpages\pppdftex.def
File: pppdftex.def 2025/07/23 v0.6g Pdfpages driver for pdfTeX (AM)
)
\pdfpages@includegraphics@status=\count320
\AM@pagebox=\box66
\AM@global@opts=\toks37
\AM@pagecnt=\count321
\AM@toc@title=\toks38
\AM@lof@heading=\toks39
\c@AM@survey=\count322
\AM@templatesizebox=\box67
) (C:\Users\ASUS\AppData\Local\Programs\MiKTeX\tex/latex/pgf/frontendlayer\tikz.sty (C:\Users\ASUS\AppData\Local\Programs\MiKTeX\tex/latex/pgf/basiclayer\pgf.sty (C:\Users\ASUS\AppData\Local\Programs\MiKTeX\tex/latex/pgf/utilities\pgfrcs.sty (C:\Users\ASUS\AppData\Local\Programs\MiKTeX\tex/generic/pgf/utilities\pgfutil-common.tex
\pgfutil@everybye=\toks40
\pgfutil@tempdima=\dimen189
\pgfutil@tempdimb=\dimen190
) (C:\Users\ASUS\AppData\Local\Programs\MiKTeX\tex/generic/pgf/utilities\pgfutil-latex.def
\pgfutil@abb=\box68
) (C:\Users\ASUS\AppData\Local\Programs\MiKTeX\tex/generic/pgf/utilities\pgfrcs.code.tex (C:\Users\ASUS\AppData\Local\Programs\MiKTeX\tex/generic/pgf\pgf.revision.tex)
Package: pgfrcs 2023-01-15 v3.1.10 (3.1.10)
))
Package: pgf 2023-01-15 v3.1.10 (3.1.10)
 (C:\Users\ASUS\AppData\Local\Programs\MiKTeX\tex/latex/pgf/basiclayer\pgfcore.sty (C:\Users\ASUS\AppData\Local\Programs\MiKTeX\tex/latex/pgf/systemlayer\pgfsys.sty (C:\Users\ASUS\AppData\Local\Programs\MiKTeX\tex/generic/pgf/systemlayer\pgfsys.code.tex
Package: pgfsys 2023-01-15 v3.1.10 (3.1.10)
 (C:\Users\ASUS\AppData\Local\Programs\MiKTeX\tex/generic/pgf/utilities\pgfkeys.code.tex
\pgfkeys@pathtoks=\toks41
\pgfkeys@temptoks=\toks42
 (C:\Users\ASUS\AppData\Local\Programs\MiKTeX\tex/generic/pgf/utilities\pgfkeyslibraryfiltered.code.tex
\pgfkeys@tmptoks=\toks43
))
\pgf@x=\dimen191
\pgf@y=\dimen192
\pgf@xa=\dimen193
\pgf@ya=\dimen194
\pgf@xb=\dimen195
\pgf@yb=\dimen196
\pgf@xc=\dimen197
\pgf@yc=\dimen198
\pgf@xd=\dimen199
\pgf@yd=\dimen256
\w@pgf@writea=\write3
\r@pgf@reada=\read3
\c@pgf@counta=\count323
\c@pgf@countb=\count324
\c@pgf@countc=\count325
\c@pgf@countd=\count326
\t@pgf@toka=\toks44
\t@pgf@tokb=\toks45
\t@pgf@tokc=\toks46
\pgf@sys@id@count=\count327
 (C:\Users\ASUS\AppData\Local\Programs\MiKTeX\tex/generic/pgf/systemlayer\pgf.cfg
File: pgf.cfg 2023-01-15 v3.1.10 (3.1.10)
)
Driver file for pgf: pgfsys-pdftex.def
 (C:\Users\ASUS\AppData\Local\Programs\MiKTeX\tex/generic/pgf/systemlayer\pgfsys-pdftex.def
File: pgfsys-pdftex.def 2023-01-15 v3.1.10 (3.1.10)
 (C:\Users\ASUS\AppData\Local\Programs\MiKTeX\tex/generic/pgf/systemlayer\pgfsys-common-pdf.def
File: pgfsys-common-pdf.def 2023-01-15 v3.1.10 (3.1.10)
))) (C:\Users\ASUS\AppData\Local\Programs\MiKTeX\tex/generic/pgf/systemlayer\pgfsyssoftpath.code.tex
File: pgfsyssoftpath.code.tex 2023-01-15 v3.1.10 (3.1.10)
\pgfsyssoftpath@smallbuffer@items=\count328
\pgfsyssoftpath@bigbuffer@items=\count329
) (C:\Users\ASUS\AppData\Local\Programs\MiKTeX\tex/generic/pgf/systemlayer\pgfsysprotocol.code.tex
File: pgfsysprotocol.code.tex 2023-01-15 v3.1.10 (3.1.10)
)) (C:\Users\ASUS\AppData\Local\Programs\MiKTeX\tex/latex/xcolor\xcolor.sty
Package: xcolor 2024/09/29 v3.02 LaTeX color extensions (UK)
 (C:\Users\ASUS\AppData\Local\Programs\MiKTeX\tex/latex/graphics-cfg\color.cfg
File: color.cfg 2016/01/02 v1.6 sample color configuration
)
Package xcolor Info: Driver file: pdftex.def on input line 274.
LaTeX Info: Redefining \color on input line 762.
 (C:\Users\ASUS\AppData\Local\Programs\MiKTeX\tex/latex/graphics\mathcolor.ltx)
Package xcolor Info: Model `cmy' substituted by `cmy0' on input line 1349.
Package xcolor Info: Model `hsb' substituted by `rgb' on input line 1353.
Package xcolor Info: Model `RGB' extended on input line 1365.
Package xcolor Info: Model `HTML' substituted by `rgb' on input line 1367.
Package xcolor Info: Model `Hsb' substituted by `hsb' on input line 1368.
Package xcolor Info: Model `tHsb' substituted by `hsb' on input line 1369.
Package xcolor Info: Model `HSB' substituted by `hsb' on input line 1370.
Package xcolor Info: Model `Gray' substituted by `gray' on input line 1371.
Package xcolor Info: Model `wave' substituted by `hsb' on input line 1372.
) (C:\Users\ASUS\AppData\Local\Programs\MiKTeX\tex/generic/pgf/basiclayer\pgfcore.code.tex
Package: pgfcore 2023-01-15 v3.1.10 (3.1.10)
 (C:\Users\ASUS\AppData\Local\Programs\MiKTeX\tex/generic/pgf/math\pgfmath.code.tex (C:\Users\ASUS\AppData\Local\Programs\MiKTeX\tex/generic/pgf/math\pgfmathutil.code.tex) (C:\Users\ASUS\AppData\Local\Programs\MiKTeX\tex/generic/pgf/math\pgfmathparser.code.tex
\pgfmath@dimen=\dimen257
\pgfmath@count=\count330
\pgfmath@box=\box69
\pgfmath@toks=\toks47
\pgfmath@stack@operand=\toks48
\pgfmath@stack@operation=\toks49
) (C:\Users\ASUS\AppData\Local\Programs\MiKTeX\tex/generic/pgf/math\pgfmathfunctions.code.tex) (C:\Users\ASUS\AppData\Local\Programs\MiKTeX\tex/generic/pgf/math\pgfmathfunctions.basic.code.tex) (C:\Users\ASUS\AppData\Local\Programs\MiKTeX\tex/generic/pgf/math\pgfmathfunctions.trigonometric.code.tex) (C:\Users\ASUS\AppData\Local\Programs\MiKTeX\tex/generic/pgf/math\pgfmathfunctions.random.code.tex) (C:\Users\ASUS\AppData\Local\Programs\MiKTeX\tex/generic/pgf/math\pgfmathfunctions.comparison.code.tex) (C:\Users\ASUS\AppData\Local\Programs\MiKTeX\tex/generic/pgf/math\pgfmathfunctions.base.code.tex) (C:\Users\ASUS\AppData\Local\Programs\MiKTeX\tex/generic/pgf/math\pgfmathfunctions.round.code.tex) (C:\Users\ASUS\AppData\Local\Programs\MiKTeX\tex/generic/pgf/math\pgfmathfunctions.misc.code.tex) (C:\Users\ASUS\AppData\Local\Programs\MiKTeX\tex/generic/pgf/math\pgfmathfunctions.integerarithmetics.code.tex) (C:\Users\ASUS\AppData\Local\Programs\MiKTeX\tex/generic/pgf/math\pgfmathcalc.code.tex) (C:\Users\ASUS\AppData\Local\Programs\MiKTeX\tex/generic/pgf/math\pgfmathfloat.code.tex
\c@pgfmathroundto@lastzeros=\count331
)) (C:\Users\ASUS\AppData\Local\Programs\MiKTeX\tex/generic/pgf/math\pgfint.code.tex) (C:\Users\ASUS\AppData\Local\Programs\MiKTeX\tex/generic/pgf/basiclayer\pgfcorepoints.code.tex
File: pgfcorepoints.code.tex 2023-01-15 v3.1.10 (3.1.10)
\pgf@picminx=\dimen258
\pgf@picmaxx=\dimen259
\pgf@picminy=\dimen260
\pgf@picmaxy=\dimen261
\pgf@pathminx=\dimen262
\pgf@pathmaxx=\dimen263
\pgf@pathminy=\dimen264
\pgf@pathmaxy=\dimen265
\pgf@xx=\dimen266
\pgf@xy=\dimen267
\pgf@yx=\dimen268
\pgf@yy=\dimen269
\pgf@zx=\dimen270
\pgf@zy=\dimen271
) (C:\Users\ASUS\AppData\Local\Programs\MiKTeX\tex/generic/pgf/basiclayer\pgfcorepathconstruct.code.tex
File: pgfcorepathconstruct.code.tex 2023-01-15 v3.1.10 (3.1.10)
\pgf@path@lastx=\dimen272
\pgf@path@lasty=\dimen273
) (C:\Users\ASUS\AppData\Local\Programs\MiKTeX\tex/generic/pgf/basiclayer\pgfcorepathusage.code.tex
File: pgfcorepathusage.code.tex 2023-01-15 v3.1.10 (3.1.10)
\pgf@shorten@end@additional=\dimen274
\pgf@shorten@start@additional=\dimen275
) (C:\Users\ASUS\AppData\Local\Programs\MiKTeX\tex/generic/pgf/basiclayer\pgfcorescopes.code.tex
File: pgfcorescopes.code.tex 2023-01-15 v3.1.10 (3.1.10)
\pgfpic=\box70
\pgf@hbox=\box71
\pgf@layerbox@main=\box72
\pgf@picture@serial@count=\count332
) (C:\Users\ASUS\AppData\Local\Programs\MiKTeX\tex/generic/pgf/basiclayer\pgfcoregraphicstate.code.tex
File: pgfcoregraphicstate.code.tex 2023-01-15 v3.1.10 (3.1.10)
\pgflinewidth=\dimen276
) (C:\Users\ASUS\AppData\Local\Programs\MiKTeX\tex/generic/pgf/basiclayer\pgfcoretransformations.code.tex
File: pgfcoretransformations.code.tex 2023-01-15 v3.1.10 (3.1.10)
\pgf@pt@x=\dimen277
\pgf@pt@y=\dimen278
\pgf@pt@temp=\dimen279
) (C:\Users\ASUS\AppData\Local\Programs\MiKTeX\tex/generic/pgf/basiclayer\pgfcorequick.code.tex
File: pgfcorequick.code.tex 2023-01-15 v3.1.10 (3.1.10)
) (C:\Users\ASUS\AppData\Local\Programs\MiKTeX\tex/generic/pgf/basiclayer\pgfcoreobjects.code.tex
File: pgfcoreobjects.code.tex 2023-01-15 v3.1.10 (3.1.10)
) (C:\Users\ASUS\AppData\Local\Programs\MiKTeX\tex/generic/pgf/basiclayer\pgfcorepathprocessing.code.tex
File: pgfcorepathprocessing.code.tex 2023-01-15 v3.1.10 (3.1.10)
) (C:\Users\ASUS\AppData\Local\Programs\MiKTeX\tex/generic/pgf/basiclayer\pgfcorearrows.code.tex
File: pgfcorearrows.code.tex 2023-01-15 v3.1.10 (3.1.10)
\pgfarrowsep=\dimen280
) (C:\Users\ASUS\AppData\Local\Programs\MiKTeX\tex/generic/pgf/basiclayer\pgfcoreshade.code.tex
File: pgfcoreshade.code.tex 2023-01-15 v3.1.10 (3.1.10)
\pgf@max=\dimen281
\pgf@sys@shading@range@num=\count333
\pgf@shadingcount=\count334
) (C:\Users\ASUS\AppData\Local\Programs\MiKTeX\tex/generic/pgf/basiclayer\pgfcoreimage.code.tex
File: pgfcoreimage.code.tex 2023-01-15 v3.1.10 (3.1.10)
) (C:\Users\ASUS\AppData\Local\Programs\MiKTeX\tex/generic/pgf/basiclayer\pgfcoreexternal.code.tex
File: pgfcoreexternal.code.tex 2023-01-15 v3.1.10 (3.1.10)
\pgfexternal@startupbox=\box73
) (C:\Users\ASUS\AppData\Local\Programs\MiKTeX\tex/generic/pgf/basiclayer\pgfcorelayers.code.tex
File: pgfcorelayers.code.tex 2023-01-15 v3.1.10 (3.1.10)
) (C:\Users\ASUS\AppData\Local\Programs\MiKTeX\tex/generic/pgf/basiclayer\pgfcoretransparency.code.tex
File: pgfcoretransparency.code.tex 2023-01-15 v3.1.10 (3.1.10)
) (C:\Users\ASUS\AppData\Local\Programs\MiKTeX\tex/generic/pgf/basiclayer\pgfcorepatterns.code.tex
File: pgfcorepatterns.code.tex 2023-01-15 v3.1.10 (3.1.10)
) (C:\Users\ASUS\AppData\Local\Programs\MiKTeX\tex/generic/pgf/basiclayer\pgfcorerdf.code.tex
File: pgfcorerdf.code.tex 2023-01-15 v3.1.10 (3.1.10)
))) (C:\Users\ASUS\AppData\Local\Programs\MiKTeX\tex/generic/pgf/modules\pgfmoduleshapes.code.tex
File: pgfmoduleshapes.code.tex 2023-01-15 v3.1.10 (3.1.10)
\pgfnodeparttextbox=\box74
) (C:\Users\ASUS\AppData\Local\Programs\MiKTeX\tex/generic/pgf/modules\pgfmoduleplot.code.tex
File: pgfmoduleplot.code.tex 2023-01-15 v3.1.10 (3.1.10)
) (C:\Users\ASUS\AppData\Local\Programs\MiKTeX\tex/latex/pgf/compatibility\pgfcomp-version-0-65.sty
Package: pgfcomp-version-0-65 2023-01-15 v3.1.10 (3.1.10)
\pgf@nodesepstart=\dimen282
\pgf@nodesepend=\dimen283
) (C:\Users\ASUS\AppData\Local\Programs\MiKTeX\tex/latex/pgf/compatibility\pgfcomp-version-1-18.sty
Package: pgfcomp-version-1-18 2023-01-15 v3.1.10 (3.1.10)
)) (C:\Users\ASUS\AppData\Local\Programs\MiKTeX\tex/latex/pgf/utilities\pgffor.sty (C:\Users\ASUS\AppData\Local\Programs\MiKTeX\tex/latex/pgf/utilities\pgfkeys.sty (C:\Users\ASUS\AppData\Local\Programs\MiKTeX\tex/generic/pgf/utilities\pgfkeys.code.tex)) (C:\Users\ASUS\AppData\Local\Programs\MiKTeX\tex/latex/pgf/math\pgfmath.sty (C:\Users\ASUS\AppData\Local\Programs\MiKTeX\tex/generic/pgf/math\pgfmath.code.tex)) (C:\Users\ASUS\AppData\Local\Programs\MiKTeX\tex/generic/pgf/utilities\pgffor.code.tex
Package: pgffor 2023-01-15 v3.1.10 (3.1.10)
\pgffor@iter=\dimen284
\pgffor@skip=\dimen285
\pgffor@stack=\toks50
\pgffor@toks=\toks51
)) (C:\Users\ASUS\AppData\Local\Programs\MiKTeX\tex/generic/pgf/frontendlayer/tikz\tikz.code.tex
Package: tikz 2023-01-15 v3.1.10 (3.1.10)
 (C:\Users\ASUS\AppData\Local\Programs\MiKTeX\tex/generic/pgf/libraries\pgflibraryplothandlers.code.tex
File: pgflibraryplothandlers.code.tex 2023-01-15 v3.1.10 (3.1.10)
\pgf@plot@mark@count=\count335
\pgfplotmarksize=\dimen286
)
\tikz@lastx=\dimen287
\tikz@lasty=\dimen288
\tikz@lastxsaved=\dimen289
\tikz@lastysaved=\dimen290
\tikz@lastmovetox=\dimen291
\tikz@lastmovetoy=\dimen292
\tikzleveldistance=\dimen293
\tikzsiblingdistance=\dimen294
\tikz@figbox=\box75
\tikz@figbox@bg=\box76
\tikz@tempbox=\box77
\tikz@tempbox@bg=\box78
\tikztreelevel=\count336
\tikznumberofchildren=\count337
\tikznumberofcurrentchild=\count338
\tikz@fig@count=\count339
 (C:\Users\ASUS\AppData\Local\Programs\MiKTeX\tex/generic/pgf/modules\pgfmodulematrix.code.tex
File: pgfmodulematrix.code.tex 2023-01-15 v3.1.10 (3.1.10)
\pgfmatrixcurrentrow=\count340
\pgfmatrixcurrentcolumn=\count341
\pgf@matrix@numberofcolumns=\count342
)
\tikz@expandcount=\count343
 (C:\Users\ASUS\AppData\Local\Programs\MiKTeX\tex/generic/pgf/frontendlayer/tikz/libraries\tikzlibrarytopaths.code.tex
File: tikzlibrarytopaths.code.tex 2023-01-15 v3.1.10 (3.1.10)
))) (C:\Users\ASUS\AppData\Local\Programs\MiKTeX\tex/latex/cases\cases.sty
Package: cases 2020/03/29 ver 3.2
\numc@numwid=\dimen295
) (C:\Users\ASUS\AppData\Local\Programs\MiKTeX\tex/generic/pgf/frontendlayer/tikz/libraries\tikzlibrarymatrix.code.tex
File: tikzlibrarymatrix.code.tex 2023-01-15 v3.1.10 (3.1.10)
) (C:\Users\ASUS\AppData\Local\Programs\MiKTeX\tex/generic/pgf/frontendlayer/tikz/libraries\tikzlibraryarrows.code.tex
File: tikzlibraryarrows.code.tex 2023-01-15 v3.1.10 (3.1.10)
 (C:\Users\ASUS\AppData\Local\Programs\MiKTeX\tex/generic/pgf/libraries\pgflibraryarrows.code.tex
File: pgflibraryarrows.code.tex 2023-01-15 v3.1.10 (3.1.10)
\arrowsize=\dimen296
)) (C:\Users\ASUS\AppData\Local\Programs\MiKTeX\tex/generic/pgf/frontendlayer/tikz/libraries\tikzlibrarypositioning.code.tex
File: tikzlibrarypositioning.code.tex 2023-01-15 v3.1.10 (3.1.10)
) (C:\Users\ASUS\AppData\Local\Programs\MiKTeX\tex/generic/pgf/libraries\pgflibraryarrows.meta.code.tex
File: pgflibraryarrows.meta.code.tex 2023-01-15 v3.1.10 (3.1.10)
\pgfarrowinset=\dimen297
\pgfarrowlength=\dimen298
\pgfarrowwidth=\dimen299
\pgfarrowlinewidth=\dimen300
) (C:\Users\ASUS\AppData\Local\Programs\MiKTeX\tex/latex/enumitem\enumitem.sty
Package: enumitem 2025/02/06 v3.11 Customized lists
\labelindent=\skip68
\enit@outerparindent=\dimen301
\enit@toks=\toks52
\enit@inbox=\box79
\enit@count@id=\count344
\enitdp@description=\count345
) (C:\Users\ASUS\AppData\Local\Programs\MiKTeX\tex/latex/apacite\apacite.sty
Package: apacite 2013/07/21 v6.03 APA citation
\c@BibCnt=\count346
\bibleftmargin=\skip69
\bibindent=\skip70
\bibparsep=\skip71
\bibitemsep=\skip72
\biblabelsep=\skip73
) (C:\Users\ASUS\AppData\Local\Programs\MiKTeX\tex/latex/natbib\natbib.sty
Package: natbib 2010/09/13 8.31b (PWD, AO)
\bibhang=\skip74
\bibsep=\skip75
LaTeX Info: Redefining \cite on input line 694.
\c@NAT@ctr=\count347
)
LaTeX Info: Redefining \BBA on input line 32.
 (C:\Users\ASUS\AppData\Local\Programs\MiKTeX\tex/latex/booktabs\booktabs.sty
Package: booktabs 2020/01/12 v1.61803398 Publication quality tables
\heavyrulewidth=\dimen302
\lightrulewidth=\dimen303
\cmidrulewidth=\dimen304
\belowrulesep=\dimen305
\belowbottomsep=\dimen306
\aboverulesep=\dimen307
\abovetopsep=\dimen308
\cmidrulesep=\dimen309
\cmidrulekern=\dimen310
\defaultaddspace=\dimen311
\@cmidla=\count348
\@cmidlb=\count349
\@aboverulesep=\dimen312
\@belowrulesep=\dimen313
\@thisruleclass=\count350
\@lastruleclass=\count351
\@thisrulewidth=\dimen314
) (C:\Users\ASUS\AppData\Local\Programs\MiKTeX\tex/latex/titlesec\titlesec.sty
Package: titlesec 2025/01/04 v2.17 Sectioning titles
\ttl@box=\box80
\beforetitleunit=\skip76
\aftertitleunit=\skip77
\ttl@plus=\dimen315
\ttl@minus=\dimen316
\ttl@toksa=\toks53
\titlewidth=\dimen317
\titlewidthlast=\dimen318
\titlewidthfirst=\dimen319
) (C:\Users\ASUS\AppData\Local\Programs\MiKTeX\tex/latex/chngcntr\chngcntr.sty
Package: chngcntr 2018/04/09 v1.1a change counter resetting
Package chngcntr Info: \counterwithout already defined.
(chngcntr)             Quitting chngcntr on input line 21.
)
\c@teorema=\count352
\c@algoritma=\count353
 (C:\Users\ASUS\AppData\Local\Programs\MiKTeX\tex/latex/hyperref\hyperref.sty
Package: hyperref 2025-07-12 v7.01o Hypertext links for LaTeX
 (C:\Users\ASUS\AppData\Local\Programs\MiKTeX\tex/generic/iftex\iftex.sty
Package: iftex 2024/12/12 v1.0g TeX engine tests
) (C:\Users\ASUS\AppData\Local\Programs\MiKTeX\tex/latex/kvsetkeys\kvsetkeys.sty
Package: kvsetkeys 2022-10-05 v1.19 Key value parser (HO)
) (C:\Users\ASUS\AppData\Local\Programs\MiKTeX\tex/generic/kvdefinekeys\kvdefinekeys.sty
Package: kvdefinekeys 2019-12-19 v1.6 Define keys (HO)
) (C:\Users\ASUS\AppData\Local\Programs\MiKTeX\tex/generic/pdfescape\pdfescape.sty
Package: pdfescape 2019/12/09 v1.15 Implements pdfTeX's escape features (HO)
 (C:\Users\ASUS\AppData\Local\Programs\MiKTeX\tex/generic/ltxcmds\ltxcmds.sty
Package: ltxcmds 2023-12-04 v1.26 LaTeX kernel commands for general use (HO)
) (C:\Users\ASUS\AppData\Local\Programs\MiKTeX\tex/generic/pdftexcmds\pdftexcmds.sty
Package: pdftexcmds 2020-06-27 v0.33 Utility functions of pdfTeX for LuaTeX (HO)
 (C:\Users\ASUS\AppData\Local\Programs\MiKTeX\tex/generic/infwarerr\infwarerr.sty
Package: infwarerr 2019/12/03 v1.5 Providing info/warning/error messages (HO)
)
Package pdftexcmds Info: \pdf@primitive is available.
Package pdftexcmds Info: \pdf@ifprimitive is available.
Package pdftexcmds Info: \pdfdraftmode found.
)) (C:\Users\ASUS\AppData\Local\Programs\MiKTeX\tex/latex/hycolor\hycolor.sty
Package: hycolor 2020-01-27 v1.10 Color options for hyperref/bookmark (HO)
) (C:\Users\ASUS\AppData\Local\Programs\MiKTeX\tex/latex/hyperref\nameref.sty
Package: nameref 2025-06-21 v2.57 Cross-referencing by name of section
 (C:\Users\ASUS\AppData\Local\Programs\MiKTeX\tex/latex/refcount\refcount.sty
Package: refcount 2019/12/15 v3.6 Data extraction from label references (HO)
)
(C:\Users\ASUS\AppData\Local\Programs\MiKTeX\tex/generic/gettitlestring\gettitlestring.sty
Package: gettitlestring 2019/12/15 v1.6 Cleanup title references (HO)
 (C:\Users\ASUS\AppData\Local\Programs\MiKTeX\tex/latex/kvoptions\kvoptions.sty
Package: kvoptions 2022-06-15 v3.15 Key value format for package options (HO)
))
\c@section@level=\count354
) (C:\Users\ASUS\AppData\Local\Programs\MiKTeX\tex/generic/stringenc\stringenc.sty
Package: stringenc 2019/11/29 v1.12 Convert strings between diff. encodings (HO)
)
\@linkdim=\dimen320
\Hy@linkcounter=\count355
\Hy@pagecounter=\count356
 (C:\Users\ASUS\AppData\Local\Programs\MiKTeX\tex/latex/hyperref\pd1enc.def
File: pd1enc.def 2025-07-12 v7.01o Hyperref: PDFDocEncoding definition (HO)
Now handling font encoding PD1 ...
... no UTF-8 mapping file for font encoding PD1
) (C:\Users\ASUS\AppData\Local\Programs\MiKTeX\tex/generic/intcalc\intcalc.sty
Package: intcalc 2019/12/15 v1.3 Expandable calculations with integers (HO)
)
\Hy@SavedSpaceFactor=\count357
 (C:\Users\ASUS\AppData\Local\Programs\MiKTeX\tex/latex/hyperref\puenc.def
File: puenc.def 2025-07-12 v7.01o Hyperref: PDF Unicode definition (HO)
Now handling font encoding PU ...
... no UTF-8 mapping file for font encoding PU
)
Package hyperref Info: Option `bookmarks' set `true' on input line 4066.
Package hyperref Info: Hyper figures OFF on input line 4195.
Package hyperref Info: Link nesting OFF on input line 4200.
Package hyperref Info: Hyper index ON on input line 4203.
Package hyperref Info: Plain pages OFF on input line 4210.
Package hyperref Info: Backreferencing OFF on input line 4215.
Package hyperref Info: Implicit mode ON; LaTeX internals redefined.
Package hyperref Info: Bookmarks ON on input line 4462.
\c@Hy@tempcnt=\count358
 (C:\Users\ASUS\AppData\Local\Programs\MiKTeX\tex/latex/url\url.sty
\Urlmuskip=\muskip18
Package: url 2013/09/16  ver 3.4  Verb mode for urls, etc.
)
LaTeX Info: Redefining \url on input line 4801.
\XeTeXLinkMargin=\dimen321
 (C:\Users\ASUS\AppData\Local\Programs\MiKTeX\tex/generic/bitset\bitset.sty
Package: bitset 2019/12/09 v1.3 Handle bit-vector datatype (HO)
 (C:\Users\ASUS\AppData\Local\Programs\MiKTeX\tex/generic/bigintcalc\bigintcalc.sty
Package: bigintcalc 2019/12/15 v1.5 Expandable calculations on big integers (HO)
))
\Fld@menulength=\count359
\Field@Width=\dimen322
\Fld@charsize=\dimen323
Package hyperref Info: Hyper figures OFF on input line 6078.
Package hyperref Info: Link nesting OFF on input line 6083.
Package hyperref Info: Hyper index ON on input line 6086.
Package hyperref Info: backreferencing OFF on input line 6093.
Package hyperref Info: Link coloring OFF on input line 6098.
Package hyperref Info: Link coloring with OCG OFF on input line 6103.
Package hyperref Info: PDF/A mode OFF on input line 6108.
\Hy@abspage=\count360
\c@Item=\count361
\c@Hfootnote=\count362
)
Package hyperref Info: Driver: hpdftex.
 (C:\Users\ASUS\AppData\Local\Programs\MiKTeX\tex/latex/hyperref\hpdftex.def
File: hpdftex.def 2025-07-12 v7.01o Hyperref driver for pdfTeX
\Fld@listcount=\count363
\c@bookmark@seq@number=\count364
 (C:\Users\ASUS\AppData\Local\Programs\MiKTeX\tex/latex/rerunfilecheck\rerunfilecheck.sty
Package: rerunfilecheck 2025-06-21 v1.11 Rerun checks for auxiliary files (HO)
 (C:\Users\ASUS\AppData\Local\Programs\MiKTeX\tex/generic/uniquecounter\uniquecounter.sty
Package: uniquecounter 2019/12/15 v1.4 Provide unlimited unique counter (HO)
)
Package uniquecounter Info: New unique counter `rerunfilecheck' on input line 284.
)
\Hy@SectionHShift=\skip78
) (C:\Users\ASUS\AppData\Local\Programs\MiKTeX\tex/latex/tikz-cd\tikz-cd.sty
Package: tikz-cd 2021/05/04 v1.0 Commutative diagrams with TikZ
 (C:\Users\ASUS\AppData\Local\Programs\MiKTeX\tex/latex/tikz-cd\tikzlibrarycd.code.tex (C:\Users\ASUS\AppData\Local\Programs\MiKTeX\tex/generic/pgf/frontendlayer/tikz/libraries\tikzlibraryquotes.code.tex
File: tikzlibraryquotes.code.tex 2023-01-15 v3.1.10 (3.1.10)
)))) (C:\Users\ASUS\AppData\Local\Programs\MiKTeX\tex/latex/tools\bm.sty
Package: bm 2023/12/19 v1.2f Bold Symbol Support (DPC/FMi)
\symboldoperators=\mathgroup7
\symboldletters=\mathgroup8
\symboldsymbols=\mathgroup9
Package bm Info: No bold for \OMX/cmex/m/n, using \pmb.
\symboldlasy=\mathgroup10
Package bm Info: No bold for \U/msa/m/n, using \pmb.
Package bm Info: No bold for \U/msb/m/n, using \pmb.
LaTeX Font Info:    Redeclaring math alphabet \mathbf on input line 149.
)
LaTeX Font Info:    Trying to load font information for OT1+ptm on input line 29.
 (C:\Users\ASUS\AppData\Local\Programs\MiKTeX\tex/latex/psnfss\ot1ptm.fd
File: ot1ptm.fd 2001/06/04 font definitions for OT1/ptm.
) (C:\Users\ASUS\AppData\Local\Programs\MiKTeX\tex/latex/l3backend\l3backend-pdftex.def
File: l3backend-pdftex.def 2025-06-09 L3 backend support: PDF output (pdfTeX)
\l__color_backend_stack_int=\count365
) (TA2.aux)
\openout1 = `TA2.aux'.

LaTeX Font Info:    Checking defaults for OML/cmm/m/it on input line 29.
LaTeX Font Info:    ... okay on input line 29.
LaTeX Font Info:    Checking defaults for OMS/cmsy/m/n on input line 29.
LaTeX Font Info:    ... okay on input line 29.
LaTeX Font Info:    Checking defaults for OT1/cmr/m/n on input line 29.
LaTeX Font Info:    ... okay on input line 29.
LaTeX Font Info:    Checking defaults for T1/cmr/m/n on input line 29.
LaTeX Font Info:    ... okay on input line 29.
LaTeX Font Info:    Checking defaults for TS1/cmr/m/n on input line 29.
LaTeX Font Info:    ... okay on input line 29.
LaTeX Font Info:    Checking defaults for OMX/cmex/m/n on input line 29.
LaTeX Font Info:    ... okay on input line 29.
LaTeX Font Info:    Checking defaults for U/cmr/m/n on input line 29.
LaTeX Font Info:    ... okay on input line 29.
LaTeX Font Info:    Checking defaults for PD1/pdf/m/n on input line 29.
LaTeX Font Info:    ... okay on input line 29.
LaTeX Font Info:    Checking defaults for PU/pdf/m/n on input line 29.
LaTeX Font Info:    ... okay on input line 29.
 (C:\Users\ASUS\AppData\Local\Programs\MiKTeX\tex/context/base/mkii\supp-pdf.mkii
[Loading MPS to PDF converter (version 2006.09.02).]
\scratchcounter=\count366
\scratchdimen=\dimen324
\scratchbox=\box81
\nofMPsegments=\count367
\nofMParguments=\count368
\everyMPshowfont=\toks54
\MPscratchCnt=\count369
\MPscratchDim=\dimen325
\MPnumerator=\count370
\makeMPintoPDFobject=\count371
\everyMPtoPDFconversion=\toks55
) (C:\Users\ASUS\AppData\Local\Programs\MiKTeX\tex/latex/epstopdf-pkg\epstopdf-base.sty
Package: epstopdf-base 2020-01-24 v2.11 Base part for package epstopdf
Package epstopdf-base Info: Redefining graphics rule for `.eps' on input line 485.
 (C:\Users\ASUS\AppData\Local\Programs\MiKTeX\tex/latex/00miktex\epstopdf-sys.cfg
File: epstopdf-sys.cfg 2021/03/18 v2.0 Configuration of epstopdf for MiKTeX
))
\c@lstlisting=\count372
Package caption Info: Begin \AtBeginDocument code.
Package caption Info: hyperref package is loaded.
Package caption Info: End \AtBeginDocument code.
 (C:\Users\ASUS\AppData\Local\Programs\MiKTeX\tex/latex/pdflscape\pdflscape.sty
Package: pdflscape 2022-10-27 v0.13 Display of landscape pages in PDF
 (C:\Users\ASUS\AppData\Local\Programs\MiKTeX\tex/latex/pdflscape\pdflscape-nometadata.sty
Package: pdflscape-nometadata 2022-10-28 v0.13 Display of landscape pages in PDF (HO)
 (C:\Users\ASUS\AppData\Local\Programs\MiKTeX\tex/latex/graphics\lscape.sty
Package: lscape 2020/05/28 v3.02 Landscape Pages (DPC)
)
Package pdflscape Info: Auto-detected driver: pdftex on input line 81.
))
\c@maskedRefs=\count373


Package apacite Warning: No suitable language definition file (bahasa.apc) found.

Package hyperref Info: Link coloring OFF on input line 29.
(TA2.out) (TA2.out)
\@outlinefile=\write4
\openout4 = `TA2.out'.

<logougm.png, id=429, 110.5731pt x 112.2594pt>
File: logougm.png Graphic file (type png)
<use logougm.png>
Package pdftex.def Info: logougm.png  used on input line 30.
(pdftex.def)             Requested size: 156.49014pt x 158.89041pt.


[1

{C:/Users/ASUS/AppData/Local/MiKTeX/fonts/map/pdftex/pdftex.map}{C:/Users/ASUS/AppData/Local/Programs/MiKTeX/fonts/enc/dvips/base/8r.enc} <./logougm.png>]
File: logougm.png Graphic file (type png)
<use logougm.png>
Package pdftex.def Info: logougm.png  used on input line 30.
(pdftex.def)             Requested size: 156.49014pt x 158.89041pt.



pdfTeX warning (ext4): destination with the same identifier (name{page.i}) has been already used, duplicate ignored
<to be read again> 
                   \relax 
l.32 \approvalpage
                   [1]
LaTeX Font Info:    Trying to load font information for U+lasy on input line 32.
 (C:\Users\ASUS\AppData\Local\Programs\MiKTeX\tex/latex/base\ulasy.fd
File: ulasy.fd 1998/08/17 v2.2e LaTeX symbol font definitions
)
LaTeX Font Info:    Trying to load font information for U+msa on input line 32.
 (C:\Users\ASUS\AppData\Local\Programs\MiKTeX\tex/latex/amsfonts\umsa.fd
File: umsa.fd 2013/01/14 v3.01 AMS symbols A
)
LaTeX Font Info:    Trying to load font information for U+msb on input line 32.
 (C:\Users\ASUS\AppData\Local\Programs\MiKTeX\tex/latex/amsfonts\umsb.fd
File: umsb.fd 2013/01/14 v3.01 AMS symbols B
)
LaTeX Font Info:    Font shape `U/lasy/b/n' in size <8> not available
(Font)              Font shape `U/lasy/m/n' tried instead on input line 32.
LaTeX Font Info:    Font shape `U/lasy/b/n' in size <6> not available
(Font)              Font shape `U/lasy/m/n' tried instead on input line 32.

Overfull \hbox (38.22636pt too wide) in paragraph at lines 32--32
 [][] 
 []


Overfull \hbox (38.22636pt too wide) in paragraph at lines 32--32
 [][] 
 []


Overfull \hbox (38.22636pt too wide) in paragraph at lines 32--32
 [][] 
 []



[2]
LaTeX Font Info:    Calculating math sizes for size <12.045> on input line 33.


LaTeX Font Warning: Font shape `OT1/cmr/m/n' in size <8.43146> not available
(Font)              size <8> substituted on input line 33.


LaTeX Font Warning: Font shape `OML/cmm/m/it' in size <8.43146> not available
(Font)              size <8> substituted on input line 33.


LaTeX Font Warning: Font shape `OMS/cmsy/m/n' in size <8.43146> not available
(Font)              size <8> substituted on input line 33.


LaTeX Font Warning: Font shape `U/lasy/m/n' in size <8.43146> not available
(Font)              size <8> substituted on input line 33.


LaTeX Font Warning: Font shape `OT1/cmr/bx/n' in size <8.43146> not available
(Font)              size <8> substituted on input line 33.


LaTeX Font Warning: Font shape `OML/cmm/b/it' in size <8.43146> not available
(Font)              size <8> substituted on input line 33.


LaTeX Font Warning: Font shape `OMS/cmsy/b/n' in size <8.43146> not available
(Font)              size <8> substituted on input line 33.

LaTeX Font Info:    Font shape `U/lasy/b/n' in size <8.43146> not available
(Font)              Font shape `U/lasy/m/n' tried instead on input line 33.

LaTeX Font Warning: Font shape `U/lasy/m/n' in size <8.43146> not available
(Font)              size <8> substituted on input line 33.

LaTeX Font Info:    Font shape `U/lasy/b/n' in size <6.02249> not available
(Font)              Font shape `U/lasy/m/n' tried instead on input line 33.

Overfull \hbox (34.4054pt too wide) in paragraph at lines 33--33
[][] 
 []


Underfull \hbox (badness 10000) in paragraph at lines 33--33

 []


Overfull \hbox (15.67642pt too wide) in paragraph at lines 33--33
[][] 
 []



[3]

[4


]

[5


]

[6

] (TA2.toc

[7

]

[8]
Overfull \hbox (0.6947pt too wide) in paragraph at lines 87--87
 [][] [][]\OT1/ptm/m/n/12 Metode Pem-bo-bot-an Ber-ba-sis Ja-ring-an Sa-raf Graf pa-da Re-gre-si Ter- 
 []



[9])
\tf@toc=\write5
\openout5 = `TA2.toc'.



[10] (TA2.lot)
\tf@lot=\write6
\openout6 = `TA2.lot'.



[11

] (TA2.lof)
\tf@lof=\write7
\openout7 = `TA2.lof'.



[12

]
Underfull \hbox (badness 10000) in paragraph at lines 134--137

 []



[13


]
Underfull \hbox (badness 10000) in paragraph at lines 145--148

 []



[14


] (../BAB 1, 2, 5/Bab1.tex
BAB I.

Package natbib Warning: Citation `amri2020' on page 1 undefined on input line 5.


Package natbib Warning: Citation `anselin' on page 1 undefined on input line 7.


Package natbib Warning: Citation `fotheringham2002' on page 1 undefined on input line 7.


Package natbib Warning: Citation `huang2010' on page 1 undefined on input line 7.


Package natbib Warning: Citation `hagenauer2022gwann' on page 1 undefined on input line 9.


Package natbib Warning: Citation `ni2022sannwr' on page 1 undefined on input line 9.


Package natbib Warning: Citation `yin2024gnnwr' on page 1 undefined on input line 9.



[1


]

Package natbib Warning: Citation `zhu2022srgcnn' on page 2 undefined on input line 11.



[2]
Overfull \hbox (2.54811pt too wide) in paragraph at lines 23--24
[]\OT1/ptm/m/n/12.045 mengevaluasi ki-ner-ja mo-del ter-ha-dap mo-del kon-ven-sio-nal (GTWR dan GWR)
 []



[3]

Package natbib Warning: Citation `fotheringham2002' on page 4 undefined on input line 28.


Package natbib Warning: Citation `huang2010' on page 4 undefined on input line 28.


Package natbib Warning: Citation `hagenauer2022gwann' on page 4 undefined on input line 28.


Package natbib Warning: Citation `ni2022sannwr' on page 4 undefined on input line 28.


Package natbib Warning: Citation `yin2024gnnwr' on page 4 undefined on input line 28.


Package natbib Warning: Citation `zhu2022srgcnn' on page 4 undefined on input line 28.


Package natbib Warning: Citation `xiong2024gstrgct' on page 4 undefined on input line 28.



[4]
Underfull \hbox (badness 10000) in paragraph at lines 34--36

 []


Underfull \hbox (badness 10000) in paragraph at lines 36--38

 []


Underfull \hbox (badness 10000) in paragraph at lines 38--40

 []


Underfull \hbox (badness 10000) in paragraph at lines 40--42

 []


Underfull \hbox (badness 10000) in paragraph at lines 42--44

 []

) (../BAB 1, 2, 5/Bab2.tex

[5]
BAB II.

Package natbib Warning: Citation `lang_serge' on page 6 undefined on input line 17.



[6

]
Overfull \hbox (5.41139pt too wide) in paragraph at lines 45--47
\OT1/ptm/m/n/12.045 Dengan de-mi-ki-an, ke-be-ra-da-an in-vers adi-tif dan in-vers per-ka-li-an ju-ga ter-ja-min. Akhir-
 []


Package natbib Warning: Citation `lang_serge' on page 7 undefined on input line 53.


Package natbib Warning: Citation `lang_serge' on page 7 undefined on input line 55.



[7]

Package natbib Warning: Citation `lang_serge' on page 8 undefined on input line 75.



[8]

Package natbib Warning: Citation `lang_serge' on page 9 undefined on input line 99.



[9]

Package natbib Warning: Citation `axler' on page 10 undefined on input line 121.


Package natbib Warning: Citation `axler' on page 10 undefined on input line 141.



[10]

Package natbib Warning: Citation `axler' on page 11 undefined on input line 149.


Overfull \hbox (22.15056pt too wide) in paragraph at lines 150--151
[][]\OT1/ptm/b/n/12.045 Teorema 2.1.11 \OT1/ptm/m/n/12.045 (\OT1/ptm/b/n/12.045 Karakterisasi Ba-sis, (?)\OT1/ptm/m/n/12.045 ) []\OT1/ptm/m/it/12.045 Se-bu-ah \OT1/ptm/m/n/12.045 list \OT1/ptm/m/it/12.045 da-ri vektor-vektor $\OT1/cmr/bx/n/12 v[]\OML/cmm/m/it/12 ; \OT1/cmr/bx/n/12 v[]\OML/cmm/m/it/12 ; [] ; \OT1/cmr/bx/n/12 v[]$
 []


Overfull \hbox (0.74353pt too wide) in paragraph at lines 156--158
\OT1/ptm/b/n/12.045 Bukti. \OT1/ptm/m/n/12.045 Per-ta-ma an-da-ik-an bah-wa $\OT1/cmr/bx/n/12 v[]\OML/cmm/m/it/12 ; [] ; \OT1/cmr/bx/n/12 v[]$ \OT1/ptm/m/n/12.045 ada-lah ba-sis da-ri $\OML/cmm/m/it/12 V$\OT1/ptm/m/n/12.045 . Se-bab $\OMS/cmsy/m/n/12 f\OT1/cmr/bx/n/12 v[]\OML/cmm/m/it/12 ; [] ; \OT1/cmr/bx/n/12 v[]\OMS/cmsy/m/n/12 g$
 []



[11]

Package natbib Warning: Citation `axler' on page 12 undefined on input line 179.


Overfull \hbox (9.59323pt too wide) in paragraph at lines 180--182
\OT1/ptm/m/it/12.045 atas med-an $\OML/cmm/m/it/12 F$ \OT1/ptm/m/it/12.045 di-ka-tak-an \OT1/ptm/m/n/12.045 berdimensi-hingga \OT1/ptm/m/it/12.045 apa-bi-la ter-da-pat su-a-tu ba-sis $\OMS/cmsy/m/n/12 f\OML/cmm/m/it/12 v[]; [] ; v[]\OMS/cmsy/m/n/12 g$
 []


Package natbib Warning: Citation `axler' on page 12 undefined on input line 184.


Package natbib Warning: Citation `axler' on page 12 undefined on input line 200.


Package natbib Warning: Citation `axler' on page 12 undefined on input line 211.


Overfull \hbox (15.15714pt too wide) in paragraph at lines 212--214
[][]\OT1/ptm/b/n/12.045 Definisi 2.1.16 \OT1/ptm/m/n/12.045 (\OT1/ptm/b/n/12.045 Perkalian Ma-triks, (?)\OT1/ptm/m/n/12.045 ) []\OT1/ptm/m/it/12.045 Ji-ka $\OT1/cmr/bx/n/12 A \OMS/cmsy/m/n/12 2 [][]\OT1/cmr/m/n/12 (\OML/cmm/m/it/12 K\OT1/cmr/m/n/12 )$ \OT1/ptm/m/it/12.045 dan $\OT1/cmr/bx/n/12 B \OMS/cmsy/m/n/12 2 [][]\OT1/cmr/m/n/12 (\OML/cmm/m/it/12 K\OT1/cmr/m/n/12 )$\OT1/ptm/m/it/12.045 ,
 []



[12]

Package natbib Warning: Citation `axler' on page 13 undefined on input line 231.



[13]

[14]

Package natbib Warning: Citation `horn_johnson' on page 15 undefined on input line 294.



[15]

[16]

Package natbib Warning: Citation `dhrymes' on page 17 undefined on input line 406.



[17]

Package natbib Warning: Citation `axler' on page 18 undefined on input line 469.



[18]

[19]

[20]

[21]

Package natbib Warning: Citation `axler' on page 22 undefined on input line 582.


Package natbib Warning: Citation `axler' on page 22 undefined on input line 587.



[22]

Package natbib Warning: Citation `axler' on page 23 undefined on input line 642.



[23]
Overfull \hbox (19.36423pt too wide) detected at line 733
[] [] [] []
 []



[24]

Package natbib Warning: Citation `lang_serge' on page 25 undefined on input line 777.


Overfull \hbox (9.36606pt too wide) in paragraph at lines 789--790
[][]\OT1/ptm/b/n/12.045 Teorema 2.1.41 \OT1/ptm/m/n/12.045 (\OT1/ptm/b/n/12.045 Invers Ma-triks de-ngan Adjo-in\OT1/ptm/m/n/12.045 ) []\OT1/ptm/m/it/12.045 Ji-ka $\OT1/cmr/bx/n/12 A \OMS/cmsy/m/n/12 2 \OML/cmm/m/it/12 K[]$ \OT1/ptm/m/it/12.045 de-ngan $[]\OT1/cmr/m/n/12 (\OT1/cmr/bx/n/12 A\OT1/cmr/m/n/12 ) \OMS/cmsy/m/n/12 6\OT1/cmr/m/n/12 =
 []



[25]

[26]

[27]
Overfull \hbox (0.95236pt too wide) detected at line 853
[]\OT1/cmr/m/n/12 (\OT1/cmr/bx/n/12 A\OT1/cmr/m/n/12 ) = \OML/cmm/m/it/12 a[]C[] \OT1/cmr/m/n/12 + \OML/cmm/m/it/12 a[]C[] \OT1/cmr/m/n/12 + \OML/cmm/m/it/12 a[]C[] \OT1/cmr/m/n/12 = 1 \OMS/cmsy/m/n/12 ^^A \OT1/cmr/m/n/12 (\OMS/cmsy/m/n/12 ^^@\OT1/cmr/m/n/12 24) + 2 \OMS/cmsy/m/n/12 ^^A \OT1/cmr/m/n/12 20 + 3 \OMS/cmsy/m/n/12 ^^A \OT1/cmr/m/n/12 (\OMS/cmsy/m/n/12 ^^@\OT1/cmr/m/n/12 5) = \OMS/cmsy/m/n/12 ^^@\OT1/cmr/m/n/12 24 + 40 \OMS/cmsy/m/n/12 ^^@ \OT1/cmr/m/n/12 15 = 1\OML/cmm/m/it/12 :
 []


Overfull \hbox (25.95929pt too wide) detected at line 864
[]
 []



[28]

Package natbib Warning: Citation `axler' on page 29 undefined on input line 886.



[29]
LaTeX Font Info:    Font shape `U/lasy/b/n' in size <7> not available
(Font)              Font shape `U/lasy/m/n' tried instead on input line 953.
LaTeX Font Info:    Font shape `U/lasy/b/n' in size <5> not available
(Font)              Font shape `U/lasy/m/n' tried instead on input line 953.


Package natbib Warning: Citation `axler' on page 30 undefined on input line 957.



[30]

Package natbib Warning: Citation `axler' on page 31 undefined on input line 1004.


Package natbib Warning: Citation `axler' on page 31 undefined on input line 1015.



[31]

[32]

Package natbib Warning: Citation `axler' on page 33 undefined on input line 1083.



[33]
Overfull \hbox (1.80821pt too wide) in paragraph at lines 1209--1210
 [][] 
 []



[34]

Package natbib Warning: Citation `axler' on page 35 undefined on input line 1221.



[35]
Overfull \hbox (6.8963pt too wide) in paragraph at lines 1258--1259
\OT1/ptm/m/n/12.045 vektor-vektor $\OT1/cmr/bx/n/12 v[]\OML/cmm/m/it/12 ; [] ; \OT1/cmr/bx/n/12 v[]$ \OT1/ptm/m/n/12.045 yang be-bas li-ne-ar se-de-mi-ki-an se-hing-ga $\OML/cmm/m/it/12 T\OT1/cmr/bx/n/12 v[]\OML/cmm/m/it/12 ; [] ; T\OT1/cmr/bx/n/12 v[]$
 []



[36]

Package natbib Warning: Citation `axler' on page 37 undefined on input line 1276.


Package natbib Warning: Citation `lang_serge' on page 37 undefined on input line 1276.



[37]

Package natbib Warning: Citation `axler' on page 38 undefined on input line 1360.



[38]

[39]

Package natbib Warning: Citation `hackbusch' on page 40 undefined on input line 1463.



[40]

Package natbib Warning: Citation `dhrymes' on page 41 undefined on input line 1516.



[41]

[42]

Package natbib Warning: Citation `dhrymes' on page 43 undefined on input line 1586.



[43]

[44]
LaTeX Font Info:    Trying to load font information for TS1+ptm on input line 1647.
 (C:\Users\ASUS\AppData\Local\Programs\MiKTeX\tex/latex/psnfss\ts1ptm.fd
File: ts1ptm.fd 2001/06/04 font definitions for TS1/ptm.
)

[45]

Package natbib Warning: Citation `billingsley1995' on page 46 undefined on input line 1683.


Package natbib Warning: Citation `dudley2002' on page 46 undefined on input line 1683.



[46]

Package natbib Warning: Citation `billingsley1995' on page 47 undefined on input line 1707.


Overfull \hbox (27.87169pt too wide) in paragraph at lines 1723--1724
[]$\OML/cmm/m/it/12 ^^[$\OT1/ptm/m/n/12.045 -aljabar po-wer set: $\OMS/cmsy/m/n/12 F[] \OT1/cmr/m/n/12 = 2[] = \OMS/cmsy/m/n/12 f\U/msb/m/n/12.045 ?\OML/cmm/m/it/12 ; \OMS/cmsy/m/n/12 f\OT1/cmr/m/n/12 1\OMS/cmsy/m/n/12 g\OML/cmm/m/it/12 ; \OMS/cmsy/m/n/12 f\OT1/cmr/m/n/12 2\OMS/cmsy/m/n/12 g\OML/cmm/m/it/12 ; \OMS/cmsy/m/n/12 f\OT1/cmr/m/n/12 3\OMS/cmsy/m/n/12 g\OML/cmm/m/it/12 ; \OMS/cmsy/m/n/12 f\OT1/cmr/m/n/12 1\OML/cmm/m/it/12 ; \OT1/cmr/m/n/12 2\OMS/cmsy/m/n/12 g\OML/cmm/m/it/12 ; \OMS/cmsy/m/n/12 f\OT1/cmr/m/n/12 1\OML/cmm/m/it/12 ; \OT1/cmr/m/n/12 3\OMS/cmsy/m/n/12 g\OML/cmm/m/it/12 ; \OMS/cmsy/m/n/12 f\OT1/cmr/m/n/12 2\OML/cmm/m/it/12 ; \OT1/cmr/m/n/12 3\OMS/cmsy/m/n/12 g\OML/cmm/m/it/12 ; \OMS/cmsy/m/n/12 f\OT1/cmr/m/n/12 1\OML/cmm/m/it/12 ; \OT1/cmr/m/n/12 2\OML/cmm/m/it/12 ; \OT1/cmr/m/n/12 3\OMS/cmsy/m/n/12 gg$\OT1/ptm/m/n/12.045 .
 []



[47]

Package natbib Warning: Citation `billingsley1995' on page 48 undefined on input line 1756.



[48]

[49]

Package natbib Warning: Citation `dudley2002' on page 50 undefined on input line 1797.



[50]
Overfull \hbox (6.408pt too wide) in paragraph at lines 1831--1832
\OMS/cmsy/m/n/12 B\OT1/cmr/m/n/12 (\U/msb/m/n/12.045 R\OT1/cmr/m/n/12 )$\OT1/ptm/m/n/12.045 , ya-i-tu $\OML/cmm/m/it/12 B[] \OMS/cmsy/m/n/12 \ \OML/cmm/m/it/12 B[] \OT1/cmr/m/n/12 = \U/msb/m/n/12.045 ?$ \OT1/ptm/m/n/12.045 un-tuk $\OML/cmm/m/it/12 i \OMS/cmsy/m/n/12 6\OT1/cmr/m/n/12 = \OML/cmm/m/it/12 j$\OT1/ptm/m/n/12.045 . Ak-an di-tun-jukk-an bah-wa $\OMS/cmsy/m/n/12 f\OML/cmm/m/it/12 X[]\OT1/cmr/m/n/12 (\OML/cmm/m/it/12 B[]\OT1/cmr/m/n/12 )\OMS/cmsy/m/n/12 g[]$
 []


Package natbib Warning: Citation `billingsley1995' on page 51 undefined on input line 1850.



[51]

Package natbib Warning: Citation `billingsley1995' on page 52 undefined on input line 1858.



[52]

Package natbib Warning: Citation `billingsley1995' on page 53 undefined on input line 1902.



[53]

Package natbib Warning: Citation `billingsley1995' on page 54 undefined on input line 1924.



[54]
Overfull \hbox (5.94772pt too wide) in paragraph at lines 1944--1946
\OT1/cmr/m/n/12 [0\OML/cmm/m/it/12 ; n\OT1/cmr/m/n/12 ]$ \OT1/ptm/m/n/12.045 de-ngan $\OML/cmm/m/it/12 n \OMS/cmsy/m/n/12 2 \U/msb/m/n/12.045 Z[]$ \OT1/ptm/m/n/12.045 ada-lah fung-si se-der-ha-na yang meng-am-bil nilai-nilai $\OT1/cmr/m/n/12 0\OML/cmm/m/it/12 ; \OT1/cmr/m/n/12 1\OML/cmm/m/it/12 ; [] ; n$\OT1/ptm/m/n/12.045 . 
 []


Package natbib Warning: Citation `billingsley1995' on page 55 undefined on input line 1949.


Package natbib Warning: Citation `billingsley1995' on page 55 undefined on input line 1956.


Package natbib Warning: Citation `billingsley1995' on page 55 undefined on input line 1964.



[55]

Package natbib Warning: Citation `dudley2002' on page 56 undefined on input line 1982.



[56]

[57]

Package natbib Warning: Citation `billingsley1995' on page 58 undefined on input line 2028.



[58]

[59]

Package natbib Warning: Citation `billingsley1995' on page 60 undefined on input line 2099.



[60]
Overfull \hbox (7.51326pt too wide) in paragraph at lines 2132--2133
[][]\OT1/ptm/b/n/12.045 Contoh 2.2.27 []\OT1/ptm/m/n/12.045 Mi-salk-an $\OML/cmm/m/it/12 X \OMS/cmsy/m/n/12 ^^X []\OT1/cmr/m/n/12 (1)$ \OT1/ptm/m/n/12.045 de-ngan fung-si ke-pa-dat-an pro-ba-bi-li-tas $\OML/cmm/m/it/12 f[]\OT1/cmr/m/n/12 (\OML/cmm/m/it/12 x\OT1/cmr/m/n/12 ) =
 []


Overfull \hbox (4.49045pt too wide) in paragraph at lines 2138--2140
\OT1/ptm/m/n/12.045 Hasil ini di-pe-ro-leh de-ngan meng-gu-nak-an in-te-gral Gam-ma $\OT1/cmr/m/n/12 ^^@(\OML/cmm/m/it/12 n\OT1/cmr/m/n/12 ) = [][] \OML/cmm/m/it/12 x[]e[] dx \OT1/cmr/m/n/12 =
 []



[61]

Package natbib Warning: Citation `billingsley1995' on page 62 undefined on input line 2154.


Package natbib Warning: Citation `billingsley1995' on page 62 undefined on input line 2165.



[62]

Package natbib Warning: Citation `dudley2002' on page 63 undefined on input line 2197.



[63]

Package natbib Warning: Citation `billingsley1995' on page 64 undefined on input line 2237.


Overfull \hbox (1.5411pt too wide) in paragraph at lines 2245--2246
[][]\OT1/ptm/b/n/12.045 Contoh 2.2.34 []\OT1/ptm/m/n/12.045 Mi-salk-an se-bu-ah da-du se-im-bang di-lem-par. De-fi-ni-sik-an ke-ja-di-an $\OML/cmm/m/it/12 A \OT1/cmr/m/n/12 =
 []



[64]

Package natbib Warning: Citation `billingsley1995' on page 65 undefined on input line 2257.


Overfull \hbox (21.4211pt too wide) in paragraph at lines 2266--2267
\OT1/ptm/m/n/12.045 De-fi-ni-sik-an $\OML/cmm/m/it/12 A \OT1/cmr/m/n/12 = \OMS/cmsy/m/n/12 f[]g$ \OT1/ptm/m/n/12.045 dan $\OML/cmm/m/it/12 B \OT1/cmr/m/n/12 = \OMS/cmsy/m/n/12 f[]g$\OT1/ptm/m/n/12.045 .
 []


Package natbib Warning: Citation `billingsley1995' on page 65 undefined on input line 2275.



[65]

Package natbib Warning: Citation `billingsley1995' on page 66 undefined on input line 2296.


Package natbib Warning: Citation `billingsley1995' on page 66 undefined on input line 2309.


Overfull \hbox (27.76361pt too wide) in paragraph at lines 2310--2311
[][]\OT1/ptm/b/n/12.045 Teorema 2.2.40 \OT1/ptm/m/n/12.045 (\OT1/ptm/b/n/12.045 Hukum Pro-ba-bi-li-tas To-tal\OT1/ptm/m/n/12.045 , (\OT1/ptm/b/n/12.045 ?\OT1/ptm/m/n/12.045 )) []\OT1/ptm/m/it/12.045 Mi-salk-an him-pun-an $\OMS/cmsy/m/n/12 f\OML/cmm/m/it/12 B[]; B[]; [] ; B[]\OMS/cmsy/m/n/12 g$
 []



[66]

Package natbib Warning: Citation `billingsley1995' on page 67 undefined on input line 2343.



[67]

[68]

Package natbib Warning: Citation `billingsley1995' on page 69 undefined on input line 2384.



[69]

[70]

Package natbib Warning: Citation `billingsley1995' on page 71 undefined on input line 2432.



[71]

Package natbib Warning: Citation `billingsley1995' on page 72 undefined on input line 2492.


Package natbib Warning: Citation `dudley2002' on page 72 undefined on input line 2492.


Package natbib Warning: Citation `vandervaart1998' on page 72 undefined on input line 2492.


Overfull \hbox (6.4948pt too wide) in paragraph at lines 2487--2493
[]\OT1/ptm/m/n/12.045 Analisis asi-mto-tik da-lam sta-tis-ti-ka me-mer-luk-an pe-ma-ham-an yang je-las meng-
 []



[72]

Package natbib Warning: Citation `billingsley1995' on page 73 undefined on input line 2493.


Package natbib Warning: Citation `billingsley1995' on page 73 undefined on input line 2515.



[73]

Package natbib Warning: Citation `billingsley1995' on page 74 undefined on input line 2535.


Package natbib Warning: Citation `billingsley1995' on page 74 undefined on input line 2540.



[74]

Package natbib Warning: Citation `dudley2002' on page 75 undefined on input line 2560.


Package natbib Warning: Citation `billingsley1995' on page 75 undefined on input line 2585.



[75]

Package natbib Warning: Citation `billingsley1995' on page 76 undefined on input line 2609.


Overfull \hbox (5.35052pt too wide) in paragraph at lines 2610--2612
\OMS/cmsy/m/n/12 f\OML/cmm/m/it/12 X[]\OMS/cmsy/m/n/12 g$ \OT1/ptm/m/it/12.045 di-ka-tak-an kon-ver-gen da-lam ra-ta-an ku-a-drat (\OT1/ptm/m/n/12.045 mean squ-a-re\OT1/ptm/m/it/12.045 ) ke $\OML/cmm/m/it/12 X$\OT1/ptm/m/it/12.045 , di-tu-lis $\OML/cmm/m/it/12 X[] []
 []



[76]

[77]

[78]

[79]

[80]
Overfull \hbox (28.88156pt too wide) detected at line 2803
[]\OT1/cmr/m/n/12 (\OMS/cmsy/m/n/12 j\OML/cmm/m/it/12 X[] \OMS/cmsy/m/n/12 ^^@ \OML/cmm/m/it/12 X\OMS/cmsy/m/n/12 j \OML/cmm/m/it/12 > \OT1/cmr/m/n/12 1) = [](\OMS/cmsy/m/n/12 j ^^@ \OML/cmm/m/it/12 X \OMS/cmsy/m/n/12 ^^@ \OML/cmm/m/it/12 X\OMS/cmsy/m/n/12 j \OML/cmm/m/it/12 > \OT1/cmr/m/n/12 1) = [](\OMS/cmsy/m/n/12 j\OT1/cmr/m/n/12 2\OML/cmm/m/it/12 X\OMS/cmsy/m/n/12 j \OML/cmm/m/it/12 > \OT1/cmr/m/n/12 1) = [](\OMS/cmsy/m/n/12 j\OML/cmm/m/it/12 X\OMS/cmsy/m/n/12 j \OML/cmm/m/it/12 > \OT1/cmr/m/n/12 0\OML/cmm/m/it/12 :\OT1/cmr/m/n/12 5) \OMS/cmsy/m/n/12 ^^Y \OT1/cmr/m/n/12 0\OML/cmm/m/it/12 :\OT1/cmr/m/n/12 617 \OMS/cmsy/m/n/12 6\OT1/cmr/m/n/12 = 0\OML/cmm/m/it/12 :
 []


Package natbib Warning: Citation `vandervaart1998' on page 81 undefined on input line 2813.


Package natbib Warning: Citation `billingsley1995' on page 81 undefined on input line 2813.


Package natbib Warning: Citation `billingsley1995' on page 81 undefined on input line 2817.



[81]

Package natbib Warning: Citation `vandervaart1998' on page 82 undefined on input line 2859.



[82]

Package natbib Warning: Citation `billingsley1995' on page 83 undefined on input line 2875.


Overfull \hbox (2.65208pt too wide) in paragraph at lines 2876--2877
[][]\OT1/ptm/b/n/12.045 Definisi 2.4.3 \OT1/ptm/m/n/12.045 (\OT1/ptm/b/n/12.045 Fungsi Ka-rak-te-ris-tik\OT1/ptm/m/n/12.045 , (\OT1/ptm/b/n/12.045 ?\OT1/ptm/m/n/12.045 )) []\OT1/ptm/m/it/12.045 Mi-salk-an $\OML/cmm/m/it/12 X$ \OT1/ptm/m/it/12.045 ada-lah va-ri-a-bel acak. Fung-
 []


Package natbib Warning: Citation `billingsley1995' on page 83 undefined on input line 2904.



[83]

Package natbib Warning: Citation `billingsley1995' on page 84 undefined on input line 2916.


Package natbib Warning: Citation `billingsley1995' on page 84 undefined on input line 2929.



[84]

Package natbib Warning: Citation `billingsley1995' on page 85 undefined on input line 2955.


Overfull \hbox (0.46535pt too wide) in paragraph at lines 2967--2968
[]\OT1/ptm/m/n/12.045 Berdasarkan te-o-re-ma Por-tman-te-au, $\OML/cmm/m/it/12 X[] [] X$ \OT1/ptm/m/n/12.045 eku-i-va-len de-ngan $\U/msb/m/n/12.045 E\OT1/cmr/m/n/12 [\OML/cmm/m/it/12 h\OT1/cmr/m/n/12 (\OML/cmm/m/it/12 X[]\OT1/cmr/m/n/12 )] \OMS/cmsy/m/n/12 !
 []



[85]

Package natbib Warning: Citation `vandervaart1998' on page 86 undefined on input line 2992.



[86]
Overfull \hbox (18.26132pt too wide) in paragraph at lines 3019--3020
[]\OT1/ptm/m/n/12.045 Selanjutnya, se-bab $\OML/cmm/m/it/12 X[] [] X$\OT1/ptm/m/n/12.045 , ber-da-sark-an te-o-re-ma kon-ti-nu-i-tas L[]evy, $\OML/cmm/m/it/12 ^^^[]\OT1/cmr/m/n/12 (\OML/cmm/m/it/12 t[]\OT1/cmr/m/n/12 ) \OMS/cmsy/m/n/12 !
 []



[87]

Package natbib Warning: Citation `vandervaart1998' on page 88 undefined on input line 3046.



[88]

[89]

Package natbib Warning: Citation `billingsley1995' on page 90 undefined on input line 3091.



[90]
Overfull \hbox (12.34119pt too wide) in paragraph at lines 3120--3122
\OT1/ptm/m/n/12.045 berdasarkan TLP uni-va-ri-at. De-ngan te-o-re-ma Cram[]er--Wold, $[]\OT1/cmr/m/n/12 ([] \OMS/cmsy/m/n/12 ^^@ \OML/cmm/b/it/12 ^^V\OT1/cmr/m/n/12 ) [] \OMS/cmsy/m/n/12 N\OT1/cmr/m/n/12 (\OT1/cmr/bx/n/12 0\OML/cmm/m/it/12 ; \OT1/cmr/bx/n/12 ^^F\OT1/cmr/m/n/12 )$\OT1/ptm/m/n/12.045 . 
 []


Package hyperref Warning: Token not allowed in a PDF string (Unicode):
(hyperref)                removing `math shift' on input line 3124.


Package hyperref Warning: Token not allowed in a PDF string (Unicode):
(hyperref)                removing `math shift' on input line 3124.


Package hyperref Warning: Token not allowed in a PDF string (Unicode):
(hyperref)                removing `math shift' on input line 3124.


Package hyperref Warning: Token not allowed in a PDF string (Unicode):
(hyperref)                removing `math shift' on input line 3124.



[91]

[92]

Package hyperref Warning: Token not allowed in a PDF string (Unicode):
(hyperref)                removing `math shift' on input line 3224.


Package hyperref Warning: Token not allowed in a PDF string (Unicode):
(hyperref)                removing `math shift' on input line 3224.


Package hyperref Warning: Token not allowed in a PDF string (Unicode):
(hyperref)                removing `math shift' on input line 3224.


Package hyperref Warning: Token not allowed in a PDF string (Unicode):
(hyperref)                removing `math shift' on input line 3224.


Package natbib Warning: Citation `vandervaart1998' on page 93 undefined on input line 3226.



[93]

Package natbib Warning: Citation `vandervaart1998' on page 94 undefined on input line 3228.


Overfull \hbox (15.12pt too wide) in paragraph at lines 3244--3245
[][]\OT1/ptm/b/n/12.045 Contoh 2.4.24 []\OT1/ptm/m/n/12.045 Mi-salk-an $\OML/cmm/m/it/12 X[]; X[]; []$ \OT1/ptm/m/n/12.045 ada-lah ba-ris-an va-ri-a-bel acak i.i.d. de-ngan $\U/msb/m/n/12.045 E\OT1/cmr/m/n/12 [\OML/cmm/m/it/12 X[]\OT1/cmr/m/n/12 ] =
 []



[94]

Package natbib Warning: Citation `vandervaart1998' on page 95 undefined on input line 3275.


Overfull \hbox (15.12pt too wide) in paragraph at lines 3291--3292
[][]\OT1/ptm/b/n/12.045 Contoh 2.4.27 []\OT1/ptm/m/n/12.045 Mi-salk-an $\OML/cmm/m/it/12 X[]; X[]; []$ \OT1/ptm/m/n/12.045 ada-lah ba-ris-an va-ri-a-bel acak i.i.d. de-ngan $\U/msb/m/n/12.045 E\OT1/cmr/m/n/12 [\OML/cmm/m/it/12 X[]\OT1/cmr/m/n/12 ] =
 []



[95]

Package natbib Warning: Citation `vandervaart1998' on page 96 undefined on input line 3331.



[96]

[97]
Overfull \hbox (1.39494pt too wide) in paragraph at lines 3376--3377
\OML/cmm/m/it/12 M\OT1/cmr/m/n/12 ) \OML/cmm/m/it/12 < "$ \OT1/ptm/m/n/12.045 ka-re-na kon-ver-gen-si da-lam dis-tri-bu-si. De-ngan de-mi-ki-an, $\OML/cmm/m/it/12 X[] \OT1/cmr/m/n/12 = \OMS/cmsy/m/n/12 O[]\OT1/cmr/m/n/12 (1)$\OT1/ptm/m/n/12.045 . 
 []


Package natbib Warning: Citation `vandervaart1998' on page 98 undefined on input line 3380.



[98]

[99]

Package natbib Warning: Citation `vandervaart1998' on page 100 undefined on input line 3437.



[100]

[101]

Package natbib Warning: Citation `billingsley1995' on page 102 undefined on input line 3499.



[102]
Overfull \hbox (45.49687pt too wide) in paragraph at lines 3534--3535
[]\OT1/ptm/m/n/12.045 Dengan meng-am-bil li-mit $\OML/cmm/m/it/12 n \OMS/cmsy/m/n/12 ! 1$ \OT1/ptm/m/n/12.045 dan meng-gu-nak-an fak-ta bah-wa $[][] [][] \OT1/cmr/m/n/12 =
 []


Overfull \hbox (11.30302pt too wide) in paragraph at lines 3540--3541
[]\OT1/ptm/m/n/12.045 Berdasarkan te-o-re-ma kon-ti-nu-i-tas L[]evy, kon-ver-gen-si fung-si ka-rak-te-ris-tik meng-
 []



[103]

Package natbib Warning: Citation `vandervaart1998' on page 104 undefined on input line 3557.


Overfull \hbox (9.51921pt too wide) in paragraph at lines 3558--3560
[][]\OT1/ptm/b/n/12.045 Teorema 2.4.35 \OT1/ptm/m/n/12.045 (\OT1/ptm/b/n/12.045 CLT un-tuk \OT1/ptm/b/it/12.045 Tri-a-ngu-lar Ar-ra-ys\OT1/ptm/m/n/12.045 , (\OT1/ptm/b/n/12.045 ?\OT1/ptm/m/n/12.045 )) []\OT1/ptm/m/it/12.045 Mi-salk-an $\OMS/cmsy/m/n/12 f\OML/cmm/m/it/12 X[] \OT1/cmr/m/n/12 : \OML/cmm/m/it/12 i \OT1/cmr/m/n/12 = 1\OML/cmm/m/it/12 ; [] ; n\OMS/cmsy/m/n/12 g$
 []


Package natbib Warning: Citation `billingsley1995' on page 104 undefined on input line 3571.



[104]

Package natbib Warning: Citation `billingsley1995' on page 105 undefined on input line 3590.



[105]

[106]

Package natbib Warning: Citation `vandervaart1998' on page 107 undefined on input line 3662.



[107]
Overfull \hbox (3.83754pt too wide) in paragraph at lines 3702--3703
[]\OT1/ptm/m/n/12.045 Berdasarkan Te-o-re-ma Li-mit Pu-sat, $[]\OT1/cmr/m/n/12 ([] \OMS/cmsy/m/n/12 ^^@ \OML/cmm/m/it/12 ^^V\OT1/cmr/m/n/12 ) \OMS/cmsy/m/n/12 ) N\OT1/cmr/m/n/12 (0\OML/cmm/m/it/12 ; ^^[[]\OT1/cmr/m/n/12 )$\OT1/ptm/m/n/12.045 . De-ngan $\OML/cmm/m/it/12 g\OT1/cmr/m/n/12 (\OML/cmm/m/it/12 x\OT1/cmr/m/n/12 ) =
 []


Package natbib Warning: Citation `montgomery' on page 108 undefined on input line 3717.



[108]

Package natbib Warning: Citation `montgomery' on page 109 undefined on input line 3722.


Package natbib Warning: Citation `montgomery' on page 109 undefined on input line 3730.



[109]

Package natbib Warning: Citation `montgomery' on page 110 undefined on input line 3781.


Package natbib Warning: Citation `gujarati' on page 110 undefined on input line 3781.


Package natbib Warning: Citation `greene' on page 110 undefined on input line 3781.



[110]

[111]

Package natbib Warning: Citation `montgomery' on page 112 undefined on input line 3827.


Package natbib Warning: Citation `greene' on page 112 undefined on input line 3827.



[112]

Package natbib Warning: Citation `montgomery' on page 113 undefined on input line 3865.



[113]

Package natbib Warning: Citation `greene' on page 114 undefined on input line 3910.



[114]

Package natbib Warning: Citation `greene' on page 115 undefined on input line 3945.


Overfull \hbox (2.55296pt too wide) in paragraph at lines 3953--3955
\OT1/ptm/b/n/12.045 Bukti. \OT1/ptm/m/n/12.045 De-fi-ni-sik-an re-si-du-al $[] \OT1/cmr/m/n/12 = \OML/cmm/b/it/12 y \OMS/cmsy/m/n/12 ^^@ \OML/cmm/b/it/12 X[] \OT1/cmr/m/n/12 = \OML/cmm/b/it/12 My$ \OT1/ptm/m/n/12.045 de-ngan $\OML/cmm/b/it/12 M \OT1/cmr/m/n/12 = \OML/cmm/b/it/12 I \OMS/cmsy/m/n/12 ^^@ \OML/cmm/b/it/12 X\OT1/cmr/m/n/12 (\OML/cmm/b/it/12 X[]X\OT1/cmr/m/n/12 )[]\OML/cmm/b/it/12 X[]$
 []



[115]
Overfull \hbox (25.11385pt too wide) detected at line 3965
[][][]\U/msb/m/n/12.045 E\OT1/cmr/m/n/12 [[][]] = \U/msb/m/n/12.045 E\OT1/cmr/m/n/12 [[](\OML/cmm/b/it/12 "[]M"\OT1/cmr/m/n/12 )] = \U/msb/m/n/12.045 E\OT1/cmr/m/n/12 [[](\OML/cmm/b/it/12 M""[]\OT1/cmr/m/n/12 )] = [](\OML/cmm/b/it/12 M\U/msb/m/n/12.045 E\OT1/cmr/m/n/12 [\OML/cmm/b/it/12 ""[]\OT1/cmr/m/n/12 ]) = \OML/cmm/m/it/12 ^^[[][]\OT1/cmr/m/n/12 (\OML/cmm/b/it/12 M\OT1/cmr/m/n/12 ) = \OML/cmm/m/it/12 ^^[[]\OT1/cmr/m/n/12 (\OML/cmm/m/it/12 n \OMS/cmsy/m/n/12 ^^@ \OML/cmm/m/it/12 p \OMS/cmsy/m/n/12 ^^@ \OT1/cmr/m/n/12 1)\OML/cmm/m/it/12 :
 []


Package natbib Warning: Citation `greene' on page 116 undefined on input line 3969.


Overfull \hbox (9.98325pt too wide) in paragraph at lines 3970--3971
[][]\OT1/ptm/b/n/12.045 Teorema 2.5.8 \OT1/ptm/m/n/12.045 (\OT1/ptm/b/n/12.045 Normalitas Asi-mto-tik Pen-du-ga OLS, (?)\OT1/ptm/m/n/12.045 ) []\OT1/ptm/m/it/12.045 Mi-salk-an kondisi-kondisi
 []



[116]

Package natbib Warning: Citation `greene' on page 117 undefined on input line 4004.


Package natbib Warning: Citation `montgomery' on page 117 undefined on input line 4004.



[117]
Overfull \hbox (27.9566pt too wide) in paragraph at lines 4027--4028
[]\OT1/ptm/b/n/12.045 Distribusi asi-mto-tik: \OT1/ptm/m/n/12.045 Da-ri nor-ma-li-tas asi-mto-tik, $[]\OT1/cmr/m/n/12 ([] \OMS/cmsy/m/n/12 ^^@ \OML/cmm/m/it/12 ^^L[]\OT1/cmr/m/n/12 ) [] \OMS/cmsy/m/n/12 N\OT1/cmr/m/n/12 (0\OML/cmm/m/it/12 ; ^^[[]\OT1/cmr/m/n/12 [\OML/cmm/b/it/12 Q[]\OT1/cmr/m/n/12 ][])$\OT1/ptm/m/n/12.045 .
 []


Package natbib Warning: Citation `greene' on page 118 undefined on input line 4034.


Package natbib Warning: Citation `montgomery' on page 118 undefined on input line 4034.


Overfull \hbox (22.88579pt too wide) in paragraph at lines 4047--4048
[]\OT1/ptm/b/n/12.045 Distribusi ek-sak: \OT1/ptm/m/n/12.045 Di ba-wah $\OML/cmm/m/it/12 H[]$ \OT1/ptm/m/n/12.045 dan nor-ma-li-tas, $\OML/cmm/b/it/12 R[] \OMS/cmsy/m/n/12 ^^X N\OT1/cmr/m/n/12 (\OML/cmm/b/it/12 r\OML/cmm/m/it/12 ; ^^[[]\OML/cmm/b/it/12 R\OT1/cmr/m/n/12 (\OML/cmm/b/it/12 X[]X\OT1/cmr/m/n/12 )[]\OML/cmm/b/it/12 R[]\OT1/cmr/m/n/12 )$\OT1/ptm/m/n/12.045 .
 []



[118]

Package natbib Warning: Citation `greene' on page 119 undefined on input line 4063.


Package natbib Warning: Citation `' on page 119 undefined on input line 4063.


Package natbib Warning: Citation `greene' on page 119 undefined on input line 4090.



[119]
Overfull \hbox (3.29333pt too wide) in paragraph at lines 4105--4107
\OT1/ptm/m/n/12.045 Penduga MLE un-tuk $\OML/cmm/m/it/12 ^^[[]$ \OT1/ptm/m/n/12.045 pa-da mo-del ti-dak ter-es-trik-si ada-lah $[] \OT1/cmr/m/n/12 = [](\OML/cmm/b/it/12 y \OMS/cmsy/m/n/12 ^^@ \OML/cmm/b/it/12 X[]\OT1/cmr/m/n/12 )[](\OML/cmm/b/it/12 y \OMS/cmsy/m/n/12 ^^@
 []


Package natbib Warning: Citation `greene' on page 120 undefined on input line 4121.



[120]

Package natbib Warning: Citation `greene' on page 121 undefined on input line 4132.


Package natbib Warning: Citation `montgomery' on page 121 undefined on input line 4143.


Package natbib Warning: Citation `greene' on page 121 undefined on input line 4143.


Package natbib Warning: Citation `gujarati' on page 121 undefined on input line 4143.



[121]

Package natbib Warning: Citation `greene' on page 122 undefined on input line 4177.


Package natbib Warning: Citation `montgomery' on page 122 undefined on input line 4177.



[122]

[123]

Package natbib Warning: Citation `montgomery' on page 124 undefined on input line 4230.


Package natbib Warning: Citation `greene' on page 124 undefined on input line 4230.



[124]

Package natbib Warning: Citation `greene' on page 125 undefined on input line 4281.



[125]

Package natbib Warning: Citation `greene' on page 126 undefined on input line 4312.


Package natbib Warning: Citation `greene' on page 126 undefined on input line 4332.



[126]

Package natbib Warning: Citation `greene' on page 127 undefined on input line 4366.


Overfull \hbox (8.32217pt too wide) in paragraph at lines 4372--4374
\OT1/ptm/m/it/12.045 memiliki dis-tri-bu-si $\OML/cmm/m/it/12 t[]$ \OT1/ptm/m/it/12.045 se-ca-ra ek-sak di ba-wah nor-ma-li-tas ga-lat, dan $\OMS/cmsy/m/n/12 N\OT1/cmr/m/n/12 (0\OML/cmm/m/it/12 ; \OT1/cmr/m/n/12 1)$
 []



[127]

Package natbib Warning: Citation `fan1996' on page 128 undefined on input line 4396.


Package natbib Warning: Citation `wand1995' on page 128 undefined on input line 4396.


Overfull \hbox (0.85316pt too wide) in paragraph at lines 4399--4400
[][]\OT1/ptm/b/n/12.045 Definisi 2.6.1 \OT1/ptm/m/n/12.045 (\OT1/ptm/b/n/12.045 Model Re-gre-si Non-pa-ra-me-trik\OT1/ptm/m/n/12.045 ) []\OT1/ptm/m/it/12.045 Per-tim-bangk-an mo-del re-gre-si non-
 []



[128]

[129]

[130]

[131]

[132]

[133]

[134]
Overfull \hbox (4.12976pt too wide) in paragraph at lines 4603--4604
[][]\OT1/ptm/b/n/12.045 Akibat 2.6.11 \OT1/ptm/m/n/12.045 (\OT1/ptm/b/it/12.045 Bandwidth \OT1/ptm/b/n/12.045 Op-ti-mal\OT1/ptm/m/n/12.045 ) []Ban-dwi-dth \OT1/ptm/m/it/12.045 op-ti-mal yang me-mi-ni-mumk-an MSE
 []



[135]
Overfull \hbox (24.17339pt too wide) in paragraph at lines 4635--4637
\OT1/ptm/m/it/12.045 Secara eku-i-va-len, de-ngan men-de-fi-ni-sik-an bi-as asi-mto-tik $\OML/cmm/m/it/12 b\OT1/cmr/m/n/12 (\OML/cmm/m/it/12 x[]\OT1/cmr/m/n/12 ) = []\OML/cmm/m/it/12 h[]^^V[]\OT1/cmr/m/n/12 (\OML/cmm/m/it/12 K\OT1/cmr/m/n/12 )$\OT1/ptm/m/it/12.045 ,
 []



[136]
Overfull \hbox (6.44916pt too wide) in paragraph at lines 4657--4659
\OT1/ptm/m/n/12.045 Kondisi Lin-de-berg da-pat di-ve-ri-fi-ka-si de-ngan meng-gu-nak-an fak-ta bah-wa bo-bot $\OML/cmm/m/it/12 w[]\OT1/cmr/m/n/12 (\OML/cmm/m/it/12 x[]\OT1/cmr/m/n/12 )$
 []


Overfull \hbox (4.79128pt too wide) in paragraph at lines 4665--4666
[][]\OT1/ptm/b/n/12.045 Teorema 2.6.14 \OT1/ptm/m/n/12.045 (\OT1/ptm/b/n/12.045 Interval Kon-fi-den-si Asi-mto-tik\OT1/ptm/m/n/12.045 ) []\OT1/ptm/m/it/12.045 In-te-rval kon-fi-den-si asi-mto-tik ting-
 []



[137]

Package natbib Warning: Citation `anselin' on page 138 undefined on input line 4821.


Package natbib Warning: Citation `lesage' on page 138 undefined on input line 4821.


Package natbib Warning: Citation `fotheringham2002' on page 138 undefined on input line 4821.



[138]

Package natbib Warning: Citation `anselin' on page 139 undefined on input line 4870.


Package natbib Warning: Citation `lesage' on page 139 undefined on input line 4870.



[139]

[140]

Package natbib Warning: Citation `fotheringham2002' on page 141 undefined on input line 5146.



[141]

[142]

[143]
Overfull \hbox (13.11925pt too wide) in paragraph at lines 5219--5221
\OT1/ptm/m/n/12.045 Sebab $\OML/cmm/b/it/12 y[]\OT1/cmr/bx/n/12 W[]\OML/cmm/b/it/12 X^^L$ \OT1/ptm/m/n/12.045 ada-lah ska-lar, ma-ka $\OML/cmm/b/it/12 y[]\OT1/cmr/bx/n/12 W[]\OML/cmm/b/it/12 X^^L \OT1/cmr/m/n/12 = (\OML/cmm/b/it/12 y[]\OT1/cmr/bx/n/12 W[]\OML/cmm/b/it/12 X^^L\OT1/cmr/m/n/12 )[] = \OML/cmm/b/it/12 ^^L[]X[]\OT1/cmr/bx/n/12 W[]\OML/cmm/b/it/12 y \OT1/cmr/m/n/12 =
 []



[144]

[145]

[146]

[147]

[148]

[149]
Overfull \hbox (15.7797pt too wide) in paragraph at lines 5397--5399
\OT1/ptm/m/n/12.045 dengan $\OML/cmm/b/it/12 r[] \OT1/cmr/m/n/12 = (\OML/cmm/b/it/12 r[]\OML/cmm/m/it/12 ; [] ; \OML/cmm/b/it/12 r[]\OT1/cmr/m/n/12 )[]$ \OT1/ptm/m/n/12.045 ada-lah vek-tor su-ku si-sa. Se-bab $\OT1/cmr/m/n/12 (\OML/cmm/b/it/12 X[]\OT1/cmr/bx/n/12 W[]\OML/cmm/b/it/12 X\OT1/cmr/m/n/12 )[]\OML/cmm/b/it/12 X[]\OT1/cmr/bx/n/12 W[]\OML/cmm/b/it/12 X \OT1/cmr/m/n/12 =
 []



[150]
Overfull \hbox (8.89331pt too wide) in paragraph at lines 5425--5426
[]\OT1/ptm/m/n/12.045 Berdasarkan asum-si (G3), ga-lat $\OML/cmm/m/it/12 "[]; [] ; "[]$ \OT1/ptm/m/n/12.045 ber-si-fat in-de-pen-den de-ngan $\U/msb/m/n/12.045 E\OT1/cmr/m/n/12 [\OML/cmm/m/it/12 "[]\OT1/cmr/m/n/12 ] =
 []



[151]

[152]

[153]
Overfull \hbox (8.03185pt too wide) in paragraph at lines 5494--5495
[][]\OT1/ptm/b/n/12.045 Akibat 2.7.15 \OT1/ptm/m/n/12.045 (\OT1/ptm/b/n/12.045 Kondisi Ban-dwi-dth un-tuk Kon-sis-ten-si\OT1/ptm/m/n/12.045 ) []\OT1/ptm/m/it/12.045 Me-an Squ-a-red Er-ror (MSE)
 []



[154]
Overfull \hbox (6.08598pt too wide) in paragraph at lines 5552--5553
[]\OT1/ptm/m/n/12.045 Di ba-wah kon-di-si kon-sis-ten-si, es-ti-ma-tor GWR kon-sis-ten se-hing-ga $\OT1/cmr/m/n/12 (\OT1/cmr/bx/n/12 I \OMS/cmsy/m/n/12 ^^@ \OT1/cmr/bx/n/12 S\OT1/cmr/m/n/12 )\OML/cmm/b/it/12 ^^V []
 []


Overfull \hbox (2.35928pt too wide) in paragraph at lines 5560--5561
[][]\OT1/ptm/b/n/12.045 Teorema 2.7.18 \OT1/ptm/m/n/12.045 (\OT1/ptm/b/n/12.045 Normalitas Asi-mto-tik Es-ti-ma-tor GWR\OT1/ptm/m/n/12.045 ) []\OT1/ptm/m/it/12.045 Di ba-wah asum-si (G1)--
 []



[155]

[156]
Overfull \hbox (7.77905pt too wide) in paragraph at lines 5613--5614
[][]\OT1/ptm/b/n/12.045 Teorema 2.7.19 \OT1/ptm/m/n/12.045 (\OT1/ptm/b/n/12.045 Uji Sig-ni-fi-kan-si Ko-e-fi-si-en Lo-kal\OT1/ptm/m/n/12.045 ) []\OT1/ptm/m/it/12.045 Un-tuk meng-u-ji $\OML/cmm/m/it/12 H[] \OT1/cmr/m/n/12 : \OML/cmm/m/it/12 ^^L[]\OT1/cmr/m/n/12 (\OML/cmm/m/it/12 u[]; v[]\OT1/cmr/m/n/12 ) =
 []



[157]

[158]
Overfull \hbox (13.83539pt too wide) in paragraph at lines 5662--5663
[]\OT1/ptm/m/n/12.045 Untuk mo-del OLS, ma-triks to-pi ada-lah $\OT1/cmr/bx/n/12 H \OT1/cmr/m/n/12 = \OML/cmm/b/it/12 X\OT1/cmr/m/n/12 (\OML/cmm/b/it/12 X[]X\OT1/cmr/m/n/12 )[]\OML/cmm/b/it/12 X[]$ \OT1/ptm/m/n/12.045 de-ngan $[]\OT1/cmr/m/n/12 (\OT1/cmr/bx/n/12 H\OT1/cmr/m/n/12 ) =
 []


Overfull \hbox (10.7645pt too wide) in paragraph at lines 5670--5671
[]\OT1/ptm/m/n/12.045 Di ba-wah $\OML/cmm/m/it/12 H[]$ \OT1/ptm/m/n/12.045 de-ngan ga-lat nor-mal $\OML/cmm/b/it/12 " \OMS/cmsy/m/n/12 ^^X N\OT1/cmr/m/n/12 (\OT1/cmr/bx/n/12 0\OML/cmm/m/it/12 ; ^^[[]\OT1/cmr/bx/n/12 I\OT1/cmr/m/n/12 )$\OT1/ptm/m/n/12.045 , ben-tuk ku-a-dra-tik $\OML/cmm/b/it/12 y[]\OT1/cmr/bx/n/12 A\OML/cmm/b/it/12 y\OML/cmm/m/it/12 =^^[[]$
 []


Overfull \hbox (19.064pt too wide) in paragraph at lines 5683--5685
[]\OT1/ptm/m/n/12.045 Dengan meng-gu-nak-an ap-rok-si-ma-si dis-tri-bu-si $\OML/cmm/m/it/12 F$\OT1/ptm/m/n/12.045 , sta-tis-tik uji meng-i-ku-ti $\OML/cmm/m/it/12 F\OT1/cmr/m/n/12 (\OML/cmm/m/it/12 ^^W[]; ^^W[]\OT1/cmr/m/n/12 )$
 []



[159]

[160]

[161]
Overfull \hbox (47.26118pt too wide) in paragraph at lines 5763--5764
[]\OT1/ptm/b/n/12.045 Derajat be-bas efek-tif: \OT1/ptm/m/n/12.045 Da-lam re-gre-si OLS stan-dar, ma-triks to-pi $\OT1/cmr/bx/n/12 H \OT1/cmr/m/n/12 = \OML/cmm/b/it/12 X\OT1/cmr/m/n/12 (\OML/cmm/b/it/12 X[]X\OT1/cmr/m/n/12 )[]\OML/cmm/b/it/12 X[]$
 []


Overfull \hbox (2.94084pt too wide) in paragraph at lines 5767--5768
\OT1/ptm/m/n/12.045 ma-triks $\OML/cmm/b/it/12 X[]\OT1/cmr/bx/n/12 W[]\OML/cmm/b/it/12 X$ \OT1/ptm/m/n/12.045 di-gu-nak-an un-tuk meng-es-ti-ma-si ko-e-fi-si-en lo-kal. In-deks kon-
 []



[162]

[163]

Package natbib Warning: Citation `bishop1995' on page 164 undefined on input line 5814.


Package natbib Warning: Citation `haykin2009' on page 164 undefined on input line 5814.


Package natbib Warning: Citation `goodfellow2016' on page 164 undefined on input line 5814.


Package natbib Warning: Citation `haykin2009' on page 164 undefined on input line 5818.


Package natbib Warning: Citation `bishop1995' on page 164 undefined on input line 5826.



[164]

[165]

Package natbib Warning: Citation `nair2010' on page 166 undefined on input line 5885.



[166]
Overfull \hbox (1.66049pt too wide) in paragraph at lines 5948--5951
\OT1/ptm/m/n/12.045 tuk meng-hi-tung gra-di-en fung-si ke-ru-gi-an $\OML/cmm/m/it/12 L$\OT1/ptm/m/n/12.045 . De-ngan no-ta-si $\OML/cmm/b/it/12 z[] \OT1/cmr/m/n/12 = \OT1/cmr/bx/n/12 W[]\OML/cmm/b/it/12 a[] \OT1/cmr/m/n/12 +
 []



[167]

Package natbib Warning: Citation `goodfellow2016' on page 168 undefined on input line 5979.



[168]

[169]

Package natbib Warning: Citation `goodfellow2016' on page 170 undefined on input line 6031.



[170]

[171]

[172]

[173]

Package natbib Warning: Citation `cybenko1989' on page 174 undefined on input line 6137.



[174]
Overfull \hbox (35.99084pt too wide) in paragraph at lines 6163--6166
\OT1/ptm/m/it/12.045 disebut ma-triks ke-te-tang-ga-an. Ma-triks de-ra-jat di-de-fi-ni-sik-an se-ba-gai $\OT1/cmr/bx/n/12 D \OT1/cmr/m/n/12 = [](\OML/cmm/m/it/12 d[]; [] ; d[]\OT1/cmr/m/n/12 )$\OT1/ptm/m/it/12.045 ,
 []


Overfull \hbox (19.2864pt too wide) in paragraph at lines 6169--6170
[][]\OT1/ptm/b/n/12.045 Contoh 2.9.2 []\OT1/ptm/m/n/12.045 Graf $\OMS/cmsy/m/n/12 G \OT1/cmr/m/n/12 = (\OMS/cmsy/m/n/12 V\OML/cmm/m/it/12 ; \OMS/cmsy/m/n/12 E\OT1/cmr/m/n/12 )$ \OT1/ptm/m/n/12.045 de-ngan $\OMS/cmsy/m/n/12 jVj \OT1/cmr/m/n/12 = 4$ \OT1/ptm/m/n/12.045 dan si-si $\OMS/cmsy/m/n/12 E \OT1/cmr/m/n/12 = \OMS/cmsy/m/n/12 f\OT1/cmr/m/n/12 (1\OML/cmm/m/it/12 ; \OT1/cmr/m/n/12 2)\OML/cmm/m/it/12 ; \OT1/cmr/m/n/12 (2\OML/cmm/m/it/12 ; \OT1/cmr/m/n/12 3)\OML/cmm/m/it/12 ; \OT1/cmr/m/n/12 (3\OML/cmm/m/it/12 ; \OT1/cmr/m/n/12 4)\OML/cmm/m/it/12 ; \OT1/cmr/m/n/12 (4\OML/cmm/m/it/12 ; \OT1/cmr/m/n/12 1)\OMS/cmsy/m/n/12 g$
 []



[175]

Package natbib Warning: Citation `chung1997' on page 176 undefined on input line 6195.



[176]

Package natbib Warning: Citation `chung1997' on page 177 undefined on input line 6237.


Package natbib Warning: Citation `bronstein2021' on page 177 undefined on input line 6249.



[177]

Package natbib Warning: Citation `kipf2017' on page 178 undefined on input line 6261.


Overfull \hbox (21.09961pt too wide) in paragraph at lines 6279--6280
[]\OT1/ptm/m/it/12.045 Fungsi upda-te $\OML/cmm/m/it/12 '$ \OT1/ptm/m/it/12.045 ada-lah kom-po-si-si li-ne-ar dan ak-ti-va-si non-linear: $\OML/cmm/m/it/12 '\OT1/cmr/m/n/12 (\OML/cmm/b/it/12 x[]\OML/cmm/m/it/12 ; []\OT1/cmr/m/n/12 ) =
 []



[178]

Package natbib Warning: Citation `velickovic2018' on page 179 undefined on input line 6288.


Overfull \hbox (21.09961pt too wide) in paragraph at lines 6310--6311
[]\OT1/ptm/m/it/12.045 Fungsi upda-te $\OML/cmm/m/it/12 '$ \OT1/ptm/m/it/12.045 ada-lah kom-po-si-si li-ne-ar dan ak-ti-va-si non-linear: $\OML/cmm/m/it/12 '\OT1/cmr/m/n/12 (\OML/cmm/b/it/12 x[]\OML/cmm/m/it/12 ; []\OT1/cmr/m/n/12 ) =
 []



[179]

Package natbib Warning: Citation `hamilton2017' on page 180 undefined on input line 6320.



[180]

Package natbib Warning: Citation `xu2019' on page 181 undefined on input line 6378.



[181]

Package natbib Warning: Citation `xu2019' on page 182 undefined on input line 6386.


Overfull \hbox (22.18896pt too wide) in paragraph at lines 6387--6388
[][]\OT1/ptm/b/n/12.045 Teorema 2.9.14 \OT1/ptm/m/n/12.045 (\OT1/ptm/b/n/12.045 Hubungan de-ngan Tes WL, (?)\OT1/ptm/m/n/12.045 ) []\OT1/ptm/m/it/12.045 Ji-ka fung-si agre-ga-si $[]$
 []

) (Bab3TA2.tex

[182]
BAB III.

Package natbib Warning: Citation `fotheringham2002gwr' on page 183 undefined on input line 9.


Package natbib Warning: Citation `fan1996local' on page 183 undefined on input line 38.



[183

]

Package natbib Warning: Citation `fotheringham2002gwr' on page 184 undefined on input line 49.


Package natbib Warning: Citation `lesage2009spatial' on page 184 undefined on input line 49.


Package natbib Warning: Citation `yan2024anisotropic' on page 184 undefined on input line 62.


Overfull \hbox (0.40381pt too wide) in paragraph at lines 64--67
[]\OT1/ptm/m/n/12.045 Secara ma-te-ma-tis, mi-salk-an $\OML/cmm/m/it/12 ^^T[]\OT1/cmr/m/n/12 (\OML/cmm/m/it/12 u[]; u[]\OT1/cmr/m/n/12 )$ \OT1/ptm/m/n/12.045 me-nya-tak-an ker-nel spa-si-al se-ja-ti yang
 []


Package natbib Warning: Citation `fotheringham2017multiscale' on page 184 undefined on input line 77.



[184]

Package natbib Warning: Citation `fan1996local' on page 185 undefined on input line 89.


Package natbib Warning: Citation `yu2020borrowing' on page 185 undefined on input line 93.


Package natbib Warning: Citation `wheeler2007gwr' on page 185 undefined on input line 98.


Package natbib Warning: Citation `fotheringham2002gwr' on page 185 undefined on input line 101.

) (Bab4TA2.tex

[185]

[186]
BAB IV.
<GAMBAR/patrick.jpeg, id=2585, 259.97125pt x 194.7275pt>
File: GAMBAR/patrick.jpeg Graphic file (type jpg)
<use GAMBAR/patrick.jpeg>
Package pdftex.def Info: GAMBAR/patrick.jpeg  used on input line 13.
(pdftex.def)             Requested size: 239.00557pt x 179.02368pt.


[187

 <./GAMBAR/patrick.jpeg>]
LaTeX Font Info:    Trying to load font information for OMS+ptm on input line 23.
 (C:\Users\ASUS\AppData\Local\Programs\MiKTeX\tex/latex/psnfss\omsptm.fd
File: omsptm.fd 
)
LaTeX Font Info:    Font shape `OMS/ptm/m/n' in size <12.045> not available
(Font)              Font shape `OMS/cmsy/m/n' tried instead on input line 23.
) (../BAB 1, 2, 5/Bab5.tex

[188]
BAB V.
)

[189

]
No file TA2.bbl.
LAMPIRAN A.


[190

]
LAMPIRAN B.
(C:\Users\ASUS\AppData\Local\Programs\MiKTeX\tex/latex/listings\lstlang1.sty
File: lstlang1.sty 2024/09/23 1.10c listings language file
) (C:\Users\ASUS\AppData\Local\Programs\MiKTeX\tex/latex/listings\lstlang2.sty
File: lstlang2.sty 2024/09/23 1.10c listings language file
) (C:\Users\ASUS\AppData\Local\Programs\MiKTeX\tex/latex/listings\lstlang3.sty
File: lstlang3.sty 2024/09/23 1.10c listings language file
)
Package hyperref Info: bookmark level for unknown lstlisting defaults to 0 on input line 191.
 (syntax R template.R)

Package natbib Warning: There were undefined citations.



[191

] (TA2.aux)
 ***********
LaTeX2e <2025-06-01> patch level 1
L3 programming layer <2025-07-20>
 ***********


LaTeX Font Warning: Size substitutions with differences
(Font)              up to 1.98875pt have occurred.


LaTeX Warning: Label(s) may have changed. Rerun to get cross-references right.


Package rerunfilecheck Warning: File `TA2.out' has changed.
(rerunfilecheck)                Rerun to get outlines right
(rerunfilecheck)                or use package `bookmark'.

Package rerunfilecheck Info: Checksums for `TA2.out':
(rerunfilecheck)             Before: C8FAF8D2B5A057A7DBEF5CAF8DCAF66F;22284
(rerunfilecheck)             After:  5EC808D0F4B36AF3FB22FB8D1BC69686;22806.
 ) 
Here is how much of TeX's memory you used:
 31730 strings out of 468134
 578341 string characters out of 5431224
 1122594 words of memory out of 5000000
 58295 multiletter control sequences out of 15000+600000
 679487 words of font info for 167 fonts, out of 8000000 for 9000
 1141 hyphenation exceptions out of 8191
 99i,17n,105p,1134b,1799s stack positions out of 10000i,1000n,20000p,200000b,200000s

pdfTeX warning (dest): name{equation.2.12} has been referenced but does not exist, replaced by a fixed one


pdfTeX warning (dest): name{equation.2.10} has been referenced but does not exist, replaced by a fixed one


pdfTeX warning (dest): name{equation.2.9} has been referenced but does not exist, replaced by a fixed one


pdfTeX warning (dest): name{equation.2.4} has been referenced but does not exist, replaced by a fixed one


pdfTeX warning (dest): name{figure.caption.23} has been referenced but does not exist, replaced by a fixed one


pdfTeX warning (dest): name{subsection.3.6.4} has been referenced but does not exist, replaced by a fixed one


pdfTeX warning (dest): name{subsection.3.6.3} has been referenced but does not exist, replaced by a fixed one


pdfTeX warning (dest): name{subsection.3.6.2} has been referenced but does not exist, replaced by a fixed one


pdfTeX warning (dest): name{subsection.3.6.1} has been referenced but does not exist, replaced by a fixed one


pdfTeX warning (dest): name{section.3.6} has been referenced but does not exist, replaced by a fixed one


pdfTeX warning (dest): name{subsection.3.5.4} has been referenced but does not exist, replaced by a fixed one


pdfTeX warning (dest): name{subsection.3.2.4} has been referenced but does not exist, replaced by a fixed one


pdfTeX warning (dest): name{subsection.2.7.6} has been referenced but does not exist, replaced by a fixed one


pdfTeX warning (dest): name{subsection.2.7.5} has been referenced but does not exist, replaced by a fixed one


pdfTeX warning (dest): name{subsection.2.7.4} has been referenced but does not exist, replaced by a fixed one


pdfTeX warning (dest): name{subsection.2.7.3} has been referenced but does not exist, replaced by a fixed one

<C:/Users/ASUS/AppData/Local/Programs/MiKTeX/fonts/type1/public/amsfonts/cm/cmbx10.pfb><C:/Users/ASUS/AppData/Local/Programs/MiKTeX/fonts/type1/public/amsfonts/cm/cmbx12.pfb><C:/Users/ASUS/AppData/Local/Programs/MiKTeX/fonts/type1/public/amsfonts/cm/cmbx8.pfb><C:/Users/ASUS/AppData/Local/Programs/MiKTeX/fonts/type1/public/amsfonts/cm/cmex10.pfb><C:/Users/ASUS/AppData/Local/Programs/MiKTeX/fonts/type1/public/amsfonts/cmextra/cmex8.pfb><C:/Users/ASUS/AppData/Local/Programs/MiKTeX/fonts/type1/public/amsfonts/cm/cmmi10.pfb><C:/Users/ASUS/AppData/Local/Programs/MiKTeX/fonts/type1/public/amsfonts/cm/cmmi12.pfb><C:/Users/ASUS/AppData/Local/Programs/MiKTeX/fonts/type1/public/amsfonts/cm/cmmi6.pfb><C:/Users/ASUS/AppData/Local/Programs/MiKTeX/fonts/type1/public/amsfonts/cm/cmmi8.pfb><C:/Users/ASUS/AppData/Local/Programs/MiKTeX/fonts/type1/public/amsfonts/cm/cmmib10.pfb><C:/Users/ASUS/AppData/Local/Programs/MiKTeX/fonts/type1/public/amsfonts/cmextra/cmmib8.pfb><C:/Users/ASUS/AppData/Local/Programs/MiKTeX/fonts/type1/public/amsfonts/cm/cmr10.pfb><C:/Users/ASUS/AppData/Local/Programs/MiKTeX/fonts/type1/public/amsfonts/cm/cmr12.pfb><C:/Users/ASUS/AppData/Local/Programs/MiKTeX/fonts/type1/public/amsfonts/cm/cmr6.pfb><C:/Users/ASUS/AppData/Local/Programs/MiKTeX/fonts/type1/public/amsfonts/cm/cmr7.pfb><C:/Users/ASUS/AppData/Local/Programs/MiKTeX/fonts/type1/public/amsfonts/cm/cmr8.pfb><C:/Users/ASUS/AppData/Local/Programs/MiKTeX/fonts/type1/public/amsfonts/cm/cmsy10.pfb><C:/Users/ASUS/AppData/Local/Programs/MiKTeX/fonts/type1/public/amsfonts/cm/cmsy6.pfb><C:/Users/ASUS/AppData/Local/Programs/MiKTeX/fonts/type1/public/amsfonts/cm/cmsy8.pfb><C:/Users/ASUS/AppData/Local/Programs/MiKTeX/fonts/type1/public/amsfonts/symbols/msam10.pfb><C:/Users/ASUS/AppData/Local/Programs/MiKTeX/fonts/type1/public/amsfonts/symbols/msbm10.pfb><C:/Users/ASUS/AppData/Local/Programs/MiKTeX/fonts/type1/urw/times/utmb8a.pfb><C:/Users/ASUS/AppData/Local/Programs/MiKTeX/fonts/type1/urw/times/utmb8a.pfb><C:/Users/ASUS/AppData/Local/Programs/MiKTeX/fonts/type1/urw/times/utmbi8a.pfb><C:/Users/ASUS/AppData/Local/Programs/MiKTeX/fonts/type1/urw/times/utmr8a.pfb><C:/Users/ASUS/AppData/Local/Programs/MiKTeX/fonts/type1/urw/times/utmri8a.pfb>
Output written on TA2.pdf (206 pages, 1204545 bytes).
PDF statistics:
 3024 PDF objects out of 3580 (max. 8388607)
 1469 named destinations out of 1728 (max. 500000)
 871 words of extra memory for PDF output out of 10000 (max. 10000000)

