\BOOKMARK [0][-]{section*.1}{\376\377\000H\000A\000L\000A\000M\000A\000N\000\040\000J\000U\000D\000U\000L}{}% 1
\BOOKMARK [0][-]{section*.2}{\376\377\000H\000A\000L\000A\000M\000A\000N\000\040\000P\000E\000N\000G\000E\000S\000A\000H\000A\000N}{}% 2
\BOOKMARK [0][-]{section*.3}{\376\377\000H\000A\000L\000A\000M\000A\000N\000\040\000P\000E\000R\000N\000Y\000A\000T\000A\000A\000N\000\040\000B\000E\000B\000A\000S\000\040\000P\000L\000A\000G\000I\000A\000S\000I}{}% 3
\BOOKMARK [0][-]{chapter*.4}{\376\377\000H\000A\000L\000A\000M\000A\000N\000\040\000P\000E\000R\000S\000E\000M\000B\000A\000H\000A\000N}{}% 4
\BOOKMARK [0][-]{chapter*.5}{\376\377\000H\000A\000L\000A\000M\000A\000N\000\040\000M\000O\000T\000T\000O}{}% 5
\BOOKMARK [0][-]{chapter*.6}{\376\377\000P\000R\000A\000K\000A\000T\000A}{}% 6
\BOOKMARK [0][-]{section*.7}{\376\377\000D\000A\000F\000T\000A\000R\000\040\000I\000S\000I}{}% 7
\BOOKMARK [0][-]{section*.9}{\376\377\000D\000A\000F\000T\000A\000R\000\040\000T\000A\000B\000E\000L}{}% 8
\BOOKMARK [0][-]{section*.11}{\376\377\000D\000A\000F\000T\000A\000R\000\040\000G\000A\000M\000B\000A\000R}{}% 9
\BOOKMARK [0][-]{chapter*.13}{\376\377\000I\000N\000T\000I\000S\000A\000R\000I}{}% 10
\BOOKMARK [0][-]{chapter*.14}{\376\377\000A\000B\000S\000T\000R\000A\000C\000T}{}% 11
\BOOKMARK [0][-]{chapter.1}{\376\377\000P\000E\000N\000D\000A\000H\000U\000L\000U\000A\000N}{}% 12
\BOOKMARK [1][-]{section.1.1}{\376\377\000L\000a\000t\000a\000r\000\040\000B\000e\000l\000a\000k\000a\000n\000g}{chapter.1}% 13
\BOOKMARK [1][-]{section.1.2}{\376\377\000P\000e\000m\000b\000a\000t\000a\000s\000a\000n\000\040\000M\000a\000s\000a\000l\000a\000h}{chapter.1}% 14
\BOOKMARK [1][-]{section.1.3}{\376\377\000T\000u\000j\000u\000a\000n\000\040\000d\000a\000n\000\040\000M\000a\000n\000f\000a\000a\000t\000\040\000P\000e\000n\000e\000l\000i\000t\000i\000a\000n}{chapter.1}% 15
\BOOKMARK [1][-]{section.1.4}{\376\377\000T\000i\000n\000j\000a\000u\000a\000n\000\040\000P\000u\000s\000t\000a\000k\000a}{chapter.1}% 16
\BOOKMARK [1][-]{section.1.5}{\376\377\000M\000e\000t\000o\000d\000o\000l\000o\000g\000i\000\040\000P\000e\000n\000e\000l\000i\000t\000i\000a\000n}{chapter.1}% 17
\BOOKMARK [1][-]{section.1.6}{\376\377\000S\000i\000s\000t\000e\000m\000a\000t\000i\000k\000a\000\040\000P\000e\000n\000u\000l\000i\000s\000a\000n}{chapter.1}% 18
\BOOKMARK [0][-]{chapter.2}{\376\377\000L\000A\000N\000D\000A\000S\000A\000N\000\040\000T\000E\000O\000R\000I}{}% 19
\BOOKMARK [1][-]{section.2.1}{\376\377\000A\000l\000j\000a\000b\000a\000r\000\040\000M\000a\000t\000r\000i\000k\000s\000\040\000d\000a\000n\000\040\000T\000e\000n\000s\000o\000r}{chapter.2}% 20
\BOOKMARK [2][-]{subsection.2.1.1}{\376\377\000R\000u\000a\000n\000g\000\040\000V\000e\000k\000t\000o\000r\000\040\000d\000a\000n\000\040\000M\000a\000t\000r\000i\000k\000s}{section.2.1}% 21
\BOOKMARK [2][-]{subsection.2.1.2}{\376\377\000S\000i\000f\000a\000t\000-\000S\000i\000f\000a\000t\000\040\000M\000a\000t\000r\000i\000k\000s}{section.2.1}% 22
\BOOKMARK [2][-]{subsection.2.1.3}{\376\377\000I\000n\000v\000e\000r\000s\000\040\000M\000a\000t\000r\000i\000k\000s}{section.2.1}% 23
\BOOKMARK [2][-]{subsection.2.1.4}{\376\377\000D\000e\000t\000e\000r\000m\000i\000n\000a\000n\000\040\000d\000a\000n\000\040\000R\000a\000n\000k}{section.2.1}% 24
\BOOKMARK [2][-]{subsection.2.1.5}{\376\377\000N\000i\000l\000a\000i\000\040\000E\000i\000g\000e\000n\000\040\000d\000a\000n\000\040\000V\000e\000k\000t\000o\000r\000\040\000E\000i\000g\000e\000n}{section.2.1}% 25
\BOOKMARK [2][-]{subsection.2.1.6}{\376\377\000T\000e\000n\000s\000o\000r}{section.2.1}% 26
\BOOKMARK [2][-]{subsection.2.1.7}{\376\377\000D\000e\000k\000o\000m\000p\000o\000s\000i\000s\000i\000\040\000M\000a\000t\000r\000i\000k\000s\000\040\000d\000a\000n\000\040\000T\000e\000n\000s\000o\000r}{section.2.1}% 27
\BOOKMARK [2][-]{subsection.2.1.8}{\376\377\000D\000i\000f\000e\000r\000e\000n\000s\000i\000a\000l\000\040\000V\000e\000k\000t\000o\000r\000\040\000d\000a\000n\000\040\000M\000a\000t\000r\000i\000k\000s}{section.2.1}% 28
\BOOKMARK [1][-]{section.2.2}{\376\377\000R\000e\000g\000r\000e\000s\000i\000\040\000S\000p\000a\000s\000i\000a\000l\000\040\000d\000a\000n\000\040\000S\000p\000a\000s\000i\000a\000l\000-\000T\000e\000m\000p\000o\000r\000a\000l}{chapter.2}% 29
\BOOKMARK [2][-]{subsection.2.2.1}{\376\377\000R\000e\000g\000r\000e\000s\000i\000\040\000L\000i\000n\000e\000a\000r\000\040\000B\000i\000a\000s\000a\000\040\000a\000t\000a\000u\000\040\000O\000r\000d\000i\000n\000a\000r\000y\000\040\000L\000e\000a\000s\000t\000\040\000S\000q\000u\000a\000r\000e\000s\000\040\000\050\000O\000L\000S\000\051}{section.2.2}% 30
\BOOKMARK [2][-]{subsection.2.2.2}{\376\377\000R\000e\000g\000r\000e\000s\000i\000\040\000T\000e\000r\000b\000o\000b\000o\000t\000i}{section.2.2}% 31
\BOOKMARK [2][-]{subsection.2.2.3}{\376\377\000M\000o\000d\000e\000l\000\040\000K\000o\000e\000f\000i\000s\000i\000e\000n\000\040\000B\000e\000r\000v\000a\000r\000i\000a\000s\000i}{section.2.2}% 32
\BOOKMARK [2][-]{subsection.2.2.4}{\376\377\000R\000e\000g\000r\000e\000s\000i\000\040\000d\000e\000n\000g\000a\000n\000\040\000D\000e\000p\000e\000n\000d\000e\000n\000s\000i\000\040\000S\000p\000a\000s\000i\000a\000l\000\040\000d\000a\000n\000\040\000S\000p\000a\000s\000i\000a\000l\000\040\000T\000e\000m\000p\000o\000r\000a\000l}{section.2.2}% 33
\BOOKMARK [2][-]{subsection.2.2.5}{\376\377\000R\000e\000g\000r\000e\000s\000i\000\040\000d\000e\000n\000g\000a\000n\000\040\000H\000e\000t\000e\000r\000o\000g\000e\000n\000i\000t\000a\000s\000\040\000S\000p\000a\000s\000i\000a\000l\000\040\000d\000a\000n\000\040\000S\000p\000a\000s\000i\000a\000l\000\040\000T\000e\000m\000p\000o\000r\000a\000l}{section.2.2}% 34
\BOOKMARK [1][-]{section.2.3}{\376\377\000J\000a\000r\000i\000n\000g\000a\000n\000\040\000S\000a\000r\000a\000f\000\040\000T\000i\000r\000u\000a\000n}{chapter.2}% 35
\BOOKMARK [2][-]{subsection.2.3.1}{\376\377\000M\000o\000d\000e\000l\000\040\000D\000a\000s\000a\000r\000\040\000d\000a\000n\000\040\000N\000o\000t\000a\000s\000i}{section.2.3}% 36
\BOOKMARK [2][-]{subsection.2.3.2}{\376\377\000F\000u\000n\000g\000s\000i\000\040\000A\000k\000t\000i\000v\000a\000s\000i}{section.2.3}% 37
\BOOKMARK [2][-]{subsection.2.3.3}{\376\377\000F\000u\000n\000g\000s\000i\000\040\000K\000e\000r\000u\000g\000i\000a\000n\000\040\000d\000a\000n\000\040\000K\000r\000i\000t\000e\000r\000i\000a\000\040\000P\000e\000m\000b\000e\000l\000a\000j\000a\000r\000a\000n}{section.2.3}% 38
\BOOKMARK [2][-]{subsection.2.3.4}{\376\377\000P\000e\000m\000b\000e\000l\000a\000j\000a\000r\000a\000n\000\040\000d\000e\000n\000g\000a\000n\000\040\000P\000r\000o\000p\000a\000g\000a\000s\000i\000\040\000M\000u\000n\000d\000u\000r}{section.2.3}% 39
\BOOKMARK [2][-]{subsection.2.3.5}{\376\377\000O\000p\000t\000i\000m\000i\000s\000a\000s\000i\000\040\000P\000a\000r\000a\000m\000e\000t\000e\000r}{section.2.3}% 40
\BOOKMARK [2][-]{subsection.2.3.6}{\376\377\000J\000a\000r\000i\000n\000g\000a\000n\000\040\000S\000a\000r\000a\000f\000\040\000T\000i\000r\000u\000a\000n\000\040\000s\000e\000b\000a\000g\000a\000i\000\040\000A\000p\000r\000o\000k\000s\000i\000m\000a\000s\000i\000\040\000U\000n\000i\000v\000e\000r\000s\000a\000l}{section.2.3}% 41
\BOOKMARK [1][-]{section.2.4}{\376\377\000J\000a\000r\000i\000n\000g\000a\000n\000\040\000S\000a\000r\000a\000f\000\040\000G\000r\000a\000f}{chapter.2}% 42
\BOOKMARK [2][-]{subsection.2.4.1}{\376\377\000D\000a\000s\000a\000r\000\040\000G\000r\000a\000f\000\040\000d\000a\000n\000\040\000L\000a\000p\000l\000a\000c\000i\000a\000n}{section.2.4}% 43
\BOOKMARK [2][-]{subsection.2.4.2}{\376\377\000K\000e\000r\000a\000n\000g\000k\000a\000\040\000P\000e\000n\000y\000a\000m\000p\000a\000i\000a\000n\000\040\000P\000e\000s\000a\000n\000\040\000p\000a\000d\000a\000\040\000J\000a\000r\000i\000n\000g\000a\000n\000\040\000S\000a\000r\000a\000f}{section.2.4}% 44
\BOOKMARK [2][-]{subsection.2.4.3}{\376\377\000A\000r\000s\000i\000t\000e\000k\000t\000u\000r\000\040\000U\000m\000u\000m\000\040\000d\000a\000l\000a\000m\000\040\000G\000N\000N}{section.2.4}% 45
\BOOKMARK [2][-]{subsection.2.4.4}{\376\377\000K\000e\000k\000u\000a\000t\000a\000n\000\040\000R\000e\000p\000r\000e\000s\000e\000n\000t\000a\000s\000i\000\040\000G\000N\000N}{section.2.4}% 46
\BOOKMARK [1][-]{section.2.5}{\376\377\000P\000e\000m\000b\000e\000l\000a\000j\000a\000r\000a\000n\000\040\000R\000e\000p\000r\000e\000s\000e\000n\000t\000a\000s\000i}{chapter.2}% 47
\BOOKMARK [2][-]{subsection.2.5.1}{\376\377\000L\000a\000n\000d\000a\000s\000a\000n\000\040\000T\000e\000o\000r\000e\000t\000i\000s\000\040\000R\000e\000p\000r\000e\000s\000e\000n\000t\000a\000s\000i}{section.2.5}% 48
\BOOKMARK [1][-]{section.2.6}{\376\377\000P\000e\000m\000b\000e\000l\000a\000j\000a\000r\000a\000n\000\040\000S\000e\000m\000i\000-\000T\000e\000r\000a\000w\000a\000s\000i}{chapter.2}% 49
\BOOKMARK [2][-]{subsection.2.6.1}{\376\377\000K\000e\000r\000a\000n\000g\000k\000a\000\040\000D\000a\000s\000a\000r}{section.2.6}% 50
\BOOKMARK [2][-]{subsection.2.6.2}{\376\377\000A\000s\000u\000m\000s\000i\000\040\000F\000u\000n\000d\000a\000m\000e\000n\000t\000a\000l\000\040\000d\000a\000l\000a\000m\000\040\000P\000e\000m\000b\000e\000l\000a\000j\000a\000r\000a\000n\000\040\000S\000e\000m\000i\000-\000T\000e\000r\000a\000w\000a\000s\000i}{section.2.6}% 51
\BOOKMARK [2][-]{subsection.2.6.3}{\376\377\000F\000u\000n\000g\000s\000i\000\040\000K\000e\000r\000u\000g\000i\000a\000n\000\040\000u\000n\000t\000u\000k\000\040\000P\000e\000m\000b\000e\000l\000a\000j\000a\000r\000a\000n\000\040\000S\000e\000m\000i\000-\000T\000e\000r\000a\000w\000a\000s\000i}{section.2.6}% 52
\BOOKMARK [0][-]{chapter.3}{\376\377\000X\000X\000X\000X\000X\000X\000X\000X}{}% 53
\BOOKMARK [1][-]{section.3.1}{\376\377\000C\000a\000t\000a\000t\000a\000n}{chapter.3}% 54
\BOOKMARK [1][-]{section.3.2}{\376\377\000A\000n\000a\000l\000i\000s\000i\000s\000\040\000K\000l\000a\000s\000t\000e\000r}{chapter.3}% 55
\BOOKMARK [2][-]{subsection.3.2.1}{\376\377\000P\000e\000n\000g\000e\000r\000t\000i\000a\000n\000\040\000A\000n\000a\000l\000i\000s\000i\000s\000\040\000K\000l\000a\000s\000t\000e\000r}{section.3.2}% 56
\BOOKMARK [2][-]{subsection.3.2.2}{\376\377\000S\000t\000r\000u\000k\000t\000u\000r\000\040\000D\000a\000t\000a\000\040\000A\000n\000a\000l\000i\000s\000i\000s\000\040\000K\000l\000a\000s\000t\000e\000r}{section.3.2}% 57
\BOOKMARK [2][-]{subsection.3.2.3}{\376\377\000S\000t\000a\000n\000d\000a\000r\000i\000s\000a\000s\000i\000\040\000D\000a\000t\000a}{section.3.2}% 58
\BOOKMARK [2][-]{subsection.3.2.4}{\376\377\000P\000e\000n\000c\000i\000l\000a\000n}{section.3.2}% 59
\BOOKMARK [0][-]{chapter.4}{\376\377\000S\000T\000U\000D\000I\000\040\000K\000A\000S\000U\000S}{}% 60
\BOOKMARK [1][-]{section.4.1}{\376\377\000C\000a\000t\000a\000t\000a\000n\000\040\000P\000e\000n\000t\000i\000n\000g}{chapter.4}% 61
\BOOKMARK [1][-]{section.4.2}{\376\377\000P\000e\000m\000b\000a\000h\000a\000s\000a\000n}{chapter.4}% 62
\BOOKMARK [2][-]{subsection.4.2.1}{\376\377\000P\000e\000m\000b\000a\000h\000a\000s\000a\000n\000\040\0001}{section.4.2}% 63
\BOOKMARK [2][-]{subsection.4.2.2}{\376\377\000P\000e\000m\000b\000a\000h\000a\000s\000a\000n\000\040\0002}{section.4.2}% 64
\BOOKMARK [0][-]{chapter.5}{\376\377\000P\000E\000N\000U\000T\000U\000P}{}% 65
\BOOKMARK [1][-]{section.5.1}{\376\377\000K\000e\000s\000i\000m\000p\000u\000l\000a\000n}{chapter.5}% 66
\BOOKMARK [1][-]{section.5.2}{\376\377\000S\000a\000r\000a\000n}{chapter.5}% 67
\BOOKMARK [0][-]{section.5.2}{\376\377\000D\000A\000F\000T\000A\000R\000\040\000P\000U\000S\000T\000A\000K\000A}{}% 68
\BOOKMARK [0][-]{appendix.A}{\376\377\000D\000a\000t\000a}{}% 69
\BOOKMARK [0][-]{appendix.B}{\376\377\000S\000y\000n\000t\000a\000x\000\040\000R}{}% 70
