This is pdfTeX, Version 3.141592653-2.6-1.40.27 (MiKTeX 25.4) (preloaded format=pdflatex 2025.10.4)  10 JAN 2026 15:34
entering extended mode
 restricted \write18 enabled.
 file:line:error style messages enabled.
 %&-line parsing enabled.
**"d:/Semester VII/Tugas Akhir/Naskah/FILE SKRIPSI/TA 1/LaporanTA1.tex"
(d:/Semester VII/Tugas Akhir/Naskah/FILE SKRIPSI/TA 1/LaporanTA1.tex
LaTeX2e <2025-06-01> patch level 1
L3 programming layer <2025-07-20>
(laporanta1statugm.cls
Document Class: laporanta1statugm 2018/05/09 v1.0 The Universitas Gadjah Mada Mathematics Thesis Report Class
(C:\Users\ASUS\AppData\Local\Programs\MiKTeX\tex/latex/base\report.cls
Document Class: report 2025/01/22 v1.4n Standard LaTeX document class
(C:\Users\ASUS\AppData\Local\Programs\MiKTeX\tex/latex/base\size12.clo
File: size12.clo 2025/01/22 v1.4n Standard LaTeX file (size option)
)
\c@part=\count275
\c@chapter=\count276
\c@section=\count277
\c@subsection=\count278
\c@subsubsection=\count279
\c@paragraph=\count280
\c@subparagraph=\count281
\c@figure=\count282
\c@table=\count283
\abovecaptionskip=\skip49
\belowcaptionskip=\skip50
\bibindent=\dimen148
) (C:\Users\ASUS\AppData\Local\Programs\MiKTeX\tex/generic/babel\babel.sty
Package: babel 2025/08/03 v25.12 The multilingual framework for LuaLaTeX, pdfLaTeX and XeLaTeX
\babel@savecnt=\count284
LaTeX Encoding Info:    Redeclaring text command \ij (encoding OT1) on input line 2045.
LaTeX Encoding Info:    Redeclaring text command \IJ (encoding OT1) on input line 2047.
LaTeX Encoding Info:    Redeclaring text command \ij (encoding T1) on input line 2049.
LaTeX Encoding Info:    Redeclaring text command \IJ (encoding T1) on input line 2050.
LaTeX Encoding Info:    Ignoring declaration for text command \ij (encoding ?) on input line 2051.
LaTeX Encoding Info:    Ignoring declaration for text command \IJ (encoding ?) on input line 2053.
LaTeX Encoding Info:    Ignoring declaration for text command \SS (encoding ?) on input line 2078.
\U@D=\dimen149
\l@unhyphenated=\language79
 (C:\Users\ASUS\AppData\Local\Programs\MiKTeX\tex/generic/babel\txtbabel.def)
\bbl@readstream=\read2
\bbl@dirlevel=\count285

*************************************
* Local config file bblopts.cfg used
*
(C:\Users\ASUS\AppData\Local\Programs\MiKTeX\tex/latex/arabi\bblopts.cfg
File: bblopts.cfg 2005/09/08 v0.1 add Arabic and Farsi to "declared" options of babel
) (C:\Users\ASUS\AppData\Local\Programs\MiKTeX\tex/latex/babel-indonesian\bahasa.ldf
Language: bahasa 2025/06/01 v1.0n Bahasa Indonesia support from the babel system
 (C:\Users\ASUS\AppData\Local\Programs\MiKTeX\tex/latex/babel-indonesian\indonesian.ldf
Language: indonesian 2025/06/01 v1.0n Bahasa Indonesia support from the babel system
))) (C:\Users\ASUS\AppData\Local\Programs\MiKTeX\tex/latex/psnfss\times.sty
Package: times 2020/03/25 PSNFSS-v9.3 (SPQR) 
) (C:\Users\ASUS\AppData\Local\Programs\MiKTeX\tex/latex/setspace\setspace.sty
Package: setspace 2022/12/04 v6.7b set line spacing
) (C:\Users\ASUS\AppData\Local\Programs\MiKTeX\tex/latex/tools\indentfirst.sty
Package: indentfirst 2023/07/02 v1.03 Indent first paragraph (DPC)
) (C:\Users\ASUS\AppData\Local\Programs\MiKTeX\tex/latex/graphics\graphicx.sty
Package: graphicx 2024/12/31 v1.2e Enhanced LaTeX Graphics (DPC,SPQR)
 (C:\Users\ASUS\AppData\Local\Programs\MiKTeX\tex/latex/graphics\keyval.sty
Package: keyval 2022/05/29 v1.15 key=value parser (DPC)
\KV@toks@=\toks17
) (C:\Users\ASUS\AppData\Local\Programs\MiKTeX\tex/latex/graphics\graphics.sty
Package: graphics 2024/08/06 v1.4g Standard LaTeX Graphics (DPC,SPQR)
 (C:\Users\ASUS\AppData\Local\Programs\MiKTeX\tex/latex/graphics\trig.sty
Package: trig 2023/12/02 v1.11 sin cos tan (DPC)
) (C:\Users\ASUS\AppData\Local\Programs\MiKTeX\tex/latex/graphics-cfg\graphics.cfg
File: graphics.cfg 2016/06/04 v1.11 sample graphics configuration
)
Package graphics Info: Driver file: pdftex.def on input line 106.
 (C:\Users\ASUS\AppData\Local\Programs\MiKTeX\tex/latex/graphics-def\pdftex.def
File: pdftex.def 2024/04/13 v1.2c Graphics/color driver for pdftex
))
\Gin@req@height=\dimen150
\Gin@req@width=\dimen151
) (C:\Users\ASUS\AppData\Local\Programs\MiKTeX\tex/latex/base\latexsym.sty
Package: latexsym 1998/08/17 v2.2e Standard LaTeX package (lasy symbols)
\symlasy=\mathgroup4
LaTeX Font Info:    Overwriting symbol font `lasy' in version `bold'
(Font)                  U/lasy/m/n --> U/lasy/b/n on input line 52.
) (C:\Users\ASUS\AppData\Local\Programs\MiKTeX\tex/latex/amsfonts\amssymb.sty
Package: amssymb 2013/01/14 v3.01 AMS font symbols
 (C:\Users\ASUS\AppData\Local\Programs\MiKTeX\tex/latex/amsfonts\amsfonts.sty
Package: amsfonts 2013/01/14 v3.01 Basic AMSFonts support
\@emptytoks=\toks18
\symAMSa=\mathgroup5
\symAMSb=\mathgroup6
LaTeX Font Info:    Redeclaring math symbol \hbar on input line 98.
LaTeX Font Info:    Overwriting math alphabet `\mathfrak' in version `bold'
(Font)                  U/euf/m/n --> U/euf/b/n on input line 106.
)) (C:\Users\ASUS\AppData\Local\Programs\MiKTeX\tex/latex/amsmath\amstext.sty
Package: amstext 2024/11/17 v2.01 AMS text
 (C:\Users\ASUS\AppData\Local\Programs\MiKTeX\tex/latex/amsmath\amsgen.sty
File: amsgen.sty 1999/11/30 v2.0 generic functions
\@emptytoks=\toks19
\ex@=\dimen152
)) (C:\Users\ASUS\AppData\Local\Programs\MiKTeX\tex/latex/amsmath\amsmath.sty
Package: amsmath 2025/06/16 v2.17y AMS math features
\@mathmargin=\skip51

For additional information on amsmath, use the `?' option.
(C:\Users\ASUS\AppData\Local\Programs\MiKTeX\tex/latex/amsmath\amsbsy.sty
Package: amsbsy 1999/11/29 v1.2d Bold Symbols
\pmbraise@=\dimen153
) (C:\Users\ASUS\AppData\Local\Programs\MiKTeX\tex/latex/amsmath\amsopn.sty
Package: amsopn 2022/04/08 v2.04 operator names
)
\inf@bad=\count286
LaTeX Info: Redefining \frac on input line 233.
\uproot@=\count287
\leftroot@=\count288
LaTeX Info: Redefining \overline on input line 398.
LaTeX Info: Redefining \colon on input line 409.
\classnum@=\count289
\DOTSCASE@=\count290
LaTeX Info: Redefining \ldots on input line 495.
LaTeX Info: Redefining \dots on input line 498.
LaTeX Info: Redefining \cdots on input line 619.
\Mathstrutbox@=\box53
\strutbox@=\box54
LaTeX Info: Redefining \big on input line 721.
LaTeX Info: Redefining \Big on input line 722.
LaTeX Info: Redefining \bigg on input line 723.
LaTeX Info: Redefining \Bigg on input line 724.
\big@size=\dimen154
LaTeX Font Info:    Redeclaring font encoding OML on input line 742.
LaTeX Font Info:    Redeclaring font encoding OMS on input line 743.
\macc@depth=\count291
LaTeX Info: Redefining \bmod on input line 904.
LaTeX Info: Redefining \pmod on input line 909.
LaTeX Info: Redefining \smash on input line 939.
LaTeX Info: Redefining \relbar on input line 969.
LaTeX Info: Redefining \Relbar on input line 970.
\c@MaxMatrixCols=\count292
\dotsspace@=\muskip17
\c@parentequation=\count293
\dspbrk@lvl=\count294
\tag@help=\toks20
\row@=\count295
\column@=\count296
\maxfields@=\count297
\andhelp@=\toks21
\eqnshift@=\dimen155
\alignsep@=\dimen156
\tagshift@=\dimen157
\tagwidth@=\dimen158
\totwidth@=\dimen159
\lineht@=\dimen160
\@envbody=\toks22
\multlinegap=\skip52
\multlinetaggap=\skip53
\mathdisplay@stack=\toks23
LaTeX Info: Redefining \[ on input line 2949.
LaTeX Info: Redefining \] on input line 2950.
) (C:\Users\ASUS\AppData\Local\Programs\MiKTeX\tex/latex/amscls\amsthm.sty
Package: amsthm 2020/05/29 v2.20.6
\thm@style=\toks24
\thm@bodyfont=\toks25
\thm@headfont=\toks26
\thm@notefont=\toks27
\thm@headpunct=\toks28
\thm@preskip=\skip54
\thm@postskip=\skip55
\thm@headsep=\skip56
\dth@everypar=\toks29
) (C:\Users\ASUS\AppData\Local\Programs\MiKTeX\tex/latex/listings\listings.sty
\lst@mode=\count298
\lst@gtempboxa=\box55
\lst@token=\toks30
\lst@length=\count299
\lst@currlwidth=\dimen161
\lst@column=\count300
\lst@pos=\count301
\lst@lostspace=\dimen162
\lst@width=\dimen163
\lst@newlines=\count302
\lst@lineno=\count303
\lst@maxwidth=\dimen164
 (C:\Users\ASUS\AppData\Local\Programs\MiKTeX\tex/latex/listings\lstpatch.sty
File: lstpatch.sty 2024/09/23 1.10c (Carsten Heinz)
) (C:\Users\ASUS\AppData\Local\Programs\MiKTeX\tex/latex/listings\lstmisc.sty
File: lstmisc.sty 2024/09/23 1.10c (Carsten Heinz)
\c@lstnumber=\count304
\lst@skipnumbers=\count305
\lst@framebox=\box56
) (C:\Users\ASUS\AppData\Local\Programs\MiKTeX\tex/latex/listings\listings.cfg
File: listings.cfg 2024/09/23 1.10c listings configuration
))
Package: listings 2024/09/23 1.10c (Carsten Heinz)
 (C:\Users\ASUS\AppData\Local\Programs\MiKTeX\tex/latex/graphics\color.sty
Package: color 2025/01/14 v1.3e Standard LaTeX Color (DPC)
 (C:\Users\ASUS\AppData\Local\Programs\MiKTeX\tex/latex/graphics-cfg\color.cfg
File: color.cfg 2016/01/02 v1.6 sample color configuration
)
Package color Info: Driver file: pdftex.def on input line 149.
 (C:\Users\ASUS\AppData\Local\Programs\MiKTeX\tex/latex/graphics\mathcolor.ltx)) (C:\Users\ASUS\AppData\Local\Programs\MiKTeX\tex/latex/float\float.sty
Package: float 2001/11/08 v1.3d Float enhancements (AL)
\c@float@type=\count306
\float@exts=\toks31
\float@box=\box57
\@float@everytoks=\toks32
\@floatcapt=\box58
) (C:\Users\ASUS\AppData\Local\Programs\MiKTeX\tex/latex/tools\longtable.sty
Package: longtable 2024-12-18 v4.23 Multi-page Table package (DPC)
\LTleft=\skip57
\LTright=\skip58
\LTpre=\skip59
\LTpost=\skip60
\LTchunksize=\count307
\LTcapwidth=\dimen165
\LT@head=\box59
\LT@firsthead=\box60
\LT@foot=\box61
\LT@lastfoot=\box62
\LT@gbox=\box63
\LT@cols=\count308
\LT@rows=\count309
\c@LT@tables=\count310
\c@LT@chunks=\count311
\LT@p@ftn=\toks33
) (C:\Users\ASUS\AppData\Local\Programs\MiKTeX\tex/latex/tools\enumerate.sty
Package: enumerate 2023/07/04 v3.00 enumerate extensions (DPC)
\@enLab=\toks34
) (C:\Users\ASUS\AppData\Local\Programs\MiKTeX\tex/latex/multirow\multirow.sty
Package: multirow 2024/11/12 v2.9 Span multiple rows of a table
\multirow@colwidth=\skip61
\multirow@cntb=\count312
\multirow@dima=\skip62
\bigstrutjot=\dimen166
) (C:\Users\ASUS\AppData\Local\Programs\MiKTeX\tex/latex/caption\caption.sty
Package: caption 2023/08/05 v3.6o Customizing captions (AR)
 (C:\Users\ASUS\AppData\Local\Programs\MiKTeX\tex/latex/caption\caption3.sty
Package: caption3 2023/07/31 v2.4d caption3 kernel (AR)
\caption@tempdima=\dimen167
\captionmargin=\dimen168
\caption@leftmargin=\dimen169
\caption@rightmargin=\dimen170
\caption@width=\dimen171
\caption@indent=\dimen172
\caption@parindent=\dimen173
\caption@hangindent=\dimen174
Package caption Info: Standard document class detected.
)
\c@caption@flags=\count313
\c@continuedfloat=\count314
Package caption Info: float package is loaded.
Package caption Info: listings package is loaded.
Package caption Info: longtable package is loaded.
 (C:\Users\ASUS\AppData\Local\Programs\MiKTeX\tex/latex/caption\ltcaption.sty
Package: ltcaption 2021/01/08 v1.4c longtable captions (AR)
)) (C:\Users\ASUS\AppData\Local\Programs\MiKTeX\tex/latex/pdfpages\pdfpages.sty
Package: pdfpages 2025/07/23 v0.6g Insert pages of external PDF documents (AM)
 (C:\Users\ASUS\AppData\Local\Programs\MiKTeX\tex/latex/base\ifthen.sty
Package: ifthen 2024/03/16 v1.1e Standard LaTeX ifthen package (DPC)
) (C:\Users\ASUS\AppData\Local\Programs\MiKTeX\tex/latex/tools\calc.sty
Package: calc 2025/03/01 v4.3b Infix arithmetic (KKT,FJ)
\calc@Acount=\count315
\calc@Bcount=\count316
\calc@Adimen=\dimen175
\calc@Bdimen=\dimen176
\calc@Askip=\skip63
\calc@Bskip=\skip64
LaTeX Info: Redefining \setlength on input line 86.
LaTeX Info: Redefining \addtolength on input line 87.
\calc@Ccount=\count317
\calc@Cskip=\skip65
) (C:\Users\ASUS\AppData\Local\Programs\MiKTeX\tex/latex/eso-pic\eso-pic.sty
Package: eso-pic 2023/05/03 v3.0c eso-pic (RN)
\ESO@tempdima=\dimen177
\ESO@tempdimb=\dimen178
) (C:\Users\ASUS\AppData\Local\Programs\MiKTeX\tex/latex/etoolbox\etoolbox.sty
Package: etoolbox 2025/02/11 v2.5l e-TeX tools for LaTeX (JAW)
\etb@tempcnta=\count318
)
\AM@pagewidth=\dimen179
\AM@pageheight=\dimen180
\AM@fboxrule=\dimen181
 (C:\Users\ASUS\AppData\Local\Programs\MiKTeX\tex/latex/pdfpages\pppdftex.def
File: pppdftex.def 2025/07/23 v0.6g Pdfpages driver for pdfTeX (AM)
)
\pdfpages@includegraphics@status=\count319
\AM@pagebox=\box64
\AM@global@opts=\toks35
\AM@pagecnt=\count320
\AM@toc@title=\toks36
\AM@lof@heading=\toks37
\c@AM@survey=\count321
\AM@templatesizebox=\box65
) (C:\Users\ASUS\AppData\Local\Programs\MiKTeX\tex/latex/pgf/frontendlayer\tikz.sty (C:\Users\ASUS\AppData\Local\Programs\MiKTeX\tex/latex/pgf/basiclayer\pgf.sty (C:\Users\ASUS\AppData\Local\Programs\MiKTeX\tex/latex/pgf/utilities\pgfrcs.sty (C:\Users\ASUS\AppData\Local\Programs\MiKTeX\tex/generic/pgf/utilities\pgfutil-common.tex
\pgfutil@everybye=\toks38
\pgfutil@tempdima=\dimen182
\pgfutil@tempdimb=\dimen183
) (C:\Users\ASUS\AppData\Local\Programs\MiKTeX\tex/generic/pgf/utilities\pgfutil-latex.def
\pgfutil@abb=\box66
) (C:\Users\ASUS\AppData\Local\Programs\MiKTeX\tex/generic/pgf/utilities\pgfrcs.code.tex (C:\Users\ASUS\AppData\Local\Programs\MiKTeX\tex/generic/pgf\pgf.revision.tex)
Package: pgfrcs 2023-01-15 v3.1.10 (3.1.10)
))
Package: pgf 2023-01-15 v3.1.10 (3.1.10)
 (C:\Users\ASUS\AppData\Local\Programs\MiKTeX\tex/latex/pgf/basiclayer\pgfcore.sty (C:\Users\ASUS\AppData\Local\Programs\MiKTeX\tex/latex/pgf/systemlayer\pgfsys.sty (C:\Users\ASUS\AppData\Local\Programs\MiKTeX\tex/generic/pgf/systemlayer\pgfsys.code.tex
Package: pgfsys 2023-01-15 v3.1.10 (3.1.10)
 (C:\Users\ASUS\AppData\Local\Programs\MiKTeX\tex/generic/pgf/utilities\pgfkeys.code.tex
\pgfkeys@pathtoks=\toks39
\pgfkeys@temptoks=\toks40
 (C:\Users\ASUS\AppData\Local\Programs\MiKTeX\tex/generic/pgf/utilities\pgfkeyslibraryfiltered.code.tex
\pgfkeys@tmptoks=\toks41
))
\pgf@x=\dimen184
\pgf@y=\dimen185
\pgf@xa=\dimen186
\pgf@ya=\dimen187
\pgf@xb=\dimen188
\pgf@yb=\dimen189
\pgf@xc=\dimen190
\pgf@yc=\dimen191
\pgf@xd=\dimen192
\pgf@yd=\dimen193
\w@pgf@writea=\write3
\r@pgf@reada=\read3
\c@pgf@counta=\count322
\c@pgf@countb=\count323
\c@pgf@countc=\count324
\c@pgf@countd=\count325
\t@pgf@toka=\toks42
\t@pgf@tokb=\toks43
\t@pgf@tokc=\toks44
\pgf@sys@id@count=\count326
 (C:\Users\ASUS\AppData\Local\Programs\MiKTeX\tex/generic/pgf/systemlayer\pgf.cfg
File: pgf.cfg 2023-01-15 v3.1.10 (3.1.10)
)
Driver file for pgf: pgfsys-pdftex.def
 (C:\Users\ASUS\AppData\Local\Programs\MiKTeX\tex/generic/pgf/systemlayer\pgfsys-pdftex.def
File: pgfsys-pdftex.def 2023-01-15 v3.1.10 (3.1.10)
 (C:\Users\ASUS\AppData\Local\Programs\MiKTeX\tex/generic/pgf/systemlayer\pgfsys-common-pdf.def
File: pgfsys-common-pdf.def 2023-01-15 v3.1.10 (3.1.10)
))) (C:\Users\ASUS\AppData\Local\Programs\MiKTeX\tex/generic/pgf/systemlayer\pgfsyssoftpath.code.tex
File: pgfsyssoftpath.code.tex 2023-01-15 v3.1.10 (3.1.10)
\pgfsyssoftpath@smallbuffer@items=\count327
\pgfsyssoftpath@bigbuffer@items=\count328
) (C:\Users\ASUS\AppData\Local\Programs\MiKTeX\tex/generic/pgf/systemlayer\pgfsysprotocol.code.tex
File: pgfsysprotocol.code.tex 2023-01-15 v3.1.10 (3.1.10)
)) (C:\Users\ASUS\AppData\Local\Programs\MiKTeX\tex/latex/xcolor\xcolor.sty
Package: xcolor 2024/09/29 v3.02 LaTeX color extensions (UK)
 (C:\Users\ASUS\AppData\Local\Programs\MiKTeX\tex/latex/graphics-cfg\color.cfg
File: color.cfg 2016/01/02 v1.6 sample color configuration
)
Package xcolor Info: Driver file: pdftex.def on input line 274.
LaTeX Info: Redefining \color on input line 762.
 (C:\Users\ASUS\AppData\Local\Programs\MiKTeX\tex/latex/graphics\mathcolor.ltx)
Package xcolor Info: Model `cmy' substituted by `cmy0' on input line 1349.
Package xcolor Info: Model `hsb' substituted by `rgb' on input line 1353.
Package xcolor Info: Model `RGB' extended on input line 1365.
Package xcolor Info: Model `HTML' substituted by `rgb' on input line 1367.
Package xcolor Info: Model `Hsb' substituted by `hsb' on input line 1368.
Package xcolor Info: Model `tHsb' substituted by `hsb' on input line 1369.
Package xcolor Info: Model `HSB' substituted by `hsb' on input line 1370.
Package xcolor Info: Model `Gray' substituted by `gray' on input line 1371.
Package xcolor Info: Model `wave' substituted by `hsb' on input line 1372.
) (C:\Users\ASUS\AppData\Local\Programs\MiKTeX\tex/generic/pgf/basiclayer\pgfcore.code.tex
Package: pgfcore 2023-01-15 v3.1.10 (3.1.10)
 (C:\Users\ASUS\AppData\Local\Programs\MiKTeX\tex/generic/pgf/math\pgfmath.code.tex (C:\Users\ASUS\AppData\Local\Programs\MiKTeX\tex/generic/pgf/math\pgfmathutil.code.tex) (C:\Users\ASUS\AppData\Local\Programs\MiKTeX\tex/generic/pgf/math\pgfmathparser.code.tex
\pgfmath@dimen=\dimen194
\pgfmath@count=\count329
\pgfmath@box=\box67
\pgfmath@toks=\toks45
\pgfmath@stack@operand=\toks46
\pgfmath@stack@operation=\toks47
) (C:\Users\ASUS\AppData\Local\Programs\MiKTeX\tex/generic/pgf/math\pgfmathfunctions.code.tex) (C:\Users\ASUS\AppData\Local\Programs\MiKTeX\tex/generic/pgf/math\pgfmathfunctions.basic.code.tex) (C:\Users\ASUS\AppData\Local\Programs\MiKTeX\tex/generic/pgf/math\pgfmathfunctions.trigonometric.code.tex) (C:\Users\ASUS\AppData\Local\Programs\MiKTeX\tex/generic/pgf/math\pgfmathfunctions.random.code.tex) (C:\Users\ASUS\AppData\Local\Programs\MiKTeX\tex/generic/pgf/math\pgfmathfunctions.comparison.code.tex) (C:\Users\ASUS\AppData\Local\Programs\MiKTeX\tex/generic/pgf/math\pgfmathfunctions.base.code.tex) (C:\Users\ASUS\AppData\Local\Programs\MiKTeX\tex/generic/pgf/math\pgfmathfunctions.round.code.tex) (C:\Users\ASUS\AppData\Local\Programs\MiKTeX\tex/generic/pgf/math\pgfmathfunctions.misc.code.tex) (C:\Users\ASUS\AppData\Local\Programs\MiKTeX\tex/generic/pgf/math\pgfmathfunctions.integerarithmetics.code.tex) (C:\Users\ASUS\AppData\Local\Programs\MiKTeX\tex/generic/pgf/math\pgfmathcalc.code.tex) (C:\Users\ASUS\AppData\Local\Programs\MiKTeX\tex/generic/pgf/math\pgfmathfloat.code.tex
\c@pgfmathroundto@lastzeros=\count330
)) (C:\Users\ASUS\AppData\Local\Programs\MiKTeX\tex/generic/pgf/math\pgfint.code.tex) (C:\Users\ASUS\AppData\Local\Programs\MiKTeX\tex/generic/pgf/basiclayer\pgfcorepoints.code.tex
File: pgfcorepoints.code.tex 2023-01-15 v3.1.10 (3.1.10)
\pgf@picminx=\dimen195
\pgf@picmaxx=\dimen196
\pgf@picminy=\dimen197
\pgf@picmaxy=\dimen198
\pgf@pathminx=\dimen199
\pgf@pathmaxx=\dimen256
\pgf@pathminy=\dimen257
\pgf@pathmaxy=\dimen258
\pgf@xx=\dimen259
\pgf@xy=\dimen260
\pgf@yx=\dimen261
\pgf@yy=\dimen262
\pgf@zx=\dimen263
\pgf@zy=\dimen264
) (C:\Users\ASUS\AppData\Local\Programs\MiKTeX\tex/generic/pgf/basiclayer\pgfcorepathconstruct.code.tex
File: pgfcorepathconstruct.code.tex 2023-01-15 v3.1.10 (3.1.10)
\pgf@path@lastx=\dimen265
\pgf@path@lasty=\dimen266
) (C:\Users\ASUS\AppData\Local\Programs\MiKTeX\tex/generic/pgf/basiclayer\pgfcorepathusage.code.tex
File: pgfcorepathusage.code.tex 2023-01-15 v3.1.10 (3.1.10)
\pgf@shorten@end@additional=\dimen267
\pgf@shorten@start@additional=\dimen268
) (C:\Users\ASUS\AppData\Local\Programs\MiKTeX\tex/generic/pgf/basiclayer\pgfcorescopes.code.tex
File: pgfcorescopes.code.tex 2023-01-15 v3.1.10 (3.1.10)
\pgfpic=\box68
\pgf@hbox=\box69
\pgf@layerbox@main=\box70
\pgf@picture@serial@count=\count331
) (C:\Users\ASUS\AppData\Local\Programs\MiKTeX\tex/generic/pgf/basiclayer\pgfcoregraphicstate.code.tex
File: pgfcoregraphicstate.code.tex 2023-01-15 v3.1.10 (3.1.10)
\pgflinewidth=\dimen269
) (C:\Users\ASUS\AppData\Local\Programs\MiKTeX\tex/generic/pgf/basiclayer\pgfcoretransformations.code.tex
File: pgfcoretransformations.code.tex 2023-01-15 v3.1.10 (3.1.10)
\pgf@pt@x=\dimen270
\pgf@pt@y=\dimen271
\pgf@pt@temp=\dimen272
) (C:\Users\ASUS\AppData\Local\Programs\MiKTeX\tex/generic/pgf/basiclayer\pgfcorequick.code.tex
File: pgfcorequick.code.tex 2023-01-15 v3.1.10 (3.1.10)
) (C:\Users\ASUS\AppData\Local\Programs\MiKTeX\tex/generic/pgf/basiclayer\pgfcoreobjects.code.tex
File: pgfcoreobjects.code.tex 2023-01-15 v3.1.10 (3.1.10)
) (C:\Users\ASUS\AppData\Local\Programs\MiKTeX\tex/generic/pgf/basiclayer\pgfcorepathprocessing.code.tex
File: pgfcorepathprocessing.code.tex 2023-01-15 v3.1.10 (3.1.10)
) (C:\Users\ASUS\AppData\Local\Programs\MiKTeX\tex/generic/pgf/basiclayer\pgfcorearrows.code.tex
File: pgfcorearrows.code.tex 2023-01-15 v3.1.10 (3.1.10)
\pgfarrowsep=\dimen273
) (C:\Users\ASUS\AppData\Local\Programs\MiKTeX\tex/generic/pgf/basiclayer\pgfcoreshade.code.tex
File: pgfcoreshade.code.tex 2023-01-15 v3.1.10 (3.1.10)
\pgf@max=\dimen274
\pgf@sys@shading@range@num=\count332
\pgf@shadingcount=\count333
) (C:\Users\ASUS\AppData\Local\Programs\MiKTeX\tex/generic/pgf/basiclayer\pgfcoreimage.code.tex
File: pgfcoreimage.code.tex 2023-01-15 v3.1.10 (3.1.10)
) (C:\Users\ASUS\AppData\Local\Programs\MiKTeX\tex/generic/pgf/basiclayer\pgfcoreexternal.code.tex
File: pgfcoreexternal.code.tex 2023-01-15 v3.1.10 (3.1.10)
\pgfexternal@startupbox=\box71
) (C:\Users\ASUS\AppData\Local\Programs\MiKTeX\tex/generic/pgf/basiclayer\pgfcorelayers.code.tex
File: pgfcorelayers.code.tex 2023-01-15 v3.1.10 (3.1.10)
) (C:\Users\ASUS\AppData\Local\Programs\MiKTeX\tex/generic/pgf/basiclayer\pgfcoretransparency.code.tex
File: pgfcoretransparency.code.tex 2023-01-15 v3.1.10 (3.1.10)
) (C:\Users\ASUS\AppData\Local\Programs\MiKTeX\tex/generic/pgf/basiclayer\pgfcorepatterns.code.tex
File: pgfcorepatterns.code.tex 2023-01-15 v3.1.10 (3.1.10)
) (C:\Users\ASUS\AppData\Local\Programs\MiKTeX\tex/generic/pgf/basiclayer\pgfcorerdf.code.tex
File: pgfcorerdf.code.tex 2023-01-15 v3.1.10 (3.1.10)
))) (C:\Users\ASUS\AppData\Local\Programs\MiKTeX\tex/generic/pgf/modules\pgfmoduleshapes.code.tex
File: pgfmoduleshapes.code.tex 2023-01-15 v3.1.10 (3.1.10)
\pgfnodeparttextbox=\box72
) (C:\Users\ASUS\AppData\Local\Programs\MiKTeX\tex/generic/pgf/modules\pgfmoduleplot.code.tex
File: pgfmoduleplot.code.tex 2023-01-15 v3.1.10 (3.1.10)
) (C:\Users\ASUS\AppData\Local\Programs\MiKTeX\tex/latex/pgf/compatibility\pgfcomp-version-0-65.sty
Package: pgfcomp-version-0-65 2023-01-15 v3.1.10 (3.1.10)
\pgf@nodesepstart=\dimen275
\pgf@nodesepend=\dimen276
) (C:\Users\ASUS\AppData\Local\Programs\MiKTeX\tex/latex/pgf/compatibility\pgfcomp-version-1-18.sty
Package: pgfcomp-version-1-18 2023-01-15 v3.1.10 (3.1.10)
)) (C:\Users\ASUS\AppData\Local\Programs\MiKTeX\tex/latex/pgf/utilities\pgffor.sty (C:\Users\ASUS\AppData\Local\Programs\MiKTeX\tex/latex/pgf/utilities\pgfkeys.sty (C:\Users\ASUS\AppData\Local\Programs\MiKTeX\tex/generic/pgf/utilities\pgfkeys.code.tex)) (C:\Users\ASUS\AppData\Local\Programs\MiKTeX\tex/latex/pgf/math\pgfmath.sty (C:\Users\ASUS\AppData\Local\Programs\MiKTeX\tex/generic/pgf/math\pgfmath.code.tex)) (C:\Users\ASUS\AppData\Local\Programs\MiKTeX\tex/generic/pgf/utilities\pgffor.code.tex
Package: pgffor 2023-01-15 v3.1.10 (3.1.10)
\pgffor@iter=\dimen277
\pgffor@skip=\dimen278
\pgffor@stack=\toks48
\pgffor@toks=\toks49
)) (C:\Users\ASUS\AppData\Local\Programs\MiKTeX\tex/generic/pgf/frontendlayer/tikz\tikz.code.tex
Package: tikz 2023-01-15 v3.1.10 (3.1.10)
 (C:\Users\ASUS\AppData\Local\Programs\MiKTeX\tex/generic/pgf/libraries\pgflibraryplothandlers.code.tex
File: pgflibraryplothandlers.code.tex 2023-01-15 v3.1.10 (3.1.10)
\pgf@plot@mark@count=\count334
\pgfplotmarksize=\dimen279
)
\tikz@lastx=\dimen280
\tikz@lasty=\dimen281
\tikz@lastxsaved=\dimen282
\tikz@lastysaved=\dimen283
\tikz@lastmovetox=\dimen284
\tikz@lastmovetoy=\dimen285
\tikzleveldistance=\dimen286
\tikzsiblingdistance=\dimen287
\tikz@figbox=\box73
\tikz@figbox@bg=\box74
\tikz@tempbox=\box75
\tikz@tempbox@bg=\box76
\tikztreelevel=\count335
\tikznumberofchildren=\count336
\tikznumberofcurrentchild=\count337
\tikz@fig@count=\count338
 (C:\Users\ASUS\AppData\Local\Programs\MiKTeX\tex/generic/pgf/modules\pgfmodulematrix.code.tex
File: pgfmodulematrix.code.tex 2023-01-15 v3.1.10 (3.1.10)
\pgfmatrixcurrentrow=\count339
\pgfmatrixcurrentcolumn=\count340
\pgf@matrix@numberofcolumns=\count341
)
\tikz@expandcount=\count342
 (C:\Users\ASUS\AppData\Local\Programs\MiKTeX\tex/generic/pgf/frontendlayer/tikz/libraries\tikzlibrarytopaths.code.tex
File: tikzlibrarytopaths.code.tex 2023-01-15 v3.1.10 (3.1.10)
))) (C:\Users\ASUS\AppData\Local\Programs\MiKTeX\tex/latex/cases\cases.sty
Package: cases 2020/03/29 ver 3.2
\numc@numwid=\dimen288
) (C:\Users\ASUS\AppData\Local\Programs\MiKTeX\tex/generic/pgf/frontendlayer/tikz/libraries\tikzlibrarymatrix.code.tex
File: tikzlibrarymatrix.code.tex 2023-01-15 v3.1.10 (3.1.10)
) (C:\Users\ASUS\AppData\Local\Programs\MiKTeX\tex/generic/pgf/frontendlayer/tikz/libraries\tikzlibraryarrows.code.tex
File: tikzlibraryarrows.code.tex 2023-01-15 v3.1.10 (3.1.10)
 (C:\Users\ASUS\AppData\Local\Programs\MiKTeX\tex/generic/pgf/libraries\pgflibraryarrows.code.tex
File: pgflibraryarrows.code.tex 2023-01-15 v3.1.10 (3.1.10)
\arrowsize=\dimen289
)) (C:\Users\ASUS\AppData\Local\Programs\MiKTeX\tex/latex/enumitem\enumitem.sty
Package: enumitem 2025/02/06 v3.11 Customized lists
\labelindent=\skip66
\enit@outerparindent=\dimen290
\enit@toks=\toks50
\enit@inbox=\box77
\enit@count@id=\count343
\enitdp@description=\count344
) (C:\Users\ASUS\AppData\Local\Programs\MiKTeX\tex/latex/apacite\apacite.sty
Package: apacite 2013/07/21 v6.03 APA citation
\c@BibCnt=\count345
\bibleftmargin=\skip67
\bibindent=\skip68
\bibparsep=\skip69
\bibitemsep=\skip70
\biblabelsep=\skip71
) (C:\Users\ASUS\AppData\Local\Programs\MiKTeX\tex/latex/natbib\natbib.sty
Package: natbib 2010/09/13 8.31b (PWD, AO)
\bibhang=\skip72
\bibsep=\skip73
LaTeX Info: Redefining \cite on input line 694.
\c@NAT@ctr=\count346
)
LaTeX Info: Redefining \BBA on input line 30.
 (C:\Users\ASUS\AppData\Local\Programs\MiKTeX\tex/latex/booktabs\booktabs.sty
Package: booktabs 2020/01/12 v1.61803398 Publication quality tables
\heavyrulewidth=\dimen291
\lightrulewidth=\dimen292
\cmidrulewidth=\dimen293
\belowrulesep=\dimen294
\belowbottomsep=\dimen295
\aboverulesep=\dimen296
\abovetopsep=\dimen297
\cmidrulesep=\dimen298
\cmidrulekern=\dimen299
\defaultaddspace=\dimen300
\@cmidla=\count347
\@cmidlb=\count348
\@aboverulesep=\dimen301
\@belowrulesep=\dimen302
\@thisruleclass=\count349
\@lastruleclass=\count350
\@thisrulewidth=\dimen303
) (C:\Users\ASUS\AppData\Local\Programs\MiKTeX\tex/latex/titlesec\titlesec.sty
Package: titlesec 2025/01/04 v2.17 Sectioning titles
\ttl@box=\box78
\beforetitleunit=\skip74
\aftertitleunit=\skip75
\ttl@plus=\dimen304
\ttl@minus=\dimen305
\ttl@toksa=\toks51
\titlewidth=\dimen306
\titlewidthlast=\dimen307
\titlewidthfirst=\dimen308
) (C:\Users\ASUS\AppData\Local\Programs\MiKTeX\tex/latex/titlesec\titletoc.sty
Package: titletoc 2025/01/04 v2.17 TOC entries
\ttl@leftsep=\dimen309
)
\c@teorema=\count351
\c@algoritma=\count352
 (C:\Users\ASUS\AppData\Local\Programs\MiKTeX\tex/latex/hyperref\hyperref.sty
Package: hyperref 2025-07-12 v7.01o Hypertext links for LaTeX
 (C:\Users\ASUS\AppData\Local\Programs\MiKTeX\tex/generic/iftex\iftex.sty
Package: iftex 2024/12/12 v1.0g TeX engine tests
) (C:\Users\ASUS\AppData\Local\Programs\MiKTeX\tex/latex/kvsetkeys\kvsetkeys.sty
Package: kvsetkeys 2022-10-05 v1.19 Key value parser (HO)
) (C:\Users\ASUS\AppData\Local\Programs\MiKTeX\tex/generic/kvdefinekeys\kvdefinekeys.sty
Package: kvdefinekeys 2019-12-19 v1.6 Define keys (HO)
) (C:\Users\ASUS\AppData\Local\Programs\MiKTeX\tex/generic/pdfescape\pdfescape.sty
Package: pdfescape 2019/12/09 v1.15 Implements pdfTeX's escape features (HO)
 (C:\Users\ASUS\AppData\Local\Programs\MiKTeX\tex/generic/ltxcmds\ltxcmds.sty
Package: ltxcmds 2023-12-04 v1.26 LaTeX kernel commands for general use (HO)
) (C:\Users\ASUS\AppData\Local\Programs\MiKTeX\tex/generic/pdftexcmds\pdftexcmds.sty
Package: pdftexcmds 2020-06-27 v0.33 Utility functions of pdfTeX for LuaTeX (HO)
 (C:\Users\ASUS\AppData\Local\Programs\MiKTeX\tex/generic/infwarerr\infwarerr.sty
Package: infwarerr 2019/12/03 v1.5 Providing info/warning/error messages (HO)
)
Package pdftexcmds Info: \pdf@primitive is available.
Package pdftexcmds Info: \pdf@ifprimitive is available.
Package pdftexcmds Info: \pdfdraftmode found.
)) (C:\Users\ASUS\AppData\Local\Programs\MiKTeX\tex/latex/hycolor\hycolor.sty
Package: hycolor 2020-01-27 v1.10 Color options for hyperref/bookmark (HO)
) (C:\Users\ASUS\AppData\Local\Programs\MiKTeX\tex/latex/hyperref\nameref.sty
Package: nameref 2025-06-21 v2.57 Cross-referencing by name of section
 (C:\Users\ASUS\AppData\Local\Programs\MiKTeX\tex/latex/refcount\refcount.sty
Package: refcount 2019/12/15 v3.6 Data extraction from label references (HO)
) (C:\Users\ASUS\AppData\Local\Programs\MiKTeX\tex/generic/gettitlestring\gettitlestring.sty
Package: gettitlestring 2019/12/15 v1.6 Cleanup title references (HO)
 (C:\Users\ASUS\AppData\Local\Programs\MiKTeX\tex/latex/kvoptions\kvoptions.sty
Package: kvoptions 2022-06-15 v3.15 Key value format for package options (HO)
))
\c@section@level=\count353
) (C:\Users\ASUS\AppData\Local\Programs\MiKTeX\tex/generic/stringenc\stringenc.sty
Package: stringenc 2019/11/29 v1.12 Convert strings between diff. encodings (HO)
)
\@linkdim=\dimen310
\Hy@linkcounter=\count354
\Hy@pagecounter=\count355

(C:\Users\ASUS\AppData\Local\Programs\MiKTeX\tex/latex/hyperref\pd1enc.def
File: pd1enc.def 2025-07-12 v7.01o Hyperref: PDFDocEncoding definition (HO)
Now handling font encoding PD1 ...
... no UTF-8 mapping file for font encoding PD1
) (C:\Users\ASUS\AppData\Local\Programs\MiKTeX\tex/generic/intcalc\intcalc.sty
Package: intcalc 2019/12/15 v1.3 Expandable calculations with integers (HO)
)
\Hy@SavedSpaceFactor=\count356
 (C:\Users\ASUS\AppData\Local\Programs\MiKTeX\tex/latex/hyperref\puenc.def
File: puenc.def 2025-07-12 v7.01o Hyperref: PDF Unicode definition (HO)
Now handling font encoding PU ...
... no UTF-8 mapping file for font encoding PU
)
Package hyperref Info: Option `bookmarks' set `true' on input line 4066.
Package hyperref Info: Hyper figures OFF on input line 4195.
Package hyperref Info: Link nesting OFF on input line 4200.
Package hyperref Info: Hyper index ON on input line 4203.
Package hyperref Info: Plain pages OFF on input line 4210.
Package hyperref Info: Backreferencing OFF on input line 4215.
Package hyperref Info: Implicit mode ON; LaTeX internals redefined.
Package hyperref Info: Bookmarks ON on input line 4462.
\c@Hy@tempcnt=\count357
 (C:\Users\ASUS\AppData\Local\Programs\MiKTeX\tex/latex/url\url.sty
\Urlmuskip=\muskip18
Package: url 2013/09/16  ver 3.4  Verb mode for urls, etc.
)
LaTeX Info: Redefining \url on input line 4801.
\XeTeXLinkMargin=\dimen311
 (C:\Users\ASUS\AppData\Local\Programs\MiKTeX\tex/generic/bitset\bitset.sty
Package: bitset 2019/12/09 v1.3 Handle bit-vector datatype (HO)
 (C:\Users\ASUS\AppData\Local\Programs\MiKTeX\tex/generic/bigintcalc\bigintcalc.sty
Package: bigintcalc 2019/12/15 v1.5 Expandable calculations on big integers (HO)
))
\Fld@menulength=\count358
\Field@Width=\dimen312
\Fld@charsize=\dimen313
Package hyperref Info: Hyper figures OFF on input line 6078.
Package hyperref Info: Link nesting OFF on input line 6083.
Package hyperref Info: Hyper index ON on input line 6086.
Package hyperref Info: backreferencing OFF on input line 6093.
Package hyperref Info: Link coloring OFF on input line 6098.
Package hyperref Info: Link coloring with OCG OFF on input line 6103.
Package hyperref Info: PDF/A mode OFF on input line 6108.
\Hy@abspage=\count359
\c@Item=\count360
\c@Hfootnote=\count361
)
Package hyperref Info: Driver: hpdftex.
 (C:\Users\ASUS\AppData\Local\Programs\MiKTeX\tex/latex/hyperref\hpdftex.def
File: hpdftex.def 2025-07-12 v7.01o Hyperref driver for pdfTeX
\Fld@listcount=\count362
\c@bookmark@seq@number=\count363
 (C:\Users\ASUS\AppData\Local\Programs\MiKTeX\tex/latex/rerunfilecheck\rerunfilecheck.sty
Package: rerunfilecheck 2025-06-21 v1.11 Rerun checks for auxiliary files (HO)
 (C:\Users\ASUS\AppData\Local\Programs\MiKTeX\tex/generic/uniquecounter\uniquecounter.sty
Package: uniquecounter 2019/12/15 v1.4 Provide unlimited unique counter (HO)
)
Package uniquecounter Info: New unique counter `rerunfilecheck' on input line 284.
)
\Hy@SectionHShift=\skip76
) (C:\Users\ASUS\AppData\Local\Programs\MiKTeX\tex/latex/tikz-cd\tikz-cd.sty
Package: tikz-cd 2021/05/04 v1.0 Commutative diagrams with TikZ
 (C:\Users\ASUS\AppData\Local\Programs\MiKTeX\tex/latex/tikz-cd\tikzlibrarycd.code.tex (C:\Users\ASUS\AppData\Local\Programs\MiKTeX\tex/generic/pgf/frontendlayer/tikz/libraries\tikzlibraryquotes.code.tex
File: tikzlibraryquotes.code.tex 2023-01-15 v3.1.10 (3.1.10)
) (C:\Users\ASUS\AppData\Local\Programs\MiKTeX\tex/generic/pgf/libraries\pgflibraryarrows.meta.code.tex
File: pgflibraryarrows.meta.code.tex 2023-01-15 v3.1.10 (3.1.10)
\pgfarrowinset=\dimen314
\pgfarrowlength=\dimen315
\pgfarrowwidth=\dimen316
\pgfarrowlinewidth=\dimen317
)))) (C:\Users\ASUS\AppData\Local\Programs\MiKTeX\tex/latex/tools\bm.sty
Package: bm 2023/12/19 v1.2f Bold Symbol Support (DPC/FMi)
\symboldoperators=\mathgroup7
\symboldletters=\mathgroup8
\symboldsymbols=\mathgroup9
Package bm Info: No bold for \OMX/cmex/m/n, using \pmb.
\symboldlasy=\mathgroup10
Package bm Info: No bold for \U/msa/m/n, using \pmb.
Package bm Info: No bold for \U/msb/m/n, using \pmb.
LaTeX Font Info:    Redeclaring math alphabet \mathbf on input line 149.
)
\c@remark=\count364
LaTeX Font Info:    Trying to load font information for OT1+ptm on input line 24.
 (C:\Users\ASUS\AppData\Local\Programs\MiKTeX\tex/latex/psnfss\ot1ptm.fd
File: ot1ptm.fd 2001/06/04 font definitions for OT1/ptm.
) (C:\Users\ASUS\AppData\Local\Programs\MiKTeX\tex/latex/l3backend\l3backend-pdftex.def
File: l3backend-pdftex.def 2025-06-09 L3 backend support: PDF output (pdfTeX)
\l__color_backend_stack_int=\count365
) (LaporanTA1.aux)
\openout1 = `LaporanTA1.aux'.

LaTeX Font Info:    Checking defaults for OML/cmm/m/it on input line 24.
LaTeX Font Info:    ... okay on input line 24.
LaTeX Font Info:    Checking defaults for OMS/cmsy/m/n on input line 24.
LaTeX Font Info:    ... okay on input line 24.
LaTeX Font Info:    Checking defaults for OT1/cmr/m/n on input line 24.
LaTeX Font Info:    ... okay on input line 24.
LaTeX Font Info:    Checking defaults for T1/cmr/m/n on input line 24.
LaTeX Font Info:    ... okay on input line 24.
LaTeX Font Info:    Checking defaults for TS1/cmr/m/n on input line 24.
LaTeX Font Info:    ... okay on input line 24.
LaTeX Font Info:    Checking defaults for OMX/cmex/m/n on input line 24.
LaTeX Font Info:    ... okay on input line 24.
LaTeX Font Info:    Checking defaults for U/cmr/m/n on input line 24.
LaTeX Font Info:    ... okay on input line 24.
LaTeX Font Info:    Checking defaults for PD1/pdf/m/n on input line 24.
LaTeX Font Info:    ... okay on input line 24.
LaTeX Font Info:    Checking defaults for PU/pdf/m/n on input line 24.
LaTeX Font Info:    ... okay on input line 24.
 (C:\Users\ASUS\AppData\Local\Programs\MiKTeX\tex/context/base/mkii\supp-pdf.mkii
[Loading MPS to PDF converter (version 2006.09.02).]
\scratchcounter=\count366
\scratchdimen=\dimen318
\scratchbox=\box79
\nofMPsegments=\count367
\nofMParguments=\count368
\everyMPshowfont=\toks52
\MPscratchCnt=\count369
\MPscratchDim=\dimen319
\MPnumerator=\count370
\makeMPintoPDFobject=\count371
\everyMPtoPDFconversion=\toks53
) (C:\Users\ASUS\AppData\Local\Programs\MiKTeX\tex/latex/epstopdf-pkg\epstopdf-base.sty
Package: epstopdf-base 2020-01-24 v2.11 Base part for package epstopdf
Package epstopdf-base Info: Redefining graphics rule for `.eps' on input line 485.
 (C:\Users\ASUS\AppData\Local\Programs\MiKTeX\tex/latex/00miktex\epstopdf-sys.cfg
File: epstopdf-sys.cfg 2021/03/18 v2.0 Configuration of epstopdf for MiKTeX
))
\c@lstlisting=\count372
Package caption Info: Begin \AtBeginDocument code.
Package caption Info: hyperref package is loaded.
Package caption Info: End \AtBeginDocument code.
 (C:\Users\ASUS\AppData\Local\Programs\MiKTeX\tex/latex/pdflscape\pdflscape.sty
Package: pdflscape 2022-10-27 v0.13 Display of landscape pages in PDF
 (C:\Users\ASUS\AppData\Local\Programs\MiKTeX\tex/latex/pdflscape\pdflscape-nometadata.sty
Package: pdflscape-nometadata 2022-10-28 v0.13 Display of landscape pages in PDF (HO)
 (C:\Users\ASUS\AppData\Local\Programs\MiKTeX\tex/latex/graphics\lscape.sty
Package: lscape 2020/05/28 v3.02 Landscape Pages (DPC)
)
Package pdflscape Info: Auto-detected driver: pdftex on input line 81.
))
\c@maskedRefs=\count373


Package apacite Warning: No suitable language definition file (bahasa.apc) found.

Package hyperref Info: Link coloring OFF on input line 24.
(LaporanTA1.out) (LaporanTA1.out)
\@outlinefile=\write4
\openout4 = `LaporanTA1.out'.

<logougm.png, id=390, 110.5731pt x 112.2594pt>
File: logougm.png Graphic file (type png)
<use logougm.png>
Package pdftex.def Info: logougm.png  used on input line 25.
(pdftex.def)             Requested size: 156.49014pt x 158.89041pt.
LaTeX Font Info:    Trying to load font information for U+lasy on input line 25.
 (C:\Users\ASUS\AppData\Local\Programs\MiKTeX\tex/latex/base\ulasy.fd
File: ulasy.fd 1998/08/17 v2.2e LaTeX symbol font definitions
)
LaTeX Font Info:    Trying to load font information for U+msa on input line 25.
 (C:\Users\ASUS\AppData\Local\Programs\MiKTeX\tex/latex/amsfonts\umsa.fd
File: umsa.fd 2013/01/14 v3.01 AMS symbols A
)
LaTeX Font Info:    Trying to load font information for U+msb on input line 25.
 (C:\Users\ASUS\AppData\Local\Programs\MiKTeX\tex/latex/amsfonts\umsb.fd
File: umsb.fd 2013/01/14 v3.01 AMS symbols B
)
LaTeX Font Info:    Font shape `U/lasy/b/n' in size <8> not available
(Font)              Font shape `U/lasy/m/n' tried instead on input line 25.
LaTeX Font Info:    Font shape `U/lasy/b/n' in size <6> not available
(Font)              Font shape `U/lasy/m/n' tried instead on input line 25.


[1

{C:/Users/ASUS/AppData/Local/MiKTeX/fonts/map/pdftex/pdftex.map}{C:/Users/ASUS/AppData/Local/Programs/MiKTeX/fonts/enc/dvips/base/8r.enc} <./logougm.png>] (LaporanTA1.toc
LaTeX Font Info:    Calculating math sizes for size <12.045> on input line 3.


LaTeX Font Warning: Font shape `OT1/cmr/m/n' in size <8.43146> not available
(Font)              size <8> substituted on input line 3.


LaTeX Font Warning: Font shape `OML/cmm/m/it' in size <8.43146> not available
(Font)              size <8> substituted on input line 3.


LaTeX Font Warning: Font shape `OMS/cmsy/m/n' in size <8.43146> not available
(Font)              size <8> substituted on input line 3.


LaTeX Font Warning: Font shape `U/lasy/m/n' in size <8.43146> not available
(Font)              size <8> substituted on input line 3.


LaTeX Font Warning: Font shape `OT1/cmr/bx/n' in size <8.43146> not available
(Font)              size <8> substituted on input line 3.


LaTeX Font Warning: Font shape `OML/cmm/b/it' in size <8.43146> not available
(Font)              size <8> substituted on input line 3.


LaTeX Font Warning: Font shape `OMS/cmsy/b/n' in size <8.43146> not available
(Font)              size <8> substituted on input line 3.

LaTeX Font Info:    Font shape `U/lasy/b/n' in size <8.43146> not available
(Font)              Font shape `U/lasy/m/n' tried instead on input line 3.

LaTeX Font Warning: Font shape `U/lasy/m/n' in size <8.43146> not available
(Font)              size <8> substituted on input line 3.

LaTeX Font Info:    Font shape `U/lasy/b/n' in size <6.02249> not available
(Font)              Font shape `U/lasy/m/n' tried instead on input line 3.


[0


]
Overfull \hbox (0.82065pt too wide) in paragraph at lines 68--68
[]|$[]$[]\OT1/ptm/b/n/12.045 PENGEMBANGAN PEM-BO-BOT-AN BER-BA-SIS JA-RING-AN 
 []


Overfull \hbox (0.6573pt too wide) in paragraph at lines 71--71
 []| \OT1/ptm/m/n/12.045 4.1.2.  []\OT1/ptm/m/it/12.045 Spa-ti-al and At-tri-bu-te Ne-u-ral Ne-twork We-i-ghted Re-gres-sion \OT1/ptm/m/n/12.045 (SAN- 
 []




pdfTeX warning (ext4): destination with the same identifier (name{page.i}) has been already used, duplicate ignored
<to be read again> 
                   \relax 
l.77 ...-GTVC dan GNN-GTWR}{177}{subsection.4.2.2}
                                                  % [1])
\tf@toc=\write5
\openout5 = `LaporanTA1.toc'.

 (../BAB 1, 2, 5/Bab1.tex

[1]
BAB I.

Package natbib Warning: Citation `amri2020' on page 2 undefined on input line 5.


Package natbib Warning: Citation `anselin' on page 2 undefined on input line 7.



[2

]

[3]

[4]
Overfull \hbox (2.54811pt too wide) in paragraph at lines 23--24
[]\OT1/ptm/m/n/12.045 mengevaluasi ki-ner-ja mo-del ter-ha-dap mo-del kon-ven-sio-nal (GTWR dan GWR)
 []


Package natbib Warning: Citation `xiong2024gstrgct' on page 5 undefined on input line 28.



[5]
Underfull \hbox (badness 10000) in paragraph at lines 34--36

 []


Underfull \hbox (badness 10000) in paragraph at lines 36--38

 []


Underfull \hbox (badness 10000) in paragraph at lines 38--40

 []


Underfull \hbox (badness 10000) in paragraph at lines 40--42

 []


Underfull \hbox (badness 10000) in paragraph at lines 42--44

 []

) (../BAB 1, 2, 5/Bab2.tex

[6]
BAB II.


[7

]
Overfull \hbox (5.41139pt too wide) in paragraph at lines 46--48
\OT1/ptm/m/n/12.045 Dengan de-mi-ki-an, ke-be-ra-da-an in-vers adi-tif dan in-vers per-ka-li-an ju-ga ter-ja-min. Akhir-
 []


Package natbib Warning: Citation `billingsley1995' on page 8 undefined on input line 56.


Package natbib Warning: Citation `billingsley1995' on page 8 undefined on input line 56.



[8]

Package natbib Warning: Citation `billingsley1995' on page 9 undefined on input line 57.



[9]

[10]

[11]
Overfull \hbox (21.93304pt too wide) in paragraph at lines 178--180
\OT1/ptm/b/n/12.045 Bukti. \OT1/ptm/m/n/12.045 ($\OMS/cmsy/m/n/12 )$\OT1/ptm/m/n/12.045 ) Per-ta-ma an-da-ik-an bah-wa $\OT1/cmr/bx/n/12 v[]\OML/cmm/m/it/12 ; [] ; \OT1/cmr/bx/n/12 v[]$ \OT1/ptm/m/n/12.045 ada-lah ba-sis da-ri $\OMS/cmsy/m/n/12 V$\OT1/ptm/m/n/12.045 . Se-bab $\OMS/cmsy/m/n/12 f\OT1/cmr/bx/n/12 v[]\OML/cmm/m/it/12 ; [] ; \OT1/cmr/bx/n/12 v[]\OMS/cmsy/m/n/12 g$
 []



[12]
Overfull \hbox (2.53976pt too wide) in paragraph at lines 207--209
[][]\OT1/ptm/b/n/12.045 Definisi 2.1.15 \OT1/ptm/m/n/12.045 (\OT1/ptm/b/n/12.045 Dimensi, []Axler[] []2024[]\OT1/ptm/m/n/12.045 ) []\OT1/ptm/m/it/12.045 Di-men-si da-ri su-a-tu ru-ang vek-tor berdimensi-
 []



[13]

[14]

[15]

[16]

[17]

[18]

[19]

[20]

[21]

[22]

[23]

[24]

[25]

[26]

[27]

[28]

[29]

[30]

[31]

[32]
LaTeX Font Info:    Font shape `U/lasy/b/n' in size <7> not available
(Font)              Font shape `U/lasy/m/n' tried instead on input line 1066.
LaTeX Font Info:    Font shape `U/lasy/b/n' in size <5> not available
(Font)              Font shape `U/lasy/m/n' tried instead on input line 1066.


[33]
Overfull \hbox (0.48439pt too wide) in paragraph at lines 1126--1127
[]\OT1/ptm/m/n/12.045 Akan di-tun-jukk-an bah-wa $\OMS/cmsy/m/n/12 f\OML/cmm/m/it/12 T\OT1/cmr/bx/n/12 v[]\OML/cmm/m/it/12 ; T\OT1/cmr/bx/n/12 v[]\OML/cmm/m/it/12 ; [] ; T\OT1/cmr/bx/n/12 v[]\OMS/cmsy/m/n/12 g$ \OT1/ptm/m/n/12.045 ada-lah ba-sis un-tuk $[] \OML/cmm/m/it/12 T$\OT1/ptm/m/n/12.045 .
 []



[34]

[35]

[36]

[37]

[38]
Overfull \hbox (1.80821pt too wide) in paragraph at lines 1368--1369
 [][] 
 []



[39]
Overfull \hbox (6.8963pt too wide) in paragraph at lines 1417--1418
\OT1/ptm/m/n/12.045 vektor-vektor $\OT1/cmr/bx/n/12 v[]\OML/cmm/m/it/12 ; [] ; \OT1/cmr/bx/n/12 v[]$ \OT1/ptm/m/n/12.045 yang be-bas li-ne-ar se-de-mi-ki-an se-hing-ga $\OML/cmm/m/it/12 T\OT1/cmr/bx/n/12 v[]\OML/cmm/m/it/12 ; [] ; T\OT1/cmr/bx/n/12 v[]$
 []



[40]

[41]

[42]

[43]

[44]

[45]

[46]

[47]

[48]
Overfull \hbox (4.03223pt too wide) in paragraph at lines 1754--1755
[]\OT1/ptm/m/n/12.045 Untuk $\OML/cmm/m/it/12 f \OMS/cmsy/m/n/12 2 V\OT1/cmr/m/n/12 [\OML/cmm/m/it/12 a; b\OT1/cmr/m/n/12 ]$\OT1/ptm/m/n/12.045 , di-de-fi-ni-sik-an $\OMS/cmsy/m/n/12 k\OML/cmm/m/it/12 f\OMS/cmsy/m/n/12 k[] \OT1/cmr/m/n/12 = [][] \OMS/cmsy/m/n/12 j\OML/cmm/m/it/12 f\OT1/cmr/m/n/12 (\OML/cmm/m/it/12 x\OT1/cmr/m/n/12 )\OMS/cmsy/m/n/12 j \OT1/cmr/m/n/12 = [][] \OMS/cmsy/m/n/12 j\OML/cmm/m/it/12 f\OT1/cmr/m/n/12 (\OML/cmm/m/it/12 x\OT1/cmr/m/n/12 )\OMS/cmsy/m/n/12 j$\OT1/ptm/m/n/12.045 ,
 []



[49]

[50]

[51]

[52]

[53]

[54]

[55]
LaTeX Font Info:    Trying to load font information for TS1+ptm on input line 2022.
 (C:\Users\ASUS\AppData\Local\Programs\MiKTeX\tex/latex/psnfss\ts1ptm.fd
File: ts1ptm.fd 2001/06/04 font definitions for TS1/ptm.
)

[56]

[57]

Package natbib Warning: Citation `ash' on page 58 undefined on input line 2062.


Overfull \hbox (30.97939pt too wide) in paragraph at lines 2078--2079
[]\OT1/ptm/m/n/12.045 Aljabar-$\OML/cmm/m/it/12 ^^[$ \OT1/ptm/m/n/12.045 po-wer set: $\OMS/cmsy/m/n/12 F[] \OT1/cmr/m/n/12 = 2[] = \OMS/cmsy/m/n/12 f\U/msb/m/n/12.045 ?\OML/cmm/m/it/12 ; \OMS/cmsy/m/n/12 f\OT1/cmr/m/n/12 1\OMS/cmsy/m/n/12 g\OML/cmm/m/it/12 ; \OMS/cmsy/m/n/12 f\OT1/cmr/m/n/12 2\OMS/cmsy/m/n/12 g\OML/cmm/m/it/12 ; \OMS/cmsy/m/n/12 f\OT1/cmr/m/n/12 3\OMS/cmsy/m/n/12 g\OML/cmm/m/it/12 ; \OMS/cmsy/m/n/12 f\OT1/cmr/m/n/12 1\OML/cmm/m/it/12 ; \OT1/cmr/m/n/12 2\OMS/cmsy/m/n/12 g\OML/cmm/m/it/12 ; \OMS/cmsy/m/n/12 f\OT1/cmr/m/n/12 1\OML/cmm/m/it/12 ; \OT1/cmr/m/n/12 3\OMS/cmsy/m/n/12 g\OML/cmm/m/it/12 ; \OMS/cmsy/m/n/12 f\OT1/cmr/m/n/12 2\OML/cmm/m/it/12 ; \OT1/cmr/m/n/12 3\OMS/cmsy/m/n/12 g\OML/cmm/m/it/12 ; \OMS/cmsy/m/n/12 f\OT1/cmr/m/n/12 1\OML/cmm/m/it/12 ; \OT1/cmr/m/n/12 2\OML/cmm/m/it/12 ; \OT1/cmr/m/n/12 3\OMS/cmsy/m/n/12 gg$\OT1/ptm/m/n/12.045 .
 []


Package natbib Warning: Citation `ash' on page 58 undefined on input line 2086.



[58]

Package natbib Warning: Citation `billingsley1995' on page 59 undefined on input line 2113.



[59]

Package natbib Warning: Citation `ash' on page 60 undefined on input line 2150.


Package natbib Warning: Citation `ash' on page 60 undefined on input line 2154.



[60]

Package natbib Warning: Citation `ash' on page 61 undefined on input line 2158.


Overfull \hbox (17.40271pt too wide) in paragraph at lines 2181--2182
\OT1/cmr/m/n/12 
 \OMS/cmsy/m/n/12 ! \U/msb/m/n/12.045 R$ \OT1/ptm/m/it/12.045 ada-lah va-ri-a-bel acak, ma-ka $\OML/cmm/m/it/12 X$ \OT1/ptm/m/it/12.045 meng-in-duk-si ru-ang pro-ba-bi-li-tas $\OT1/cmr/m/n/12 (\U/msb/m/n/12.045 R\OML/cmm/m/it/12 ; \OMS/cmsy/m/n/12 B\OT1/cmr/m/n/12 (\U/msb/m/n/12.045 R\OT1/cmr/m/n/12 )\OML/cmm/m/it/12 ; [][]\OT1/cmr/m/n/12 )$
 []



[61]
Overfull \hbox (6.408pt too wide) in paragraph at lines 2201--2202
\OMS/cmsy/m/n/12 B\OT1/cmr/m/n/12 (\U/msb/m/n/12.045 R\OT1/cmr/m/n/12 )$\OT1/ptm/m/n/12.045 , ya-i-tu $\OML/cmm/m/it/12 B[] \OMS/cmsy/m/n/12 \ \OML/cmm/m/it/12 B[] \OT1/cmr/m/n/12 = \U/msb/m/n/12.045 ?$ \OT1/ptm/m/n/12.045 un-tuk $\OML/cmm/m/it/12 i \OMS/cmsy/m/n/12 6\OT1/cmr/m/n/12 = \OML/cmm/m/it/12 j$\OT1/ptm/m/n/12.045 . Ak-an di-tun-jukk-an bah-wa $\OMS/cmsy/m/n/12 f\OML/cmm/m/it/12 X[]\OT1/cmr/m/n/12 (\OML/cmm/m/it/12 B[]\OT1/cmr/m/n/12 )\OMS/cmsy/m/n/12 g[]$
 []



[62]
Overfull \hbox (2.74332pt too wide) in paragraph at lines 2229--2230
[][]\OT1/ptm/b/n/12.045 Definisi 2.2.14 \OT1/ptm/m/n/12.045 (\OT1/ptm/b/n/12.045 Fungsi ke-pa-dat-an pro-ba-bi-li-tas\OT1/ptm/m/n/12.045 ) []\OT1/ptm/m/it/12.045 Mi-salk-an $\OML/cmm/m/it/12 X$ \OT1/ptm/m/it/12.045 ada-lah va-ri-a-bel acak
 []



[63]

Package natbib Warning: Citation `dudley2002' on page 64 undefined on input line 2272.



[64]
Overfull \hbox (5.94772pt too wide) in paragraph at lines 2292--2294
\OT1/cmr/m/n/12 [0\OML/cmm/m/it/12 ; n\OT1/cmr/m/n/12 ]$ \OT1/ptm/m/n/12.045 de-ngan $\OML/cmm/m/it/12 n \OMS/cmsy/m/n/12 2 \U/msb/m/n/12.045 Z[]$ \OT1/ptm/m/n/12.045 ada-lah fung-si se-der-ha-na yang meng-am-bil nilai-nilai $\OT1/cmr/m/n/12 0\OML/cmm/m/it/12 ; \OT1/cmr/m/n/12 1\OML/cmm/m/it/12 ; [] ; n$\OT1/ptm/m/n/12.045 . 
 []


Package natbib Warning: Citation `dudley2002' on page 65 undefined on input line 2297.


Package natbib Warning: Citation `dudley2002' on page 65 undefined on input line 2304.


Package natbib Warning: Citation `dudley2002' on page 65 undefined on input line 2312.



[65]

Package natbib Warning: Citation `dudley2002' on page 66 undefined on input line 2332.



[66]

[67]

[68]

[69]

Package natbib Warning: Citation `ross' on page 70 undefined on input line 2454.



[70]
Overfull \hbox (7.51326pt too wide) in paragraph at lines 2485--2486
[][]\OT1/ptm/b/n/12.045 Contoh 2.2.26 []\OT1/ptm/m/n/12.045 Mi-salk-an $\OML/cmm/m/it/12 X \OMS/cmsy/m/n/12 ^^X []\OT1/cmr/m/n/12 (1)$ \OT1/ptm/m/n/12.045 de-ngan fung-si ke-pa-dat-an pro-ba-bi-li-tas $\OML/cmm/m/it/12 f[]\OT1/cmr/m/n/12 (\OML/cmm/m/it/12 x\OT1/cmr/m/n/12 ) =
 []


Overfull \hbox (4.91266pt too wide) in paragraph at lines 2489--2491
\OT1/ptm/m/n/12.045 Hasil ini di-pe-ro-leh de-ngan meng-gu-nak-an in-te-gral Gam-ma $\OT1/cmr/m/n/12 ^^@(\OML/cmm/m/it/12 n\OT1/cmr/m/n/12 ) = [][] \OML/cmm/m/it/12 x[]e[] \OT1/cmr/m/n/12 d\OML/cmm/m/it/12 x \OT1/cmr/m/n/12 =
 []



[71]

Package natbib Warning: Citation `billingsley1995' on page 72 undefined on input line 2505.


Package natbib Warning: Citation `billingsley1995' on page 72 undefined on input line 2516.



[72]

Package natbib Warning: Citation `billingsley1995' on page 73 undefined on input line 2548.



[73]

Package natbib Warning: Citation `ash' on page 74 undefined on input line 2588.


Overfull \hbox (1.5411pt too wide) in paragraph at lines 2596--2597
[][]\OT1/ptm/b/n/12.045 Contoh 2.2.33 []\OT1/ptm/m/n/12.045 Mi-salk-an se-bu-ah da-du se-im-bang di-lem-par. De-fi-ni-sik-an ke-ja-di-an $\OML/cmm/m/it/12 A \OT1/cmr/m/n/12 =
 []



[74]

Package natbib Warning: Citation `billingsley1995' on page 75 undefined on input line 2608.

LaTeX Font Info:    Trying to load font information for OMS+ptm on input line 2617.
(C:\Users\ASUS\AppData\Local\Programs\MiKTeX\tex/latex/psnfss\omsptm.fd
File: omsptm.fd 
)
LaTeX Font Info:    Font shape `OMS/ptm/m/n' in size <12.045> not available
(Font)              Font shape `OMS/cmsy/m/n' tried instead on input line 2617.


Package natbib Warning: Citation `billingsley1995' on page 75 undefined on input line 2626.



[75]

Package natbib Warning: Citation `billingsley1995' on page 76 undefined on input line 2652.



[76]

Package natbib Warning: Citation `ash' on page 77 undefined on input line 2665.


Overfull \hbox (48.4443pt too wide) in paragraph at lines 2666--2667
[][]\OT1/ptm/b/n/12.045 Teorema 2.2.39 \OT1/ptm/m/n/12.045 (\OT1/ptm/b/n/12.045 Hukum pro-ba-bi-li-tas to-tal, ?\OT1/ptm/m/n/12.045 ) []\OT1/ptm/m/it/12.045 Mi-salk-an ba-ris-an ke-ja-di-an $\OMS/cmsy/m/n/12 f\OML/cmm/m/it/12 B[]; B[]; [] ; B[]\OMS/cmsy/m/n/12 g$
 []



[77]

Package natbib Warning: Citation `ross' on page 78 undefined on input line 2699.



[78]

Package natbib Warning: Citation `ross' on page 79 undefined on input line 2738.



[79]

[80]

Package natbib Warning: Citation `ross' on page 81 undefined on input line 2786.



[81]

Package natbib Warning: Citation `billingsley1995' on page 82 undefined on input line 2843.


Package natbib Warning: Citation `dudley2002' on page 82 undefined on input line 2843.


Package natbib Warning: Citation `vandervaart1998' on page 82 undefined on input line 2843.


Overfull \hbox (6.4948pt too wide) in paragraph at lines 2838--2844
[]\OT1/ptm/m/n/12.045 Analisis asi-mto-tik da-lam sta-tis-ti-ka me-mer-luk-an pe-ma-ham-an yang je-las meng-
 []



[82]

Package natbib Warning: Citation `ross' on page 83 undefined on input line 2844.


Package natbib Warning: Citation `ross' on page 83 undefined on input line 2866.



[83]

Package natbib Warning: Citation `billingsley1995' on page 84 undefined on input line 2886.


Package natbib Warning: Citation `pishronik' on page 84 undefined on input line 2891.



[84]

Package natbib Warning: Citation `pishronik' on page 85 undefined on input line 2911.

../BAB 1, 2, 5/Bab2.tex:2917: Undefined control sequence.
<recently read> \plim 
                      
l.2917 ...X$ dapat dinotasikan juga sebagai $\plim
                                                  \limits_{n\to\infty} X_n =...
The control sequence at the end of the top line
of your error message was never \def'ed. If you have
misspelled it (e.g., `\hobx'), type `I' and the correct
spelling (e.g., `I\hbox'). Otherwise just continue,
and I'll forget about whatever was undefined.

../BAB 1, 2, 5/Bab2.tex:2917: Limit controls must follow a math operator.
l.2917 ...t dinotasikan juga sebagai $\plim\limits
                                                  _{n\to\infty} X_n = X$.
I'm ignoring this misplaced \limits or \nolimits command.


Package natbib Warning: Citation `pishronik' on page 85 undefined on input line 2936.



[85]

Package natbib Warning: Citation `pishronik' on page 86 undefined on input line 2964.



[86]

[87]

[88]

[89]

Package natbib Warning: Citation `vandervaart1998' on page 90 undefined on input line 3142.


Package natbib Warning: Citation `billingsley1995' on page 90 undefined on input line 3142.


Package natbib Warning: Citation `billingsley1995' on page 90 undefined on input line 3146.



[90]

[91]

Package natbib Warning: Citation `vandervaart1998' on page 92 undefined on input line 3188.


Package natbib Warning: Citation `billingsley1995' on page 92 undefined on input line 3204.


Overfull \hbox (2.65208pt too wide) in paragraph at lines 3205--3206
[][]\OT1/ptm/b/n/12.045 Definisi 2.4.3 \OT1/ptm/m/n/12.045 (\OT1/ptm/b/n/12.045 Fungsi Ka-rak-te-ris-tik\OT1/ptm/m/n/12.045 , (\OT1/ptm/b/n/12.045 ?\OT1/ptm/m/n/12.045 )) []\OT1/ptm/m/it/12.045 Mi-salk-an $\OML/cmm/m/it/12 X$ \OT1/ptm/m/it/12.045 ada-lah va-ri-a-bel acak. Fung-
 []



[92]

Package natbib Warning: Citation `billingsley1995' on page 93 undefined on input line 3233.


Package natbib Warning: Citation `billingsley1995' on page 93 undefined on input line 3245.


Package natbib Warning: Citation `billingsley1995' on page 93 undefined on input line 3258.



[93]

Package natbib Warning: Citation `billingsley1995' on page 94 undefined on input line 3284.



[94]
Overfull \hbox (0.46535pt too wide) in paragraph at lines 3296--3297
[]\OT1/ptm/m/n/12.045 Berdasarkan te-o-re-ma Por-tman-te-au, $\OML/cmm/m/it/12 X[] [] X$ \OT1/ptm/m/n/12.045 eku-i-va-len de-ngan $\U/msb/m/n/12.045 E\OT1/cmr/m/n/12 [\OML/cmm/m/it/12 h\OT1/cmr/m/n/12 (\OML/cmm/m/it/12 X[]\OT1/cmr/m/n/12 )] \OMS/cmsy/m/n/12 !
 []



[95]

Package natbib Warning: Citation `vandervaart1998' on page 96 undefined on input line 3321.


Overfull \hbox (18.26132pt too wide) in paragraph at lines 3348--3349
[]\OT1/ptm/m/n/12.045 Selanjutnya, se-bab $\OML/cmm/m/it/12 X[] [] X$\OT1/ptm/m/n/12.045 , ber-da-sark-an te-o-re-ma kon-ti-nu-i-tas L[]evy, $\OML/cmm/m/it/12 ^^^[]\OT1/cmr/m/n/12 (\OML/cmm/m/it/12 t[]\OT1/cmr/m/n/12 ) \OMS/cmsy/m/n/12 !
 []



[96]

Package natbib Warning: Citation `vandervaart1998' on page 97 undefined on input line 3375.



[97]

[98]

Package natbib Warning: Citation `billingsley1995' on page 99 undefined on input line 3420.



[99]
Overfull \hbox (12.34119pt too wide) in paragraph at lines 3449--3451
\OT1/ptm/m/n/12.045 berdasarkan TLP uni-va-ri-at. De-ngan te-o-re-ma Cram[]er--Wold, $[]\OT1/cmr/m/n/12 ([] \OMS/cmsy/m/n/12 ^^@ \OML/cmm/b/it/12 ^^V\OT1/cmr/m/n/12 ) [] \OMS/cmsy/m/n/12 N\OT1/cmr/m/n/12 (\OT1/cmr/bx/n/12 0\OML/cmm/m/it/12 ; \OT1/cmr/bx/n/12 ^^F\OT1/cmr/m/n/12 )$\OT1/ptm/m/n/12.045 . 
 []


Package hyperref Warning: Token not allowed in a PDF string (Unicode):
(hyperref)                removing `math shift' on input line 3453.


Package hyperref Warning: Token not allowed in a PDF string (Unicode):
(hyperref)                removing `math shift' on input line 3453.


Package hyperref Warning: Token not allowed in a PDF string (Unicode):
(hyperref)                removing `math shift' on input line 3453.


Package hyperref Warning: Token not allowed in a PDF string (Unicode):
(hyperref)                removing `math shift' on input line 3453.



[100]

[101]

[102]

Package hyperref Warning: Token not allowed in a PDF string (Unicode):
(hyperref)                removing `math shift' on input line 3553.


Package hyperref Warning: Token not allowed in a PDF string (Unicode):
(hyperref)                removing `math shift' on input line 3553.


Package hyperref Warning: Token not allowed in a PDF string (Unicode):
(hyperref)                removing `math shift' on input line 3553.


Package hyperref Warning: Token not allowed in a PDF string (Unicode):
(hyperref)                removing `math shift' on input line 3553.


Package natbib Warning: Citation `vandervaart1998' on page 103 undefined on input line 3555.


Package natbib Warning: Citation `vandervaart1998' on page 103 undefined on input line 3557.


Overfull \hbox (15.12pt too wide) in paragraph at lines 3573--3574
[][]\OT1/ptm/b/n/12.045 Contoh 2.4.24 []\OT1/ptm/m/n/12.045 Mi-salk-an $\OML/cmm/m/it/12 X[]; X[]; []$ \OT1/ptm/m/n/12.045 ada-lah ba-ris-an va-ri-a-bel acak i.i.d. de-ngan $\U/msb/m/n/12.045 E\OT1/cmr/m/n/12 [\OML/cmm/m/it/12 X[]\OT1/cmr/m/n/12 ] =
 []



[103]

Package natbib Warning: Citation `vandervaart1998' on page 104 undefined on input line 3604.


Overfull \hbox (15.12pt too wide) in paragraph at lines 3620--3621
[][]\OT1/ptm/b/n/12.045 Contoh 2.4.27 []\OT1/ptm/m/n/12.045 Mi-salk-an $\OML/cmm/m/it/12 X[]; X[]; []$ \OT1/ptm/m/n/12.045 ada-lah ba-ris-an va-ri-a-bel acak i.i.d. de-ngan $\U/msb/m/n/12.045 E\OT1/cmr/m/n/12 [\OML/cmm/m/it/12 X[]\OT1/cmr/m/n/12 ] =
 []



[104]

[105]

Package natbib Warning: Citation `vandervaart1998' on page 106 undefined on input line 3660.



[106]
Overfull \hbox (1.39494pt too wide) in paragraph at lines 3705--3706
\OML/cmm/m/it/12 M\OT1/cmr/m/n/12 ) \OML/cmm/m/it/12 < "$ \OT1/ptm/m/n/12.045 ka-re-na kon-ver-gen-si da-lam dis-tri-bu-si. De-ngan de-mi-ki-an, $\OML/cmm/m/it/12 X[] \OT1/cmr/m/n/12 = \OMS/cmsy/m/n/12 O[]\OT1/cmr/m/n/12 (1)$\OT1/ptm/m/n/12.045 . 
 []



[107]

Package natbib Warning: Citation `vandervaart1998' on page 108 undefined on input line 3709.



[108]

Package natbib Warning: Citation `vandervaart1998' on page 109 undefined on input line 3766.



[109]

[110]

Package natbib Warning: Citation `billingsley1995' on page 111 undefined on input line 3828.



[111]
Overfull \hbox (45.49687pt too wide) in paragraph at lines 3863--3864
[]\OT1/ptm/m/n/12.045 Dengan meng-am-bil li-mit $\OML/cmm/m/it/12 n \OMS/cmsy/m/n/12 ! 1$ \OT1/ptm/m/n/12.045 dan meng-gu-nak-an fak-ta bah-wa $[][] [][] \OT1/cmr/m/n/12 =
 []


Overfull \hbox (11.30302pt too wide) in paragraph at lines 3869--3870
[]\OT1/ptm/m/n/12.045 Berdasarkan te-o-re-ma kon-ti-nu-i-tas L[]evy, kon-ver-gen-si fung-si ka-rak-te-ris-tik meng-
 []



[112]

Package natbib Warning: Citation `vandervaart1998' on page 113 undefined on input line 3886.


Overfull \hbox (9.51921pt too wide) in paragraph at lines 3887--3889
[][]\OT1/ptm/b/n/12.045 Teorema 2.4.35 \OT1/ptm/m/n/12.045 (\OT1/ptm/b/n/12.045 CLT un-tuk \OT1/ptm/b/it/12.045 Tri-a-ngu-lar Ar-ra-ys\OT1/ptm/m/n/12.045 , (\OT1/ptm/b/n/12.045 ?\OT1/ptm/m/n/12.045 )) []\OT1/ptm/m/it/12.045 Mi-salk-an $\OMS/cmsy/m/n/12 f\OML/cmm/m/it/12 X[] \OT1/cmr/m/n/12 : \OML/cmm/m/it/12 i \OT1/cmr/m/n/12 = 1\OML/cmm/m/it/12 ; [] ; n\OMS/cmsy/m/n/12 g$
 []


Package natbib Warning: Citation `billingsley1995' on page 113 undefined on input line 3900.



[113]

Package natbib Warning: Citation `billingsley1995' on page 114 undefined on input line 3919.



[114]

[115]

Package natbib Warning: Citation `vandervaart1998' on page 116 undefined on input line 3991.



[116]
Overfull \hbox (3.83754pt too wide) in paragraph at lines 4031--4032
[]\OT1/ptm/m/n/12.045 Berdasarkan Te-o-re-ma Li-mit Pu-sat, $[]\OT1/cmr/m/n/12 ([] \OMS/cmsy/m/n/12 ^^@ \OML/cmm/m/it/12 ^^V\OT1/cmr/m/n/12 ) \OMS/cmsy/m/n/12 ) N\OT1/cmr/m/n/12 (0\OML/cmm/m/it/12 ; ^^[[]\OT1/cmr/m/n/12 )$\OT1/ptm/m/n/12.045 . De-ngan $\OML/cmm/m/it/12 g\OT1/cmr/m/n/12 (\OML/cmm/m/it/12 x\OT1/cmr/m/n/12 ) =
 []



[117]

[118]

[119]

[120]

[121]

[122]

[123]

[124]
Overfull \hbox (4.41943pt too wide) in paragraph at lines 4275--4276
[][]\OT1/ptm/b/n/12.045 Teorema 2.5.7 \OT1/ptm/m/n/12.045 (\OT1/ptm/b/n/12.045 Konsistensi Pen-du-ga Va-ri-an-si, ([]Gre-e-ne[], []2002[])\OT1/ptm/m/n/12.045 ) []\OT1/ptm/m/it/12.045 Di ba-wah kondisi-
 []


Overfull \hbox (2.55296pt too wide) in paragraph at lines 4282--4284
\OT1/ptm/b/n/12.045 Bukti. \OT1/ptm/m/n/12.045 De-fi-ni-sik-an re-si-du-al $[] \OT1/cmr/m/n/12 = \OML/cmm/b/it/12 y \OMS/cmsy/m/n/12 ^^@ \OML/cmm/b/it/12 X[] \OT1/cmr/m/n/12 = \OML/cmm/b/it/12 My$ \OT1/ptm/m/n/12.045 de-ngan $\OML/cmm/b/it/12 M \OT1/cmr/m/n/12 = \OML/cmm/b/it/12 I \OMS/cmsy/m/n/12 ^^@ \OML/cmm/b/it/12 X\OT1/cmr/m/n/12 (\OML/cmm/b/it/12 X[]X\OT1/cmr/m/n/12 )[]\OML/cmm/b/it/12 X[]$
 []


Overfull \hbox (25.11385pt too wide) detected at line 4294
[][][]\U/msb/m/n/12.045 E\OT1/cmr/m/n/12 [[][]] = \U/msb/m/n/12.045 E\OT1/cmr/m/n/12 [[](\OML/cmm/b/it/12 "[]M"\OT1/cmr/m/n/12 )] = \U/msb/m/n/12.045 E\OT1/cmr/m/n/12 [[](\OML/cmm/b/it/12 M""[]\OT1/cmr/m/n/12 )] = [](\OML/cmm/b/it/12 M\U/msb/m/n/12.045 E\OT1/cmr/m/n/12 [\OML/cmm/b/it/12 ""[]\OT1/cmr/m/n/12 ]) = \OML/cmm/m/it/12 ^^[[][]\OT1/cmr/m/n/12 (\OML/cmm/b/it/12 M\OT1/cmr/m/n/12 ) = \OML/cmm/m/it/12 ^^[[]\OT1/cmr/m/n/12 (\OML/cmm/m/it/12 n \OMS/cmsy/m/n/12 ^^@ \OML/cmm/m/it/12 p \OMS/cmsy/m/n/12 ^^@ \OT1/cmr/m/n/12 1)\OML/cmm/m/it/12 :
 []



[125]

[126]
Overfull \hbox (27.9566pt too wide) in paragraph at lines 4356--4357
[]\OT1/ptm/b/n/12.045 Distribusi asi-mto-tik: \OT1/ptm/m/n/12.045 Da-ri nor-ma-li-tas asi-mto-tik, $[]\OT1/cmr/m/n/12 ([] \OMS/cmsy/m/n/12 ^^@ \OML/cmm/m/it/12 ^^L[]\OT1/cmr/m/n/12 ) [] \OMS/cmsy/m/n/12 N\OT1/cmr/m/n/12 (0\OML/cmm/m/it/12 ; ^^[[]\OT1/cmr/m/n/12 [\OML/cmm/b/it/12 Q[]\OT1/cmr/m/n/12 ][])$\OT1/ptm/m/n/12.045 .
 []



[127]
Overfull \hbox (22.88579pt too wide) in paragraph at lines 4376--4377
[]\OT1/ptm/b/n/12.045 Distribusi ek-sak: \OT1/ptm/m/n/12.045 Di ba-wah $\OML/cmm/m/it/12 H[]$ \OT1/ptm/m/n/12.045 dan nor-ma-li-tas, $\OML/cmm/b/it/12 R[] \OMS/cmsy/m/n/12 ^^X N\OT1/cmr/m/n/12 (\OML/cmm/b/it/12 r\OML/cmm/m/it/12 ; ^^[[]\OML/cmm/b/it/12 R\OT1/cmr/m/n/12 (\OML/cmm/b/it/12 X[]X\OT1/cmr/m/n/12 )[]\OML/cmm/b/it/12 R[]\OT1/cmr/m/n/12 )$\OT1/ptm/m/n/12.045 .
 []


Package natbib Warning: Citation `' on page 128 undefined on input line 4392.



[128]
Overfull \hbox (6.40689pt too wide) in paragraph at lines 4420--4421
[][]\OT1/ptm/b/n/12.045 Teorema 2.5.13 \OT1/ptm/m/n/12.045 (\OT1/ptm/b/n/12.045 Uji Ra-sio Ke-mung-kin-an (\OT1/ptm/b/it/12.045 Li-ke-li-ho-od Ra-tio Test\OT1/ptm/b/n/12.045 ), ([]Gre-e-ne[], []2002[])\OT1/ptm/m/n/12.045 )
 []


Overfull \hbox (3.29333pt too wide) in paragraph at lines 4434--4436
\OT1/ptm/m/n/12.045 Penduga MLE un-tuk $\OML/cmm/m/it/12 ^^[[]$ \OT1/ptm/m/n/12.045 pa-da mo-del ti-dak ter-es-trik-si ada-lah $[] \OT1/cmr/m/n/12 = [](\OML/cmm/b/it/12 y \OMS/cmsy/m/n/12 ^^@ \OML/cmm/b/it/12 X[]\OT1/cmr/m/n/12 )[](\OML/cmm/b/it/12 y \OMS/cmsy/m/n/12 ^^@
 []



[129]
Overfull \hbox (10.15274pt too wide) in paragraph at lines 4451--4452
[][]\OT1/ptm/b/n/12.045 Teorema 2.5.14 \OT1/ptm/m/n/12.045 (\OT1/ptm/b/n/12.045 Uji Pe-nga-li La-gra-nge (\OT1/ptm/b/it/12.045 La-gra-nge Mul-ti-pli-er Test\OT1/ptm/b/n/12.045 ), ([]Gre-e-ne[], []2002[])\OT1/ptm/m/n/12.045 )
 []



[130]

[131]

[132]

[133]

[134]

[135]

[136]
Overfull \hbox (8.32217pt too wide) in paragraph at lines 4701--4703
\OT1/ptm/m/it/12.045 memiliki dis-tri-bu-si $\OML/cmm/m/it/12 t[]$ \OT1/ptm/m/it/12.045 se-ca-ra ek-sak di ba-wah nor-ma-li-tas ga-lat, dan $\OMS/cmsy/m/n/12 N\OT1/cmr/m/n/12 (0\OML/cmm/m/it/12 ; \OT1/cmr/m/n/12 1)$
 []



[137]

Package natbib Warning: Citation `fan1996' on page 138 undefined on input line 4725.


Package natbib Warning: Citation `wand1995' on page 138 undefined on input line 4725.


Overfull \hbox (0.85316pt too wide) in paragraph at lines 4728--4729
[][]\OT1/ptm/b/n/12.045 Definisi 2.6.1 \OT1/ptm/m/n/12.045 (\OT1/ptm/b/n/12.045 Model Re-gre-si Non-pa-ra-me-trik\OT1/ptm/m/n/12.045 ) []\OT1/ptm/m/it/12.045 Per-tim-bangk-an mo-del re-gre-si non-
 []



[138]

[139]

[140]

[141]

[142]

[143]
Overfull \hbox (4.12976pt too wide) in paragraph at lines 4932--4933
[][]\OT1/ptm/b/n/12.045 Akibat 2.6.11 \OT1/ptm/m/n/12.045 (\OT1/ptm/b/it/12.045 Bandwidth \OT1/ptm/b/n/12.045 Op-ti-mal\OT1/ptm/m/n/12.045 ) []Ban-dwi-dth \OT1/ptm/m/it/12.045 op-ti-mal yang me-mi-ni-mumk-an MSE
 []



[144]
Overfull \hbox (24.17339pt too wide) in paragraph at lines 4964--4966
\OT1/ptm/m/it/12.045 Secara eku-i-va-len, de-ngan men-de-fi-ni-sik-an bi-as asi-mto-tik $\OML/cmm/m/it/12 b\OT1/cmr/m/n/12 (\OML/cmm/m/it/12 x[]\OT1/cmr/m/n/12 ) = []\OML/cmm/m/it/12 h[]^^V[]\OT1/cmr/m/n/12 (\OML/cmm/m/it/12 K\OT1/cmr/m/n/12 )$\OT1/ptm/m/it/12.045 ,
 []



[145]
Overfull \hbox (6.44916pt too wide) in paragraph at lines 4986--4988
\OT1/ptm/m/n/12.045 Kondisi Lin-de-berg da-pat di-ve-ri-fi-ka-si de-ngan meng-gu-nak-an fak-ta bah-wa bo-bot $\OML/cmm/m/it/12 w[]\OT1/cmr/m/n/12 (\OML/cmm/m/it/12 x[]\OT1/cmr/m/n/12 )$
 []


Overfull \hbox (4.79128pt too wide) in paragraph at lines 4994--4995
[][]\OT1/ptm/b/n/12.045 Teorema 2.6.14 \OT1/ptm/m/n/12.045 (\OT1/ptm/b/n/12.045 Interval Kon-fi-den-si Asi-mto-tik\OT1/ptm/m/n/12.045 ) []\OT1/ptm/m/it/12.045 In-te-rval kon-fi-den-si asi-mto-tik ting-
 []



[146]

Package natbib Warning: Citation `anselin' on page 147 undefined on input line 5150.


Package natbib Warning: Citation `lesage' on page 147 undefined on input line 5150.



[147]

../BAB 1, 2, 5/Bab2.tex:5159: LaTeX Error: Environment tabularx undefined.

See the LaTeX manual or LaTeX Companion for explanation.
Type  H <return>  for immediate help.
 ...                                              
                                                  
l.5159 \begin{tabularx}
                       {\textwidth}{lYY}
Your command was ignored.
Type  I <command> <return>  to replace it with another command,
or  <return>  to continue without it.

../BAB 1, 2, 5/Bab2.tex:5159: Missing number, treated as zero.
<to be read again> 
                   }
l.5159 \begin{tabularx}{\textwidth}
                                   {lYY}
A number should have been here; I inserted `0'.
(If you can't figure out why I needed to see a number,
look up `weird error' in the index to The TeXbook.)

../BAB 1, 2, 5/Bab2.tex:5159: Illegal unit of measure (pt inserted).
<to be read again> 
                   }
l.5159 \begin{tabularx}{\textwidth}
                                   {lYY}
Dimensions can be in units of em, ex, in, pt, pc,
cm, mm, dd, cc, nd, nc, bp, or sp; but yours is a new one!
I'll assume that you meant to say pt, for printer's points.
To recover gracefully from this error, it's best to
delete the erroneous units; e.g., type `2' to delete
two letters. (See Chapter 27 of The TeXbook.)

../BAB 1, 2, 5/Bab2.tex:5160: Misplaced \noalign.
\toprule ->\noalign 
                    {\ifnum 0=`}\fi \@aboverulesep =\abovetopsep \global \@b...
l.5160 \toprule
               
I expect to see \noalign only after the \cr of
an alignment. Proceed, and I'll ignore this case.

../BAB 1, 2, 5/Bab2.tex:5161: Misplaced alignment tab character &.
l.5161 \textbf{Aspek} &
                        \textbf{Dependensi Spasial} & \textbf{Keragaman Spas...
I can't figure out why you would want to use a tab mark
here. If you just want an ampersand, the remedy is
simple: Just type `I\&' now. But if some right brace
up above has ended a previous alignment prematurely,
you're probably due for more error messages, and you
might try typing `S' now just to see what is salvageable.

../BAB 1, 2, 5/Bab2.tex:5161: Misplaced alignment tab character &.
l.5161 ...f{Aspek} & \textbf{Dependensi Spasial} &
                                                   \textbf{Keragaman Spasial...
I can't figure out why you would want to use a tab mark
here. If you just want an ampersand, the remedy is
simple: Just type `I\&' now. But if some right brace
up above has ended a previous alignment prematurely,
you're probably due for more error messages, and you
might try typing `S' now just to see what is salvageable.

../BAB 1, 2, 5/Bab2.tex:5162: Misplaced \noalign.
\midrule ->\noalign 
                    {\ifnum 0=`}\fi \@aboverulesep =\aboverulesep \global \@...
l.5162 \midrule
               
I expect to see \noalign only after the \cr of
an alignment. Proceed, and I'll ignore this case.

../BAB 1, 2, 5/Bab2.tex:5164: Misplaced alignment tab character &.
l.5164 &
         Korelasi antarlokasi pada variabel yang sama
I can't figure out why you would want to use a tab mark
here. If you just want an ampersand, the remedy is
simple: Just type `I\&' now. But if some right brace
up above has ended a previous alignment prematurely,
you're probably due for more error messages, and you
might try typing `S' now just to see what is salvageable.

../BAB 1, 2, 5/Bab2.tex:5165: Misplaced alignment tab character &.
l.5165 &
         Variasi hubungan struktural antarlokasi \\
I can't figure out why you would want to use a tab mark
here. If you just want an ampersand, the remedy is
simple: Just type `I\&' now. But if some right brace
up above has ended a previous alignment prematurely,
you're probably due for more error messages, and you
might try typing `S' now just to see what is salvageable.

../BAB 1, 2, 5/Bab2.tex:5168: Misplaced alignment tab character &.
l.5168 &
         Hubungan antar-observasi
I can't figure out why you would want to use a tab mark
here. If you just want an ampersand, the remedy is
simple: Just type `I\&' now. But if some right brace
up above has ended a previous alignment prematurely,
you're probably due for more error messages, and you
might try typing `S' now just to see what is salvageable.

../BAB 1, 2, 5/Bab2.tex:5169: Misplaced alignment tab character &.
l.5169 &
         Hubungan antar-variabel \\
I can't figure out why you would want to use a tab mark
here. If you just want an ampersand, the remedy is
simple: Just type `I\&' now. But if some right brace
up above has ended a previous alignment prematurely,
you're probably due for more error messages, and you
might try typing `S' now just to see what is salvageable.

../BAB 1, 2, 5/Bab2.tex:5172: Misplaced alignment tab character &.
l.5172 &
         $\mathrm{Cov}(Y_i, Y_j) \neq 0$ untuk lokasi berdekatan
I can't figure out why you would want to use a tab mark
here. If you just want an ampersand, the remedy is
simple: Just type `I\&' now. But if some right brace
up above has ended a previous alignment prematurely,
you're probably due for more error messages, and you
might try typing `S' now just to see what is salvageable.

../BAB 1, 2, 5/Bab2.tex:5173: Misplaced alignment tab character &.
l.5173 &
         $\boldsymbol{\beta}_i \neq \boldsymbol{\beta}_j$ untuk lokasi berbe...
I can't figure out why you would want to use a tab mark
here. If you just want an ampersand, the remedy is
simple: Just type `I\&' now. But if some right brace
up above has ended a previous alignment prematurely,
you're probably due for more error messages, and you
might try typing `S' now just to see what is salvageable.

../BAB 1, 2, 5/Bab2.tex:5176: Misplaced alignment tab character &.
l.5176 &
         Independensi galat
I can't figure out why you would want to use a tab mark
here. If you just want an ampersand, the remedy is
simple: Just type `I\&' now. But if some right brace
up above has ended a previous alignment prematurely,
you're probably due for more error messages, and you
might try typing `S' now just to see what is salvageable.

../BAB 1, 2, 5/Bab2.tex:5177: Misplaced alignment tab character &.
l.5177 &
         Homogenitas parameter \\
I can't figure out why you would want to use a tab mark
here. If you just want an ampersand, the remedy is
simple: Just type `I\&' now. But if some right brace
up above has ended a previous alignment prematurely,
you're probably due for more error messages, and you
might try typing `S' now just to see what is salvageable.

../BAB 1, 2, 5/Bab2.tex:5180: Misplaced alignment tab character &.
l.5180 &
         SAR, SEM, SDM
I can't figure out why you would want to use a tab mark
here. If you just want an ampersand, the remedy is
simple: Just type `I\&' now. But if some right brace
up above has ended a previous alignment prematurely,
you're probably due for more error messages, and you
might try typing `S' now just to see what is salvageable.

../BAB 1, 2, 5/Bab2.tex:5181: Misplaced alignment tab character &.
l.5181 &
         GWR, GTWR \\
I can't figure out why you would want to use a tab mark
here. If you just want an ampersand, the remedy is
simple: Just type `I\&' now. But if some right brace
up above has ended a previous alignment prematurely,
you're probably due for more error messages, and you
might try typing `S' now just to see what is salvageable.

../BAB 1, 2, 5/Bab2.tex:5184: Misplaced alignment tab character &.
l.5184 &
         Harga rumah di lokasi berdekatan saling memengaruhi
I can't figure out why you would want to use a tab mark
here. If you just want an ampersand, the remedy is
simple: Just type `I\&' now. But if some right brace
up above has ended a previous alignment prematurely,
you're probably due for more error messages, and you
might try typing `S' now just to see what is salvageable.

../BAB 1, 2, 5/Bab2.tex:5185: Misplaced alignment tab character &.
l.5185 &
         Pengaruh pendidikan terhadap pendapatan berbeda di kota dan desa \\
I can't figure out why you would want to use a tab mark
here. If you just want an ampersand, the remedy is
simple: Just type `I\&' now. But if some right brace
up above has ended a previous alignment prematurely,
you're probably due for more error messages, and you
might try typing `S' now just to see what is salvageable.

../BAB 1, 2, 5/Bab2.tex:5186: Misplaced \noalign.
\bottomrule ->\noalign 
                       {\ifnum 0=`}\fi \@aboverulesep =\aboverulesep \global...
l.5186 \bottomrule
                  
I expect to see \noalign only after the \cr of
an alignment. Proceed, and I'll ignore this case.


../BAB 1, 2, 5/Bab2.tex:5187: LaTeX Error: \begin{table} on input line 5156 ended by \end{tabularx}.

See the LaTeX manual or LaTeX Companion for explanation.
Type  H <return>  for immediate help.
 ...                                              
                                                  
l.5187 \end{tabularx}
                     
Your command was ignored.
Type  I <command> <return>  to replace it with another command,
or  <return>  to continue without it.


Package natbib Warning: Citation `anselin' on page 148 undefined on input line 5199.


Package natbib Warning: Citation `lesage' on page 148 undefined on input line 5199.



[148]

[149]

[150]

[151]

[152]
Overfull \hbox (13.11925pt too wide) in paragraph at lines 5548--5550
\OT1/ptm/m/n/12.045 Sebab $\OML/cmm/b/it/12 y[]\OT1/cmr/bx/n/12 W[]\OML/cmm/b/it/12 X^^L$ \OT1/ptm/m/n/12.045 ada-lah ska-lar, ma-ka $\OML/cmm/b/it/12 y[]\OT1/cmr/bx/n/12 W[]\OML/cmm/b/it/12 X^^L \OT1/cmr/m/n/12 = (\OML/cmm/b/it/12 y[]\OT1/cmr/bx/n/12 W[]\OML/cmm/b/it/12 X^^L\OT1/cmr/m/n/12 )[] = \OML/cmm/b/it/12 ^^L[]X[]\OT1/cmr/bx/n/12 W[]\OML/cmm/b/it/12 y \OT1/cmr/m/n/12 =
 []



[153]

[154]

[155]

[156]

[157]

[158]
Overfull \hbox (15.7797pt too wide) in paragraph at lines 5726--5728
\OT1/ptm/m/n/12.045 dengan $\OML/cmm/b/it/12 r[] \OT1/cmr/m/n/12 = (\OML/cmm/b/it/12 r[]\OML/cmm/m/it/12 ; [] ; \OML/cmm/b/it/12 r[]\OT1/cmr/m/n/12 )[]$ \OT1/ptm/m/n/12.045 ada-lah vek-tor su-ku si-sa. Se-bab $\OT1/cmr/m/n/12 (\OML/cmm/b/it/12 X[]\OT1/cmr/bx/n/12 W[]\OML/cmm/b/it/12 X\OT1/cmr/m/n/12 )[]\OML/cmm/b/it/12 X[]\OT1/cmr/bx/n/12 W[]\OML/cmm/b/it/12 X \OT1/cmr/m/n/12 =
 []



[159]
Overfull \hbox (8.89331pt too wide) in paragraph at lines 5754--5755
[]\OT1/ptm/m/n/12.045 Berdasarkan asum-si (G3), ga-lat $\OML/cmm/m/it/12 "[]; [] ; "[]$ \OT1/ptm/m/n/12.045 ber-si-fat in-de-pen-den de-ngan $\U/msb/m/n/12.045 E\OT1/cmr/m/n/12 [\OML/cmm/m/it/12 "[]\OT1/cmr/m/n/12 ] =
 []



[160]

[161]

[162]
Overfull \hbox (8.03185pt too wide) in paragraph at lines 5823--5824
[][]\OT1/ptm/b/n/12.045 Akibat 2.7.15 \OT1/ptm/m/n/12.045 (\OT1/ptm/b/n/12.045 Kondisi Ban-dwi-dth un-tuk Kon-sis-ten-si\OT1/ptm/m/n/12.045 ) []\OT1/ptm/m/it/12.045 Me-an Squ-a-red Er-ror (MSE)
 []



[163]
Overfull \hbox (6.08598pt too wide) in paragraph at lines 5881--5882
[]\OT1/ptm/m/n/12.045 Di ba-wah kon-di-si kon-sis-ten-si, es-ti-ma-tor GWR kon-sis-ten se-hing-ga $\OT1/cmr/m/n/12 (\OT1/cmr/bx/n/12 I \OMS/cmsy/m/n/12 ^^@ \OT1/cmr/bx/n/12 S\OT1/cmr/m/n/12 )\OML/cmm/b/it/12 ^^V []
 []


Overfull \hbox (2.35928pt too wide) in paragraph at lines 5889--5890
[][]\OT1/ptm/b/n/12.045 Teorema 2.7.18 \OT1/ptm/m/n/12.045 (\OT1/ptm/b/n/12.045 Normalitas Asi-mto-tik Es-ti-ma-tor GWR\OT1/ptm/m/n/12.045 ) []\OT1/ptm/m/it/12.045 Di ba-wah asum-si (G1)--
 []



[164]

[165]
Overfull \hbox (7.77905pt too wide) in paragraph at lines 5942--5943
[][]\OT1/ptm/b/n/12.045 Teorema 2.7.19 \OT1/ptm/m/n/12.045 (\OT1/ptm/b/n/12.045 Uji Sig-ni-fi-kan-si Ko-e-fi-si-en Lo-kal\OT1/ptm/m/n/12.045 ) []\OT1/ptm/m/it/12.045 Un-tuk meng-u-ji $\OML/cmm/m/it/12 H[] \OT1/cmr/m/n/12 : \OML/cmm/m/it/12 ^^L[]\OT1/cmr/m/n/12 (\OML/cmm/m/it/12 u[]; v[]\OT1/cmr/m/n/12 ) =
 []



[166]

[167]
Overfull \hbox (13.83539pt too wide) in paragraph at lines 5991--5992
[]\OT1/ptm/m/n/12.045 Untuk mo-del OLS, ma-triks to-pi ada-lah $\OT1/cmr/bx/n/12 H \OT1/cmr/m/n/12 = \OML/cmm/b/it/12 X\OT1/cmr/m/n/12 (\OML/cmm/b/it/12 X[]X\OT1/cmr/m/n/12 )[]\OML/cmm/b/it/12 X[]$ \OT1/ptm/m/n/12.045 de-ngan $[]\OT1/cmr/m/n/12 (\OT1/cmr/bx/n/12 H\OT1/cmr/m/n/12 ) =
 []


Overfull \hbox (10.7645pt too wide) in paragraph at lines 5999--6000
[]\OT1/ptm/m/n/12.045 Di ba-wah $\OML/cmm/m/it/12 H[]$ \OT1/ptm/m/n/12.045 de-ngan ga-lat nor-mal $\OML/cmm/b/it/12 " \OMS/cmsy/m/n/12 ^^X N\OT1/cmr/m/n/12 (\OT1/cmr/bx/n/12 0\OML/cmm/m/it/12 ; ^^[[]\OT1/cmr/bx/n/12 I\OT1/cmr/m/n/12 )$\OT1/ptm/m/n/12.045 , ben-tuk ku-a-dra-tik $\OML/cmm/b/it/12 y[]\OT1/cmr/bx/n/12 A\OML/cmm/b/it/12 y\OML/cmm/m/it/12 =^^[[]$
 []


Overfull \hbox (19.064pt too wide) in paragraph at lines 6012--6014
[]\OT1/ptm/m/n/12.045 Dengan meng-gu-nak-an ap-rok-si-ma-si dis-tri-bu-si $\OML/cmm/m/it/12 F$\OT1/ptm/m/n/12.045 , sta-tis-tik uji meng-i-ku-ti $\OML/cmm/m/it/12 F\OT1/cmr/m/n/12 (\OML/cmm/m/it/12 ^^W[]; ^^W[]\OT1/cmr/m/n/12 )$
 []



[168]

[169]

[170]
Overfull \hbox (47.26118pt too wide) in paragraph at lines 6092--6093
[]\OT1/ptm/b/n/12.045 Derajat be-bas efek-tif: \OT1/ptm/m/n/12.045 Da-lam re-gre-si OLS stan-dar, ma-triks to-pi $\OT1/cmr/bx/n/12 H \OT1/cmr/m/n/12 = \OML/cmm/b/it/12 X\OT1/cmr/m/n/12 (\OML/cmm/b/it/12 X[]X\OT1/cmr/m/n/12 )[]\OML/cmm/b/it/12 X[]$
 []


Overfull \hbox (2.94084pt too wide) in paragraph at lines 6096--6097
\OT1/ptm/m/n/12.045 ma-triks $\OML/cmm/b/it/12 X[]\OT1/cmr/bx/n/12 W[]\OML/cmm/b/it/12 X$ \OT1/ptm/m/n/12.045 di-gu-nak-an un-tuk meng-es-ti-ma-si ko-e-fi-si-en lo-kal. In-deks kon-
 []



[171]

[172]

[173]

[174]

[175]
Overfull \hbox (1.66049pt too wide) in paragraph at lines 6277--6280
\OT1/ptm/m/n/12.045 tuk meng-hi-tung gra-di-en fung-si ke-ru-gi-an $\OML/cmm/m/it/12 L$\OT1/ptm/m/n/12.045 . De-ngan no-ta-si $\OML/cmm/b/it/12 z[] \OT1/cmr/m/n/12 = \OT1/cmr/bx/n/12 W[]\OML/cmm/b/it/12 a[] \OT1/cmr/m/n/12 +
 []



[176]

[177]

[178]

[179]

[180]

[181]

[182]

[183]

[184]
Overfull \hbox (12.47086pt too wide) in paragraph at lines 6535--6536
\OT1/ptm/m/n/12.045 ada-lah ru-ang Ba-na-ch. Hal ini ka-re-na ji-ka $\OMS/cmsy/m/n/12 f\OML/cmm/m/it/12 f[]\OMS/cmsy/m/n/12 g$ \OT1/ptm/m/n/12.045 ada-lah ba-ris-an Ca-u-chy da-lam $\OML/cmm/m/it/12 C\OT1/cmr/m/n/12 ([0\OML/cmm/m/it/12 ; \OT1/cmr/m/n/12 1][])$\OT1/ptm/m/n/12.045 ,
 []



[185]

[186]

[187]
Overfull \hbox (21.95499pt too wide) in paragraph at lines 6628--6629
[][]\OT1/ptm/b/n/12.045 Teorema 2.8.45 \OT1/ptm/m/n/12.045 (\OT1/ptm/b/n/12.045 Teorema Kon-ver-gen-si Ter-do-mi-na-si (Le-be-sgue)\OT1/ptm/m/n/12.045 ) []\OT1/ptm/m/it/12.045 Mi-salk-an $\OT1/cmr/m/n/12 (\OML/cmm/m/it/12 X; \OMS/cmsy/m/n/12 A\OML/cmm/m/it/12 ; ^^V\OT1/cmr/m/n/12 )$
 []



[188]
Overfull \hbox (1.39194pt too wide) in paragraph at lines 6652--6653
[]\OT1/ptm/b/n/12.045 Langkah 1: Li-mit Fung-si Tang-ga. \OT1/ptm/m/n/12.045 Un-tuk $\OML/cmm/b/it/12 w \OMS/cmsy/m/n/12 6\OT1/cmr/m/n/12 = \OT1/cmr/bx/n/12 0$ \OT1/ptm/m/n/12.045 te-tap, de-fi-ni-sik-an $\OML/cmm/m/it/12 ^^M[]\OT1/cmr/m/n/12 (\OML/cmm/b/it/12 x\OT1/cmr/m/n/12 ) =
 []


LaTeX Warning: Reference `thm:dct' on page 189 undefined on input line 6662.



[189]
Overfull \hbox (39.92146pt too wide) detected at line 6683
\OMS/cmsy/m/n/12 S \OT1/cmr/m/n/12 = [] \OML/cmm/m/it/12 :
 []


LaTeX Warning: Reference `cor:hahn-banach' on page 190 undefined on input line 6686.


Overfull \hbox (13.15913pt too wide) in paragraph at lines 6686--6687
\OT1/ptm/m/n/12.045 Aki-bat [] (kon-se-ku-en-si Hahn-Banach), ada fung-sio-nal li-ne-ar kon-ti-nu $\OML/cmm/m/it/12 L \OT1/cmr/m/n/12 : \OML/cmm/m/it/12 C\OT1/cmr/m/n/12 ([0\OML/cmm/m/it/12 ; \OT1/cmr/m/n/12 1][]) \OMS/cmsy/m/n/12 !
 []


LaTeX Warning: Reference `lem:riesz' on page 190 undefined on input line 6688.


LaTeX Warning: Reference `lem:sigmoid-disc' on page 190 undefined on input line 6697.



[190]
Overfull \hbox (35.99084pt too wide) in paragraph at lines 6722--6725
\OT1/ptm/m/it/12.045 disebut ma-triks ke-te-tang-ga-an. Ma-triks de-ra-jat di-de-fi-ni-sik-an se-ba-gai $\OT1/cmr/bx/n/12 D \OT1/cmr/m/n/12 = [](\OML/cmm/m/it/12 d[]; [] ; d[]\OT1/cmr/m/n/12 )$\OT1/ptm/m/it/12.045 ,
 []


Overfull \hbox (19.2864pt too wide) in paragraph at lines 6728--6729
[][]\OT1/ptm/b/n/12.045 Contoh 2.9.2 []\OT1/ptm/m/n/12.045 Graf $\OMS/cmsy/m/n/12 G \OT1/cmr/m/n/12 = (\OMS/cmsy/m/n/12 V\OML/cmm/m/it/12 ; \OMS/cmsy/m/n/12 E\OT1/cmr/m/n/12 )$ \OT1/ptm/m/n/12.045 de-ngan $\OMS/cmsy/m/n/12 jVj \OT1/cmr/m/n/12 = 4$ \OT1/ptm/m/n/12.045 dan si-si $\OMS/cmsy/m/n/12 E \OT1/cmr/m/n/12 = \OMS/cmsy/m/n/12 f\OT1/cmr/m/n/12 (1\OML/cmm/m/it/12 ; \OT1/cmr/m/n/12 2)\OML/cmm/m/it/12 ; \OT1/cmr/m/n/12 (2\OML/cmm/m/it/12 ; \OT1/cmr/m/n/12 3)\OML/cmm/m/it/12 ; \OT1/cmr/m/n/12 (3\OML/cmm/m/it/12 ; \OT1/cmr/m/n/12 4)\OML/cmm/m/it/12 ; \OT1/cmr/m/n/12 (4\OML/cmm/m/it/12 ; \OT1/cmr/m/n/12 1)\OMS/cmsy/m/n/12 g$
 []



[191]

[192]

Package natbib Warning: Citation `bronstein2021' on page 193 undefined on input line 6808.



[193]

[194]
Overfull \hbox (21.09961pt too wide) in paragraph at lines 6838--6839
[]\OT1/ptm/m/it/12.045 Fungsi upda-te $\OML/cmm/m/it/12 '$ \OT1/ptm/m/it/12.045 ada-lah kom-po-si-si li-ne-ar dan ak-ti-va-si non-linear: $\OML/cmm/m/it/12 '\OT1/cmr/m/n/12 (\OML/cmm/b/it/12 x[]\OML/cmm/m/it/12 ; []\OT1/cmr/m/n/12 ) =
 []



[195]
Overfull \hbox (21.09961pt too wide) in paragraph at lines 6869--6870
[]\OT1/ptm/m/it/12.045 Fungsi upda-te $\OML/cmm/m/it/12 '$ \OT1/ptm/m/it/12.045 ada-lah kom-po-si-si li-ne-ar dan ak-ti-va-si non-linear: $\OML/cmm/m/it/12 '\OT1/cmr/m/n/12 (\OML/cmm/b/it/12 x[]\OML/cmm/m/it/12 ; []\OT1/cmr/m/n/12 ) =
 []



[196]

[197]) (Bab3TA1.tex

[198]
BAB III.


[199

]) (Bab4TA1.tex

[200]
BAB IV.


[201

]
Overfull \hbox (1.34743pt too wide) in paragraph at lines 29--31
\OT1/ptm/m/n/12.045 dan ke-mu-di-an meng-hu-bung-kan-nya de-ngan re-gre-si li-ne-ar au-to-re-gre-sif spa-si-al (SAR),
 []



[202]

[203]
<Gambar/The_estimation_process_of_GTNNWR_model.jpeg, id=2978, 1204.5pt x 609.27625pt>
File: Gambar/The_estimation_process_of_GTNNWR_model.jpeg Graphic file (type jpg)
<use Gambar/The_estimation_process_of_GTNNWR_model.jpeg>
Package pdftex.def Info: Gambar/The_estimation_process_of_GTNNWR_model.jpeg  used on input line 94.
(pdftex.def)             Requested size: 318.67207pt x 161.19711pt.


[204]

[205 <./Gambar/The_estimation_process_of_GTNNWR_model.jpeg>]

[206]
<GAMBAR/Flowchart GNN GTVC GTWR.png, id=3015, 1421.0691pt x 594.5412pt>
File: GAMBAR/Flowchart GNN GTVC GTWR.png Graphic file (type png)
<use GAMBAR/Flowchart GNN GTVC GTWR.png>
Package pdftex.def Info: GAMBAR/Flowchart GNN GTVC GTWR.png  used on input line 125.
(pdftex.def)             Requested size: 358.50227pt x 149.98665pt.


[207 <./GAMBAR/Flowchart GNN GTVC GTWR.png>]

[208]

[209]
Overfull \hbox (12.0985pt too wide) in paragraph at lines 183--185
\OT1/cmr/m/n/12 1\OML/cmm/m/it/12 ; [] ; N\OT1/cmr/m/n/12 ;  \OML/cmm/m/it/12 t \OT1/cmr/m/n/12 = 1\OML/cmm/m/it/12 ; [] ; T\OMS/cmsy/m/n/12 g$ \OT1/ptm/m/n/12.045 de-ngan res-pon $\OML/cmm/m/it/12 y[]$ \OT1/ptm/m/n/12.045 dan ko-va-ri-at $\OT1/cmr/bx/n/12 x[] \OT1/cmr/m/n/12 = (\OML/cmm/m/it/12 x[]; x[]; [] ; x[]\OT1/cmr/m/n/12 )[]$\OT1/ptm/m/n/12.045 .
 []


Overfull \hbox (9.7005pt too wide) in paragraph at lines 191--192
[]\OT1/ptm/m/n/12.045 Untuk meng-hu-bungk-an mo-del ini de-ngan ja-ring-an graf, ko-e-fi-si-en lo-kal $\OML/cmm/m/it/12 ^^L[]\OT1/cmr/m/n/12 (\OML/cmm/m/it/12 z[]\OT1/cmr/m/n/12 )$
 []


Overfull \hbox (5.11198pt too wide) in paragraph at lines 191--192
\OT1/ptm/m/n/12.045 di-pa-ra-me-tri-sa-si se-ba-gai fung-si da-ri ko-e-fi-si-en glo-bal $\OML/cmm/m/it/12 ^^L[]$ \OT1/ptm/m/n/12.045 dan bo-bot adap-tif $\OML/cmm/m/it/12 w[]\OT1/cmr/m/n/12 (\OML/cmm/m/it/12 z[]\OT1/cmr/m/n/12 )$\OT1/ptm/m/n/12.045 : 
 []



[210]

[211]
Overfull \hbox (4.42819pt too wide) in paragraph at lines 258--261
\OT1/ptm/m/n/12.045 men-cer-mink-an ke-de-kat-an an-ta-ra ti-tik $\OT1/cmr/m/n/12 (\OML/cmm/m/it/12 i; t\OT1/cmr/m/n/12 )$ \OT1/ptm/m/n/12.045 dan se-lu-ruh ob-se-rva-si $\OT1/cmr/m/n/12 (\OML/cmm/m/it/12 j; s\OT1/cmr/m/n/12 )$\OT1/ptm/m/n/12.045 . Da-lam GNN-
 []



[212]
Overfull \hbox (1.99017pt too wide) in paragraph at lines 288--289
[]\OT1/ptm/m/n/12.045 GAT mem-per-ke-nalk-an me-ka-nis-me per-ha-ti-an (\OT1/ptm/m/it/12.045 at-ten-tion\OT1/ptm/m/n/12.045 ) se-hing-ga se-ti-ap sim-
 []



[213]

[214]

[215]
Overfull \hbox (3.97948pt too wide) in paragraph at lines 362--363
[]\OT1/ptm/m/n/12.045 Untuk me-ning-katk-an sta-bi-li-tas, fung-si ob-jek-tif da-pat di-leng-ka-pi de-ngan kom-
 []



[216]

[217]

[218]

[219]

[220]

[221]
Overfull \hbox (2.08858pt too wide) in paragraph at lines 532--533
[]\OT1/ptm/m/n/12.045 Pada ba-gi-an ini, be-be-ra-pa me-to-de kon-fi-gu-ra-si mo-del GNN-GTVC dan GNN-
 []

<GAMBAR/GNN_GTWR_GTVC_Comprehensive_Analysis.png, id=3138, 1072.4868pt x 851.3406pt>
File: GAMBAR/GNN_GTWR_GTVC_Comprehensive_Analysis.png Graphic file (type png)
<use GAMBAR/GNN_GTWR_GTVC_Comprehensive_Analysis.png>
Package pdftex.def Info: GAMBAR/GNN_GTWR_GTVC_Comprehensive_Analysis.png  used on input line 536.
(pdftex.def)             Requested size: 378.42043pt x 300.3899pt.


[222 <./GAMBAR/GNN_GTWR_GTVC_Comprehensive_Analysis.png>]
LaTeX Font Info:    Trying to load font information for OT1+pcr on input line 549.
 (C:\Users\ASUS\AppData\Local\Programs\MiKTeX\tex/latex/psnfss\ot1pcr.fd
File: ot1pcr.fd 2001/06/04 font definitions for OT1/pcr.
)

[223]

LaTeX Warning: `!h' float specifier changed to `!ht'.



[224]
<GAMBAR/Analisis_Komprehensif_Metode_Bab4_Indonesia.png, id=3161, 1148.8521pt x 1278.4563pt>
File: GAMBAR/Analisis_Komprehensif_Metode_Bab4_Indonesia.png Graphic file (type png)
<use GAMBAR/Analisis_Komprehensif_Metode_Bab4_Indonesia.png>
Package pdftex.def Info: GAMBAR/Analisis_Komprehensif_Metode_Bab4_Indonesia.png  used on input line 621.
(pdftex.def)             Requested size: 378.42043pt x 421.11157pt.


[225])

[226 <./GAMBAR/Analisis_Komprehensif_Metode_Bab4_Indonesia.png>]

[227] (d:\Semester VII\Tugas Akhir\Naskah\FILE SKRIPSI\TA 1\out\LaporanTA1.bbl)

Package natbib Warning: There were undefined citations.

(d:\Semester VII\Tugas Akhir\Naskah\FILE SKRIPSI\TA 1\out\LaporanTA1.aux)
 ***********
LaTeX2e <2025-06-01> patch level 1
L3 programming layer <2025-07-20>
 ***********


LaTeX Font Warning: Size substitutions with differences
(Font)              up to 1.98875pt have occurred.


LaTeX Warning: There were undefined references.


LaTeX Warning: Label(s) may have changed. Rerun to get cross-references right.


Package rerunfilecheck Warning: File `LaporanTA1.out' has changed.
(rerunfilecheck)                Rerun to get outlines right
(rerunfilecheck)                or use package `bookmark'.

Package rerunfilecheck Info: Checksums for `LaporanTA1.out':
(rerunfilecheck)             Before: E87D4BA68133202F5E99BC2E6B65DDE8;22054
(rerunfilecheck)             After:  098A37BF41BEBAD248DAEC5EE3788EAF;22229.
 ) 
Here is how much of TeX's memory you used:
 30902 strings out of 468134
 568757 string characters out of 5431224
 948973 words of memory out of 5000000
 57320 multiletter control sequences out of 15000+600000
 669610 words of font info for 156 fonts, out of 8000000 for 9000
 1141 hyphenation exceptions out of 8191
 99i,17n,111p,1138b,1013s stack positions out of 10000i,1000n,20000p,200000b,200000s

pdfTeX warning (dest): name{cite.hastie1993varying} has been referenced but does not exist, replaced by a fixed one


pdfTeX warning (dest): name{cite.yu2018stgcn} has been referenced but does not exist, replaced by a fixed one


pdfTeX warning (dest): name{cite.xu2019} has been referenced but does not exist, replaced by a fixed one


pdfTeX warning (dest): name{cite.hamilton2017} has been referenced but does not exist, replaced by a fixed one


pdfTeX warning (dest): name{cite.velickovic2018} has been referenced but does not exist, replaced by a fixed one


pdfTeX warning (dest): name{cite.kipf2017} has been referenced but does not exist, replaced by a fixed one


pdfTeX warning (dest): name{cite.chung1997} has been referenced but does not exist, replaced by a fixed one


pdfTeX warning (dest): name{cite.hornik1991} has been referenced but does not exist, replaced by a fixed one


pdfTeX warning (dest): name{cite.cybenko1989} has been referenced but does not exist, replaced by a fixed one


pdfTeX warning (dest): name{cite.nair2010} has been referenced but does not exist, replaced by a fixed one


pdfTeX warning (dest): name{cite.haykin2009} has been referenced but does not exist, replaced by a fixed one


pdfTeX warning (dest): name{cite.goodfellow2016} has been referenced but does not exist, replaced by a fixed one


pdfTeX warning (dest): name{cite.bishop1995} has been referenced but does not exist, replaced by a fixed one


pdfTeX warning (dest): name{cite.gujarati} has been referenced but does not exist, replaced by a fixed one


pdfTeX warning (dest): name{cite.greene} has been referenced but does not exist, replaced by a fixed one


pdfTeX warning (dest): name{cite.montgomery} has been referenced but does not exist, replaced by a fixed one


pdfTeX warning (dest): name{cite.dhrymes} has been referenced but does not exist, replaced by a fixed one


pdfTeX warning (dest): name{cite.horn_johnson} has been referenced but does not exist, replaced by a fixed one


pdfTeX warning (dest): name{cite.axler} has been referenced but does not exist, replaced by a fixed one


pdfTeX warning (dest): name{cite.lang_serge} has been referenced but does not exist, replaced by a fixed one


pdfTeX warning (dest): name{cite.zhu2022srgcnn} has been referenced but does not exist, replaced by a fixed one


pdfTeX warning (dest): name{cite.yin2024gnnwr} has been referenced but does not exist, replaced by a fixed one


pdfTeX warning (dest): name{cite.ni2022sannwr} has been referenced but does not exist, replaced by a fixed one


pdfTeX warning (dest): name{cite.hagenauer2022gwann} has been referenced but does not exist, replaced by a fixed one


pdfTeX warning (dest): name{cite.huang2010} has been referenced but does not exist, replaced by a fixed one


pdfTeX warning (dest): name{cite.fotheringham2002} has been referenced but does not exist, replaced by a fixed one

<C:/Users/ASUS/AppData/Local/Programs/MiKTeX/fonts/type1/public/amsfonts/cm/cmbx10.pfb><C:/Users/ASUS/AppData/Local/Programs/MiKTeX/fonts/type1/public/amsfonts/cm/cmbx12.pfb><C:/Users/ASUS/AppData/Local/Programs/MiKTeX/fonts/type1/public/amsfonts/cm/cmbx8.pfb><C:/Users/ASUS/AppData/Local/Programs/MiKTeX/fonts/type1/public/amsfonts/cm/cmex10.pfb><C:/Users/ASUS/AppData/Local/Programs/MiKTeX/fonts/type1/public/amsfonts/cmextra/cmex8.pfb><C:/Users/ASUS/AppData/Local/Programs/MiKTeX/fonts/type1/public/amsfonts/cm/cmmi10.pfb><C:/Users/ASUS/AppData/Local/Programs/MiKTeX/fonts/type1/public/amsfonts/cm/cmmi12.pfb><C:/Users/ASUS/AppData/Local/Programs/MiKTeX/fonts/type1/public/amsfonts/cm/cmmi6.pfb><C:/Users/ASUS/AppData/Local/Programs/MiKTeX/fonts/type1/public/amsfonts/cm/cmmi8.pfb><C:/Users/ASUS/AppData/Local/Programs/MiKTeX/fonts/type1/public/amsfonts/cm/cmmib10.pfb><C:/Users/ASUS/AppData/Local/Programs/MiKTeX/fonts/type1/public/amsfonts/cmextra/cmmib6.pfb><C:/Users/ASUS/AppData/Local/Programs/MiKTeX/fonts/type1/public/amsfonts/cmextra/cmmib8.pfb><C:/Users/ASUS/AppData/Local/Programs/MiKTeX/fonts/type1/public/amsfonts/cm/cmr10.pfb><C:/Users/ASUS/AppData/Local/Programs/MiKTeX/fonts/type1/public/amsfonts/cm/cmr12.pfb><C:/Users/ASUS/AppData/Local/Programs/MiKTeX/fonts/type1/public/amsfonts/cm/cmr6.pfb><C:/Users/ASUS/AppData/Local/Programs/MiKTeX/fonts/type1/public/amsfonts/cm/cmr7.pfb><C:/Users/ASUS/AppData/Local/Programs/MiKTeX/fonts/type1/public/amsfonts/cm/cmr8.pfb><C:/Users/ASUS/AppData/Local/Programs/MiKTeX/fonts/type1/public/amsfonts/cm/cmsy10.pfb><C:/Users/ASUS/AppData/Local/Programs/MiKTeX/fonts/type1/public/amsfonts/cm/cmsy6.pfb><C:/Users/ASUS/AppData/Local/Programs/MiKTeX/fonts/type1/public/amsfonts/cm/cmsy8.pfb><C:/Users/ASUS/AppData/Local/Programs/MiKTeX/fonts/type1/public/amsfonts/symbols/msam10.pfb><C:/Users/ASUS/AppData/Local/Programs/MiKTeX/fonts/type1/public/amsfonts/symbols/msbm10.pfb><C:/Users/ASUS/AppData/Local/Programs/MiKTeX/fonts/type1/urw/courier/ucrr8a.pfb><C:/Users/ASUS/AppData/Local/Programs/MiKTeX/fonts/type1/urw/times/utmb8a.pfb><C:/Users/ASUS/AppData/Local/Programs/MiKTeX/fonts/type1/urw/times/utmbi8a.pfb><C:/Users/ASUS/AppData/Local/Programs/MiKTeX/fonts/type1/urw/times/utmr8a.pfb><C:/Users/ASUS/AppData/Local/Programs/MiKTeX/fonts/type1/urw/times/utmri8a.pfb>
Output written on "d:\Semester VII\Tugas Akhir\Naskah\FILE SKRIPSI\TA 1\out\LaporanTA1.pdf" (230 pages, 3361755 bytes).
PDF statistics:
 3631 PDF objects out of 4296 (max. 8388607)
 1654 named destinations out of 1728 (max. 500000)
 806 words of extra memory for PDF output out of 10000 (max. 10000000)

