\BOOKMARK [0][-]{section*.1}{\376\377\000D\000A\000F\000T\000A\000R\000\040\000I\000S\000I}{}% 1
\BOOKMARK [0][-]{chapter.1}{\376\377\000P\000E\000N\000D\000A\000H\000U\000L\000U\000A\000N}{}% 2
\BOOKMARK [1][-]{section.1.1}{\376\377\000L\000a\000t\000a\000r\000\040\000B\000e\000l\000a\000k\000a\000n\000g}{chapter.1}% 3
\BOOKMARK [1][-]{section.1.2}{\376\377\000P\000e\000m\000b\000a\000t\000a\000s\000a\000n\000\040\000M\000a\000s\000a\000l\000a\000h}{chapter.1}% 4
\BOOKMARK [1][-]{section.1.3}{\376\377\000T\000u\000j\000u\000a\000n\000\040\000d\000a\000n\000\040\000M\000a\000n\000f\000a\000a\000t\000\040\000P\000e\000n\000e\000l\000i\000t\000i\000a\000n}{chapter.1}% 5
\BOOKMARK [1][-]{section.1.4}{\376\377\000T\000i\000n\000j\000a\000u\000a\000n\000\040\000P\000u\000s\000t\000a\000k\000a}{chapter.1}% 6
\BOOKMARK [1][-]{section.1.5}{\376\377\000M\000e\000t\000o\000d\000o\000l\000o\000g\000i\000\040\000P\000e\000n\000e\000l\000i\000t\000i\000a\000n}{chapter.1}% 7
\BOOKMARK [1][-]{section.1.6}{\376\377\000S\000i\000s\000t\000e\000m\000a\000t\000i\000k\000a\000\040\000P\000e\000n\000u\000l\000i\000s\000a\000n}{chapter.1}% 8
\BOOKMARK [0][-]{chapter.2}{\376\377\000L\000A\000N\000D\000A\000S\000A\000N\000\040\000T\000E\000O\000R\000I}{}% 9
\BOOKMARK [1][-]{section.2.1}{\376\377\000A\000l\000j\000a\000b\000a\000r\000\040\000M\000a\000t\000r\000i\000k\000s}{chapter.2}% 10
\BOOKMARK [2][-]{subsection.2.1.1}{\376\377\000R\000u\000a\000n\000g\000\040\000V\000e\000k\000t\000o\000r\000\040\000d\000a\000n\000\040\000M\000a\000t\000r\000i\000k\000s}{section.2.1}% 11
\BOOKMARK [2][-]{subsection.2.1.2}{\376\377\000S\000i\000f\000a\000t\000-\000S\000i\000f\000a\000t\000\040\000M\000a\000t\000r\000i\000k\000s}{section.2.1}% 12
\BOOKMARK [2][-]{subsection.2.1.3}{\376\377\000I\000n\000v\000e\000r\000s\000\040\000M\000a\000t\000r\000i\000k\000s}{section.2.1}% 13
\BOOKMARK [2][-]{subsection.2.1.4}{\376\377\000D\000e\000t\000e\000r\000m\000i\000n\000a\000n\000\040\000d\000a\000n\000\040\000R\000a\000n\000k}{section.2.1}% 14
\BOOKMARK [2][-]{subsection.2.1.5}{\376\377\000N\000i\000l\000a\000i\000\040\000E\000i\000g\000e\000n\000\040\000d\000a\000n\000\040\000V\000e\000k\000t\000o\000r\000\040\000E\000i\000g\000e\000n}{section.2.1}% 15
\BOOKMARK [2][-]{subsection.2.1.6}{\376\377\000P\000e\000r\000k\000a\000l\000i\000a\000n\000\040\000K\000r\000o\000n\000e\000c\000k\000e\000r\000\040\000d\000a\000n\000\040\000O\000p\000e\000r\000a\000s\000i\000\040\000V\000e\000k\000t\000o\000r\000i\000s\000a\000s\000i}{section.2.1}% 16
\BOOKMARK [2][-]{subsection.2.1.7}{\376\377\000N\000o\000r\000m\000a\000\040\000V\000e\000k\000t\000o\000r\000\040\000d\000a\000n\000\040\000M\000a\000t\000r\000i\000k\000s}{section.2.1}% 17
\BOOKMARK [2][-]{subsection.2.1.8}{\376\377\000D\000i\000f\000e\000r\000e\000n\000s\000i\000a\000l\000\040\000V\000e\000k\000t\000o\000r\000\040\000d\000a\000n\000\040\000M\000a\000t\000r\000i\000k\000s}{section.2.1}% 18
\BOOKMARK [1][-]{section.2.2}{\376\377\000T\000e\000o\000r\000i\000\040\000U\000k\000u\000r\000a\000n\000\040\000d\000a\000n\000\040\000P\000r\000o\000b\000a\000b\000i\000l\000i\000t\000a\000s}{chapter.2}% 19
\BOOKMARK [2][-]{subsection.2.2.1}{\376\377\000R\000u\000a\000n\000g\000\040\000U\000k\000u\000r\000\040\000d\000a\000n\000\040\000U\000k\000u\000r\000a\000n\000\040\000P\000r\000o\000b\000a\000b\000i\000l\000i\000t\000a\000s}{section.2.2}% 20
\BOOKMARK [2][-]{subsection.2.2.2}{\376\377\000V\000a\000r\000i\000a\000b\000e\000l\000\040\000A\000c\000a\000k\000\040\000s\000e\000b\000a\000g\000a\000i\000\040\000F\000u\000n\000g\000s\000i\000\040\000T\000e\000r\000u\000k\000u\000r}{section.2.2}% 21
\BOOKMARK [2][-]{subsection.2.2.3}{\376\377\000D\000i\000s\000t\000r\000i\000b\000u\000s\000i\000\040\000d\000a\000n\000\040\000E\000k\000s\000p\000e\000k\000t\000a\000s\000i}{section.2.2}% 22
\BOOKMARK [2][-]{subsection.2.2.4}{\376\377\000M\000o\000m\000e\000n\000,\000\040\000V\000a\000r\000i\000a\000n\000s\000i\000,\000\040\000d\000a\000n\000\040\000K\000o\000v\000a\000r\000i\000a\000n\000s\000i}{section.2.2}% 23
\BOOKMARK [2][-]{subsection.2.2.5}{\376\377\000P\000r\000o\000b\000a\000b\000i\000l\000i\000t\000a\000s\000\040\000B\000e\000r\000s\000y\000a\000r\000a\000t\000\040\000d\000a\000n\000\040\000I\000n\000d\000e\000p\000e\000n\000d\000e\000n\000s\000i}{section.2.2}% 24
\BOOKMARK [2][-]{subsection.2.2.6}{\376\377\000H\000u\000k\000u\000m\000\040\000P\000r\000o\000b\000a\000b\000i\000l\000i\000t\000a\000s\000\040\000T\000o\000t\000a\000l\000\040\000d\000a\000n\000\040\000T\000e\000o\000r\000e\000m\000a\000\040\000B\000a\000y\000e\000s}{section.2.2}% 25
\BOOKMARK [2][-]{subsection.2.2.7}{\376\377\000H\000u\000k\000u\000m\000\040\000E\000k\000s\000p\000e\000k\000t\000a\000s\000i\000\040\000T\000o\000t\000a\000l\000\040\000d\000a\000n\000\040\000V\000a\000r\000i\000a\000n\000s\000i\000\040\000T\000o\000t\000a\000l}{section.2.2}% 26
\BOOKMARK [1][-]{section.2.3}{\376\377\000K\000o\000n\000v\000e\000r\000g\000e\000n\000s\000i\000\040\000d\000a\000n\000\040\000L\000a\000j\000u\000\040\000P\000e\000r\000t\000u\000m\000b\000u\000h\000a\000n}{chapter.2}% 27
\BOOKMARK [2][-]{subsection.2.3.1}{\376\377\000B\000a\000r\000i\000s\000a\000n\000\040\000V\000a\000r\000i\000a\000b\000e\000l\000\040\000A\000c\000a\000k}{section.2.3}% 28
\BOOKMARK [2][-]{subsection.2.3.2}{\376\377\000K\000o\000n\000v\000e\000r\000g\000e\000n\000s\000i\000\040\000B\000a\000r\000i\000s\000a\000n\000\040\000V\000a\000r\000i\000a\000b\000e\000l\000\040\000A\000c\000a\000k}{section.2.3}% 29
\BOOKMARK [2][-]{subsection.2.3.3}{\376\377\000H\000u\000b\000u\000n\000g\000a\000n\000\040\000A\000n\000t\000a\000r\000m\000o\000d\000e\000\040\000K\000o\000n\000v\000e\000r\000g\000e\000n\000s\000i}{section.2.3}% 30
\BOOKMARK [1][-]{section.2.4}{\376\377\000T\000e\000o\000r\000i\000\040\000P\000r\000o\000b\000a\000b\000i\000l\000i\000t\000a\000s\000\040\000A\000s\000i\000m\000t\000o\000t\000i\000k}{chapter.2}% 31
\BOOKMARK [2][-]{subsection.2.4.1}{\376\377\000H\000u\000k\000u\000m\000\040\000B\000i\000l\000a\000n\000g\000a\000n\000\040\000B\000e\000s\000a\000r}{section.2.4}% 32
\BOOKMARK [2][-]{subsection.2.4.2}{\376\377\000K\000o\000n\000s\000i\000s\000t\000e\000n\000s\000i\000\040\000E\000s\000t\000i\000m\000a\000t\000o\000r}{section.2.4}% 33
\BOOKMARK [2][-]{subsection.2.4.3}{\376\377\000F\000u\000n\000g\000s\000i\000\040\000K\000a\000r\000a\000k\000t\000e\000r\000i\000s\000t\000i\000k}{section.2.4}% 34
\BOOKMARK [2][-]{subsection.2.4.4}{\376\377\000T\000e\000o\000r\000e\000m\000a\000\040\000P\000e\000m\000e\000t\000a\000a\000n\000\040\000K\000o\000n\000t\000i\000n\000u\000\040\000d\000a\000n\000\040\000T\000e\000o\000r\000e\000m\000a\000\040\000S\000l\000u\000t\000s\000k\000y}{section.2.4}% 35
\BOOKMARK [2][-]{subsection.2.4.5}{\376\377\000N\000o\000t\000a\000s\000i\000\040\000B\000i\000g\000-\000O\000\040\000d\000a\000n\000\040\000L\000i\000t\000t\000l\000e\000-\000o\000\040\000\050\000D\000e\000t\000e\000r\000m\000i\000n\000i\000s\000t\000i\000k\000\051}{section.2.4}% 36
\BOOKMARK [2][-]{subsection.2.4.6}{\376\377\000N\000o\000t\000a\000s\000i\000\040\000B\000i\000g\000-\000O\000\040\000d\000a\000n\000\040\000L\000i\000t\000t\000l\000e\000-\000o\000\040\000d\000a\000l\000a\000m\000\040\000P\000r\000o\000b\000a\000b\000i\000l\000i\000t\000a\000s}{section.2.4}% 37
\BOOKMARK [2][-]{subsection.2.4.7}{\376\377\000T\000e\000o\000r\000e\000m\000a\000\040\000L\000i\000m\000i\000t\000\040\000P\000u\000s\000a\000t\000\040\000K\000l\000a\000s\000i\000k}{section.2.4}% 38
\BOOKMARK [2][-]{subsection.2.4.8}{\376\377\000M\000e\000t\000o\000d\000e\000\040\000D\000e\000l\000t\000a}{section.2.4}% 39
\BOOKMARK [1][-]{section.2.5}{\376\377\000A\000n\000a\000l\000i\000s\000i\000s\000\040\000R\000e\000g\000r\000e\000s\000i\000\040\000L\000i\000n\000e\000a\000r}{chapter.2}% 40
\BOOKMARK [2][-]{subsection.2.5.1}{\376\377\000R\000e\000g\000r\000e\000s\000i\000\040\000L\000i\000n\000e\000a\000r\000\040\000B\000i\000a\000s\000a\000\040\000a\000t\000a\000u\000\040\000O\000r\000d\000i\000n\000a\000r\000y\000\040\000L\000e\000a\000s\000t\000\040\000S\000q\000u\000a\000r\000e\000s\000\040\000\050\000O\000L\000S\000\051}{section.2.5}% 41
\BOOKMARK [2][-]{subsection.2.5.2}{\376\377\000T\000e\000o\000r\000i\000\040\000A\000s\000i\000m\000t\000o\000t\000i\000k\000\040\000u\000n\000t\000u\000k\000\040\000O\000L\000S}{section.2.5}% 42
\BOOKMARK [2][-]{subsection.2.5.3}{\376\377\000R\000e\000g\000r\000e\000s\000i\000\040\000T\000e\000r\000b\000o\000b\000o\000t\000i}{section.2.5}% 43
\BOOKMARK [2][-]{subsection.2.5.4}{\376\377\000T\000e\000o\000r\000i\000\040\000A\000s\000i\000m\000t\000o\000t\000i\000k\000\040\000u\000n\000t\000u\000k\000\040\000G\000L\000S\000/\000W\000L\000S}{section.2.5}% 44
\BOOKMARK [1][-]{section.2.6}{\376\377\000P\000e\000m\000o\000d\000e\000l\000a\000n\000\040\000P\000o\000l\000i\000n\000o\000m\000i\000a\000l\000\040\000L\000o\000k\000a\000l}{chapter.2}% 45
\BOOKMARK [2][-]{subsection.2.6.1}{\376\377\000A\000s\000u\000m\000s\000i\000\040\000M\000o\000d\000e\000l\000\040\000P\000o\000l\000i\000n\000o\000m\000i\000a\000l\000\040\000L\000o\000k\000a\000l}{section.2.6}% 46
\BOOKMARK [2][-]{subsection.2.6.2}{\376\377\000P\000e\000n\000d\000u\000g\000a\000a\000n\000\040\000M\000o\000d\000e\000l\000\040\000P\000o\000l\000i\000n\000o\000m\000i\000a\000l\000\040\000L\000o\000k\000a\000l}{section.2.6}% 47
\BOOKMARK [2][-]{subsection.2.6.3}{\376\377\000T\000e\000o\000r\000i\000\040\000A\000s\000i\000m\000t\000o\000t\000i\000k\000\040\000E\000s\000t\000i\000m\000a\000t\000o\000r\000\040\000P\000o\000l\000i\000n\000o\000m\000i\000a\000l\000\040\000L\000o\000k\000a\000l}{section.2.6}% 48
\BOOKMARK [1][-]{section.2.7}{\376\377\000A\000n\000a\000l\000i\000s\000i\000s\000\040\000R\000e\000g\000r\000e\000s\000i\000\040\000S\000p\000a\000s\000i\000a\000l}{chapter.2}% 49
\BOOKMARK [2][-]{subsection.2.7.1}{\376\377\000R\000e\000g\000r\000e\000s\000i\000\040\000d\000e\000n\000g\000a\000n\000\040\000D\000e\000p\000e\000n\000d\000e\000n\000s\000i\000\040\000S\000p\000a\000s\000i\000a\000l}{section.2.7}% 50
\BOOKMARK [2][-]{subsection.2.7.2}{\376\377\000R\000e\000g\000r\000e\000s\000i\000\040\000d\000e\000n\000g\000a\000n\000\040\000K\000e\000r\000a\000g\000a\000m\000a\000n\000\040\000S\000p\000a\000s\000i\000a\000l}{section.2.7}% 51
\BOOKMARK [1][-]{section.2.8}{\376\377\000J\000a\000r\000i\000n\000g\000a\000n\000\040\000S\000a\000r\000a\000f\000\040\000T\000i\000r\000u\000a\000n}{chapter.2}% 52
\BOOKMARK [2][-]{subsection.2.8.1}{\376\377\000M\000o\000d\000e\000l\000\040\000D\000a\000s\000a\000r\000\040\000d\000a\000n\000\040\000N\000o\000t\000a\000s\000i}{section.2.8}% 53
\BOOKMARK [2][-]{subsection.2.8.2}{\376\377\000F\000u\000n\000g\000s\000i\000\040\000A\000k\000t\000i\000v\000a\000s\000i}{section.2.8}% 54
\BOOKMARK [2][-]{subsection.2.8.3}{\376\377\000F\000u\000n\000g\000s\000i\000\040\000K\000e\000r\000u\000g\000i\000a\000n\000\040\000d\000a\000n\000\040\000K\000r\000i\000t\000e\000r\000i\000a\000\040\000P\000e\000m\000b\000e\000l\000a\000j\000a\000r\000a\000n}{section.2.8}% 55
\BOOKMARK [2][-]{subsection.2.8.4}{\376\377\000P\000e\000m\000b\000e\000l\000a\000j\000a\000r\000a\000n\000\040\000d\000e\000n\000g\000a\000n\000\040\000P\000r\000o\000p\000a\000g\000a\000s\000i\000\040\000M\000u\000n\000d\000u\000r}{section.2.8}% 56
\BOOKMARK [2][-]{subsection.2.8.5}{\376\377\000O\000p\000t\000i\000m\000i\000s\000a\000s\000i\000\040\000P\000a\000r\000a\000m\000e\000t\000e\000r}{section.2.8}% 57
\BOOKMARK [2][-]{subsection.2.8.6}{\376\377\000J\000a\000r\000i\000n\000g\000a\000n\000\040\000S\000a\000r\000a\000f\000\040\000T\000i\000r\000u\000a\000n\000\040\000s\000e\000b\000a\000g\000a\000i\000\040\000A\000p\000r\000o\000k\000s\000i\000m\000a\000s\000i\000\040\000U\000n\000i\000v\000e\000r\000s\000a\000l}{section.2.8}% 58
\BOOKMARK [1][-]{section.2.9}{\376\377\000J\000a\000r\000i\000n\000g\000a\000n\000\040\000S\000a\000r\000a\000f\000\040\000G\000r\000a\000f}{chapter.2}% 59
\BOOKMARK [2][-]{subsection.2.9.1}{\376\377\000D\000a\000s\000a\000r\000\040\000G\000r\000a\000f\000\040\000d\000a\000n\000\040\000L\000a\000p\000l\000a\000c\000i\000a\000n}{section.2.9}% 60
\BOOKMARK [2][-]{subsection.2.9.2}{\376\377\000K\000e\000r\000a\000n\000g\000k\000a\000\040\000P\000e\000n\000y\000a\000m\000p\000a\000i\000a\000n\000\040\000P\000e\000s\000a\000n\000\040\000p\000a\000d\000a\000\040\000J\000a\000r\000i\000n\000g\000a\000n\000\040\000S\000a\000r\000a\000f}{section.2.9}% 61
\BOOKMARK [2][-]{subsection.2.9.3}{\376\377\000A\000r\000s\000i\000t\000e\000k\000t\000u\000r\000\040\000U\000m\000u\000m\000\040\000d\000a\000l\000a\000m\000\040\000G\000N\000N}{section.2.9}% 62
\BOOKMARK [2][-]{subsection.2.9.4}{\376\377\000K\000e\000k\000u\000a\000t\000a\000n\000\040\000R\000e\000p\000r\000e\000s\000e\000n\000t\000a\000s\000i\000\040\000G\000N\000N}{section.2.9}% 63
\BOOKMARK [0][-]{chapter.3}{\376\377\000R\000E\000N\000C\000A\000N\000A\000\040\000P\000E\000N\000E\000L\000I\000T\000I\000A\000N}{}% 64
\BOOKMARK [1][-]{section.3.1}{\376\377\000R\000e\000n\000c\000a\000n\000a\000\040\000P\000e\000n\000e\000l\000i\000t\000i\000a\000n}{chapter.3}% 65
\BOOKMARK [1][-]{section.3.2}{\376\377\000R\000e\000n\000c\000a\000n\000a\000\040\000P\000e\000n\000g\000a\000m\000b\000i\000l\000a\000n\000\040\000D\000a\000t\000a}{chapter.3}% 66
\BOOKMARK [1][-]{section.3.3}{\376\377\000R\000e\000n\000c\000a\000n\000a\000\040\000J\000a\000d\000w\000a\000l\000\040\000P\000e\000n\000e\000l\000i\000t\000i\000a\000n}{chapter.3}% 67
\BOOKMARK [0][-]{chapter.4}{\376\377\000P\000E\000N\000G\000E\000M\000B\000A\000N\000G\000A\000N\000\040\000P\000E\000M\000B\000O\000B\000O\000T\000A\000N\000\040\000B\000E\000R\000B\000A\000S\000I\000S\000\040\000J\000A\000R\000I\000N\000G\000A\000N\000\040\000S\000A\000R\000A\000F\000\040\000G\000R\000A\000F\000\040\000U\000N\000T\000U\000K\000\040\000R\000E\000G\000R\000E\000S\000I\000\040\000S\000P\000A\000S\000I\000A\000L\000-\000T\000E\000M\000P\000O\000R\000A\000L}{}% 68
\BOOKMARK [1][-]{section.4.1}{\376\377\000K\000a\000j\000i\000a\000n\000\040\000L\000i\000t\000e\000r\000a\000t\000u\000r\000\040\000T\000e\000r\000k\000a\000i\000t}{chapter.4}% 69
\BOOKMARK [2][-]{subsection.4.1.1}{\376\377\000G\000e\000o\000g\000r\000a\000p\000h\000i\000c\000a\000l\000l\000y\000\040\000W\000e\000i\000g\000h\000t\000e\000d\000\040\000A\000r\000t\000i\000f\000i\000c\000i\000a\000l\000\040\000N\000e\000u\000r\000a\000l\000\040\000N\000e\000t\000w\000o\000r\000k\000\040\000\050\000G\000W\000A\000N\000N\000\051}{section.4.1}% 70
\BOOKMARK [2][-]{subsection.4.1.2}{\376\377\000S\000p\000a\000t\000i\000a\000l\000\040\000a\000n\000d\000\040\000A\000t\000t\000r\000i\000b\000u\000t\000e\000\040\000N\000e\000u\000r\000a\000l\000\040\000N\000e\000t\000w\000o\000r\000k\000\040\000W\000e\000i\000g\000h\000t\000e\000d\000\040\000R\000e\000g\000r\000e\000s\000s\000i\000o\000n\000\040\000\050\000S\000A\000N\000N\000W\000R\000\051}{section.4.1}% 71
\BOOKMARK [2][-]{subsection.4.1.3}{\376\377\000S\000p\000a\000t\000i\000a\000l\000\040\000R\000e\000g\000r\000e\000s\000s\000i\000o\000n\000\040\000G\000r\000a\000p\000h\000\040\000C\000o\000n\000v\000o\000l\000u\000t\000i\000o\000n\000a\000l\000\040\000N\000e\000u\000r\000a\000l\000\040\000N\000e\000t\000w\000o\000r\000k\000s\000\040\000\050\000S\000R\000G\000C\000N\000N\000\051}{section.4.1}% 72
\BOOKMARK [2][-]{subsection.4.1.4}{\376\377\000S\000p\000a\000t\000i\000o\000-\000T\000e\000m\000p\000o\000r\000a\000l\000\040\000G\000r\000a\000p\000h\000\040\000C\000o\000n\000v\000o\000l\000u\000t\000i\000o\000n\000a\000l\000\040\000N\000e\000t\000w\000o\000r\000k\000s\000\040\000\050\000S\000T\000-\000G\000C\000N\000\051}{section.4.1}% 73
\BOOKMARK [2][-]{subsection.4.1.5}{\376\377\000G\000e\000o\000g\000r\000a\000p\000h\000i\000c\000a\000l\000l\000y\000\040\000N\000e\000u\000r\000a\000l\000\040\000N\000e\000t\000w\000o\000r\000k\000\040\000W\000e\000i\000g\000h\000t\000e\000d\000\040\000R\000e\000g\000r\000e\000s\000s\000i\000o\000n\000\040\000\050\000G\000N\000N\000W\000R\000\051}{section.4.1}% 74
\BOOKMARK [1][-]{section.4.2}{\376\377\000K\000e\000r\000a\000n\000g\000k\000a\000\040\000M\000e\000t\000o\000d\000o\000l\000o\000g\000i\000s}{chapter.4}% 75
\BOOKMARK [2][-]{subsection.4.2.1}{\376\377\000K\000e\000r\000a\000n\000g\000k\000a\000\040\000U\000m\000u\000m\000\040\000d\000a\000n\000\040\000A\000l\000u\000r\000\040\000M\000e\000t\000o\000d\000o\000l\000o\000g\000i}{section.4.2}% 76
\BOOKMARK [2][-]{subsection.4.2.2}{\376\377\000A\000l\000u\000r\000\040\000P\000e\000m\000b\000e\000l\000a\000j\000a\000r\000a\000n\000\040\000G\000N\000N\000-\000G\000T\000V\000C\000\040\000d\000a\000n\000\040\000G\000N\000N\000-\000G\000T\000W\000R}{section.4.2}% 77
\BOOKMARK [2][-]{subsection.4.2.3}{\376\377\000P\000e\000r\000b\000a\000n\000d\000i\000n\000g\000a\000n\000\040\000K\000o\000n\000s\000e\000p\000t\000u\000a\000l\000\040\000A\000w\000a\000l}{section.4.2}% 78
\BOOKMARK [1][-]{section.4.3}{\376\377\000R\000e\000g\000r\000e\000s\000i\000\040\000S\000p\000a\000s\000i\000a\000l\000-\000T\000e\000m\000p\000o\000r\000a\000l\000\040\000B\000e\000r\000k\000o\000e\000f\000i\000s\000i\000e\000n\000\040\000B\000e\000r\000v\000a\000r\000i\000a\000s\000i\000\040\000b\000e\000r\000b\000a\000s\000i\000s\000\040\000G\000N\000N\000\040\000\050\000G\000N\000N\000-\000G\000T\000V\000C\000\051}{chapter.4}% 79
\BOOKMARK [2][-]{subsection.4.3.1}{\376\377\000F\000o\000r\000m\000u\000l\000a\000s\000i\000\040\000M\000a\000t\000e\000m\000a\000t\000i\000s}{section.4.3}% 80
\BOOKMARK [2][-]{subsection.4.3.2}{\376\377\000P\000e\000m\000b\000e\000n\000t\000u\000k\000a\000n\000\040\000B\000o\000b\000o\000t\000\040\000K\000o\000e\000f\000i\000s\000i\000e\000n\000\040\000L\000o\000k\000a\000l\000\040\000m\000e\000l\000a\000l\000u\000i\000\040\000R\000e\000p\000r\000e\000s\000e\000n\000t\000a\000s\000i\000\040\000G\000r\000a\000f}{section.4.3}% 81
\BOOKMARK [2][-]{subsection.4.3.3}{\376\377\000E\000s\000t\000i\000m\000a\000s\000i\000\040\000K\000o\000e\000f\000i\000s\000i\000e\000n\000\040\000G\000l\000o\000b\000a\000l\000\040\000d\000a\000n\000\040\000P\000r\000e\000d\000i\000k\000s\000i}{section.4.3}% 82
\BOOKMARK [1][-]{section.4.4}{\376\377\000R\000e\000g\000r\000e\000s\000i\000\040\000S\000p\000a\000s\000i\000a\000l\000-\000T\000e\000m\000p\000o\000r\000a\000l\000\040\000T\000e\000r\000b\000o\000b\000o\000t\000i\000\040\000b\000e\000r\000b\000a\000s\000i\000s\000\040\000G\000N\000N\000\040\000\050\000G\000N\000N\000-\000G\000T\000W\000R\000\051}{chapter.4}% 83
\BOOKMARK [2][-]{subsection.4.4.1}{\376\377\000F\000o\000r\000m\000u\000l\000a\000s\000i\000\040\000E\000s\000t\000i\000m\000a\000t\000o\000r\000\040\000W\000L\000S\000\040\000p\000a\000d\000a\000\040\000K\000o\000n\000t\000e\000k\000s\000\040\000G\000r\000a\000f}{section.4.4}% 84
\BOOKMARK [2][-]{subsection.4.4.2}{\376\377\000P\000e\000m\000b\000o\000b\000o\000t\000a\000n\000\040\000A\000n\000t\000a\000r\000t\000e\000t\000a\000n\000g\000g\000a\000\040\000d\000e\000n\000g\000a\000n\000\040\000R\000e\000p\000r\000e\000s\000e\000n\000t\000a\000s\000i\000\040\000G\000N\000N}{section.4.4}% 85
\BOOKMARK [1][-]{section.4.5}{\376\377\000A\000r\000s\000i\000t\000e\000k\000t\000u\000r\000\040\000J\000a\000r\000i\000n\000g\000a\000n\000\040\000G\000r\000a\000f\000\040\000u\000n\000t\000u\000k\000\040\000P\000e\000m\000b\000e\000l\000a\000j\000a\000r\000a\000n\000\040\000B\000o\000b\000o\000t}{chapter.4}% 86
\BOOKMARK [1][-]{section.4.6}{\376\377\000P\000i\000l\000i\000h\000a\000n\000\040\000P\000e\000m\000e\000t\000a\000a\000n\000\040\000R\000e\000p\000r\000e\000s\000e\000n\000t\000a\000s\000i\000\040\000k\000e\000\040\000B\000o\000b\000o\000t}{chapter.4}% 87
\BOOKMARK [2][-]{subsection.4.6.1}{\376\377\000F\000u\000n\000g\000s\000i\000\040\000O\000b\000j\000e\000k\000t\000i\000f\000\040\000d\000a\000n\000\040\000P\000r\000o\000s\000e\000s\000\040\000P\000e\000l\000a\000t\000i\000h\000a\000n}{section.4.6}% 88
\BOOKMARK [1][-]{section.4.7}{\376\377\000P\000e\000m\000b\000e\000l\000a\000j\000a\000r\000a\000n\000\040\000S\000e\000m\000i\000-\000T\000e\000r\000a\000w\000a\000s\000i\000\040\000\050\000S\000e\000m\000i\000-\000S\000u\000p\000e\000r\000v\000i\000s\000e\000d\000\040\000L\000e\000a\000r\000n\000i\000n\000g\000,\000\040\000S\000S\000L\000\051}{chapter.4}% 89
\BOOKMARK [2][-]{subsection.4.7.1}{\376\377\000K\000e\000r\000a\000n\000g\000k\000a\000\040\000D\000a\000s\000a\000r\000\040\000d\000a\000n\000\040\000A\000s\000u\000m\000s\000i\000\040\000F\000u\000n\000d\000a\000m\000e\000n\000t\000a\000l}{section.4.7}% 90
\BOOKMARK [2][-]{subsection.4.7.2}{\376\377\000F\000u\000n\000g\000s\000i\000\040\000K\000e\000r\000u\000g\000i\000a\000n\000\040\000S\000e\000m\000i\000-\000T\000e\000r\000a\000w\000a\000s\000i}{section.4.7}% 91
\BOOKMARK [2][-]{subsection.4.7.3}{\376\377\000I\000n\000t\000e\000g\000r\000a\000s\000i\000\040\000S\000S\000L\000\040\000k\000e\000\040\000d\000a\000l\000a\000m\000\040\000P\000e\000l\000a\000t\000i\000h\000a\000n\000\040\000G\000N\000N\000-\000G\000T\000V\000C\000\040\000d\000a\000n\000\040\000G\000N\000N\000-\000G\000T\000W\000R}{section.4.7}% 92
\BOOKMARK [1][-]{section.4.8}{\376\377\000H\000a\000s\000i\000l\000\040\000S\000e\000m\000e\000n\000t\000a\000r\000a}{chapter.4}% 93
\BOOKMARK [2][-]{subsection.4.8.1}{\376\377\000P\000e\000n\000g\000a\000t\000u\000r\000a\000n\000\040\000E\000k\000s\000p\000e\000r\000i\000m\000e\000n\000\040\000d\000a\000n\000\040\000K\000a\000r\000a\000k\000t\000e\000r\000i\000s\000t\000i\000k\000\040\000D\000a\000t\000a}{section.4.8}% 94
\BOOKMARK [2][-]{subsection.4.8.2}{\376\377\000A\000n\000a\000l\000i\000s\000i\000s\000\040\000K\000o\000n\000f\000i\000g\000u\000r\000a\000s\000i\000\040\000M\000o\000d\000e\000l\000\040\000G\000N\000N\000-\000G\000T\000V\000C\000\040\000d\000a\000n\000\040\000G\000N\000N\000-\000G\000T\000W\000R}{section.4.8}% 95
\BOOKMARK [2][-]{subsection.4.8.3}{\376\377\000P\000e\000r\000b\000a\000n\000d\000i\000n\000g\000a\000n\000\040\000P\000e\000r\000f\000o\000r\000m\000a\000\040\000d\000e\000n\000g\000a\000n\000\040\000M\000e\000t\000o\000d\000e\000\040\000L\000a\000i\000n\000n\000y\000a}{section.4.8}% 96
