\BOOKMARK [0][-]{section*.1}{\376\377\000H\000A\000L\000A\000M\000A\000N\000\040\000J\000U\000D\000U\000L}{}% 1
\BOOKMARK [0][-]{section*.2}{\376\377\000H\000A\000L\000A\000M\000A\000N\000\040\000P\000E\000N\000G\000E\000S\000A\000H\000A\000N}{}% 2
\BOOKMARK [0][-]{section*.3}{\376\377\000H\000A\000L\000A\000M\000A\000N\000\040\000P\000E\000R\000N\000Y\000A\000T\000A\000A\000N\000\040\000B\000E\000B\000A\000S\000\040\000P\000L\000A\000G\000I\000A\000S\000I}{}% 3
\BOOKMARK [0][-]{chapter*.4}{\376\377\000H\000A\000L\000A\000M\000A\000N\000\040\000P\000E\000R\000S\000E\000M\000B\000A\000H\000A\000N}{}% 4
\BOOKMARK [0][-]{chapter*.5}{\376\377\000H\000A\000L\000A\000M\000A\000N\000\040\000M\000O\000T\000T\000O}{}% 5
\BOOKMARK [0][-]{chapter*.6}{\376\377\000P\000R\000A\000K\000A\000T\000A}{}% 6
\BOOKMARK [0][-]{section*.7}{\376\377\000D\000A\000F\000T\000A\000R\000\040\000I\000S\000I}{}% 7
\BOOKMARK [0][-]{section*.9}{\376\377\000D\000A\000F\000T\000A\000R\000\040\000T\000A\000B\000E\000L}{}% 8
\BOOKMARK [0][-]{section*.11}{\376\377\000D\000A\000F\000T\000A\000R\000\040\000G\000A\000M\000B\000A\000R}{}% 9
\BOOKMARK [0][-]{chapter*.13}{\376\377\000I\000N\000T\000I\000S\000A\000R\000I}{}% 10
\BOOKMARK [0][-]{chapter*.14}{\376\377\000A\000B\000S\000T\000R\000A\000C\000T}{}% 11
\BOOKMARK [0][-]{chapter.1}{\376\377\000P\000E\000N\000D\000A\000H\000U\000L\000U\000A\000N}{}% 12
\BOOKMARK [1][-]{section.1.1}{\376\377\000L\000a\000t\000a\000r\000\040\000B\000e\000l\000a\000k\000a\000n\000g}{chapter.1}% 13
\BOOKMARK [1][-]{section.1.2}{\376\377\000P\000e\000m\000b\000a\000t\000a\000s\000a\000n\000\040\000M\000a\000s\000a\000l\000a\000h}{chapter.1}% 14
\BOOKMARK [1][-]{section.1.3}{\376\377\000T\000u\000j\000u\000a\000n\000\040\000d\000a\000n\000\040\000M\000a\000n\000f\000a\000a\000t\000\040\000P\000e\000n\000e\000l\000i\000t\000i\000a\000n}{chapter.1}% 15
\BOOKMARK [1][-]{section.1.4}{\376\377\000T\000i\000n\000j\000a\000u\000a\000n\000\040\000P\000u\000s\000t\000a\000k\000a}{chapter.1}% 16
\BOOKMARK [1][-]{section.1.5}{\376\377\000M\000e\000t\000o\000d\000o\000l\000o\000g\000i\000\040\000P\000e\000n\000e\000l\000i\000t\000i\000a\000n}{chapter.1}% 17
\BOOKMARK [1][-]{section.1.6}{\376\377\000S\000i\000s\000t\000e\000m\000a\000t\000i\000k\000a\000\040\000P\000e\000n\000u\000l\000i\000s\000a\000n}{chapter.1}% 18
\BOOKMARK [0][-]{chapter.2}{\376\377\000L\000A\000N\000D\000A\000S\000A\000N\000\040\000T\000E\000O\000R\000I}{}% 19
\BOOKMARK [1][-]{section.2.1}{\376\377\000A\000l\000j\000a\000b\000a\000r\000\040\000M\000a\000t\000r\000i\000k\000s}{chapter.2}% 20
\BOOKMARK [2][-]{subsection.2.1.1}{\376\377\000R\000u\000a\000n\000g\000\040\000V\000e\000k\000t\000o\000r\000\040\000d\000a\000n\000\040\000M\000a\000t\000r\000i\000k\000s}{section.2.1}% 21
\BOOKMARK [2][-]{subsection.2.1.2}{\376\377\000S\000i\000f\000a\000t\000-\000S\000i\000f\000a\000t\000\040\000M\000a\000t\000r\000i\000k\000s}{section.2.1}% 22
\BOOKMARK [2][-]{subsection.2.1.3}{\376\377\000I\000n\000v\000e\000r\000s\000\040\000M\000a\000t\000r\000i\000k\000s}{section.2.1}% 23
\BOOKMARK [2][-]{subsection.2.1.4}{\376\377\000D\000e\000t\000e\000r\000m\000i\000n\000a\000n\000\040\000d\000a\000n\000\040\000R\000a\000n\000k}{section.2.1}% 24
\BOOKMARK [2][-]{subsection.2.1.5}{\376\377\000N\000i\000l\000a\000i\000\040\000E\000i\000g\000e\000n\000\040\000d\000a\000n\000\040\000V\000e\000k\000t\000o\000r\000\040\000E\000i\000g\000e\000n}{section.2.1}% 25
\BOOKMARK [2][-]{subsection.2.1.6}{\376\377\000P\000e\000r\000k\000a\000l\000i\000a\000n\000\040\000K\000r\000o\000n\000e\000c\000k\000e\000r}{section.2.1}% 26
\BOOKMARK [2][-]{subsection.2.1.7}{\376\377\000D\000i\000f\000e\000r\000e\000n\000s\000i\000a\000l\000\040\000V\000e\000k\000t\000o\000r\000\040\000d\000a\000n\000\040\000M\000a\000t\000r\000i\000k\000s}{section.2.1}% 27
\BOOKMARK [1][-]{section.2.2}{\376\377\000T\000e\000o\000r\000i\000\040\000U\000k\000u\000r\000a\000n\000\040\000d\000a\000n\000\040\000P\000r\000o\000b\000a\000b\000i\000l\000i\000t\000a\000s}{chapter.2}% 28
\BOOKMARK [2][-]{subsection.2.2.1}{\376\377\000R\000u\000a\000n\000g\000\040\000U\000k\000u\000r\000\040\000d\000a\000n\000\040\000U\000k\000u\000r\000a\000n\000\040\000P\000r\000o\000b\000a\000b\000i\000l\000i\000t\000a\000s}{section.2.2}% 29
\BOOKMARK [2][-]{subsection.2.2.2}{\376\377\000V\000a\000r\000i\000a\000b\000e\000l\000\040\000A\000c\000a\000k\000\040\000s\000e\000b\000a\000g\000a\000i\000\040\000F\000u\000n\000g\000s\000i\000\040\000T\000e\000r\000u\000k\000u\000r}{section.2.2}% 30
\BOOKMARK [2][-]{subsection.2.2.3}{\376\377\000D\000i\000s\000t\000r\000i\000b\000u\000s\000i\000\040\000d\000a\000n\000\040\000E\000k\000s\000p\000e\000k\000t\000a\000s\000i}{section.2.2}% 31
\BOOKMARK [2][-]{subsection.2.2.4}{\376\377\000M\000o\000m\000e\000n\000,\000\040\000V\000a\000r\000i\000a\000n\000s\000i\000,\000\040\000d\000a\000n\000\040\000K\000o\000v\000a\000r\000i\000a\000n\000s\000i}{section.2.2}% 32
\BOOKMARK [2][-]{subsection.2.2.5}{\376\377\000I\000n\000d\000e\000p\000e\000n\000d\000e\000n\000s\000i\000\040\000d\000a\000n\000\040\000K\000e\000t\000e\000r\000g\000a\000n\000t\000u\000n\000g\000a\000n}{section.2.2}% 33
\BOOKMARK [1][-]{section.2.3}{\376\377\000K\000o\000n\000v\000e\000r\000g\000e\000n\000s\000i\000\040\000d\000a\000n\000\040\000L\000a\000j\000u\000\040\000P\000e\000r\000t\000u\000m\000b\000u\000h\000a\000n}{chapter.2}% 34
\BOOKMARK [2][-]{subsection.2.3.1}{\376\377\000B\000a\000r\000i\000s\000a\000n\000\040\000V\000a\000r\000i\000a\000b\000e\000l\000\040\000R\000a\000n\000d\000o\000m}{section.2.3}% 35
\BOOKMARK [2][-]{subsection.2.3.2}{\376\377\000K\000o\000n\000v\000e\000r\000g\000e\000n\000s\000i\000\040\000H\000a\000m\000p\000i\000r\000\040\000P\000a\000s\000t\000i\000\040\000d\000a\000n\000\040\000d\000a\000l\000a\000m\000\040\000P\000r\000o\000b\000a\000b\000i\000l\000i\000t\000a\000s}{section.2.3}% 36
\BOOKMARK [2][-]{subsection.2.3.3}{\376\377\000K\000o\000n\000v\000e\000r\000g\000e\000n\000s\000i\000\040\000d\000a\000l\000a\000m\000\040\000D\000i\000s\000t\000r\000i\000b\000u\000s\000i}{section.2.3}% 37
\BOOKMARK [2][-]{subsection.2.3.4}{\376\377\000H\000u\000b\000u\000n\000g\000a\000n\000\040\000A\000n\000t\000a\000r\000\040\000M\000o\000d\000e\000\040\000K\000o\000n\000v\000e\000r\000g\000e\000n\000s\000i}{section.2.3}% 38
\BOOKMARK [2][-]{subsection.2.3.5}{\376\377\000N\000o\000t\000a\000s\000i\000\040\000B\000i\000g\000-\000O\000\040\000d\000a\000n\000\040\000L\000i\000t\000t\000l\000e\000-\000o\000\040\000\050\000D\000e\000t\000e\000r\000m\000i\000n\000i\000s\000t\000i\000k\000\051}{section.2.3}% 39
\BOOKMARK [2][-]{subsection.2.3.6}{\376\377\000N\000o\000t\000a\000s\000i\000\040\000B\000i\000g\000-\000O\000\040\000d\000a\000n\000\040\000L\000i\000t\000t\000l\000e\000-\000o\000\040\000d\000a\000l\000a\000m\000\040\000P\000r\000o\000b\000a\000b\000i\000l\000i\000t\000a\000s}{section.2.3}% 40
\BOOKMARK [1][-]{section.2.4}{\376\377\000T\000e\000o\000r\000i\000\040\000P\000r\000o\000b\000a\000b\000i\000l\000i\000t\000a\000s\000\040\000A\000s\000i\000m\000t\000o\000t\000i\000k}{chapter.2}% 41
\BOOKMARK [2][-]{subsection.2.4.1}{\376\377\000H\000u\000k\000u\000m\000\040\000B\000i\000l\000a\000n\000g\000a\000n\000\040\000B\000e\000s\000a\000r}{section.2.4}% 42
\BOOKMARK [2][-]{subsection.2.4.2}{\376\377\000K\000o\000n\000s\000i\000s\000t\000e\000n\000s\000i\000\040\000E\000s\000t\000i\000m\000a\000t\000o\000r}{section.2.4}% 43
\BOOKMARK [2][-]{subsection.2.4.3}{\376\377\000T\000e\000o\000r\000e\000m\000a\000\040\000L\000i\000m\000i\000t\000\040\000P\000u\000s\000a\000t\000\040\000K\000l\000a\000s\000i\000k}{section.2.4}% 44
\BOOKMARK [2][-]{subsection.2.4.4}{\376\377\000T\000e\000o\000r\000e\000m\000a\000\040\000L\000i\000m\000i\000t\000\040\000P\000u\000s\000a\000t\000\040\000u\000n\000t\000u\000k\000\040\000T\000r\000i\000a\000n\000g\000u\000l\000a\000r\000\040\000A\000r\000r\000a\000y\000s}{section.2.4}% 45
\BOOKMARK [2][-]{subsection.2.4.5}{\376\377\000A\000s\000i\000m\000t\000o\000t\000i\000k\000\040\000N\000o\000r\000m\000a\000l}{section.2.4}% 46
\BOOKMARK [2][-]{subsection.2.4.6}{\376\377\000M\000e\000t\000o\000d\000e\000\040\000D\000e\000l\000t\000a}{section.2.4}% 47
\BOOKMARK [1][-]{section.2.5}{\376\377\000S\000t\000a\000t\000i\000s\000t\000i\000k\000a\000\040\000I\000n\000f\000e\000r\000e\000n\000s\000i\000a\000l}{chapter.2}% 48
\BOOKMARK [2][-]{subsection.2.5.1}{\376\377\000P\000a\000r\000a\000m\000e\000t\000e\000r\000,\000\040\000E\000s\000t\000i\000m\000a\000t\000o\000r\000,\000\040\000d\000a\000n\000\040\000T\000a\000r\000g\000e\000t\000\040\000I\000n\000f\000e\000r\000e\000n\000s\000i}{section.2.5}% 49
\BOOKMARK [2][-]{subsection.2.5.2}{\376\377\000D\000i\000s\000t\000r\000i\000b\000u\000s\000i\000\040\000S\000a\000m\000p\000l\000i\000n\000g\000\040\000d\000a\000n\000\040\000P\000e\000n\000d\000e\000k\000a\000t\000a\000n\000\040\000A\000s\000i\000m\000t\000o\000t\000i\000k}{section.2.5}% 50
\BOOKMARK [2][-]{subsection.2.5.3}{\376\377\000A\000s\000i\000m\000t\000o\000t\000i\000k\000\040\000N\000o\000r\000m\000a\000l\000\040\000d\000a\000n\000\040\000S\000t\000a\000n\000d\000a\000r\000d\000\040\000E\000r\000r\000o\000r}{section.2.5}% 51
\BOOKMARK [2][-]{subsection.2.5.4}{\376\377\000I\000n\000t\000e\000r\000v\000a\000l\000\040\000K\000e\000p\000e\000r\000c\000a\000y\000a\000a\000n\000\040\000A\000s\000i\000m\000t\000o\000t\000i\000k}{section.2.5}% 52
\BOOKMARK [2][-]{subsection.2.5.5}{\376\377\000P\000e\000n\000g\000u\000j\000i\000a\000n\000\040\000H\000i\000p\000o\000t\000e\000s\000i\000s\000\040\000A\000s\000i\000m\000t\000o\000t\000i\000k}{section.2.5}% 53
\BOOKMARK [2][-]{subsection.2.5.6}{\376\377\000I\000n\000f\000e\000r\000e\000n\000s\000i\000\040\000B\000e\000r\000s\000y\000a\000r\000a\000t\000\040\000d\000a\000n\000\040\000A\000s\000u\000m\000s\000i\000\040\000I\000d\000e\000a\000l}{section.2.5}% 54
\BOOKMARK [1][-]{section.2.6}{\376\377\000A\000n\000a\000l\000i\000s\000i\000s\000\040\000R\000e\000g\000r\000e\000s\000i\000\040\000L\000i\000n\000e\000a\000r}{chapter.2}% 55
\BOOKMARK [2][-]{subsection.2.6.1}{\376\377\000R\000e\000g\000r\000e\000s\000i\000\040\000L\000i\000n\000e\000a\000r\000\040\000B\000i\000a\000s\000a\000\040\000a\000t\000a\000u\000\040\000O\000r\000d\000i\000n\000a\000r\000y\000\040\000L\000e\000a\000s\000t\000\040\000S\000q\000u\000a\000r\000e\000s\000\040\000\050\000O\000L\000S\000\051}{section.2.6}% 56
\BOOKMARK [2][-]{subsection.2.6.2}{\376\377\000R\000e\000g\000r\000e\000s\000i\000\040\000T\000e\000r\000b\000o\000b\000o\000t\000i}{section.2.6}% 57
\BOOKMARK [2][-]{subsection.2.6.3}{\376\377\000M\000o\000d\000e\000l\000\040\000K\000o\000e\000f\000i\000s\000i\000e\000n\000\040\000B\000e\000r\000v\000a\000r\000i\000a\000s\000i}{section.2.6}% 58
\BOOKMARK [2][-]{subsection.2.6.4}{\376\377\000E\000s\000t\000i\000m\000a\000s\000i\000\040\000L\000o\000c\000a\000l\000l\000y\000\040\000W\000e\000i\000g\000h\000t\000e\000d\000\040\000L\000e\000a\000s\000t\000\040\000S\000q\000u\000a\000r\000e\000s}{section.2.6}% 59
\BOOKMARK [1][-]{section.2.7}{\376\377\000A\000n\000a\000l\000i\000s\000i\000s\000\040\000R\000e\000g\000r\000e\000s\000i\000\040\000S\000p\000a\000s\000i\000a\000l}{chapter.2}% 60
\BOOKMARK [2][-]{subsection.2.7.1}{\376\377\000R\000e\000g\000r\000e\000s\000i\000\040\000d\000e\000n\000g\000a\000n\000\040\000D\000e\000p\000e\000n\000d\000e\000n\000s\000i\000\040\000S\000p\000a\000s\000i\000a\000l}{section.2.7}% 61
\BOOKMARK [2][-]{subsection.2.7.2}{\376\377\000R\000e\000g\000r\000e\000s\000i\000\040\000d\000e\000n\000g\000a\000n\000\040\000H\000e\000t\000e\000r\000o\000g\000e\000n\000i\000t\000a\000s\000\040\000S\000p\000a\000s\000i\000a\000l\000\040\000d\000a\000n\000\040\000S\000p\000a\000s\000i\000a\000l\000\040\000T\000e\000m\000p\000o\000r\000a\000l}{section.2.7}% 62
\BOOKMARK [1][-]{section.2.8}{\376\377\000J\000a\000r\000i\000n\000g\000a\000n\000\040\000S\000a\000r\000a\000f\000\040\000T\000i\000r\000u\000a\000n}{chapter.2}% 63
\BOOKMARK [2][-]{subsection.2.8.1}{\376\377\000M\000o\000d\000e\000l\000\040\000D\000a\000s\000a\000r\000\040\000d\000a\000n\000\040\000N\000o\000t\000a\000s\000i}{section.2.8}% 64
\BOOKMARK [2][-]{subsection.2.8.2}{\376\377\000F\000u\000n\000g\000s\000i\000\040\000A\000k\000t\000i\000v\000a\000s\000i}{section.2.8}% 65
\BOOKMARK [2][-]{subsection.2.8.3}{\376\377\000F\000u\000n\000g\000s\000i\000\040\000K\000e\000r\000u\000g\000i\000a\000n\000\040\000d\000a\000n\000\040\000K\000r\000i\000t\000e\000r\000i\000a\000\040\000P\000e\000m\000b\000e\000l\000a\000j\000a\000r\000a\000n}{section.2.8}% 66
\BOOKMARK [2][-]{subsection.2.8.4}{\376\377\000P\000e\000m\000b\000e\000l\000a\000j\000a\000r\000a\000n\000\040\000d\000e\000n\000g\000a\000n\000\040\000P\000r\000o\000p\000a\000g\000a\000s\000i\000\040\000M\000u\000n\000d\000u\000r}{section.2.8}% 67
\BOOKMARK [2][-]{subsection.2.8.5}{\376\377\000O\000p\000t\000i\000m\000i\000s\000a\000s\000i\000\040\000P\000a\000r\000a\000m\000e\000t\000e\000r}{section.2.8}% 68
\BOOKMARK [2][-]{subsection.2.8.6}{\376\377\000J\000a\000r\000i\000n\000g\000a\000n\000\040\000S\000a\000r\000a\000f\000\040\000T\000i\000r\000u\000a\000n\000\040\000s\000e\000b\000a\000g\000a\000i\000\040\000A\000p\000r\000o\000k\000s\000i\000m\000a\000s\000i\000\040\000U\000n\000i\000v\000e\000r\000s\000a\000l}{section.2.8}% 69
\BOOKMARK [1][-]{section.2.9}{\376\377\000J\000a\000r\000i\000n\000g\000a\000n\000\040\000S\000a\000r\000a\000f\000\040\000G\000r\000a\000f}{chapter.2}% 70
\BOOKMARK [2][-]{subsection.2.9.1}{\376\377\000D\000a\000s\000a\000r\000\040\000G\000r\000a\000f\000\040\000d\000a\000n\000\040\000L\000a\000p\000l\000a\000c\000i\000a\000n}{section.2.9}% 71
\BOOKMARK [2][-]{subsection.2.9.2}{\376\377\000K\000e\000r\000a\000n\000g\000k\000a\000\040\000P\000e\000n\000y\000a\000m\000p\000a\000i\000a\000n\000\040\000P\000e\000s\000a\000n\000\040\000p\000a\000d\000a\000\040\000J\000a\000r\000i\000n\000g\000a\000n\000\040\000S\000a\000r\000a\000f}{section.2.9}% 72
\BOOKMARK [2][-]{subsection.2.9.3}{\376\377\000A\000r\000s\000i\000t\000e\000k\000t\000u\000r\000\040\000U\000m\000u\000m\000\040\000d\000a\000l\000a\000m\000\040\000G\000N\000N}{section.2.9}% 73
\BOOKMARK [2][-]{subsection.2.9.4}{\376\377\000K\000e\000k\000u\000a\000t\000a\000n\000\040\000R\000e\000p\000r\000e\000s\000e\000n\000t\000a\000s\000i\000\040\000G\000N\000N}{section.2.9}% 74
\BOOKMARK [0][-]{chapter.3}{\376\377\000P\000E\000N\000G\000E\000M\000B\000A\000N\000G\000A\000N\000\040\000P\000E\000M\000B\000O\000B\000O\000T\000A\000N\000\040\000B\000E\000R\000B\000A\000S\000I\000S\000\040\000J\000A\000R\000I\000N\000G\000A\000N\000\040\000S\000A\000R\000A\000F\000\040\000G\000R\000A\000F\000\040\000U\000N\000T\000U\000K\000\040\000R\000E\000G\000R\000E\000S\000I\000\040\000S\000P\000A\000S\000I\000A\000L\000-\000T\000E\000M\000P\000O\000R\000A\000L}{}% 75
\BOOKMARK [1][-]{section.3.1}{\376\377\000K\000a\000j\000i\000a\000n\000\040\000L\000i\000t\000e\000r\000a\000t\000u\000r\000\040\000T\000e\000r\000k\000a\000i\000t}{chapter.3}% 76
\BOOKMARK [2][-]{subsection.3.1.1}{\376\377\000G\000e\000o\000g\000r\000a\000p\000h\000i\000c\000a\000l\000l\000y\000\040\000W\000e\000i\000g\000h\000t\000e\000d\000\040\000A\000r\000t\000i\000f\000i\000c\000i\000a\000l\000\040\000N\000e\000u\000r\000a\000l\000\040\000N\000e\000t\000w\000o\000r\000k\000\040\000\050\000G\000W\000A\000N\000N\000\051}{section.3.1}% 77
\BOOKMARK [2][-]{subsection.3.1.2}{\376\377\000S\000p\000a\000t\000i\000a\000l\000\040\000a\000n\000d\000\040\000A\000t\000t\000r\000i\000b\000u\000t\000e\000\040\000N\000e\000u\000r\000a\000l\000\040\000N\000e\000t\000w\000o\000r\000k\000\040\000W\000e\000i\000g\000h\000t\000e\000d\000\040\000R\000e\000g\000r\000e\000s\000s\000i\000o\000n\000\040\000\050\000S\000A\000N\000N\000W\000R\000\051}{section.3.1}% 78
\BOOKMARK [2][-]{subsection.3.1.3}{\376\377\000S\000p\000a\000t\000i\000a\000l\000\040\000R\000e\000g\000r\000e\000s\000s\000i\000o\000n\000\040\000G\000r\000a\000p\000h\000\040\000C\000o\000n\000v\000o\000l\000u\000t\000i\000o\000n\000a\000l\000\040\000N\000e\000u\000r\000a\000l\000\040\000N\000e\000t\000w\000o\000r\000k\000s\000\040\000\050\000S\000R\000G\000C\000N\000N\000\051}{section.3.1}% 79
\BOOKMARK [2][-]{subsection.3.1.4}{\376\377\000S\000p\000a\000t\000i\000o\000-\000T\000e\000m\000p\000o\000r\000a\000l\000\040\000G\000r\000a\000p\000h\000\040\000C\000o\000n\000v\000o\000l\000u\000t\000i\000o\000n\000a\000l\000\040\000N\000e\000t\000w\000o\000r\000k\000s\000\040\000\050\000S\000T\000-\000G\000C\000N\000\051}{section.3.1}% 80
\BOOKMARK [2][-]{subsection.3.1.5}{\376\377\000G\000e\000o\000g\000r\000a\000p\000h\000i\000c\000a\000l\000l\000y\000\040\000N\000e\000u\000r\000a\000l\000\040\000N\000e\000t\000w\000o\000r\000k\000\040\000W\000e\000i\000g\000h\000t\000e\000d\000\040\000R\000e\000g\000r\000e\000s\000s\000i\000o\000n\000\040\000\050\000G\000N\000N\000W\000R\000\051}{section.3.1}% 81
\BOOKMARK [1][-]{section.3.2}{\376\377\000K\000e\000r\000a\000n\000g\000k\000a\000\040\000M\000e\000t\000o\000d\000o\000l\000o\000g\000i\000s}{chapter.3}% 82
\BOOKMARK [2][-]{subsection.3.2.1}{\376\377\000K\000e\000r\000a\000n\000g\000k\000a\000\040\000U\000m\000u\000m\000\040\000d\000a\000n\000\040\000A\000l\000u\000r\000\040\000M\000e\000t\000o\000d\000o\000l\000o\000g\000i}{section.3.2}% 83
\BOOKMARK [2][-]{subsection.3.2.2}{\376\377\000A\000l\000u\000r\000\040\000P\000e\000m\000b\000e\000l\000a\000j\000a\000r\000a\000n\000\040\000G\000N\000N\000-\000G\000T\000V\000C\000\040\000d\000a\000n\000\040\000G\000N\000N\000-\000G\000T\000W\000R}{section.3.2}% 84
\BOOKMARK [2][-]{subsection.3.2.3}{\376\377\000P\000e\000r\000b\000a\000n\000d\000i\000n\000g\000a\000n\000\040\000K\000o\000n\000s\000e\000p\000t\000u\000a\000l\000\040\000A\000w\000a\000l}{section.3.2}% 85
\BOOKMARK [1][-]{section.3.3}{\376\377\000R\000e\000g\000r\000e\000s\000i\000\040\000S\000p\000a\000s\000i\000a\000l\000-\000T\000e\000m\000p\000o\000r\000a\000l\000\040\000B\000e\000r\000k\000o\000e\000f\000i\000s\000i\000e\000n\000\040\000B\000e\000r\000v\000a\000r\000i\000a\000s\000i\000\040\000b\000e\000r\000b\000a\000s\000i\000s\000\040\000G\000N\000N\000\040\000\050\000G\000N\000N\000-\000G\000T\000V\000C\000\051}{chapter.3}% 86
\BOOKMARK [2][-]{subsection.3.3.1}{\376\377\000F\000o\000r\000m\000u\000l\000a\000s\000i\000\040\000M\000a\000t\000e\000m\000a\000t\000i\000s}{section.3.3}% 87
\BOOKMARK [2][-]{subsection.3.3.2}{\376\377\000P\000e\000m\000b\000e\000n\000t\000u\000k\000a\000n\000\040\000B\000o\000b\000o\000t\000\040\000K\000o\000e\000f\000i\000s\000i\000e\000n\000\040\000L\000o\000k\000a\000l\000\040\000m\000e\000l\000a\000l\000u\000i\000\040\000R\000e\000p\000r\000e\000s\000e\000n\000t\000a\000s\000i\000\040\000G\000r\000a\000f}{section.3.3}% 88
\BOOKMARK [2][-]{subsection.3.3.3}{\376\377\000E\000s\000t\000i\000m\000a\000s\000i\000\040\000K\000o\000e\000f\000i\000s\000i\000e\000n\000\040\000G\000l\000o\000b\000a\000l\000\040\000d\000a\000n\000\040\000P\000r\000e\000d\000i\000k\000s\000i}{section.3.3}% 89
\BOOKMARK [1][-]{section.3.4}{\376\377\000R\000e\000g\000r\000e\000s\000i\000\040\000S\000p\000a\000s\000i\000a\000l\000-\000T\000e\000m\000p\000o\000r\000a\000l\000\040\000T\000e\000r\000b\000o\000b\000o\000t\000i\000\040\000b\000e\000r\000b\000a\000s\000i\000s\000\040\000G\000N\000N\000\040\000\050\000G\000N\000N\000-\000G\000T\000W\000R\000\051}{chapter.3}% 90
\BOOKMARK [2][-]{subsection.3.4.1}{\376\377\000F\000o\000r\000m\000u\000l\000a\000s\000i\000\040\000E\000s\000t\000i\000m\000a\000t\000o\000r\000\040\000W\000L\000S\000\040\000p\000a\000d\000a\000\040\000K\000o\000n\000t\000e\000k\000s\000\040\000G\000r\000a\000f}{section.3.4}% 91
\BOOKMARK [2][-]{subsection.3.4.2}{\376\377\000P\000e\000m\000b\000o\000b\000o\000t\000a\000n\000\040\000A\000n\000t\000a\000r\000t\000e\000t\000a\000n\000g\000g\000a\000\040\000d\000e\000n\000g\000a\000n\000\040\000R\000e\000p\000r\000e\000s\000e\000n\000t\000a\000s\000i\000\040\000G\000N\000N}{section.3.4}% 92
\BOOKMARK [1][-]{section.3.5}{\376\377\000A\000r\000s\000i\000t\000e\000k\000t\000u\000r\000\040\000J\000a\000r\000i\000n\000g\000a\000n\000\040\000G\000r\000a\000f\000\040\000u\000n\000t\000u\000k\000\040\000P\000e\000m\000b\000e\000l\000a\000j\000a\000r\000a\000n\000\040\000B\000o\000b\000o\000t}{chapter.3}% 93
\BOOKMARK [1][-]{section.3.6}{\376\377\000P\000i\000l\000i\000h\000a\000n\000\040\000P\000e\000m\000e\000t\000a\000a\000n\000\040\000R\000e\000p\000r\000e\000s\000e\000n\000t\000a\000s\000i\000\040\000k\000e\000\040\000B\000o\000b\000o\000t}{chapter.3}% 94
\BOOKMARK [2][-]{subsection.3.6.1}{\376\377\000F\000u\000n\000g\000s\000i\000\040\000O\000b\000j\000e\000k\000t\000i\000f\000\040\000d\000a\000n\000\040\000P\000r\000o\000s\000e\000s\000\040\000P\000e\000l\000a\000t\000i\000h\000a\000n}{section.3.6}% 95
\BOOKMARK [1][-]{section.3.7}{\376\377\000P\000e\000m\000b\000e\000l\000a\000j\000a\000r\000a\000n\000\040\000S\000e\000m\000i\000-\000T\000e\000r\000a\000w\000a\000s\000i\000\040\000\050\000S\000e\000m\000i\000-\000S\000u\000p\000e\000r\000v\000i\000s\000e\000d\000\040\000L\000e\000a\000r\000n\000i\000n\000g\000,\000\040\000S\000S\000L\000\051}{chapter.3}% 96
\BOOKMARK [2][-]{subsection.3.7.1}{\376\377\000K\000e\000r\000a\000n\000g\000k\000a\000\040\000D\000a\000s\000a\000r\000\040\000d\000a\000n\000\040\000A\000s\000u\000m\000s\000i\000\040\000F\000u\000n\000d\000a\000m\000e\000n\000t\000a\000l}{section.3.7}% 97
\BOOKMARK [2][-]{subsection.3.7.2}{\376\377\000F\000u\000n\000g\000s\000i\000\040\000K\000e\000r\000u\000g\000i\000a\000n\000\040\000S\000e\000m\000i\000-\000T\000e\000r\000a\000w\000a\000s\000i}{section.3.7}% 98
\BOOKMARK [2][-]{subsection.3.7.3}{\376\377\000I\000n\000t\000e\000g\000r\000a\000s\000i\000\040\000S\000S\000L\000\040\000k\000e\000\040\000d\000a\000l\000a\000m\000\040\000P\000e\000l\000a\000t\000i\000h\000a\000n\000\040\000G\000N\000N\000-\000G\000T\000V\000C\000\040\000d\000a\000n\000\040\000G\000N\000N\000-\000G\000T\000W\000R}{section.3.7}% 99
\BOOKMARK [0][-]{chapter.4}{\376\377\000S\000T\000U\000D\000I\000\040\000K\000A\000S\000U\000S}{}% 100
\BOOKMARK [1][-]{section.4.1}{\376\377\000C\000a\000t\000a\000t\000a\000n\000\040\000P\000e\000n\000t\000i\000n\000g}{chapter.4}% 101
\BOOKMARK [1][-]{section.4.2}{\376\377\000P\000e\000m\000b\000a\000h\000a\000s\000a\000n}{chapter.4}% 102
\BOOKMARK [2][-]{subsection.4.2.1}{\376\377\000P\000e\000m\000b\000a\000h\000a\000s\000a\000n\000\040\0001}{section.4.2}% 103
\BOOKMARK [2][-]{subsection.4.2.2}{\376\377\000P\000e\000m\000b\000a\000h\000a\000s\000a\000n\000\040\0002}{section.4.2}% 104
\BOOKMARK [0][-]{chapter.5}{\376\377\000P\000E\000N\000U\000T\000U\000P}{}% 105
\BOOKMARK [1][-]{section.5.1}{\376\377\000K\000e\000s\000i\000m\000p\000u\000l\000a\000n}{chapter.5}% 106
\BOOKMARK [1][-]{section.5.2}{\376\377\000S\000a\000r\000a\000n}{chapter.5}% 107
\BOOKMARK [0][-]{section.5.2}{\376\377\000D\000A\000F\000T\000A\000R\000\040\000P\000U\000S\000T\000A\000K\000A}{}% 108
\BOOKMARK [0][-]{appendix.A}{\376\377\000D\000a\000t\000a}{}% 109
\BOOKMARK [0][-]{appendix.B}{\376\377\000S\000y\000n\000t\000a\000x\000\040\000R}{}% 110
