This is pdfTeX, Version 3.141592653-2.6-1.40.27 (MiKTeX 25.4) (preloaded format=pdflatex 2025.10.4)  8 JAN 2026 22:39
entering extended mode
 restricted \write18 enabled.
 file:line:error style messages enabled.
 %&-line parsing enabled.
**"d:/Semester VII/Tugas Akhir/Naskah/FILE SKRIPSI/TA 2/TA2.tex"
(d:/Semester VII/Tugas Akhir/Naskah/FILE SKRIPSI/TA 2/TA2.tex
LaTeX2e <2025-06-01> patch level 1
L3 programming layer <2025-07-20>
(skripsistatugm.cls
Document Class: skripsistatugm 2013/06/07 v2.0 The Universitas Gadjah Mada Mathematics Thesis Class
(C:\Users\ASUS\AppData\Local\Programs\MiKTeX\tex/latex/base\report.cls
Document Class: report 2025/01/22 v1.4n Standard LaTeX document class
(C:\Users\ASUS\AppData\Local\Programs\MiKTeX\tex/latex/base\size12.clo
File: size12.clo 2025/01/22 v1.4n Standard LaTeX file (size option)
)
\c@part=\count275
\c@chapter=\count276
\c@section=\count277
\c@subsection=\count278
\c@subsubsection=\count279
\c@paragraph=\count280
\c@subparagraph=\count281
\c@figure=\count282
\c@table=\count283
\abovecaptionskip=\skip49
\belowcaptionskip=\skip50
\bibindent=\dimen148
) (C:\Users\ASUS\AppData\Local\Programs\MiKTeX\tex/generic/babel\babel.sty
Package: babel 2025/08/03 v25.12 The multilingual framework for LuaLaTeX, pdfLaTeX and XeLaTeX
\babel@savecnt=\count284
LaTeX Encoding Info:    Redeclaring text command \ij (encoding OT1) on input line 2045.
LaTeX Encoding Info:    Redeclaring text command \IJ (encoding OT1) on input line 2047.
LaTeX Encoding Info:    Redeclaring text command \ij (encoding T1) on input line 2049.
LaTeX Encoding Info:    Redeclaring text command \IJ (encoding T1) on input line 2050.
LaTeX Encoding Info:    Ignoring declaration for text command \ij (encoding ?) on input line 2051.
LaTeX Encoding Info:    Ignoring declaration for text command \IJ (encoding ?) on input line 2053.
LaTeX Encoding Info:    Ignoring declaration for text command \SS (encoding ?) on input line 2078.
\U@D=\dimen149
\l@unhyphenated=\language79
 (C:\Users\ASUS\AppData\Local\Programs\MiKTeX\tex/generic/babel\txtbabel.def)
\bbl@readstream=\read2
\bbl@dirlevel=\count285

*************************************
* Local config file bblopts.cfg used
*
(C:\Users\ASUS\AppData\Local\Programs\MiKTeX\tex/latex/arabi\bblopts.cfg
File: bblopts.cfg 2005/09/08 v0.1 add Arabic and Farsi to "declared" options of babel
) (C:\Users\ASUS\AppData\Local\Programs\MiKTeX\tex/latex/babel-english\english.ldf
Language: english 2017/06/06 v3.3r English support from the babel system
 (C:\Users\ASUS\AppData\Local\Programs\MiKTeX\tex/generic/babel/locale/en\babel-english.tex
Package babel Info: Importing font and identification data for english
(babel)             from babel-en.ini. Reported on input line 12.
)
Package babel Info: Hyphen rules for 'canadian' set to \l@english
(babel)             (\language0). Reported on input line 102.
Package babel Info: Hyphen rules for 'australian' set to \l@ukenglish
(babel)             (\language73). Reported on input line 105.
Package babel Info: Hyphen rules for 'newzealand' set to \l@ukenglish
(babel)             (\language73). Reported on input line 108.
) (C:\Users\ASUS\AppData\Local\Programs\MiKTeX\tex/latex/babel-indonesian\bahasa.ldf
Language: bahasa 2025/06/01 v1.0n Bahasa Indonesia support from the babel system
 (C:\Users\ASUS\AppData\Local\Programs\MiKTeX\tex/latex/babel-indonesian\indonesian.ldf
Language: indonesian 2025/06/01 v1.0n Bahasa Indonesia support from the babel system
))) (C:\Users\ASUS\AppData\Local\Programs\MiKTeX\tex/latex/psnfss\times.sty
Package: times 2020/03/25 PSNFSS-v9.3 (SPQR) 
) (C:\Users\ASUS\AppData\Local\Programs\MiKTeX\tex/latex/setspace\setspace.sty
Package: setspace 2022/12/04 v6.7b set line spacing
) (C:\Users\ASUS\AppData\Local\Programs\MiKTeX\tex/latex/tools\indentfirst.sty
Package: indentfirst 2023/07/02 v1.03 Indent first paragraph (DPC)
) (C:\Users\ASUS\AppData\Local\Programs\MiKTeX\tex/latex/tools\tabularx.sty
Package: tabularx 2023/12/11 v2.12a `tabularx' package (DPC)
 (C:\Users\ASUS\AppData\Local\Programs\MiKTeX\tex/latex/tools\array.sty
Package: array 2025/06/08 v2.6j Tabular extension package (FMi)
\col@sep=\dimen150
\ar@mcellbox=\box53
\extrarowheight=\dimen151
\NC@list=\toks17
\extratabsurround=\skip51
\backup@length=\skip52
\ar@cellbox=\box54
)
\TX@col@width=\dimen152
\TX@old@table=\dimen153
\TX@old@col=\dimen154
\TX@target=\dimen155
\TX@delta=\dimen156
\TX@cols=\count286
\TX@ftn=\toks18
) (C:\Users\ASUS\AppData\Local\Programs\MiKTeX\tex/latex/graphics\graphicx.sty
Package: graphicx 2024/12/31 v1.2e Enhanced LaTeX Graphics (DPC,SPQR)
 (C:\Users\ASUS\AppData\Local\Programs\MiKTeX\tex/latex/graphics\keyval.sty
Package: keyval 2022/05/29 v1.15 key=value parser (DPC)
\KV@toks@=\toks19
) (C:\Users\ASUS\AppData\Local\Programs\MiKTeX\tex/latex/graphics\graphics.sty
Package: graphics 2024/08/06 v1.4g Standard LaTeX Graphics (DPC,SPQR)
 (C:\Users\ASUS\AppData\Local\Programs\MiKTeX\tex/latex/graphics\trig.sty
Package: trig 2023/12/02 v1.11 sin cos tan (DPC)
) (C:\Users\ASUS\AppData\Local\Programs\MiKTeX\tex/latex/graphics-cfg\graphics.cfg
File: graphics.cfg 2016/06/04 v1.11 sample graphics configuration
)
Package graphics Info: Driver file: pdftex.def on input line 106.
 (C:\Users\ASUS\AppData\Local\Programs\MiKTeX\tex/latex/graphics-def\pdftex.def
File: pdftex.def 2024/04/13 v1.2c Graphics/color driver for pdftex
))
\Gin@req@height=\dimen157
\Gin@req@width=\dimen158
) (C:\Users\ASUS\AppData\Local\Programs\MiKTeX\tex/latex/base\latexsym.sty
Package: latexsym 1998/08/17 v2.2e Standard LaTeX package (lasy symbols)
\symlasy=\mathgroup4
LaTeX Font Info:    Overwriting symbol font `lasy' in version `bold'
(Font)                  U/lasy/m/n --> U/lasy/b/n on input line 52.
) (C:\Users\ASUS\AppData\Local\Programs\MiKTeX\tex/latex/amsfonts\amssymb.sty
Package: amssymb 2013/01/14 v3.01 AMS font symbols
 (C:\Users\ASUS\AppData\Local\Programs\MiKTeX\tex/latex/amsfonts\amsfonts.sty
Package: amsfonts 2013/01/14 v3.01 Basic AMSFonts support
\@emptytoks=\toks20
\symAMSa=\mathgroup5
\symAMSb=\mathgroup6
LaTeX Font Info:    Redeclaring math symbol \hbar on input line 98.
LaTeX Font Info:    Overwriting math alphabet `\mathfrak' in version `bold'
(Font)                  U/euf/m/n --> U/euf/b/n on input line 106.
)) (C:\Users\ASUS\AppData\Local\Programs\MiKTeX\tex/latex/amsmath\amstext.sty
Package: amstext 2024/11/17 v2.01 AMS text
 (C:\Users\ASUS\AppData\Local\Programs\MiKTeX\tex/latex/amsmath\amsgen.sty
File: amsgen.sty 1999/11/30 v2.0 generic functions
\@emptytoks=\toks21
\ex@=\dimen159
)) (C:\Users\ASUS\AppData\Local\Programs\MiKTeX\tex/latex/amsmath\amsmath.sty
Package: amsmath 2025/06/16 v2.17y AMS math features
\@mathmargin=\skip53

For additional information on amsmath, use the `?' option.
(C:\Users\ASUS\AppData\Local\Programs\MiKTeX\tex/latex/amsmath\amsbsy.sty
Package: amsbsy 1999/11/29 v1.2d Bold Symbols
\pmbraise@=\dimen160
) (C:\Users\ASUS\AppData\Local\Programs\MiKTeX\tex/latex/amsmath\amsopn.sty
Package: amsopn 2022/04/08 v2.04 operator names
)
\inf@bad=\count287
LaTeX Info: Redefining \frac on input line 233.
\uproot@=\count288
\leftroot@=\count289
LaTeX Info: Redefining \overline on input line 398.
LaTeX Info: Redefining \colon on input line 409.
\classnum@=\count290
\DOTSCASE@=\count291
LaTeX Info: Redefining \ldots on input line 495.
LaTeX Info: Redefining \dots on input line 498.
LaTeX Info: Redefining \cdots on input line 619.
\Mathstrutbox@=\box55
\strutbox@=\box56
LaTeX Info: Redefining \big on input line 721.
LaTeX Info: Redefining \Big on input line 722.
LaTeX Info: Redefining \bigg on input line 723.
LaTeX Info: Redefining \Bigg on input line 724.
\big@size=\dimen161
LaTeX Font Info:    Redeclaring font encoding OML on input line 742.
LaTeX Font Info:    Redeclaring font encoding OMS on input line 743.
\macc@depth=\count292
LaTeX Info: Redefining \bmod on input line 904.
LaTeX Info: Redefining \pmod on input line 909.
LaTeX Info: Redefining \smash on input line 939.
LaTeX Info: Redefining \relbar on input line 969.
LaTeX Info: Redefining \Relbar on input line 970.
\c@MaxMatrixCols=\count293
\dotsspace@=\muskip17
\c@parentequation=\count294
\dspbrk@lvl=\count295
\tag@help=\toks22
\row@=\count296
\column@=\count297
\maxfields@=\count298
\andhelp@=\toks23
\eqnshift@=\dimen162
\alignsep@=\dimen163
\tagshift@=\dimen164
\tagwidth@=\dimen165
\totwidth@=\dimen166
\lineht@=\dimen167
\@envbody=\toks24
\multlinegap=\skip54
\multlinetaggap=\skip55
\mathdisplay@stack=\toks25
LaTeX Info: Redefining \[ on input line 2949.
LaTeX Info: Redefining \] on input line 2950.
) (C:\Users\ASUS\AppData\Local\Programs\MiKTeX\tex/latex/amscls\amsthm.sty
Package: amsthm 2020/05/29 v2.20.6
\thm@style=\toks26
\thm@bodyfont=\toks27
\thm@headfont=\toks28
\thm@notefont=\toks29
\thm@headpunct=\toks30
\thm@preskip=\skip56
\thm@postskip=\skip57
\thm@headsep=\skip58
\dth@everypar=\toks31
) (C:\Users\ASUS\AppData\Local\Programs\MiKTeX\tex/latex/listings\listings.sty
\lst@mode=\count299
\lst@gtempboxa=\box57
\lst@token=\toks32
\lst@length=\count300
\lst@currlwidth=\dimen168
\lst@column=\count301
\lst@pos=\count302
\lst@lostspace=\dimen169
\lst@width=\dimen170
\lst@newlines=\count303
\lst@lineno=\count304
\lst@maxwidth=\dimen171
 (C:\Users\ASUS\AppData\Local\Programs\MiKTeX\tex/latex/listings\lstpatch.sty
File: lstpatch.sty 2024/09/23 1.10c (Carsten Heinz)
) (C:\Users\ASUS\AppData\Local\Programs\MiKTeX\tex/latex/listings\lstmisc.sty
File: lstmisc.sty 2024/09/23 1.10c (Carsten Heinz)
\c@lstnumber=\count305
\lst@skipnumbers=\count306
\lst@framebox=\box58
) (C:\Users\ASUS\AppData\Local\Programs\MiKTeX\tex/latex/listings\listings.cfg
File: listings.cfg 2024/09/23 1.10c listings configuration
))
Package: listings 2024/09/23 1.10c (Carsten Heinz)
 (C:\Users\ASUS\AppData\Local\Programs\MiKTeX\tex/latex/graphics\color.sty
Package: color 2025/01/14 v1.3e Standard LaTeX Color (DPC)
 (C:\Users\ASUS\AppData\Local\Programs\MiKTeX\tex/latex/graphics-cfg\color.cfg
File: color.cfg 2016/01/02 v1.6 sample color configuration
)
Package color Info: Driver file: pdftex.def on input line 149.
 (C:\Users\ASUS\AppData\Local\Programs\MiKTeX\tex/latex/graphics\mathcolor.ltx)) (C:\Users\ASUS\AppData\Local\Programs\MiKTeX\tex/latex/float\float.sty
Package: float 2001/11/08 v1.3d Float enhancements (AL)
\c@float@type=\count307
\float@exts=\toks33
\float@box=\box59
\@float@everytoks=\toks34
\@floatcapt=\box60
) (C:\Users\ASUS\AppData\Local\Programs\MiKTeX\tex/latex/tools\longtable.sty
Package: longtable 2024-12-18 v4.23 Multi-page Table package (DPC)
\LTleft=\skip59
\LTright=\skip60
\LTpre=\skip61
\LTpost=\skip62
\LTchunksize=\count308
\LTcapwidth=\dimen172
\LT@head=\box61
\LT@firsthead=\box62
\LT@foot=\box63
\LT@lastfoot=\box64
\LT@gbox=\box65
\LT@cols=\count309
\LT@rows=\count310
\c@LT@tables=\count311
\c@LT@chunks=\count312
\LT@p@ftn=\toks35
) (C:\Users\ASUS\AppData\Local\Programs\MiKTeX\tex/latex/tools\enumerate.sty
Package: enumerate 2023/07/04 v3.00 enumerate extensions (DPC)
\@enLab=\toks36
) (C:\Users\ASUS\AppData\Local\Programs\MiKTeX\tex/latex/multirow\multirow.sty
Package: multirow 2024/11/12 v2.9 Span multiple rows of a table
\multirow@colwidth=\skip63
\multirow@cntb=\count313
\multirow@dima=\skip64
\bigstrutjot=\dimen173
) (C:\Users\ASUS\AppData\Local\Programs\MiKTeX\tex/latex/caption\caption.sty
Package: caption 2023/08/05 v3.6o Customizing captions (AR)
 (C:\Users\ASUS\AppData\Local\Programs\MiKTeX\tex/latex/caption\caption3.sty
Package: caption3 2023/07/31 v2.4d caption3 kernel (AR)
\caption@tempdima=\dimen174
\captionmargin=\dimen175
\caption@leftmargin=\dimen176
\caption@rightmargin=\dimen177
\caption@width=\dimen178
\caption@indent=\dimen179
\caption@parindent=\dimen180
\caption@hangindent=\dimen181
Package caption Info: Standard document class detected.
)
\c@caption@flags=\count314
\c@continuedfloat=\count315
Package caption Info: float package is loaded.
Package caption Info: listings package is loaded.
Package caption Info: longtable package is loaded.
 (C:\Users\ASUS\AppData\Local\Programs\MiKTeX\tex/latex/caption\ltcaption.sty
Package: ltcaption 2021/01/08 v1.4c longtable captions (AR)
)) (C:\Users\ASUS\AppData\Local\Programs\MiKTeX\tex/latex/pdfpages\pdfpages.sty
Package: pdfpages 2025/07/23 v0.6g Insert pages of external PDF documents (AM)
 (C:\Users\ASUS\AppData\Local\Programs\MiKTeX\tex/latex/base\ifthen.sty
Package: ifthen 2024/03/16 v1.1e Standard LaTeX ifthen package (DPC)
) (C:\Users\ASUS\AppData\Local\Programs\MiKTeX\tex/latex/tools\calc.sty
Package: calc 2025/03/01 v4.3b Infix arithmetic (KKT,FJ)
\calc@Acount=\count316
\calc@Bcount=\count317
\calc@Adimen=\dimen182
\calc@Bdimen=\dimen183
\calc@Askip=\skip65
\calc@Bskip=\skip66
LaTeX Info: Redefining \setlength on input line 86.
LaTeX Info: Redefining \addtolength on input line 87.
\calc@Ccount=\count318
\calc@Cskip=\skip67
) (C:\Users\ASUS\AppData\Local\Programs\MiKTeX\tex/latex/eso-pic\eso-pic.sty
Package: eso-pic 2023/05/03 v3.0c eso-pic (RN)
\ESO@tempdima=\dimen184
\ESO@tempdimb=\dimen185
) (C:\Users\ASUS\AppData\Local\Programs\MiKTeX\tex/latex/etoolbox\etoolbox.sty
Package: etoolbox 2025/02/11 v2.5l e-TeX tools for LaTeX (JAW)
\etb@tempcnta=\count319
)
\AM@pagewidth=\dimen186
\AM@pageheight=\dimen187
\AM@fboxrule=\dimen188
 (C:\Users\ASUS\AppData\Local\Programs\MiKTeX\tex/latex/pdfpages\pppdftex.def
File: pppdftex.def 2025/07/23 v0.6g Pdfpages driver for pdfTeX (AM)
)
\pdfpages@includegraphics@status=\count320
\AM@pagebox=\box66
\AM@global@opts=\toks37
\AM@pagecnt=\count321
\AM@toc@title=\toks38
\AM@lof@heading=\toks39
\c@AM@survey=\count322
\AM@templatesizebox=\box67
) (C:\Users\ASUS\AppData\Local\Programs\MiKTeX\tex/latex/pgf/frontendlayer\tikz.sty (C:\Users\ASUS\AppData\Local\Programs\MiKTeX\tex/latex/pgf/basiclayer\pgf.sty (C:\Users\ASUS\AppData\Local\Programs\MiKTeX\tex/latex/pgf/utilities\pgfrcs.sty (C:\Users\ASUS\AppData\Local\Programs\MiKTeX\tex/generic/pgf/utilities\pgfutil-common.tex
\pgfutil@everybye=\toks40
\pgfutil@tempdima=\dimen189
\pgfutil@tempdimb=\dimen190
) (C:\Users\ASUS\AppData\Local\Programs\MiKTeX\tex/generic/pgf/utilities\pgfutil-latex.def
\pgfutil@abb=\box68
) (C:\Users\ASUS\AppData\Local\Programs\MiKTeX\tex/generic/pgf/utilities\pgfrcs.code.tex (C:\Users\ASUS\AppData\Local\Programs\MiKTeX\tex/generic/pgf\pgf.revision.tex)
Package: pgfrcs 2023-01-15 v3.1.10 (3.1.10)
))
Package: pgf 2023-01-15 v3.1.10 (3.1.10)
 (C:\Users\ASUS\AppData\Local\Programs\MiKTeX\tex/latex/pgf/basiclayer\pgfcore.sty (C:\Users\ASUS\AppData\Local\Programs\MiKTeX\tex/latex/pgf/systemlayer\pgfsys.sty (C:\Users\ASUS\AppData\Local\Programs\MiKTeX\tex/generic/pgf/systemlayer\pgfsys.code.tex
Package: pgfsys 2023-01-15 v3.1.10 (3.1.10)
 (C:\Users\ASUS\AppData\Local\Programs\MiKTeX\tex/generic/pgf/utilities\pgfkeys.code.tex
\pgfkeys@pathtoks=\toks41
\pgfkeys@temptoks=\toks42
 (C:\Users\ASUS\AppData\Local\Programs\MiKTeX\tex/generic/pgf/utilities\pgfkeyslibraryfiltered.code.tex
\pgfkeys@tmptoks=\toks43
))
\pgf@x=\dimen191
\pgf@y=\dimen192
\pgf@xa=\dimen193
\pgf@ya=\dimen194
\pgf@xb=\dimen195
\pgf@yb=\dimen196
\pgf@xc=\dimen197
\pgf@yc=\dimen198
\pgf@xd=\dimen199
\pgf@yd=\dimen256
\w@pgf@writea=\write3
\r@pgf@reada=\read3
\c@pgf@counta=\count323
\c@pgf@countb=\count324
\c@pgf@countc=\count325
\c@pgf@countd=\count326
\t@pgf@toka=\toks44
\t@pgf@tokb=\toks45
\t@pgf@tokc=\toks46
\pgf@sys@id@count=\count327
 (C:\Users\ASUS\AppData\Local\Programs\MiKTeX\tex/generic/pgf/systemlayer\pgf.cfg
File: pgf.cfg 2023-01-15 v3.1.10 (3.1.10)
)
Driver file for pgf: pgfsys-pdftex.def
 (C:\Users\ASUS\AppData\Local\Programs\MiKTeX\tex/generic/pgf/systemlayer\pgfsys-pdftex.def
File: pgfsys-pdftex.def 2023-01-15 v3.1.10 (3.1.10)
 (C:\Users\ASUS\AppData\Local\Programs\MiKTeX\tex/generic/pgf/systemlayer\pgfsys-common-pdf.def
File: pgfsys-common-pdf.def 2023-01-15 v3.1.10 (3.1.10)
))) (C:\Users\ASUS\AppData\Local\Programs\MiKTeX\tex/generic/pgf/systemlayer\pgfsyssoftpath.code.tex
File: pgfsyssoftpath.code.tex 2023-01-15 v3.1.10 (3.1.10)
\pgfsyssoftpath@smallbuffer@items=\count328
\pgfsyssoftpath@bigbuffer@items=\count329
) (C:\Users\ASUS\AppData\Local\Programs\MiKTeX\tex/generic/pgf/systemlayer\pgfsysprotocol.code.tex
File: pgfsysprotocol.code.tex 2023-01-15 v3.1.10 (3.1.10)
)) (C:\Users\ASUS\AppData\Local\Programs\MiKTeX\tex/latex/xcolor\xcolor.sty
Package: xcolor 2024/09/29 v3.02 LaTeX color extensions (UK)
 (C:\Users\ASUS\AppData\Local\Programs\MiKTeX\tex/latex/graphics-cfg\color.cfg
File: color.cfg 2016/01/02 v1.6 sample color configuration
)
Package xcolor Info: Driver file: pdftex.def on input line 274.
LaTeX Info: Redefining \color on input line 762.
 (C:\Users\ASUS\AppData\Local\Programs\MiKTeX\tex/latex/graphics\mathcolor.ltx)
Package xcolor Info: Model `cmy' substituted by `cmy0' on input line 1349.
Package xcolor Info: Model `hsb' substituted by `rgb' on input line 1353.
Package xcolor Info: Model `RGB' extended on input line 1365.
Package xcolor Info: Model `HTML' substituted by `rgb' on input line 1367.
Package xcolor Info: Model `Hsb' substituted by `hsb' on input line 1368.
Package xcolor Info: Model `tHsb' substituted by `hsb' on input line 1369.
Package xcolor Info: Model `HSB' substituted by `hsb' on input line 1370.
Package xcolor Info: Model `Gray' substituted by `gray' on input line 1371.
Package xcolor Info: Model `wave' substituted by `hsb' on input line 1372.
) (C:\Users\ASUS\AppData\Local\Programs\MiKTeX\tex/generic/pgf/basiclayer\pgfcore.code.tex
Package: pgfcore 2023-01-15 v3.1.10 (3.1.10)
 (C:\Users\ASUS\AppData\Local\Programs\MiKTeX\tex/generic/pgf/math\pgfmath.code.tex (C:\Users\ASUS\AppData\Local\Programs\MiKTeX\tex/generic/pgf/math\pgfmathutil.code.tex) (C:\Users\ASUS\AppData\Local\Programs\MiKTeX\tex/generic/pgf/math\pgfmathparser.code.tex
\pgfmath@dimen=\dimen257
\pgfmath@count=\count330
\pgfmath@box=\box69
\pgfmath@toks=\toks47
\pgfmath@stack@operand=\toks48
\pgfmath@stack@operation=\toks49
) (C:\Users\ASUS\AppData\Local\Programs\MiKTeX\tex/generic/pgf/math\pgfmathfunctions.code.tex) (C:\Users\ASUS\AppData\Local\Programs\MiKTeX\tex/generic/pgf/math\pgfmathfunctions.basic.code.tex) (C:\Users\ASUS\AppData\Local\Programs\MiKTeX\tex/generic/pgf/math\pgfmathfunctions.trigonometric.code.tex) (C:\Users\ASUS\AppData\Local\Programs\MiKTeX\tex/generic/pgf/math\pgfmathfunctions.random.code.tex) (C:\Users\ASUS\AppData\Local\Programs\MiKTeX\tex/generic/pgf/math\pgfmathfunctions.comparison.code.tex) (C:\Users\ASUS\AppData\Local\Programs\MiKTeX\tex/generic/pgf/math\pgfmathfunctions.base.code.tex) (C:\Users\ASUS\AppData\Local\Programs\MiKTeX\tex/generic/pgf/math\pgfmathfunctions.round.code.tex) (C:\Users\ASUS\AppData\Local\Programs\MiKTeX\tex/generic/pgf/math\pgfmathfunctions.misc.code.tex) (C:\Users\ASUS\AppData\Local\Programs\MiKTeX\tex/generic/pgf/math\pgfmathfunctions.integerarithmetics.code.tex) (C:\Users\ASUS\AppData\Local\Programs\MiKTeX\tex/generic/pgf/math\pgfmathcalc.code.tex) (C:\Users\ASUS\AppData\Local\Programs\MiKTeX\tex/generic/pgf/math\pgfmathfloat.code.tex
\c@pgfmathroundto@lastzeros=\count331
)) (C:\Users\ASUS\AppData\Local\Programs\MiKTeX\tex/generic/pgf/math\pgfint.code.tex) (C:\Users\ASUS\AppData\Local\Programs\MiKTeX\tex/generic/pgf/basiclayer\pgfcorepoints.code.tex
File: pgfcorepoints.code.tex 2023-01-15 v3.1.10 (3.1.10)
\pgf@picminx=\dimen258
\pgf@picmaxx=\dimen259
\pgf@picminy=\dimen260
\pgf@picmaxy=\dimen261
\pgf@pathminx=\dimen262
\pgf@pathmaxx=\dimen263
\pgf@pathminy=\dimen264
\pgf@pathmaxy=\dimen265
\pgf@xx=\dimen266
\pgf@xy=\dimen267
\pgf@yx=\dimen268
\pgf@yy=\dimen269
\pgf@zx=\dimen270
\pgf@zy=\dimen271
) (C:\Users\ASUS\AppData\Local\Programs\MiKTeX\tex/generic/pgf/basiclayer\pgfcorepathconstruct.code.tex
File: pgfcorepathconstruct.code.tex 2023-01-15 v3.1.10 (3.1.10)
\pgf@path@lastx=\dimen272
\pgf@path@lasty=\dimen273
) (C:\Users\ASUS\AppData\Local\Programs\MiKTeX\tex/generic/pgf/basiclayer\pgfcorepathusage.code.tex
File: pgfcorepathusage.code.tex 2023-01-15 v3.1.10 (3.1.10)
\pgf@shorten@end@additional=\dimen274
\pgf@shorten@start@additional=\dimen275
) (C:\Users\ASUS\AppData\Local\Programs\MiKTeX\tex/generic/pgf/basiclayer\pgfcorescopes.code.tex
File: pgfcorescopes.code.tex 2023-01-15 v3.1.10 (3.1.10)
\pgfpic=\box70
\pgf@hbox=\box71
\pgf@layerbox@main=\box72
\pgf@picture@serial@count=\count332
) (C:\Users\ASUS\AppData\Local\Programs\MiKTeX\tex/generic/pgf/basiclayer\pgfcoregraphicstate.code.tex
File: pgfcoregraphicstate.code.tex 2023-01-15 v3.1.10 (3.1.10)
\pgflinewidth=\dimen276
) (C:\Users\ASUS\AppData\Local\Programs\MiKTeX\tex/generic/pgf/basiclayer\pgfcoretransformations.code.tex
File: pgfcoretransformations.code.tex 2023-01-15 v3.1.10 (3.1.10)
\pgf@pt@x=\dimen277
\pgf@pt@y=\dimen278
\pgf@pt@temp=\dimen279
) (C:\Users\ASUS\AppData\Local\Programs\MiKTeX\tex/generic/pgf/basiclayer\pgfcorequick.code.tex
File: pgfcorequick.code.tex 2023-01-15 v3.1.10 (3.1.10)
) (C:\Users\ASUS\AppData\Local\Programs\MiKTeX\tex/generic/pgf/basiclayer\pgfcoreobjects.code.tex
File: pgfcoreobjects.code.tex 2023-01-15 v3.1.10 (3.1.10)
) (C:\Users\ASUS\AppData\Local\Programs\MiKTeX\tex/generic/pgf/basiclayer\pgfcorepathprocessing.code.tex
File: pgfcorepathprocessing.code.tex 2023-01-15 v3.1.10 (3.1.10)
) (C:\Users\ASUS\AppData\Local\Programs\MiKTeX\tex/generic/pgf/basiclayer\pgfcorearrows.code.tex
File: pgfcorearrows.code.tex 2023-01-15 v3.1.10 (3.1.10)
\pgfarrowsep=\dimen280
) (C:\Users\ASUS\AppData\Local\Programs\MiKTeX\tex/generic/pgf/basiclayer\pgfcoreshade.code.tex
File: pgfcoreshade.code.tex 2023-01-15 v3.1.10 (3.1.10)
\pgf@max=\dimen281
\pgf@sys@shading@range@num=\count333
\pgf@shadingcount=\count334
) (C:\Users\ASUS\AppData\Local\Programs\MiKTeX\tex/generic/pgf/basiclayer\pgfcoreimage.code.tex
File: pgfcoreimage.code.tex 2023-01-15 v3.1.10 (3.1.10)
) (C:\Users\ASUS\AppData\Local\Programs\MiKTeX\tex/generic/pgf/basiclayer\pgfcoreexternal.code.tex
File: pgfcoreexternal.code.tex 2023-01-15 v3.1.10 (3.1.10)
\pgfexternal@startupbox=\box73
) (C:\Users\ASUS\AppData\Local\Programs\MiKTeX\tex/generic/pgf/basiclayer\pgfcorelayers.code.tex
File: pgfcorelayers.code.tex 2023-01-15 v3.1.10 (3.1.10)
) (C:\Users\ASUS\AppData\Local\Programs\MiKTeX\tex/generic/pgf/basiclayer\pgfcoretransparency.code.tex
File: pgfcoretransparency.code.tex 2023-01-15 v3.1.10 (3.1.10)
) (C:\Users\ASUS\AppData\Local\Programs\MiKTeX\tex/generic/pgf/basiclayer\pgfcorepatterns.code.tex
File: pgfcorepatterns.code.tex 2023-01-15 v3.1.10 (3.1.10)
) (C:\Users\ASUS\AppData\Local\Programs\MiKTeX\tex/generic/pgf/basiclayer\pgfcorerdf.code.tex
File: pgfcorerdf.code.tex 2023-01-15 v3.1.10 (3.1.10)
))) (C:\Users\ASUS\AppData\Local\Programs\MiKTeX\tex/generic/pgf/modules\pgfmoduleshapes.code.tex
File: pgfmoduleshapes.code.tex 2023-01-15 v3.1.10 (3.1.10)
\pgfnodeparttextbox=\box74
) (C:\Users\ASUS\AppData\Local\Programs\MiKTeX\tex/generic/pgf/modules\pgfmoduleplot.code.tex
File: pgfmoduleplot.code.tex 2023-01-15 v3.1.10 (3.1.10)
) (C:\Users\ASUS\AppData\Local\Programs\MiKTeX\tex/latex/pgf/compatibility\pgfcomp-version-0-65.sty
Package: pgfcomp-version-0-65 2023-01-15 v3.1.10 (3.1.10)
\pgf@nodesepstart=\dimen282
\pgf@nodesepend=\dimen283
) (C:\Users\ASUS\AppData\Local\Programs\MiKTeX\tex/latex/pgf/compatibility\pgfcomp-version-1-18.sty
Package: pgfcomp-version-1-18 2023-01-15 v3.1.10 (3.1.10)
)) (C:\Users\ASUS\AppData\Local\Programs\MiKTeX\tex/latex/pgf/utilities\pgffor.sty (C:\Users\ASUS\AppData\Local\Programs\MiKTeX\tex/latex/pgf/utilities\pgfkeys.sty (C:\Users\ASUS\AppData\Local\Programs\MiKTeX\tex/generic/pgf/utilities\pgfkeys.code.tex)) (C:\Users\ASUS\AppData\Local\Programs\MiKTeX\tex/latex/pgf/math\pgfmath.sty (C:\Users\ASUS\AppData\Local\Programs\MiKTeX\tex/generic/pgf/math\pgfmath.code.tex)) (C:\Users\ASUS\AppData\Local\Programs\MiKTeX\tex/generic/pgf/utilities\pgffor.code.tex
Package: pgffor 2023-01-15 v3.1.10 (3.1.10)
\pgffor@iter=\dimen284
\pgffor@skip=\dimen285
\pgffor@stack=\toks50
\pgffor@toks=\toks51
)) (C:\Users\ASUS\AppData\Local\Programs\MiKTeX\tex/generic/pgf/frontendlayer/tikz\tikz.code.tex
Package: tikz 2023-01-15 v3.1.10 (3.1.10)
 (C:\Users\ASUS\AppData\Local\Programs\MiKTeX\tex/generic/pgf/libraries\pgflibraryplothandlers.code.tex
File: pgflibraryplothandlers.code.tex 2023-01-15 v3.1.10 (3.1.10)
\pgf@plot@mark@count=\count335
\pgfplotmarksize=\dimen286
)
\tikz@lastx=\dimen287
\tikz@lasty=\dimen288
\tikz@lastxsaved=\dimen289
\tikz@lastysaved=\dimen290
\tikz@lastmovetox=\dimen291
\tikz@lastmovetoy=\dimen292
\tikzleveldistance=\dimen293
\tikzsiblingdistance=\dimen294
\tikz@figbox=\box75
\tikz@figbox@bg=\box76
\tikz@tempbox=\box77
\tikz@tempbox@bg=\box78
\tikztreelevel=\count336
\tikznumberofchildren=\count337
\tikznumberofcurrentchild=\count338
\tikz@fig@count=\count339
 (C:\Users\ASUS\AppData\Local\Programs\MiKTeX\tex/generic/pgf/modules\pgfmodulematrix.code.tex
File: pgfmodulematrix.code.tex 2023-01-15 v3.1.10 (3.1.10)
\pgfmatrixcurrentrow=\count340
\pgfmatrixcurrentcolumn=\count341
\pgf@matrix@numberofcolumns=\count342
)
\tikz@expandcount=\count343
 (C:\Users\ASUS\AppData\Local\Programs\MiKTeX\tex/generic/pgf/frontendlayer/tikz/libraries\tikzlibrarytopaths.code.tex
File: tikzlibrarytopaths.code.tex 2023-01-15 v3.1.10 (3.1.10)
))) (C:\Users\ASUS\AppData\Local\Programs\MiKTeX\tex/latex/cases\cases.sty
Package: cases 2020/03/29 ver 3.2
\numc@numwid=\dimen295
) (C:\Users\ASUS\AppData\Local\Programs\MiKTeX\tex/generic/pgf/frontendlayer/tikz/libraries\tikzlibrarymatrix.code.tex
File: tikzlibrarymatrix.code.tex 2023-01-15 v3.1.10 (3.1.10)
) (C:\Users\ASUS\AppData\Local\Programs\MiKTeX\tex/generic/pgf/frontendlayer/tikz/libraries\tikzlibraryarrows.code.tex
File: tikzlibraryarrows.code.tex 2023-01-15 v3.1.10 (3.1.10)
 (C:\Users\ASUS\AppData\Local\Programs\MiKTeX\tex/generic/pgf/libraries\pgflibraryarrows.code.tex
File: pgflibraryarrows.code.tex 2023-01-15 v3.1.10 (3.1.10)
\arrowsize=\dimen296
)) (C:\Users\ASUS\AppData\Local\Programs\MiKTeX\tex/generic/pgf/frontendlayer/tikz/libraries\tikzlibrarypositioning.code.tex
File: tikzlibrarypositioning.code.tex 2023-01-15 v3.1.10 (3.1.10)
) (C:\Users\ASUS\AppData\Local\Programs\MiKTeX\tex/generic/pgf/libraries\pgflibraryarrows.meta.code.tex
File: pgflibraryarrows.meta.code.tex 2023-01-15 v3.1.10 (3.1.10)
\pgfarrowinset=\dimen297
\pgfarrowlength=\dimen298
\pgfarrowwidth=\dimen299
\pgfarrowlinewidth=\dimen300
) (C:\Users\ASUS\AppData\Local\Programs\MiKTeX\tex/latex/enumitem\enumitem.sty
Package: enumitem 2025/02/06 v3.11 Customized lists
\labelindent=\skip68
\enit@outerparindent=\dimen301
\enit@toks=\toks52
\enit@inbox=\box79
\enit@count@id=\count344
\enitdp@description=\count345
) (C:\Users\ASUS\AppData\Local\Programs\MiKTeX\tex/latex/apacite\apacite.sty
Package: apacite 2013/07/21 v6.03 APA citation
\c@BibCnt=\count346
\bibleftmargin=\skip69
\bibindent=\skip70
\bibparsep=\skip71
\bibitemsep=\skip72
\biblabelsep=\skip73
) (C:\Users\ASUS\AppData\Local\Programs\MiKTeX\tex/latex/natbib\natbib.sty
Package: natbib 2010/09/13 8.31b (PWD, AO)
\bibhang=\skip74
\bibsep=\skip75
LaTeX Info: Redefining \cite on input line 694.
\c@NAT@ctr=\count347
)
LaTeX Info: Redefining \BBA on input line 32.
 (C:\Users\ASUS\AppData\Local\Programs\MiKTeX\tex/latex/booktabs\booktabs.sty
Package: booktabs 2020/01/12 v1.61803398 Publication quality tables
\heavyrulewidth=\dimen302
\lightrulewidth=\dimen303
\cmidrulewidth=\dimen304
\belowrulesep=\dimen305
\belowbottomsep=\dimen306
\aboverulesep=\dimen307
\abovetopsep=\dimen308
\cmidrulesep=\dimen309
\cmidrulekern=\dimen310
\defaultaddspace=\dimen311
\@cmidla=\count348
\@cmidlb=\count349
\@aboverulesep=\dimen312
\@belowrulesep=\dimen313
\@thisruleclass=\count350
\@lastruleclass=\count351
\@thisrulewidth=\dimen314
) (C:\Users\ASUS\AppData\Local\Programs\MiKTeX\tex/latex/titlesec\titlesec.sty
Package: titlesec 2025/01/04 v2.17 Sectioning titles
\ttl@box=\box80
\beforetitleunit=\skip76
\aftertitleunit=\skip77
\ttl@plus=\dimen315
\ttl@minus=\dimen316
\ttl@toksa=\toks53
\titlewidth=\dimen317
\titlewidthlast=\dimen318
\titlewidthfirst=\dimen319
) (C:\Users\ASUS\AppData\Local\Programs\MiKTeX\tex/latex/chngcntr\chngcntr.sty
Package: chngcntr 2018/04/09 v1.1a change counter resetting
Package chngcntr Info: \counterwithout already defined.
(chngcntr)             Quitting chngcntr on input line 21.
)
\c@teorema=\count352
 (C:\Users\ASUS\AppData\Local\Programs\MiKTeX\tex/latex/algorithms\algorithm.sty
Package: algorithm 2009/08/24 v0.1 Document Style `algorithm' - floating environment
\@float@every@algorithm=\toks54
\c@algorithm=\count353
) (C:\Users\ASUS\AppData\Local\Programs\MiKTeX\tex/latex/algorithmicx\algpseudocode.sty
Package: algpseudocode 
 (C:\Users\ASUS\AppData\Local\Programs\MiKTeX\tex/latex/algorithmicx\algorithmicx.sty
Package: algorithmicx 2005/04/27 v1.2 Algorithmicx

Document Style algorithmicx 1.2 - a greatly improved `algorithmic' style
\c@ALG@line=\count354
\c@ALG@rem=\count355
\c@ALG@nested=\count356
\ALG@tlm=\skip78
\ALG@thistlm=\skip79
\c@ALG@Lnr=\count357
\c@ALG@blocknr=\count358
\c@ALG@storecount=\count359
\c@ALG@tmpcounter=\count360
\ALG@tmplength=\skip80
)
Document Style - pseudocode environments for use with the `algorithmicx' style
) (C:\Users\ASUS\AppData\Local\Programs\MiKTeX\tex/latex/hyperref\hyperref.sty
Package: hyperref 2025-07-12 v7.01o Hypertext links for LaTeX
 (C:\Users\ASUS\AppData\Local\Programs\MiKTeX\tex/generic/iftex\iftex.sty
Package: iftex 2024/12/12 v1.0g TeX engine tests
) (C:\Users\ASUS\AppData\Local\Programs\MiKTeX\tex/latex/kvsetkeys\kvsetkeys.sty
Package: kvsetkeys 2022-10-05 v1.19 Key value parser (HO)
) (C:\Users\ASUS\AppData\Local\Programs\MiKTeX\tex/generic/kvdefinekeys\kvdefinekeys.sty
Package: kvdefinekeys 2019-12-19 v1.6 Define keys (HO)
) (C:\Users\ASUS\AppData\Local\Programs\MiKTeX\tex/generic/pdfescape\pdfescape.sty
Package: pdfescape 2019/12/09 v1.15 Implements pdfTeX's escape features (HO)
 (C:\Users\ASUS\AppData\Local\Programs\MiKTeX\tex/generic/ltxcmds\ltxcmds.sty
Package: ltxcmds 2023-12-04 v1.26 LaTeX kernel commands for general use (HO)
) (C:\Users\ASUS\AppData\Local\Programs\MiKTeX\tex/generic/pdftexcmds\pdftexcmds.sty
Package: pdftexcmds 2020-06-27 v0.33 Utility functions of pdfTeX for LuaTeX (HO)
 (C:\Users\ASUS\AppData\Local\Programs\MiKTeX\tex/generic/infwarerr\infwarerr.sty
Package: infwarerr 2019/12/03 v1.5 Providing info/warning/error messages (HO)
)
Package pdftexcmds Info: \pdf@primitive is available.
Package pdftexcmds Info: \pdf@ifprimitive is available.
Package pdftexcmds Info: \pdfdraftmode found.
)) (C:\Users\ASUS\AppData\Local\Programs\MiKTeX\tex/latex/hycolor\hycolor.sty
Package: hycolor 2020-01-27 v1.10 Color options for hyperref/bookmark (HO)
) (C:\Users\ASUS\AppData\Local\Programs\MiKTeX\tex/latex/hyperref\nameref.sty
Package: nameref 2025-06-21 v2.57 Cross-referencing by name of section
 (C:\Users\ASUS\AppData\Local\Programs\MiKTeX\tex/latex/refcount\refcount.sty
Package: refcount 2019/12/15 v3.6 Data extraction from label references (HO)
) (C:\Users\ASUS\AppData\Local\Programs\MiKTeX\tex/generic/gettitlestring\gettitlestring.sty
Package: gettitlestring 2019/12/15 v1.6 Cleanup title references (HO)
 (C:\Users\ASUS\AppData\Local\Programs\MiKTeX\tex/latex/kvoptions\kvoptions.sty
Package: kvoptions 2022-06-15 v3.15 Key value format for package options (HO)
))
\c@section@level=\count361
) (C:\Users\ASUS\AppData\Local\Programs\MiKTeX\tex/generic/stringenc\stringenc.sty
Package: stringenc 2019/11/29 v1.12 Convert strings between diff. encodings (HO)
)
\@linkdim=\dimen320
\Hy@linkcounter=\count362
\Hy@pagecounter=\count363
 (C:\Users\ASUS\AppData\Local\Programs\MiKTeX\tex/latex/hyperref\pd1enc.def
File: pd1enc.def 2025-07-12 v7.01o Hyperref: PDFDocEncoding definition (HO)
Now handling font encoding PD1 ...
... no UTF-8 mapping file for font encoding PD1
) (C:\Users\ASUS\AppData\Local\Programs\MiKTeX\tex/generic/intcalc\intcalc.sty
Package: intcalc 2019/12/15 v1.3 Expandable calculations with integers (HO)
)
\Hy@SavedSpaceFactor=\count364
 (C:\Users\ASUS\AppData\Local\Programs\MiKTeX\tex/latex/hyperref\puenc.def
File: puenc.def 2025-07-12 v7.01o Hyperref: PDF Unicode definition (HO)
Now handling font encoding PU ...
... no UTF-8 mapping file for font encoding PU
)
Package hyperref Info: Option `bookmarks' set `true' on input line 4066.
Package hyperref Info: Hyper figures OFF on input line 4195.
Package hyperref Info: Link nesting OFF on input line 4200.
Package hyperref Info: Hyper index ON on input line 4203.
Package hyperref Info: Plain pages OFF on input line 4210.
Package hyperref Info: Backreferencing OFF on input line 4215.
Package hyperref Info: Implicit mode ON; LaTeX internals redefined.
Package hyperref Info: Bookmarks ON on input line 4462.
\c@Hy@tempcnt=\count365
 (C:\Users\ASUS\AppData\Local\Programs\MiKTeX\tex/latex/url\url.sty
\Urlmuskip=\muskip18
Package: url 2013/09/16  ver 3.4  Verb mode for urls, etc.
)
LaTeX Info: Redefining \url on input line 4801.
\XeTeXLinkMargin=\dimen321
 (C:\Users\ASUS\AppData\Local\Programs\MiKTeX\tex/generic/bitset\bitset.sty
Package: bitset 2019/12/09 v1.3 Handle bit-vector datatype (HO)
 (C:\Users\ASUS\AppData\Local\Programs\MiKTeX\tex/generic/bigintcalc\bigintcalc.sty
Package: bigintcalc 2019/12/15 v1.5 Expandable calculations on big integers (HO)
))
\Fld@menulength=\count366
\Field@Width=\dimen322
\Fld@charsize=\dimen323
Package hyperref Info: Hyper figures OFF on input line 6078.
Package hyperref Info: Link nesting OFF on input line 6083.
Package hyperref Info: Hyper index ON on input line 6086.
Package hyperref Info: backreferencing OFF on input line 6093.
Package hyperref Info: Link coloring OFF on input line 6098.
Package hyperref Info: Link coloring with OCG OFF on input line 6103.
Package hyperref Info: PDF/A mode OFF on input line 6108.
\Hy@abspage=\count367
\c@Item=\count368
\c@Hfootnote=\count369
)
Package hyperref Info: Driver: hpdftex.
 (C:\Users\ASUS\AppData\Local\Programs\MiKTeX\tex/latex/hyperref\hpdftex.def
File: hpdftex.def 2025-07-12 v7.01o Hyperref driver for pdfTeX
\Fld@listcount=\count370
\c@bookmark@seq@number=\count371
 (C:\Users\ASUS\AppData\Local\Programs\MiKTeX\tex/latex/rerunfilecheck\rerunfilecheck.sty
Package: rerunfilecheck 2025-06-21 v1.11 Rerun checks for auxiliary files (HO)
 (C:\Users\ASUS\AppData\Local\Programs\MiKTeX\tex/generic/uniquecounter\uniquecounter.sty
Package: uniquecounter 2019/12/15 v1.4 Provide unlimited unique counter (HO)
)
Package uniquecounter Info: New unique counter `rerunfilecheck' on input line 284.
)
\Hy@SectionHShift=\skip81
) (C:\Users\ASUS\AppData\Local\Programs\MiKTeX\tex/latex/tikz-cd\tikz-cd.sty
Package: tikz-cd 2021/05/04 v1.0 Commutative diagrams with TikZ
 (C:\Users\ASUS\AppData\Local\Programs\MiKTeX\tex/latex/tikz-cd\tikzlibrarycd.code.tex (C:\Users\ASUS\AppData\Local\Programs\MiKTeX\tex/generic/pgf/frontendlayer/tikz/libraries\tikzlibraryquotes.code.tex
File: tikzlibraryquotes.code.tex 2023-01-15 v3.1.10 (3.1.10)
)))) (C:\Users\ASUS\AppData\Local\Programs\MiKTeX\tex/latex/tools\bm.sty
Package: bm 2023/12/19 v1.2f Bold Symbol Support (DPC/FMi)
\symboldoperators=\mathgroup7
\symboldletters=\mathgroup8
\symboldsymbols=\mathgroup9
Package bm Info: No bold for \OMX/cmex/m/n, using \pmb.
\symboldlasy=\mathgroup10
Package bm Info: No bold for \U/msa/m/n, using \pmb.
Package bm Info: No bold for \U/msb/m/n, using \pmb.
LaTeX Font Info:    Redeclaring math alphabet \mathbf on input line 149.
)
LaTeX Font Info:    Trying to load font information for OT1+ptm on input line 29.
 (C:\Users\ASUS\AppData\Local\Programs\MiKTeX\tex/latex/psnfss\ot1ptm.fd
File: ot1ptm.fd 2001/06/04 font definitions for OT1/ptm.
) (C:\Users\ASUS\AppData\Local\Programs\MiKTeX\tex/latex/l3backend\l3backend-pdftex.def
File: l3backend-pdftex.def 2025-06-09 L3 backend support: PDF output (pdfTeX)
\l__color_backend_stack_int=\count372
) (d:\Semester VII\Tugas Akhir\Naskah\FILE SKRIPSI\TA 2\out\TA2.aux)
\openout1 = `TA2.aux'.

LaTeX Font Info:    Checking defaults for OML/cmm/m/it on input line 29.
LaTeX Font Info:    ... okay on input line 29.
LaTeX Font Info:    Checking defaults for OMS/cmsy/m/n on input line 29.
LaTeX Font Info:    ... okay on input line 29.
LaTeX Font Info:    Checking defaults for OT1/cmr/m/n on input line 29.
LaTeX Font Info:    ... okay on input line 29.
LaTeX Font Info:    Checking defaults for T1/cmr/m/n on input line 29.
LaTeX Font Info:    ... okay on input line 29.
LaTeX Font Info:    Checking defaults for TS1/cmr/m/n on input line 29.
LaTeX Font Info:    ... okay on input line 29.
LaTeX Font Info:    Checking defaults for OMX/cmex/m/n on input line 29.
LaTeX Font Info:    ... okay on input line 29.
LaTeX Font Info:    Checking defaults for U/cmr/m/n on input line 29.
LaTeX Font Info:    ... okay on input line 29.
LaTeX Font Info:    Checking defaults for PD1/pdf/m/n on input line 29.
LaTeX Font Info:    ... okay on input line 29.
LaTeX Font Info:    Checking defaults for PU/pdf/m/n on input line 29.
LaTeX Font Info:    ... okay on input line 29.
 (C:\Users\ASUS\AppData\Local\Programs\MiKTeX\tex/context/base/mkii\supp-pdf.mkii
[Loading MPS to PDF converter (version 2006.09.02).]
\scratchcounter=\count373
\scratchdimen=\dimen324
\scratchbox=\box81
\nofMPsegments=\count374
\nofMParguments=\count375
\everyMPshowfont=\toks55
\MPscratchCnt=\count376
\MPscratchDim=\dimen325
\MPnumerator=\count377
\makeMPintoPDFobject=\count378
\everyMPtoPDFconversion=\toks56
) (C:\Users\ASUS\AppData\Local\Programs\MiKTeX\tex/latex/epstopdf-pkg\epstopdf-base.sty
Package: epstopdf-base 2020-01-24 v2.11 Base part for package epstopdf
Package epstopdf-base Info: Redefining graphics rule for `.eps' on input line 485.
 (C:\Users\ASUS\AppData\Local\Programs\MiKTeX\tex/latex/00miktex\epstopdf-sys.cfg
File: epstopdf-sys.cfg 2021/03/18 v2.0 Configuration of epstopdf for MiKTeX
))
\c@lstlisting=\count379
Package caption Info: Begin \AtBeginDocument code.
Package caption Info: hyperref package is loaded.
Package caption Info: End \AtBeginDocument code.
 (C:\Users\ASUS\AppData\Local\Programs\MiKTeX\tex/latex/pdflscape\pdflscape.sty
Package: pdflscape 2022-10-27 v0.13 Display of landscape pages in PDF
 (C:\Users\ASUS\AppData\Local\Programs\MiKTeX\tex/latex/pdflscape\pdflscape-nometadata.sty
Package: pdflscape-nometadata 2022-10-28 v0.13 Display of landscape pages in PDF (HO)
 (C:\Users\ASUS\AppData\Local\Programs\MiKTeX\tex/latex/graphics\lscape.sty
Package: lscape 2020/05/28 v3.02 Landscape Pages (DPC)
)
Package pdflscape Info: Auto-detected driver: pdftex on input line 81.
))
\c@maskedRefs=\count380


Package apacite Warning: No suitable language definition file (bahasa.apc) found.

Package hyperref Info: Link coloring OFF on input line 29.
(d:\Semester VII\Tugas Akhir\Naskah\FILE SKRIPSI\TA 2\out\TA2.out) (d:\Semester VII\Tugas Akhir\Naskah\FILE SKRIPSI\TA 2\out\TA2.out)
\@outlinefile=\write4
\openout4 = `TA2.out'.

<logougm.png, id=437, 110.5731pt x 112.2594pt>
File: logougm.png Graphic file (type png)
<use logougm.png>
Package pdftex.def Info: logougm.png  used on input line 30.
(pdftex.def)             Requested size: 156.49014pt x 158.89041pt.


[1

{C:/Users/ASUS/AppData/Local/MiKTeX/fonts/map/pdftex/pdftex.map}{C:/Users/ASUS/AppData/Local/Programs/MiKTeX/fonts/enc/dvips/base/8r.enc} <./logougm.png>]
File: logougm.png Graphic file (type png)
<use logougm.png>
Package pdftex.def Info: logougm.png  used on input line 30.
(pdftex.def)             Requested size: 156.49014pt x 158.89041pt.



pdfTeX warning (ext4): destination with the same identifier (name{page.i}) has been already used, duplicate ignored
<to be read again> 
                   \relax 
l.32 \approvalpage
                   [1]
LaTeX Font Info:    Trying to load font information for U+lasy on input line 32.
 (C:\Users\ASUS\AppData\Local\Programs\MiKTeX\tex/latex/base\ulasy.fd
File: ulasy.fd 1998/08/17 v2.2e LaTeX symbol font definitions
)
LaTeX Font Info:    Trying to load font information for U+msa on input line 32.
 (C:\Users\ASUS\AppData\Local\Programs\MiKTeX\tex/latex/amsfonts\umsa.fd
File: umsa.fd 2013/01/14 v3.01 AMS symbols A
)
LaTeX Font Info:    Trying to load font information for U+msb on input line 32.
 (C:\Users\ASUS\AppData\Local\Programs\MiKTeX\tex/latex/amsfonts\umsb.fd
File: umsb.fd 2013/01/14 v3.01 AMS symbols B
)
LaTeX Font Info:    Font shape `U/lasy/b/n' in size <8> not available
(Font)              Font shape `U/lasy/m/n' tried instead on input line 32.
LaTeX Font Info:    Font shape `U/lasy/b/n' in size <6> not available
(Font)              Font shape `U/lasy/m/n' tried instead on input line 32.

Overfull \hbox (38.22636pt too wide) in paragraph at lines 32--32
 [][] 
 []


Overfull \hbox (38.22636pt too wide) in paragraph at lines 32--32
 [][] 
 []


Overfull \hbox (38.22636pt too wide) in paragraph at lines 32--32
 [][] 
 []



[2]
LaTeX Font Info:    Calculating math sizes for size <12.045> on input line 33.


LaTeX Font Warning: Font shape `OT1/cmr/m/n' in size <8.43146> not available
(Font)              size <8> substituted on input line 33.


LaTeX Font Warning: Font shape `OML/cmm/m/it' in size <8.43146> not available
(Font)              size <8> substituted on input line 33.


LaTeX Font Warning: Font shape `OMS/cmsy/m/n' in size <8.43146> not available
(Font)              size <8> substituted on input line 33.


LaTeX Font Warning: Font shape `U/lasy/m/n' in size <8.43146> not available
(Font)              size <8> substituted on input line 33.


LaTeX Font Warning: Font shape `OT1/cmr/bx/n' in size <8.43146> not available
(Font)              size <8> substituted on input line 33.


LaTeX Font Warning: Font shape `OML/cmm/b/it' in size <8.43146> not available
(Font)              size <8> substituted on input line 33.


LaTeX Font Warning: Font shape `OMS/cmsy/b/n' in size <8.43146> not available
(Font)              size <8> substituted on input line 33.

LaTeX Font Info:    Font shape `U/lasy/b/n' in size <8.43146> not available
(Font)              Font shape `U/lasy/m/n' tried instead on input line 33.

LaTeX Font Warning: Font shape `U/lasy/m/n' in size <8.43146> not available
(Font)              size <8> substituted on input line 33.

LaTeX Font Info:    Font shape `U/lasy/b/n' in size <6.02249> not available
(Font)              Font shape `U/lasy/m/n' tried instead on input line 33.

Overfull \hbox (34.4054pt too wide) in paragraph at lines 33--33
[][] 
 []


Underfull \hbox (badness 10000) in paragraph at lines 33--33

 []


Overfull \hbox (15.67642pt too wide) in paragraph at lines 33--33
[][] 
 []



[3]

[4


]

[5


]

[6

] (d:\Semester VII\Tugas Akhir\Naskah\FILE SKRIPSI\TA 2\out\TA2.toc

[7

]

[8]
Overfull \hbox (10.25446pt too wide) in paragraph at lines 76--76
 [] [][]\OT1/ptm/b/n/12 KERANGKA ME-TO-DO-LO-GIS DAN ANA-LI-SIS ASI-MTO-TIK RE-GRE- 
 []



[9])
\tf@toc=\write5
\openout5 = `TA2.toc'.



[10] (d:\Semester VII\Tugas Akhir\Naskah\FILE SKRIPSI\TA 2\out\TA2.lot)
\tf@lot=\write6
\openout6 = `TA2.lot'.



[11

] (d:\Semester VII\Tugas Akhir\Naskah\FILE SKRIPSI\TA 2\out\TA2.lof)
\tf@lof=\write7
\openout7 = `TA2.lof'.



[12

]
Underfull \hbox (badness 10000) in paragraph at lines 134--137

 []



[13


]
Underfull \hbox (badness 10000) in paragraph at lines 145--148

 []



[14


] (../BAB 1, 2, 5/Bab1.tex
BAB I.


[1


]

[2]

[3]
Overfull \hbox (2.54811pt too wide) in paragraph at lines 23--24
[]\OT1/ptm/m/n/12.045 mengevaluasi ki-ner-ja mo-del ter-ha-dap mo-del kon-ven-sio-nal (GTWR dan GWR)
 []



[4]
Underfull \hbox (badness 10000) in paragraph at lines 34--36

 []


Underfull \hbox (badness 10000) in paragraph at lines 36--38

 []


Underfull \hbox (badness 10000) in paragraph at lines 38--40

 []


Underfull \hbox (badness 10000) in paragraph at lines 40--42

 []


Underfull \hbox (badness 10000) in paragraph at lines 42--44

 []

) (../BAB 1, 2, 5/Bab2.tex

[5]
BAB II.


[6

]
Overfull \hbox (5.41139pt too wide) in paragraph at lines 45--47
\OT1/ptm/m/n/12.045 Dengan de-mi-ki-an, ke-be-ra-da-an in-vers adi-tif dan in-vers per-ka-li-an ju-ga ter-ja-min. Akhir-
 []



[7]
Overfull \hbox (0.23683pt too wide) in paragraph at lines 76--77
[][]\OT1/ptm/b/n/12.045 Definisi 2.1.4 \OT1/ptm/m/n/12.045 (\OT1/ptm/b/n/12.045 Matriks, []Lang[] []1987[]\OT1/ptm/m/n/12.045 ) []\OT1/ptm/m/it/12.045 Mi-salk-an $\OML/cmm/m/it/12 K$ \OT1/ptm/m/it/12.045 me-ru-pak-an la-pang-an dan $\OML/cmm/m/it/12 m; n \OMS/cmsy/m/n/12 ^^U
 []



[8]

[9]

[10]
Overfull \hbox (23.05402pt too wide) in paragraph at lines 156--158
\OT1/ptm/b/n/12.045 Bukti. \OT1/ptm/m/n/12.045 ($\OMS/cmsy/m/n/12 )$\OT1/ptm/m/n/12.045 ) Per-ta-ma an-da-ik-an bah-wa $\OT1/cmr/bx/n/12 v[]\OML/cmm/m/it/12 ; [] ; \OT1/cmr/bx/n/12 v[]$ \OT1/ptm/m/n/12.045 ada-lah ba-sis da-ri $\OML/cmm/m/it/12 V$\OT1/ptm/m/n/12.045 . Se-bab $\OMS/cmsy/m/n/12 f\OT1/cmr/bx/n/12 v[]\OML/cmm/m/it/12 ; [] ; \OT1/cmr/bx/n/12 v[]\OMS/cmsy/m/n/12 g$
 []



[11]
Overfull \hbox (2.53976pt too wide) in paragraph at lines 185--187
[][]\OT1/ptm/b/n/12.045 Definisi 2.1.13 \OT1/ptm/m/n/12.045 (\OT1/ptm/b/n/12.045 Dimensi, []Axler[] []2024[]\OT1/ptm/m/n/12.045 ) []\OT1/ptm/m/it/12.045 Di-men-si da-ri su-a-tu ru-ang vek-tor berdimensi-
 []



[12]

[13]

[14]

[15]

[16]

[17]

[18]

[19]

[20]

[21]

[22]

[23]

[24]

[25]

[26]

[27]

[28]

[29]

[30]

[31]
LaTeX Font Info:    Font shape `U/lasy/b/n' in size <7> not available
(Font)              Font shape `U/lasy/m/n' tried instead on input line 1044.
LaTeX Font Info:    Font shape `U/lasy/b/n' in size <5> not available
(Font)              Font shape `U/lasy/m/n' tried instead on input line 1044.


[32]
Overfull \hbox (0.48439pt too wide) in paragraph at lines 1104--1105
[]\OT1/ptm/m/n/12.045 Akan di-tun-jukk-an bah-wa $\OMS/cmsy/m/n/12 f\OML/cmm/m/it/12 T\OT1/cmr/bx/n/12 v[]\OML/cmm/m/it/12 ; T\OT1/cmr/bx/n/12 v[]\OML/cmm/m/it/12 ; [] ; T\OT1/cmr/bx/n/12 v[]\OMS/cmsy/m/n/12 g$ \OT1/ptm/m/n/12.045 ada-lah ba-sis un-tuk $[] \OML/cmm/m/it/12 T$\OT1/ptm/m/n/12.045 .
 []



[33]

[34]

[35]

[36]

[37]
Overfull \hbox (1.80821pt too wide) in paragraph at lines 1346--1347
 [][] 
 []



[38]
Overfull \hbox (6.8963pt too wide) in paragraph at lines 1395--1396
\OT1/ptm/m/n/12.045 vektor-vektor $\OT1/cmr/bx/n/12 v[]\OML/cmm/m/it/12 ; [] ; \OT1/cmr/bx/n/12 v[]$ \OT1/ptm/m/n/12.045 yang be-bas li-ne-ar se-de-mi-ki-an se-hing-ga $\OML/cmm/m/it/12 T\OT1/cmr/bx/n/12 v[]\OML/cmm/m/it/12 ; [] ; T\OT1/cmr/bx/n/12 v[]$
 []



[39]

[40]

[41]

[42]

[43]

[44]

[45]

[46]

[47]

[48]
LaTeX Font Info:    Trying to load font information for TS1+ptm on input line 1824.
 (C:\Users\ASUS\AppData\Local\Programs\MiKTeX\tex/latex/psnfss\ts1ptm.fd
File: ts1ptm.fd 2001/06/04 font definitions for TS1/ptm.
)

[49]

[50]
Overfull \hbox (27.87169pt too wide) in paragraph at lines 1900--1901
[]$\OML/cmm/m/it/12 ^^[$\OT1/ptm/m/n/12.045 -aljabar po-wer set: $\OMS/cmsy/m/n/12 F[] \OT1/cmr/m/n/12 = 2[] = \OMS/cmsy/m/n/12 f\U/msb/m/n/12.045 ?\OML/cmm/m/it/12 ; \OMS/cmsy/m/n/12 f\OT1/cmr/m/n/12 1\OMS/cmsy/m/n/12 g\OML/cmm/m/it/12 ; \OMS/cmsy/m/n/12 f\OT1/cmr/m/n/12 2\OMS/cmsy/m/n/12 g\OML/cmm/m/it/12 ; \OMS/cmsy/m/n/12 f\OT1/cmr/m/n/12 3\OMS/cmsy/m/n/12 g\OML/cmm/m/it/12 ; \OMS/cmsy/m/n/12 f\OT1/cmr/m/n/12 1\OML/cmm/m/it/12 ; \OT1/cmr/m/n/12 2\OMS/cmsy/m/n/12 g\OML/cmm/m/it/12 ; \OMS/cmsy/m/n/12 f\OT1/cmr/m/n/12 1\OML/cmm/m/it/12 ; \OT1/cmr/m/n/12 3\OMS/cmsy/m/n/12 g\OML/cmm/m/it/12 ; \OMS/cmsy/m/n/12 f\OT1/cmr/m/n/12 2\OML/cmm/m/it/12 ; \OT1/cmr/m/n/12 3\OMS/cmsy/m/n/12 g\OML/cmm/m/it/12 ; \OMS/cmsy/m/n/12 f\OT1/cmr/m/n/12 1\OML/cmm/m/it/12 ; \OT1/cmr/m/n/12 2\OML/cmm/m/it/12 ; \OT1/cmr/m/n/12 3\OMS/cmsy/m/n/12 gg$\OT1/ptm/m/n/12.045 .
 []



[51]

[52]

[53]
Overfull \hbox (30.34474pt too wide) in paragraph at lines 1975--1979
[][]\OT1/ptm/b/n/12.045 Definisi 2.2.10 \OT1/ptm/m/n/12.045 (\OT1/ptm/b/n/12.045 Variabel Acak\OT1/ptm/m/n/12.045 , ([]Du-dley[], []2002[])) []\OT1/ptm/m/it/12.045 Di-be-rik-an ru-ang pro-ba-bi-li-tas $\OT1/cmr/m/n/12 (
\OML/cmm/m/it/12 ; \OMS/cmsy/m/n/12 F\OML/cmm/m/it/12 ; []\OT1/cmr/m/n/12 )$
 []



[54]
Overfull \hbox (6.408pt too wide) in paragraph at lines 2008--2009
\OMS/cmsy/m/n/12 B\OT1/cmr/m/n/12 (\U/msb/m/n/12.045 R\OT1/cmr/m/n/12 )$\OT1/ptm/m/n/12.045 , ya-i-tu $\OML/cmm/m/it/12 B[] \OMS/cmsy/m/n/12 \ \OML/cmm/m/it/12 B[] \OT1/cmr/m/n/12 = \U/msb/m/n/12.045 ?$ \OT1/ptm/m/n/12.045 un-tuk $\OML/cmm/m/it/12 i \OMS/cmsy/m/n/12 6\OT1/cmr/m/n/12 = \OML/cmm/m/it/12 j$\OT1/ptm/m/n/12.045 . Ak-an di-tun-jukk-an bah-wa $\OMS/cmsy/m/n/12 f\OML/cmm/m/it/12 X[]\OT1/cmr/m/n/12 (\OML/cmm/m/it/12 B[]\OT1/cmr/m/n/12 )\OMS/cmsy/m/n/12 g[]$
 []



[55]

[56]

[57]

[58]
Overfull \hbox (5.94772pt too wide) in paragraph at lines 2121--2123
\OT1/cmr/m/n/12 [0\OML/cmm/m/it/12 ; n\OT1/cmr/m/n/12 ]$ \OT1/ptm/m/n/12.045 de-ngan $\OML/cmm/m/it/12 n \OMS/cmsy/m/n/12 2 \U/msb/m/n/12.045 Z[]$ \OT1/ptm/m/n/12.045 ada-lah fung-si se-der-ha-na yang meng-am-bil nilai-nilai $\OT1/cmr/m/n/12 0\OML/cmm/m/it/12 ; \OT1/cmr/m/n/12 1\OML/cmm/m/it/12 ; [] ; n$\OT1/ptm/m/n/12.045 . 
 []



[59]

[60]

[61]

[62]

[63]
Overfull \hbox (7.51326pt too wide) in paragraph at lines 2309--2310
[][]\OT1/ptm/b/n/12.045 Contoh 2.2.27 []\OT1/ptm/m/n/12.045 Mi-salk-an $\OML/cmm/m/it/12 X \OMS/cmsy/m/n/12 ^^X []\OT1/cmr/m/n/12 (1)$ \OT1/ptm/m/n/12.045 de-ngan fung-si ke-pa-dat-an pro-ba-bi-li-tas $\OML/cmm/m/it/12 f[]\OT1/cmr/m/n/12 (\OML/cmm/m/it/12 x\OT1/cmr/m/n/12 ) =
 []



[64]
Overfull \hbox (4.49045pt too wide) in paragraph at lines 2315--2317
\OT1/ptm/m/n/12.045 Hasil ini di-pe-ro-leh de-ngan meng-gu-nak-an in-te-gral Gam-ma $\OT1/cmr/m/n/12 ^^@(\OML/cmm/m/it/12 n\OT1/cmr/m/n/12 ) = [][] \OML/cmm/m/it/12 x[]e[] dx \OT1/cmr/m/n/12 =
 []



[65]
Overfull \hbox (23.73698pt too wide) in paragraph at lines 2343--2344
[][]\OT1/ptm/b/n/12.045 Definisi 2.2.29 \OT1/ptm/m/n/12.045 (\OT1/ptm/b/n/12.045 Variansi\OT1/ptm/m/n/12.045 , ([]Bi-llings-ley[], []1995[])) []\OT1/ptm/m/it/12.045 Un-tuk va-ri-a-bel acak $\OML/cmm/m/it/12 X$ \OT1/ptm/m/it/12.045 de-ngan $\U/msb/m/n/12.045 E\OT1/cmr/m/n/12 [\OMS/cmsy/m/n/12 j\OML/cmm/m/it/12 X\OMS/cmsy/m/n/12 j[]\OT1/cmr/m/n/12 ] \OML/cmm/m/it/12 <
 []



[66]

[67]
Overfull \hbox (1.5411pt too wide) in paragraph at lines 2422--2423
[][]\OT1/ptm/b/n/12.045 Contoh 2.2.34 []\OT1/ptm/m/n/12.045 Mi-salk-an se-bu-ah da-du se-im-bang di-lem-par. De-fi-ni-sik-an ke-ja-di-an $\OML/cmm/m/it/12 A \OT1/cmr/m/n/12 =
 []


Overfull \hbox (21.4211pt too wide) in paragraph at lines 2443--2444
\OT1/ptm/m/n/12.045 De-fi-ni-sik-an $\OML/cmm/m/it/12 A \OT1/cmr/m/n/12 = \OMS/cmsy/m/n/12 f[]g$ \OT1/ptm/m/n/12.045 dan $\OML/cmm/m/it/12 B \OT1/cmr/m/n/12 = \OMS/cmsy/m/n/12 f[]g$\OT1/ptm/m/n/12.045 .
 []



[68]

[69]

[70]

[71]

[72]

[73]

[74]

[75]
Overfull \hbox (6.4948pt too wide) in paragraph at lines 2664--2670
[]\OT1/ptm/m/n/12.045 Analisis asi-mto-tik da-lam sta-tis-ti-ka me-mer-luk-an pe-ma-ham-an yang je-las meng-
 []



[76]

[77]

[78]

[79]

[80]

[81]

[82]

[83]
Overfull \hbox (28.88156pt too wide) detected at line 2980
[]\OT1/cmr/m/n/12 (\OMS/cmsy/m/n/12 j\OML/cmm/m/it/12 X[] \OMS/cmsy/m/n/12 ^^@ \OML/cmm/m/it/12 X\OMS/cmsy/m/n/12 j \OML/cmm/m/it/12 > \OT1/cmr/m/n/12 1) = [](\OMS/cmsy/m/n/12 j ^^@ \OML/cmm/m/it/12 X \OMS/cmsy/m/n/12 ^^@ \OML/cmm/m/it/12 X\OMS/cmsy/m/n/12 j \OML/cmm/m/it/12 > \OT1/cmr/m/n/12 1) = [](\OMS/cmsy/m/n/12 j\OT1/cmr/m/n/12 2\OML/cmm/m/it/12 X\OMS/cmsy/m/n/12 j \OML/cmm/m/it/12 > \OT1/cmr/m/n/12 1) = [](\OMS/cmsy/m/n/12 j\OML/cmm/m/it/12 X\OMS/cmsy/m/n/12 j \OML/cmm/m/it/12 > \OT1/cmr/m/n/12 0\OML/cmm/m/it/12 :\OT1/cmr/m/n/12 5) \OMS/cmsy/m/n/12 ^^Y \OT1/cmr/m/n/12 0\OML/cmm/m/it/12 :\OT1/cmr/m/n/12 617 \OMS/cmsy/m/n/12 6\OT1/cmr/m/n/12 = 0\OML/cmm/m/it/12 :
 []



[84]
Overfull \hbox (10.68513pt too wide) in paragraph at lines 2995--2997
[][]\OT1/ptm/b/n/12.045 Teorema 2.4.1 \OT1/ptm/m/n/12.045 (\OT1/ptm/b/it/12.045 Weak Law of Lar-ge Num-bers\OT1/ptm/m/n/12.045 , ([]Bi-llings-ley[], []1995[])) []\OT1/ptm/m/it/12.045 Mi-salk-an $\OMS/cmsy/m/n/12 f\OML/cmm/m/it/12 X[]\OMS/cmsy/m/n/12 g[]$
 []



[85]

[86]

[87]
Overfull \hbox (8.09334pt too wide) in paragraph at lines 3107--3108
[][]\OT1/ptm/b/n/12.045 Teorema 2.4.7 \OT1/ptm/m/n/12.045 (\OT1/ptm/b/n/12.045 Teorema Kon-ti-nu-i-tas L[]evy\OT1/ptm/m/n/12.045 , ([]Bi-llings-ley[], []1995[])) []\OT1/ptm/m/it/12.045 Mi-salk-an $\OMS/cmsy/m/n/12 f\OML/cmm/m/it/12 X[]\OMS/cmsy/m/n/12 g[]$
 []



[88]
Overfull \hbox (0.46535pt too wide) in paragraph at lines 3144--3145
[]\OT1/ptm/m/n/12.045 Berdasarkan te-o-re-ma Por-tman-te-au, $\OML/cmm/m/it/12 X[] [] X$ \OT1/ptm/m/n/12.045 eku-i-va-len de-ngan $\U/msb/m/n/12.045 E\OT1/cmr/m/n/12 [\OML/cmm/m/it/12 h\OT1/cmr/m/n/12 (\OML/cmm/m/it/12 X[]\OT1/cmr/m/n/12 )] \OMS/cmsy/m/n/12 !
 []



[89]

[90]
Overfull \hbox (18.26132pt too wide) in paragraph at lines 3196--3197
[]\OT1/ptm/m/n/12.045 Selanjutnya, se-bab $\OML/cmm/m/it/12 X[] [] X$\OT1/ptm/m/n/12.045 , ber-da-sark-an te-o-re-ma kon-ti-nu-i-tas L[]evy, $\OML/cmm/m/it/12 ^^^[]\OT1/cmr/m/n/12 (\OML/cmm/m/it/12 t[]\OT1/cmr/m/n/12 ) \OMS/cmsy/m/n/12 !
 []



[91]

[92]
Overfull \hbox (3.88977pt too wide) in paragraph at lines 3269--3270
[][]\OT1/ptm/b/n/12.045 Teorema 2.4.15 \OT1/ptm/m/n/12.045 (\OT1/ptm/b/n/12.045 Teorema Cram[]er--Wold\OT1/ptm/m/n/12.045 , ([]Bi-llings-ley[], []1995[])) []\OT1/ptm/m/it/12.045 Ba-ris-an vek-tor acak
 []



[93]
Overfull \hbox (12.34119pt too wide) in paragraph at lines 3297--3299
\OT1/ptm/m/n/12.045 berdasarkan TLP uni-va-ri-at. De-ngan te-o-re-ma Cram[]er--Wold, $[]\OT1/cmr/m/n/12 ([] \OMS/cmsy/m/n/12 ^^@ \OML/cmm/b/it/12 ^^V\OT1/cmr/m/n/12 ) [] \OMS/cmsy/m/n/12 N\OT1/cmr/m/n/12 (\OT1/cmr/bx/n/12 0\OML/cmm/m/it/12 ; \OT1/cmr/bx/n/12 ^^F\OT1/cmr/m/n/12 )$\OT1/ptm/m/n/12.045 . 
 []


Package hyperref Warning: Token not allowed in a PDF string (Unicode):
(hyperref)                removing `math shift' on input line 3301.


Package hyperref Warning: Token not allowed in a PDF string (Unicode):
(hyperref)                removing `math shift' on input line 3301.


Package hyperref Warning: Token not allowed in a PDF string (Unicode):
(hyperref)                removing `math shift' on input line 3301.


Package hyperref Warning: Token not allowed in a PDF string (Unicode):
(hyperref)                removing `math shift' on input line 3301.



[94]

[95]

[96]

Package hyperref Warning: Token not allowed in a PDF string (Unicode):
(hyperref)                removing `math shift' on input line 3401.


Package hyperref Warning: Token not allowed in a PDF string (Unicode):
(hyperref)                removing `math shift' on input line 3401.


Package hyperref Warning: Token not allowed in a PDF string (Unicode):
(hyperref)                removing `math shift' on input line 3401.


Package hyperref Warning: Token not allowed in a PDF string (Unicode):
(hyperref)                removing `math shift' on input line 3401.



[97]
Overfull \hbox (15.12pt too wide) in paragraph at lines 3421--3422
[][]\OT1/ptm/b/n/12.045 Contoh 2.4.24 []\OT1/ptm/m/n/12.045 Mi-salk-an $\OML/cmm/m/it/12 X[]; X[]; []$ \OT1/ptm/m/n/12.045 ada-lah ba-ris-an va-ri-a-bel acak i.i.d. de-ngan $\U/msb/m/n/12.045 E\OT1/cmr/m/n/12 [\OML/cmm/m/it/12 X[]\OT1/cmr/m/n/12 ] =
 []



[98]
Overfull \hbox (15.12pt too wide) in paragraph at lines 3468--3469
[][]\OT1/ptm/b/n/12.045 Contoh 2.4.27 []\OT1/ptm/m/n/12.045 Mi-salk-an $\OML/cmm/m/it/12 X[]; X[]; []$ \OT1/ptm/m/n/12.045 ada-lah ba-ris-an va-ri-a-bel acak i.i.d. de-ngan $\U/msb/m/n/12.045 E\OT1/cmr/m/n/12 [\OML/cmm/m/it/12 X[]\OT1/cmr/m/n/12 ] =
 []



[99]

[100]

[101]
Overfull \hbox (1.39494pt too wide) in paragraph at lines 3553--3554
\OML/cmm/m/it/12 M\OT1/cmr/m/n/12 ) \OML/cmm/m/it/12 < "$ \OT1/ptm/m/n/12.045 ka-re-na kon-ver-gen-si da-lam dis-tri-bu-si. De-ngan de-mi-ki-an, $\OML/cmm/m/it/12 X[] \OT1/cmr/m/n/12 = \OMS/cmsy/m/n/12 O[]\OT1/cmr/m/n/12 (1)$\OT1/ptm/m/n/12.045 . 
 []



[102]

[103]

[104]

[105]

[106]
Overfull \hbox (45.49687pt too wide) in paragraph at lines 3711--3712
[]\OT1/ptm/m/n/12.045 Dengan meng-am-bil li-mit $\OML/cmm/m/it/12 n \OMS/cmsy/m/n/12 ! 1$ \OT1/ptm/m/n/12.045 dan meng-gu-nak-an fak-ta bah-wa $[][] [][] \OT1/cmr/m/n/12 =
 []


Overfull \hbox (11.30302pt too wide) in paragraph at lines 3717--3718
[]\OT1/ptm/m/n/12.045 Berdasarkan te-o-re-ma kon-ti-nu-i-tas L[]evy, kon-ver-gen-si fung-si ka-rak-te-ris-tik meng-
 []



[107]
Overfull \hbox (6.13199pt too wide) in paragraph at lines 3749--3750
[][]\OT1/ptm/b/n/12.045 Teorema 2.4.36 \OT1/ptm/m/n/12.045 (\OT1/ptm/b/n/12.045 Teorema Lin-de-ber-g--L[]evy\OT1/ptm/m/n/12.045 , ([]Bi-llings-ley[], []1995[])) []\OT1/ptm/m/it/12.045 Mi-salk-an $\OMS/cmsy/m/n/12 f\OML/cmm/m/it/12 X[]\OMS/cmsy/m/n/12 g[]$
 []


Overfull \hbox (4.36455pt too wide) in paragraph at lines 3768--3769
[][]\OT1/ptm/b/n/12.045 Teorema 2.4.37 \OT1/ptm/m/n/12.045 (\OT1/ptm/b/n/12.045 Teorema Lin-de-ber-g--Fe-ller\OT1/ptm/m/n/12.045 , ([]Bi-llings-ley[], []1995[])) []\OT1/ptm/m/it/12.045 Mi-salk-an $\OMS/cmsy/m/n/12 f\OML/cmm/m/it/12 X[] \OT1/cmr/m/n/12 :
 []



[108]

[109]

[110]

[111]
Overfull \hbox (3.83754pt too wide) in paragraph at lines 3879--3880
[]\OT1/ptm/m/n/12.045 Berdasarkan Te-o-re-ma Li-mit Pu-sat, $[]\OT1/cmr/m/n/12 ([] \OMS/cmsy/m/n/12 ^^@ \OML/cmm/m/it/12 ^^V\OT1/cmr/m/n/12 ) \OMS/cmsy/m/n/12 ) N\OT1/cmr/m/n/12 (0\OML/cmm/m/it/12 ; ^^[[]\OT1/cmr/m/n/12 )$\OT1/ptm/m/n/12.045 . De-ngan $\OML/cmm/m/it/12 g\OT1/cmr/m/n/12 (\OML/cmm/m/it/12 x\OT1/cmr/m/n/12 ) =
 []



[112]

[113]

[114]

[115]

[116]

[117]

[118]
Overfull \hbox (4.41943pt too wide) in paragraph at lines 4123--4124
[][]\OT1/ptm/b/n/12.045 Teorema 2.5.7 \OT1/ptm/m/n/12.045 (\OT1/ptm/b/n/12.045 Konsistensi Pen-du-ga Va-ri-an-si, ([]Gre-e-ne[], []2002[])\OT1/ptm/m/n/12.045 ) []\OT1/ptm/m/it/12.045 Di ba-wah kondisi-
 []


Overfull \hbox (2.55296pt too wide) in paragraph at lines 4130--4132
\OT1/ptm/b/n/12.045 Bukti. \OT1/ptm/m/n/12.045 De-fi-ni-sik-an re-si-du-al $[] \OT1/cmr/m/n/12 = \OML/cmm/b/it/12 y \OMS/cmsy/m/n/12 ^^@ \OML/cmm/b/it/12 X[] \OT1/cmr/m/n/12 = \OML/cmm/b/it/12 My$ \OT1/ptm/m/n/12.045 de-ngan $\OML/cmm/b/it/12 M \OT1/cmr/m/n/12 = \OML/cmm/b/it/12 I \OMS/cmsy/m/n/12 ^^@ \OML/cmm/b/it/12 X\OT1/cmr/m/n/12 (\OML/cmm/b/it/12 X[]X\OT1/cmr/m/n/12 )[]\OML/cmm/b/it/12 X[]$
 []



[119]
Overfull \hbox (25.11385pt too wide) detected at line 4142
[][][]\U/msb/m/n/12.045 E\OT1/cmr/m/n/12 [[][]] = \U/msb/m/n/12.045 E\OT1/cmr/m/n/12 [[](\OML/cmm/b/it/12 "[]M"\OT1/cmr/m/n/12 )] = \U/msb/m/n/12.045 E\OT1/cmr/m/n/12 [[](\OML/cmm/b/it/12 M""[]\OT1/cmr/m/n/12 )] = [](\OML/cmm/b/it/12 M\U/msb/m/n/12.045 E\OT1/cmr/m/n/12 [\OML/cmm/b/it/12 ""[]\OT1/cmr/m/n/12 ]) = \OML/cmm/m/it/12 ^^[[][]\OT1/cmr/m/n/12 (\OML/cmm/b/it/12 M\OT1/cmr/m/n/12 ) = \OML/cmm/m/it/12 ^^[[]\OT1/cmr/m/n/12 (\OML/cmm/m/it/12 n \OMS/cmsy/m/n/12 ^^@ \OML/cmm/m/it/12 p \OMS/cmsy/m/n/12 ^^@ \OT1/cmr/m/n/12 1)\OML/cmm/m/it/12 :
 []



[120]

[121]
Overfull \hbox (27.9566pt too wide) in paragraph at lines 4204--4205
[]\OT1/ptm/b/n/12.045 Distribusi asi-mto-tik: \OT1/ptm/m/n/12.045 Da-ri nor-ma-li-tas asi-mto-tik, $[]\OT1/cmr/m/n/12 ([] \OMS/cmsy/m/n/12 ^^@ \OML/cmm/m/it/12 ^^L[]\OT1/cmr/m/n/12 ) [] \OMS/cmsy/m/n/12 N\OT1/cmr/m/n/12 (0\OML/cmm/m/it/12 ; ^^[[]\OT1/cmr/m/n/12 [\OML/cmm/b/it/12 Q[]\OT1/cmr/m/n/12 ][])$\OT1/ptm/m/n/12.045 .
 []


Overfull \hbox (22.88579pt too wide) in paragraph at lines 4224--4225
[]\OT1/ptm/b/n/12.045 Distribusi ek-sak: \OT1/ptm/m/n/12.045 Di ba-wah $\OML/cmm/m/it/12 H[]$ \OT1/ptm/m/n/12.045 dan nor-ma-li-tas, $\OML/cmm/b/it/12 R[] \OMS/cmsy/m/n/12 ^^X N\OT1/cmr/m/n/12 (\OML/cmm/b/it/12 r\OML/cmm/m/it/12 ; ^^[[]\OML/cmm/b/it/12 R\OT1/cmr/m/n/12 (\OML/cmm/b/it/12 X[]X\OT1/cmr/m/n/12 )[]\OML/cmm/b/it/12 R[]\OT1/cmr/m/n/12 )$\OT1/ptm/m/n/12.045 .
 []



[122]

Package natbib Warning: Citation `' on page 123 undefined on input line 4240.


Overfull \hbox (6.40689pt too wide) in paragraph at lines 4268--4269
[][]\OT1/ptm/b/n/12.045 Teorema 2.5.13 \OT1/ptm/m/n/12.045 (\OT1/ptm/b/n/12.045 Uji Ra-sio Ke-mung-kin-an (\OT1/ptm/b/it/12.045 Li-ke-li-ho-od Ra-tio Test\OT1/ptm/b/n/12.045 ), ([]Gre-e-ne[], []2002[])\OT1/ptm/m/n/12.045 )
 []



[123]
Overfull \hbox (3.29333pt too wide) in paragraph at lines 4282--4284
\OT1/ptm/m/n/12.045 Penduga MLE un-tuk $\OML/cmm/m/it/12 ^^[[]$ \OT1/ptm/m/n/12.045 pa-da mo-del ti-dak ter-es-trik-si ada-lah $[] \OT1/cmr/m/n/12 = [](\OML/cmm/b/it/12 y \OMS/cmsy/m/n/12 ^^@ \OML/cmm/b/it/12 X[]\OT1/cmr/m/n/12 )[](\OML/cmm/b/it/12 y \OMS/cmsy/m/n/12 ^^@
 []


Overfull \hbox (10.15274pt too wide) in paragraph at lines 4299--4300
[][]\OT1/ptm/b/n/12.045 Teorema 2.5.14 \OT1/ptm/m/n/12.045 (\OT1/ptm/b/n/12.045 Uji Pe-nga-li La-gra-nge (\OT1/ptm/b/it/12.045 La-gra-nge Mul-ti-pli-er Test\OT1/ptm/b/n/12.045 ), ([]Gre-e-ne[], []2002[])\OT1/ptm/m/n/12.045 )
 []



[124]

[125]

[126]

[127]

[128]

[129]

[130]

[131]
Overfull \hbox (8.32217pt too wide) in paragraph at lines 4549--4551
\OT1/ptm/m/it/12.045 memiliki dis-tri-bu-si $\OML/cmm/m/it/12 t[]$ \OT1/ptm/m/it/12.045 se-ca-ra ek-sak di ba-wah nor-ma-li-tas ga-lat, dan $\OMS/cmsy/m/n/12 N\OT1/cmr/m/n/12 (0\OML/cmm/m/it/12 ; \OT1/cmr/m/n/12 1)$
 []


Package natbib Warning: Citation `fan1996' on page 132 undefined on input line 4573.


Package natbib Warning: Citation `wand1995' on page 132 undefined on input line 4573.



[132]
Overfull \hbox (0.85316pt too wide) in paragraph at lines 4576--4577
[][]\OT1/ptm/b/n/12.045 Definisi 2.6.1 \OT1/ptm/m/n/12.045 (\OT1/ptm/b/n/12.045 Model Re-gre-si Non-pa-ra-me-trik\OT1/ptm/m/n/12.045 ) []\OT1/ptm/m/it/12.045 Per-tim-bangk-an mo-del re-gre-si non-
 []



[133]

[134]

[135]

[136]

[137]

[138]
Overfull \hbox (4.12976pt too wide) in paragraph at lines 4780--4781
[][]\OT1/ptm/b/n/12.045 Akibat 2.6.11 \OT1/ptm/m/n/12.045 (\OT1/ptm/b/it/12.045 Bandwidth \OT1/ptm/b/n/12.045 Op-ti-mal\OT1/ptm/m/n/12.045 ) []Ban-dwi-dth \OT1/ptm/m/it/12.045 op-ti-mal yang me-mi-ni-mumk-an MSE
 []



[139]
Overfull \hbox (24.17339pt too wide) in paragraph at lines 4812--4814
\OT1/ptm/m/it/12.045 Secara eku-i-va-len, de-ngan men-de-fi-ni-sik-an bi-as asi-mto-tik $\OML/cmm/m/it/12 b\OT1/cmr/m/n/12 (\OML/cmm/m/it/12 x[]\OT1/cmr/m/n/12 ) = []\OML/cmm/m/it/12 h[]^^V[]\OT1/cmr/m/n/12 (\OML/cmm/m/it/12 K\OT1/cmr/m/n/12 )$\OT1/ptm/m/it/12.045 ,
 []



[140]
Overfull \hbox (6.44916pt too wide) in paragraph at lines 4834--4836
\OT1/ptm/m/n/12.045 Kondisi Lin-de-berg da-pat di-ve-ri-fi-ka-si de-ngan meng-gu-nak-an fak-ta bah-wa bo-bot $\OML/cmm/m/it/12 w[]\OT1/cmr/m/n/12 (\OML/cmm/m/it/12 x[]\OT1/cmr/m/n/12 )$
 []


Overfull \hbox (4.79128pt too wide) in paragraph at lines 4842--4843
[][]\OT1/ptm/b/n/12.045 Teorema 2.6.14 \OT1/ptm/m/n/12.045 (\OT1/ptm/b/n/12.045 Interval Kon-fi-den-si Asi-mto-tik\OT1/ptm/m/n/12.045 ) []\OT1/ptm/m/it/12.045 In-te-rval kon-fi-den-si asi-mto-tik ting-
 []



[141]

[142]

[143]

[144]

[145]

[146]

[147]
Overfull \hbox (13.11925pt too wide) in paragraph at lines 5396--5398
\OT1/ptm/m/n/12.045 Sebab $\OML/cmm/b/it/12 y[]\OT1/cmr/bx/n/12 W[]\OML/cmm/b/it/12 X^^L$ \OT1/ptm/m/n/12.045 ada-lah ska-lar, ma-ka $\OML/cmm/b/it/12 y[]\OT1/cmr/bx/n/12 W[]\OML/cmm/b/it/12 X^^L \OT1/cmr/m/n/12 = (\OML/cmm/b/it/12 y[]\OT1/cmr/bx/n/12 W[]\OML/cmm/b/it/12 X^^L\OT1/cmr/m/n/12 )[] = \OML/cmm/b/it/12 ^^L[]X[]\OT1/cmr/bx/n/12 W[]\OML/cmm/b/it/12 y \OT1/cmr/m/n/12 =
 []



[148]

[149]

[150]

[151]

[152]

[153]
Overfull \hbox (15.7797pt too wide) in paragraph at lines 5574--5576
\OT1/ptm/m/n/12.045 dengan $\OML/cmm/b/it/12 r[] \OT1/cmr/m/n/12 = (\OML/cmm/b/it/12 r[]\OML/cmm/m/it/12 ; [] ; \OML/cmm/b/it/12 r[]\OT1/cmr/m/n/12 )[]$ \OT1/ptm/m/n/12.045 ada-lah vek-tor su-ku si-sa. Se-bab $\OT1/cmr/m/n/12 (\OML/cmm/b/it/12 X[]\OT1/cmr/bx/n/12 W[]\OML/cmm/b/it/12 X\OT1/cmr/m/n/12 )[]\OML/cmm/b/it/12 X[]\OT1/cmr/bx/n/12 W[]\OML/cmm/b/it/12 X \OT1/cmr/m/n/12 =
 []



[154]
Overfull \hbox (8.89331pt too wide) in paragraph at lines 5602--5603
[]\OT1/ptm/m/n/12.045 Berdasarkan asum-si (G3), ga-lat $\OML/cmm/m/it/12 "[]; [] ; "[]$ \OT1/ptm/m/n/12.045 ber-si-fat in-de-pen-den de-ngan $\U/msb/m/n/12.045 E\OT1/cmr/m/n/12 [\OML/cmm/m/it/12 "[]\OT1/cmr/m/n/12 ] =
 []



[155]

[156]

[157]
Overfull \hbox (8.03185pt too wide) in paragraph at lines 5671--5672
[][]\OT1/ptm/b/n/12.045 Akibat 2.7.15 \OT1/ptm/m/n/12.045 (\OT1/ptm/b/n/12.045 Kondisi Ban-dwi-dth un-tuk Kon-sis-ten-si\OT1/ptm/m/n/12.045 ) []\OT1/ptm/m/it/12.045 Me-an Squ-a-red Er-ror (MSE)
 []



[158]
Overfull \hbox (6.08598pt too wide) in paragraph at lines 5729--5730
[]\OT1/ptm/m/n/12.045 Di ba-wah kon-di-si kon-sis-ten-si, es-ti-ma-tor GWR kon-sis-ten se-hing-ga $\OT1/cmr/m/n/12 (\OT1/cmr/bx/n/12 I \OMS/cmsy/m/n/12 ^^@ \OT1/cmr/bx/n/12 S\OT1/cmr/m/n/12 )\OML/cmm/b/it/12 ^^V []
 []


Overfull \hbox (2.35928pt too wide) in paragraph at lines 5737--5738
[][]\OT1/ptm/b/n/12.045 Teorema 2.7.18 \OT1/ptm/m/n/12.045 (\OT1/ptm/b/n/12.045 Normalitas Asi-mto-tik Es-ti-ma-tor GWR\OT1/ptm/m/n/12.045 ) []\OT1/ptm/m/it/12.045 Di ba-wah asum-si (G1)--
 []



[159]

[160]
Overfull \hbox (7.77905pt too wide) in paragraph at lines 5790--5791
[][]\OT1/ptm/b/n/12.045 Teorema 2.7.19 \OT1/ptm/m/n/12.045 (\OT1/ptm/b/n/12.045 Uji Sig-ni-fi-kan-si Ko-e-fi-si-en Lo-kal\OT1/ptm/m/n/12.045 ) []\OT1/ptm/m/it/12.045 Un-tuk meng-u-ji $\OML/cmm/m/it/12 H[] \OT1/cmr/m/n/12 : \OML/cmm/m/it/12 ^^L[]\OT1/cmr/m/n/12 (\OML/cmm/m/it/12 u[]; v[]\OT1/cmr/m/n/12 ) =
 []



[161]

[162]
Overfull \hbox (13.83539pt too wide) in paragraph at lines 5839--5840
[]\OT1/ptm/m/n/12.045 Untuk mo-del OLS, ma-triks to-pi ada-lah $\OT1/cmr/bx/n/12 H \OT1/cmr/m/n/12 = \OML/cmm/b/it/12 X\OT1/cmr/m/n/12 (\OML/cmm/b/it/12 X[]X\OT1/cmr/m/n/12 )[]\OML/cmm/b/it/12 X[]$ \OT1/ptm/m/n/12.045 de-ngan $[]\OT1/cmr/m/n/12 (\OT1/cmr/bx/n/12 H\OT1/cmr/m/n/12 ) =
 []


Overfull \hbox (10.7645pt too wide) in paragraph at lines 5847--5848
[]\OT1/ptm/m/n/12.045 Di ba-wah $\OML/cmm/m/it/12 H[]$ \OT1/ptm/m/n/12.045 de-ngan ga-lat nor-mal $\OML/cmm/b/it/12 " \OMS/cmsy/m/n/12 ^^X N\OT1/cmr/m/n/12 (\OT1/cmr/bx/n/12 0\OML/cmm/m/it/12 ; ^^[[]\OT1/cmr/bx/n/12 I\OT1/cmr/m/n/12 )$\OT1/ptm/m/n/12.045 , ben-tuk ku-a-dra-tik $\OML/cmm/b/it/12 y[]\OT1/cmr/bx/n/12 A\OML/cmm/b/it/12 y\OML/cmm/m/it/12 =^^[[]$
 []


Overfull \hbox (19.064pt too wide) in paragraph at lines 5860--5862
[]\OT1/ptm/m/n/12.045 Dengan meng-gu-nak-an ap-rok-si-ma-si dis-tri-bu-si $\OML/cmm/m/it/12 F$\OT1/ptm/m/n/12.045 , sta-tis-tik uji meng-i-ku-ti $\OML/cmm/m/it/12 F\OT1/cmr/m/n/12 (\OML/cmm/m/it/12 ^^W[]; ^^W[]\OT1/cmr/m/n/12 )$
 []



[163]

[164]

[165]
Overfull \hbox (47.26118pt too wide) in paragraph at lines 5940--5941
[]\OT1/ptm/b/n/12.045 Derajat be-bas efek-tif: \OT1/ptm/m/n/12.045 Da-lam re-gre-si OLS stan-dar, ma-triks to-pi $\OT1/cmr/bx/n/12 H \OT1/cmr/m/n/12 = \OML/cmm/b/it/12 X\OT1/cmr/m/n/12 (\OML/cmm/b/it/12 X[]X\OT1/cmr/m/n/12 )[]\OML/cmm/b/it/12 X[]$
 []


Overfull \hbox (2.94084pt too wide) in paragraph at lines 5944--5945
\OT1/ptm/m/n/12.045 ma-triks $\OML/cmm/b/it/12 X[]\OT1/cmr/bx/n/12 W[]\OML/cmm/b/it/12 X$ \OT1/ptm/m/n/12.045 di-gu-nak-an un-tuk meng-es-ti-ma-si ko-e-fi-si-en lo-kal. In-deks kon-
 []



[166]

[167]

[168]

[169]

[170]
Overfull \hbox (1.66049pt too wide) in paragraph at lines 6125--6128
\OT1/ptm/m/n/12.045 tuk meng-hi-tung gra-di-en fung-si ke-ru-gi-an $\OML/cmm/m/it/12 L$\OT1/ptm/m/n/12.045 . De-ngan no-ta-si $\OML/cmm/b/it/12 z[] \OT1/cmr/m/n/12 = \OT1/cmr/bx/n/12 W[]\OML/cmm/b/it/12 a[] \OT1/cmr/m/n/12 +
 []



[171]

[172]

[173]

[174]

[175]

[176]

[177]

[178]

[179]
Overfull \hbox (12.47086pt too wide) in paragraph at lines 6383--6384
\OT1/ptm/m/n/12.045 ada-lah ru-ang Ba-na-ch. Hal ini ka-re-na ji-ka $\OMS/cmsy/m/n/12 f\OML/cmm/m/it/12 f[]\OMS/cmsy/m/n/12 g$ \OT1/ptm/m/n/12.045 ada-lah ba-ris-an Ca-u-chy da-lam $\OML/cmm/m/it/12 C\OT1/cmr/m/n/12 ([0\OML/cmm/m/it/12 ; \OT1/cmr/m/n/12 1][])$\OT1/ptm/m/n/12.045 ,
 []



[180]

[181]

[182]
Overfull \hbox (21.95499pt too wide) in paragraph at lines 6476--6477
[][]\OT1/ptm/b/n/12.045 Teorema 2.8.45 \OT1/ptm/m/n/12.045 (\OT1/ptm/b/n/12.045 Teorema Kon-ver-gen-si Ter-do-mi-na-si (Le-be-sgue)\OT1/ptm/m/n/12.045 ) []\OT1/ptm/m/it/12.045 Mi-salk-an $\OT1/cmr/m/n/12 (\OML/cmm/m/it/12 X; \OMS/cmsy/m/n/12 A\OML/cmm/m/it/12 ; ^^V\OT1/cmr/m/n/12 )$
 []



[183]
Overfull \hbox (1.39194pt too wide) in paragraph at lines 6500--6501
[]\OT1/ptm/b/n/12.045 Langkah 1: Li-mit Fung-si Tang-ga. \OT1/ptm/m/n/12.045 Un-tuk $\OML/cmm/b/it/12 w \OMS/cmsy/m/n/12 6\OT1/cmr/m/n/12 = \OT1/cmr/bx/n/12 0$ \OT1/ptm/m/n/12.045 te-tap, de-fi-ni-sik-an $\OML/cmm/m/it/12 ^^M[]\OT1/cmr/m/n/12 (\OML/cmm/b/it/12 x\OT1/cmr/m/n/12 ) =
 []



[184]
Overfull \hbox (39.92146pt too wide) detected at line 6531
\OMS/cmsy/m/n/12 S \OT1/cmr/m/n/12 = [] \OML/cmm/m/it/12 :
 []



[185]
Overfull \hbox (35.99084pt too wide) in paragraph at lines 6570--6573
\OT1/ptm/m/it/12.045 disebut ma-triks ke-te-tang-ga-an. Ma-triks de-ra-jat di-de-fi-ni-sik-an se-ba-gai $\OT1/cmr/bx/n/12 D \OT1/cmr/m/n/12 = [](\OML/cmm/m/it/12 d[]; [] ; d[]\OT1/cmr/m/n/12 )$\OT1/ptm/m/it/12.045 ,
 []


Overfull \hbox (19.2864pt too wide) in paragraph at lines 6576--6577
[][]\OT1/ptm/b/n/12.045 Contoh 2.9.2 []\OT1/ptm/m/n/12.045 Graf $\OMS/cmsy/m/n/12 G \OT1/cmr/m/n/12 = (\OMS/cmsy/m/n/12 V\OML/cmm/m/it/12 ; \OMS/cmsy/m/n/12 E\OT1/cmr/m/n/12 )$ \OT1/ptm/m/n/12.045 de-ngan $\OMS/cmsy/m/n/12 jVj \OT1/cmr/m/n/12 = 4$ \OT1/ptm/m/n/12.045 dan si-si $\OMS/cmsy/m/n/12 E \OT1/cmr/m/n/12 = \OMS/cmsy/m/n/12 f\OT1/cmr/m/n/12 (1\OML/cmm/m/it/12 ; \OT1/cmr/m/n/12 2)\OML/cmm/m/it/12 ; \OT1/cmr/m/n/12 (2\OML/cmm/m/it/12 ; \OT1/cmr/m/n/12 3)\OML/cmm/m/it/12 ; \OT1/cmr/m/n/12 (3\OML/cmm/m/it/12 ; \OT1/cmr/m/n/12 4)\OML/cmm/m/it/12 ; \OT1/cmr/m/n/12 (4\OML/cmm/m/it/12 ; \OT1/cmr/m/n/12 1)\OMS/cmsy/m/n/12 g$
 []



[186]

[187]

[188]

[189]
Overfull \hbox (21.09961pt too wide) in paragraph at lines 6686--6687
[]\OT1/ptm/m/it/12.045 Fungsi upda-te $\OML/cmm/m/it/12 '$ \OT1/ptm/m/it/12.045 ada-lah kom-po-si-si li-ne-ar dan ak-ti-va-si non-linear: $\OML/cmm/m/it/12 '\OT1/cmr/m/n/12 (\OML/cmm/b/it/12 x[]\OML/cmm/m/it/12 ; []\OT1/cmr/m/n/12 ) =
 []



[190]
Overfull \hbox (21.09961pt too wide) in paragraph at lines 6717--6718
[]\OT1/ptm/m/it/12.045 Fungsi upda-te $\OML/cmm/m/it/12 '$ \OT1/ptm/m/it/12.045 ada-lah kom-po-si-si li-ne-ar dan ak-ti-va-si non-linear: $\OML/cmm/m/it/12 '\OT1/cmr/m/n/12 (\OML/cmm/b/it/12 x[]\OML/cmm/m/it/12 ; []\OT1/cmr/m/n/12 ) =
 []



[191]

[192]) (Bab3TA2.tex

[193]
BAB III.


[194

]

[195]
Overfull \hbox (3.3851pt too wide) in paragraph at lines 43--44
[]\OT1/ptm/m/n/12.045 Secara ma-te-ma-tis, mi-salk-an $\OML/cmm/m/it/12 ^^T[]\OT1/cmr/m/n/12 (\OML/cmm/b/it/12 u[]\OML/cmm/m/it/12 ; \OML/cmm/b/it/12 u[]\OT1/cmr/m/n/12 )$ \OT1/ptm/m/n/12.045 me-nya-tak-an \OT1/ptm/m/it/12.045 ker-nel \OT1/ptm/m/n/12.045 spa-si-al se-ja-ti yang
 []



[196]

Package natbib Warning: Citation `kipf2017semi' on page 197 undefined on input line 58.


Package natbib Warning: Citation `wu2021gnn' on page 197 undefined on input line 58.



[197]

[198]

[199]

[200]

[201]
Overfull \hbox (3.4789pt too wide) in paragraph at lines 196--197
[][]\OT1/ptm/b/n/12.045 Akibat 3.2.8 \OT1/ptm/m/n/12.045 (\OT1/ptm/b/n/12.045 Ekuivalensi Sta-tis-tik\OT1/ptm/m/n/12.045 ) []\OT1/ptm/m/it/12.045 Peng-gu-na-an nor-ma-li-sa-si \OT1/ptm/m/n/12.045 sof-tmax \OT1/ptm/m/it/12.045 un-tuk meng-
 []


Overfull \hbox (7.36342pt too wide) in paragraph at lines 196--197
\OT1/ptm/m/it/12.045 ven-sio-nal $\OML/cmm/m/it/12 K\OT1/cmr/m/n/12 (\OML/cmm/m/it/12 d[]=h\OT1/cmr/m/n/12 )$ \OT1/ptm/m/it/12.045 da-pat di-rep-re-sen-ta-sik-an se-ba-gai $[]$ da-ri fung-si skor $\OML/cmm/m/it/12 s[]\OT1/cmr/m/n/12 (\OML/cmm/m/it/12 i\OT1/cmr/m/n/12 ) =
 []


Overfull \hbox (0.72395pt too wide) in paragraph at lines 196--197
[] \OML/cmm/m/it/12 K\OT1/cmr/m/n/12 (\OML/cmm/m/it/12 d[]=h\OT1/cmr/m/n/12 )$\OT1/ptm/m/it/12.045 , dan rep-re-sen-ta-si ini meng-ha-silk-an es-ti-ma-tor ko-e-fi-si-en lo-kal yang iden-
 []



[202]

[203]

[204]

[205]
Overfull \hbox (13.19537pt too wide) in paragraph at lines 296--299
\OT1/ptm/m/n/12.045 Karena ke-tak-sa-ma-an ini ber-la-ku un-tuk se-mua $\OML/cmm/m/it/12 i$\OT1/ptm/m/n/12.045 , ma-ka $\OMS/cmsy/m/n/12 k[]\OT1/cmr/m/n/12 (\OML/cmm/b/it/12 a\OT1/cmr/m/n/12 ) \OMS/cmsy/m/n/12 ^^@ []\OT1/cmr/m/n/12 (\OML/cmm/b/it/12 b\OT1/cmr/m/n/12 )\OMS/cmsy/m/n/12 k[] ^^T
 []



[206]

[207]
Overfull \hbox (0.71434pt too wide) in paragraph at lines 361--362
[]\OT1/ptm/m/n/12.045 Peran \OT1/ptm/m/it/12.045 ker-nel \OT1/ptm/m/n/12.045 se-ba-gai \OT1/ptm/m/it/12.045 nu-i-san-ce pa-ra-me-ter \OT1/ptm/m/n/12.045 mem-ba-wa be-be-ra-pa im-pli-ka-si pen-
 []


Package natbib Warning: Citation `chernozhukov2018double' on page 208 undefined on input line 368.



[208]

[209]
Overfull \hbox (41.37294pt too wide) in paragraph at lines 400--401
[]\OT1/ptm/b/n/12.045 Langkah 2: Es-ti-ma-tor $[]$ se-ba-gai fung-si ga-lat. \OT1/ptm/m/n/12.045 Ka-re-na $[] \OT1/cmr/m/n/12 = [][] [](\OML/cmm/b/it/12 ^^R\OT1/cmr/m/n/12 ; \OML/cmm/b/it/12 X\OML/cmm/m/it/12 ; \OML/cmm/b/it/12 U\OML/cmm/m/it/12 ; \OML/cmm/b/it/12 "\OT1/cmr/m/n/12 )$
 []


Overfull \hbox (11.0319pt too wide) in paragraph at lines 409--410
\OT1/ptm/m/n/12.045 tim-bang da-pat di-de-kom-po-si-si meng-gu-nak-an iden-ti-tas ko-va-ri-ans $\U/msb/m/n/12.045 E\OT1/cmr/m/n/12 [\OML/cmm/m/it/12 AB\OT1/cmr/m/n/12 ] = \U/msb/m/n/12.045 E\OT1/cmr/m/n/12 [\OML/cmm/m/it/12 A\OT1/cmr/m/n/12 ]\U/msb/m/n/12.045 E\OT1/cmr/m/n/12 [\OML/cmm/m/it/12 B\OT1/cmr/m/n/12 ] +
 []



[210]

[211]

Package natbib Warning: Citation `chernozhukov2018double' on page 212 undefined on input line 478.



[212]
Overfull \hbox (52.28384pt too wide) in paragraph at lines 506--507
[][]\OT1/ptm/b/n/12.045 Teorema 3.3.11 \OT1/ptm/m/n/12.045 (\OT1/ptm/b/n/12.045 Estimator \OT1/ptm/b/it/12.045 Cros-s-Fit-ted \OT1/ptm/b/n/12.045 EK-GWR\OT1/ptm/m/n/12.045 ) []\OT1/ptm/m/it/12.045 Mi-salk-an $\OT1/cmr/bx/n/12 H[]\OT1/cmr/m/n/12 (\OML/cmm/b/it/12 u[]\OT1/cmr/m/n/12 ) = \OML/cmm/b/it/12 X[]\OT1/cmr/bx/n/12 W[]\OT1/cmr/m/n/12 (\OML/cmm/b/it/12 u[]\OT1/cmr/m/n/12 )\OML/cmm/b/it/12 X[]$
 []



[213]

[214]

[215]
Overfull \hbox (13.83578pt too wide) in paragraph at lines 592--593
[]\OT1/ptm/m/n/12.045 Karena $[]$ ha-nya ber-gan-tung pa-da da-ta di $\OMS/cmsy/m/n/12 I[]$\OT1/ptm/m/n/12.045 , dan ma-triks bo-bot $\OT1/cmr/bx/n/12 W[]\OT1/cmr/m/n/12 (\OML/cmm/b/it/12 u[]\OT1/cmr/m/n/12 )$
 []



[216]

[217]

[218]

[219]

[220]

[221]
Overfull \hbox (0.23206pt too wide) detected at line 777
[]
 []



[222]

[223]
Overfull \hbox (24.57974pt too wide) detected at line 820
[]
 []


Overfull \hbox (68.93317pt too wide) detected at line 835
[]
 []



[224]

[225]
Overfull \hbox (105.88808pt too wide) in paragraph at lines 897--898
[]\OT1/ptm/m/n/12.045 Dengan men-de-fi-ni-sik-an $\OML/cmm/m/it/12 W[] \OT1/cmr/m/n/12 = [][] [][] \OML/cmm/m/it/12 w[]\OT1/cmr/m/n/12 (\OML/cmm/b/it/12 u[]\OT1/cmr/m/n/12 )$ \OT1/ptm/m/n/12.045 dan $[][] \OT1/cmr/m/n/12 = [][] [][] \OML/cmm/m/it/12 w[]\OT1/cmr/m/n/12 (\OML/cmm/b/it/12 u[]\OT1/cmr/m/n/12 )(\OML/cmm/m/it/12 y[] \OMS/cmsy/m/n/12 ^^@
 []



[226]

[227]

[228]
Overfull \hbox (32.36046pt too wide) in paragraph at lines 1010--1011
[]\OT1/ptm/b/n/12.045 Suku (III): Ga-lat Es-ti-ma-si. \OT1/ptm/m/n/12.045 Da-ri ha-sil se-be-lum-nya, $[] \OT1/cmr/m/n/12 = \OML/cmm/m/it/12 O[]\OT1/cmr/m/n/12 (\OML/cmm/m/it/12 h[]\OT1/cmr/m/n/12 ) + \OML/cmm/m/it/12 O[][]\OT1/cmr/m/n/12 (\OML/cmm/m/it/12 nh[]\OT1/cmr/m/n/12 )[][]$\OT1/ptm/m/n/12.045 .
 []



[229]
Overfull \hbox (19.51033pt too wide) in paragraph at lines 1047--1049
\OT1/ptm/m/n/12.045 Untuk mem-buk-tik-an kon-sis-ten-si, per-lu di-tun-jukk-an bah-wa $\OT1/cmr/bx/n/12 B[]\OT1/cmr/m/n/12 (\OML/cmm/b/it/12 u[]\OT1/cmr/m/n/12 ) [] \OT1/cmr/bx/n/12 0$ \OT1/ptm/m/n/12.045 dan $\OT1/cmr/bx/n/12 V[]\OT1/cmr/m/n/12 (\OML/cmm/b/it/12 u[]\OT1/cmr/m/n/12 ) []
 []



[230]

[231]
Overfull \hbox (14.99445pt too wide) in paragraph at lines 1101--1102
[]\OT1/ptm/m/n/12.045 Berdasarkan Asum-si (A8), $\OML/cmm/m/it/12 w[] \OMS/cmsy/m/n/12 ^^T \OML/cmm/m/it/12 C=\OT1/cmr/m/n/12 (\OML/cmm/m/it/12 nh[]\OT1/cmr/m/n/12 )$\OT1/ptm/m/n/12.045 , se-hing-ga $\OT1/cmr/m/n/12 (\OML/cmm/m/it/12 w[]\OT1/cmr/m/n/12 )[] \OMS/cmsy/m/n/12 ^^T \OML/cmm/m/it/12 C[]=\OT1/cmr/m/n/12 (\OML/cmm/m/it/12 nh[]\OT1/cmr/m/n/12 )[]$\OT1/ptm/m/n/12.045 .
 []



[232]

[233]
Overfull \hbox (2.21053pt too wide) in paragraph at lines 1154--1155
[]\OT1/ptm/m/n/12.045 Kondisional pa-da $\OMS/cmsy/m/n/12 f[]g$\OT1/ptm/m/n/12.045 , bo-bot $\OML/cmm/m/it/12 w[]$ \OT1/ptm/m/n/12.045 ber-si-fat de-ter-mi-nis-tik. De-ngan meng-
 []



[234]

[235]

[236]
Overfull \hbox (11.4043pt too wide) in paragraph at lines 1237--1238
[][]\OT1/ptm/b/n/12.045 Teorema 3.4.27 \OT1/ptm/m/n/12.045 (\OT1/ptm/b/n/12.045 Konsistensi Es-ti-ma-tor Va-ri-an-si Ko-e-fi-si-en Lo-kal\OT1/ptm/m/n/12.045 ) []\OT1/ptm/m/it/12.045 Di ba-wah Asum-
 []



[237]

[238]

[239]

[240]
Overfull \hbox (0.81729pt too wide) in paragraph at lines 1385--1386
[][]\OT1/ptm/b/n/12.045 Teorema 3.4.32 \OT1/ptm/m/n/12.045 (\OT1/ptm/b/n/12.045 Distribusi Asi-mto-tik Su-ku Ga-lat\OT1/ptm/m/n/12.045 ) []\OT1/ptm/m/it/12.045 Di ba-wah Asum-si (A1)--(A10): 
 []



[241]
Overfull \hbox (32.56313pt too wide) in paragraph at lines 1435--1436
[][]\OT1/ptm/b/n/12.045 Akibat 3.4.35 \OT1/ptm/m/n/12.045 (\OT1/ptm/b/n/12.045 Syarat Eku-i-va-len \OT1/ptm/b/it/12.045 Un-ders-mo-o-thing\OT1/ptm/m/n/12.045 ) []\OT1/ptm/m/it/12.045 Kon-di-si \OT1/ptm/m/n/12.045 un-ders-mo-o-thing $[]\OML/cmm/m/it/12 h[] \OMS/cmsy/m/n/12 !
 []



[242]

[243]

[244]

[245]

[246]

[247]

[248]
Overfull \hbox (3.11826pt too wide) in paragraph at lines 1667--1668
\OT1/ptm/m/n/12.045 Tanpa \OT1/ptm/m/it/12.045 un-ders-mo-o-thing\OT1/ptm/m/n/12.045 , in-te-rval kon-fi-den-si ak-an me-mi-li-ki \OT1/ptm/m/it/12.045 co-ve-ra-ge pro-ba-bi-li-ty \OT1/ptm/m/n/12.045 yang
 []


Overfull \hbox (0.74469pt too wide) in paragraph at lines 1682--1683
[][]\OT1/ptm/b/n/12.045 Definisi 3.5.1 \OT1/ptm/m/n/12.045 (\OT1/ptm/b/n/12.045 Graf Kom-pu-ta-sio-nal EK-GWR\OT1/ptm/m/n/12.045 ) []\OT1/ptm/m/it/12.045 Pi-pe-li-ne kom-pu-ta-sio-nal EK-GWR
 []



[249]
Overfull \hbox (45.32347pt too wide) in paragraph at lines 1689--1690
[]$\OML/cmm/m/it/12 ^^^[] \OT1/cmr/m/n/12 : \OML/cmm/b/it/12 s \OMS/cmsy/m/n/12 7! \OML/cmm/b/it/12 w$ \OT1/ptm/m/it/12.045 ada-lah tran-sfor-ma-si \OT1/ptm/m/n/12.045 sof-tmax \OT1/ptm/m/it/12.045 yang me-me-tak-an $\OML/cmm/m/it/12 w[] \OT1/cmr/m/n/12 = [](\OML/cmm/m/it/12 s[]\OT1/cmr/m/n/12 )\OML/cmm/m/it/12 = [][] []\OT1/cmr/m/n/12 (\OML/cmm/m/it/12 s[]\OT1/cmr/m/n/12 )$\OT1/ptm/m/it/12.045 ; 
 []


Overfull \hbox (41.0096pt too wide) in paragraph at lines 1712--1714
\OT1/ptm/m/n/12.045 Karena kom-po-si-si fung-si ter-di-fe-ren-si-a-si ada-lah ter-di-fe-ren-si-a-si, dan ti-tik non-diferensiabilitas
 []



[250]
Overfull \hbox (9.30759pt too wide) in paragraph at lines 1749--1750
[][]\OT1/ptm/b/n/12.045 Akibat 3.5.4 \OT1/ptm/m/n/12.045 (\OT1/ptm/b/n/12.045 Spektrum Ja-co-bi-an \OT1/ptm/b/it/12.045 Sof-tmax\OT1/ptm/m/n/12.045 ) []\OT1/ptm/m/it/12.045 Ma-triks Ja-co-bi-an $\OT1/cmr/bx/n/12 J[] \OT1/cmr/m/n/12 = [](\OML/cmm/b/it/12 w\OT1/cmr/m/n/12 ) \OMS/cmsy/m/n/12 ^^@
 []



[251]
Overfull \hbox (19.33566pt too wide) in paragraph at lines 1764--1765
[]\OT1/ptm/m/n/12.045 Untuk (ii), nor-ma spek-tral ter-ba-tas oleh $\OMS/cmsy/m/n/12 k\OT1/cmr/bx/n/12 J[]\OMS/cmsy/m/n/12 k[] ^^T k[]\OT1/cmr/m/n/12 (\OML/cmm/b/it/12 w\OT1/cmr/m/n/12 )\OMS/cmsy/m/n/12 k[] \OT1/cmr/m/n/12 + \OMS/cmsy/m/n/12 k\OML/cmm/b/it/12 ww[]\OMS/cmsy/m/n/12 k[] ^^T
 []



[252]
Overfull \hbox (1.1541pt too wide) in paragraph at lines 1801--1802
[][]\OT1/ptm/b/n/12.045 Teorema 3.5.6 \OT1/ptm/m/n/12.045 (\OT1/ptm/b/n/12.045 Kondisi \OT1/ptm/b/it/12.045 Va-ni-shing Gra-di-ent \OT1/ptm/b/n/12.045 pa-da \OT1/ptm/b/it/12.045 Sof-tmax\OT1/ptm/m/n/12.045 ) []\OT1/ptm/m/it/12.045 Gra-di-en me-la-lui tran-
 []



[253]

[254]
Overfull \hbox (7.98323pt too wide) in paragraph at lines 1854--1855
[][]\OT1/ptm/b/n/12.045 Teorema 3.5.9 \OT1/ptm/m/n/12.045 (\OT1/ptm/b/n/12.045 Konstanta Li-pschi-tz Pi-pe-li-ne EK-GWR\OT1/ptm/m/n/12.045 ) []\OT1/ptm/m/it/12.045 Mi-salk-an $\OML/cmm/m/it/12 L[]$\OT1/ptm/m/it/12.045 , $\OML/cmm/m/it/12 L[]$\OT1/ptm/m/it/12.045 ,
 []



[255]

[256]
Package hyperref Info: bookmark level for unknown algorithm defaults to 0 on input line 1921.


[257]
Overfull \vbox (2.68959pt too high) has occurred while \output is active []



[258]

[259]
Overfull \hbox (25.98569pt too wide) in paragraph at lines 2002--2003
[]\OT1/ptm/b/n/12.045 Untuk in-fe-ren-si\OT1/ptm/m/n/12.045 : \OT1/ptm/m/it/12.045 Ban-dwi-dth \OT1/ptm/m/n/12.045 ha-rus me-me-nu-hi kon-di-si \OT1/ptm/m/it/12.045 un-ders-mo-o-thing $[]\OML/cmm/m/it/12 h[] \OMS/cmsy/m/n/12 !
 []



[260]

[261]

[262]

[263]) (Bab4TA2.tex

[264]
BAB IV.
<GAMBAR/patrick.jpeg, id=3764, 259.97125pt x 194.7275pt>
File: GAMBAR/patrick.jpeg Graphic file (type jpg)
<use GAMBAR/patrick.jpeg>
Package pdftex.def Info: GAMBAR/patrick.jpeg  used on input line 13.
(pdftex.def)             Requested size: 239.00557pt x 179.02368pt.


[265

 <./GAMBAR/patrick.jpeg>]
LaTeX Font Info:    Trying to load font information for OMS+ptm on input line 23.
 (C:\Users\ASUS\AppData\Local\Programs\MiKTeX\tex/latex/psnfss\omsptm.fd
File: omsptm.fd 
)
LaTeX Font Info:    Font shape `OMS/ptm/m/n' in size <12.045> not available
(Font)              Font shape `OMS/cmsy/m/n' tried instead on input line 23.
) (../BAB 1, 2, 5/Bab5.tex

[266]
BAB V.
)

[267

] (d:\Semester VII\Tugas Akhir\Naskah\FILE SKRIPSI\TA 2\out\TA2.bbl
LaTeX Font Info:    Trying to load font information for OT1+pcr on input line 128.
 (C:\Users\ASUS\AppData\Local\Programs\MiKTeX\tex/latex/psnfss\ot1pcr.fd
File: ot1pcr.fd 2001/06/04 font definitions for OT1/pcr.
)
Underfull \hbox (badness 2334) in paragraph at lines 116--131
\OT1/ptm/m/n/12 Uni-ver-si-ty Press.  Di-am-bil da-ri []$\OT1/pcr/m/n/12 https :// www [] .microsoft [] .com /
 []


Underfull \hbox (badness 10000) in paragraph at lines 116--131
\OT1/pcr/m/n/12 en [] -us / research / publication / neural [] -networks [] -for []
 []



[268

]

[269]

[270])

[271]
LAMPIRAN A.


[272

]
LAMPIRAN B.
(C:\Users\ASUS\AppData\Local\Programs\MiKTeX\tex/latex/listings\lstlang1.sty
File: lstlang1.sty 2024/09/23 1.10c listings language file
) (C:\Users\ASUS\AppData\Local\Programs\MiKTeX\tex/latex/listings\lstlang2.sty
File: lstlang2.sty 2024/09/23 1.10c listings language file
) (C:\Users\ASUS\AppData\Local\Programs\MiKTeX\tex/latex/listings\lstlang3.sty
File: lstlang3.sty 2024/09/23 1.10c listings language file
)
Package hyperref Info: bookmark level for unknown lstlisting defaults to 0 on input line 191.
 (syntax R template.R)

Package natbib Warning: There were undefined citations.



[273

] (d:\Semester VII\Tugas Akhir\Naskah\FILE SKRIPSI\TA 2\out\TA2.aux)
 ***********
LaTeX2e <2025-06-01> patch level 1
L3 programming layer <2025-07-20>
 ***********


LaTeX Font Warning: Size substitutions with differences
(Font)              up to 1.98875pt have occurred.

Package rerunfilecheck Info: File `TA2.out' has not changed.
(rerunfilecheck)             Checksum: F1D86F6100FEAC5496E4D49BA7E15014;22332.
 ) 
Here is how much of TeX's memory you used:
 33095 strings out of 468134
 599692 string characters out of 5431224
 1124743 words of memory out of 5000000
 59061 multiletter control sequences out of 15000+600000
 683260 words of font info for 173 fonts, out of 8000000 for 9000
 1141 hyphenation exceptions out of 8191
 99i,19n,105p,1131b,1801s stack positions out of 10000i,1000n,20000p,200000b,200000s
<C:/Users/ASUS/AppData/Local/Programs/MiKTeX/fonts/type1/public/amsfonts/cm/cmbx10.pfb><C:/Users/ASUS/AppData/Local/Programs/MiKTeX/fonts/type1/public/amsfonts/cm/cmbx12.pfb><C:/Users/ASUS/AppData/Local/Programs/MiKTeX/fonts/type1/public/amsfonts/cm/cmbx8.pfb><C:/Users/ASUS/AppData/Local/Programs/MiKTeX/fonts/type1/public/amsfonts/cm/cmex10.pfb><C:/Users/ASUS/AppData/Local/Programs/MiKTeX/fonts/type1/public/amsfonts/cmextra/cmex8.pfb><C:/Users/ASUS/AppData/Local/Programs/MiKTeX/fonts/type1/public/amsfonts/cm/cmmi10.pfb><C:/Users/ASUS/AppData/Local/Programs/MiKTeX/fonts/type1/public/amsfonts/cm/cmmi12.pfb><C:/Users/ASUS/AppData/Local/Programs/MiKTeX/fonts/type1/public/amsfonts/cm/cmmi6.pfb><C:/Users/ASUS/AppData/Local/Programs/MiKTeX/fonts/type1/public/amsfonts/cm/cmmi8.pfb><C:/Users/ASUS/AppData/Local/Programs/MiKTeX/fonts/type1/public/amsfonts/cm/cmmib10.pfb><C:/Users/ASUS/AppData/Local/Programs/MiKTeX/fonts/type1/public/amsfonts/cmextra/cmmib6.pfb><C:/Users/ASUS/AppData/Local/Programs/MiKTeX/fonts/type1/public/amsfonts/cmextra/cmmib8.pfb><C:/Users/ASUS/AppData/Local/Programs/MiKTeX/fonts/type1/public/amsfonts/cm/cmr10.pfb><C:/Users/ASUS/AppData/Local/Programs/MiKTeX/fonts/type1/public/amsfonts/cm/cmr12.pfb><C:/Users/ASUS/AppData/Local/Programs/MiKTeX/fonts/type1/public/amsfonts/cm/cmr6.pfb><C:/Users/ASUS/AppData/Local/Programs/MiKTeX/fonts/type1/public/amsfonts/cm/cmr7.pfb><C:/Users/ASUS/AppData/Local/Programs/MiKTeX/fonts/type1/public/amsfonts/cm/cmr8.pfb><C:/Users/ASUS/AppData/Local/Programs/MiKTeX/fonts/type1/public/amsfonts/cm/cmsy10.pfb><C:/Users/ASUS/AppData/Local/Programs/MiKTeX/fonts/type1/public/amsfonts/cm/cmsy6.pfb><C:/Users/ASUS/AppData/Local/Programs/MiKTeX/fonts/type1/public/amsfonts/cm/cmsy8.pfb><C:/Users/ASUS/AppData/Local/Programs/MiKTeX/fonts/type1/public/amsfonts/symbols/msam10.pfb><C:/Users/ASUS/AppData/Local/Programs/MiKTeX/fonts/type1/public/amsfonts/symbols/msbm10.pfb><C:/Users/ASUS/AppData/Local/Programs/MiKTeX/fonts/type1/urw/courier/ucrr8a.pfb><C:/Users/ASUS/AppData/Local/Programs/MiKTeX/fonts/type1/urw/times/utmb8a.pfb><C:/Users/ASUS/AppData/Local/Programs/MiKTeX/fonts/type1/urw/times/utmb8a.pfb><C:/Users/ASUS/AppData/Local/Programs/MiKTeX/fonts/type1/urw/times/utmbi8a.pfb><C:/Users/ASUS/AppData/Local/Programs/MiKTeX/fonts/type1/urw/times/utmr8a.pfb><C:/Users/ASUS/AppData/Local/Programs/MiKTeX/fonts/type1/urw/times/utmri8a.pfb>
Output written on "d:\Semester VII\Tugas Akhir\Naskah\FILE SKRIPSI\TA 2\out\TA2.pdf" (288 pages, 1615714 bytes).
PDF statistics:
 4369 PDF objects out of 5155 (max. 8388607)
 2046 named destinations out of 2073 (max. 500000)
 887 words of extra memory for PDF output out of 10000 (max. 10000000)

